[2025-10-17T13:44:40.579+0000] {processor.py:161} INFO - Started process (PID=28) to work on /opt/airflow/dags/dag1.py
[2025-10-17T13:44:40.582+0000] {processor.py:830} INFO - Processing file /opt/airflow/dags/dag1.py for tasks to queue
[2025-10-17T13:44:40.596+0000] {logging_mixin.py:188} INFO - [2025-10-17T13:44:40.595+0000] {dagbag.py:545} INFO - Filling up the DagBag from /opt/airflow/dags/dag1.py
[2025-10-17T13:44:40.850+0000] {processor.py:840} INFO - DAG(s) 'Airflow_Depi' retrieved from /opt/airflow/dags/dag1.py
[2025-10-17T13:44:42.555+0000] {logging_mixin.py:188} INFO - [2025-10-17T13:44:42.553+0000] {override.py:1829} INFO - Created Permission View: can read on DAG:Airflow_Depi
[2025-10-17T13:44:42.638+0000] {logging_mixin.py:188} INFO - [2025-10-17T13:44:42.637+0000] {override.py:1829} INFO - Created Permission View: can delete on DAG:Airflow_Depi
[2025-10-17T13:44:42.735+0000] {logging_mixin.py:188} INFO - [2025-10-17T13:44:42.734+0000] {override.py:1829} INFO - Created Permission View: can edit on DAG:Airflow_Depi
[2025-10-17T13:44:42.755+0000] {logging_mixin.py:188} INFO - [2025-10-17T13:44:42.755+0000] {dag.py:3096} INFO - Sync 1 DAGs
[2025-10-17T13:44:42.815+0000] {logging_mixin.py:188} INFO - [2025-10-17T13:44:42.814+0000] {dag.py:3118} INFO - Creating ORM DAG for Airflow_Depi
[2025-10-17T13:44:42.823+0000] {logging_mixin.py:188} INFO - [2025-10-17T13:44:42.823+0000] {dag.py:3954} INFO - Setting next_dagrun for Airflow_Depi to None, run_after=None
[2025-10-17T13:44:43.017+0000] {processor.py:183} INFO - Processing /opt/airflow/dags/dag1.py took 2.467 seconds
[2025-10-17T13:45:13.562+0000] {processor.py:161} INFO - Started process (PID=84) to work on /opt/airflow/dags/dag1.py
[2025-10-17T13:45:13.564+0000] {processor.py:830} INFO - Processing file /opt/airflow/dags/dag1.py for tasks to queue
[2025-10-17T13:45:13.571+0000] {logging_mixin.py:188} INFO - [2025-10-17T13:45:13.570+0000] {dagbag.py:545} INFO - Filling up the DagBag from /opt/airflow/dags/dag1.py
[2025-10-17T13:45:13.641+0000] {processor.py:840} INFO - DAG(s) 'Airflow_Depi' retrieved from /opt/airflow/dags/dag1.py
[2025-10-17T13:45:13.746+0000] {logging_mixin.py:188} INFO - [2025-10-17T13:45:13.746+0000] {dag.py:3096} INFO - Sync 1 DAGs
[2025-10-17T13:45:13.780+0000] {logging_mixin.py:188} INFO - [2025-10-17T13:45:13.779+0000] {dag.py:3954} INFO - Setting next_dagrun for Airflow_Depi to None, run_after=None
[2025-10-17T13:45:13.859+0000] {processor.py:183} INFO - Processing /opt/airflow/dags/dag1.py took 0.319 seconds
[2025-10-17T16:13:59.441+0000] {processor.py:161} INFO - Started process (PID=27) to work on /opt/airflow/dags/dag1.py
[2025-10-17T16:13:59.445+0000] {processor.py:830} INFO - Processing file /opt/airflow/dags/dag1.py for tasks to queue
[2025-10-17T16:13:59.456+0000] {logging_mixin.py:188} INFO - [2025-10-17T16:13:59.455+0000] {dagbag.py:545} INFO - Filling up the DagBag from /opt/airflow/dags/dag1.py
[2025-10-17T16:13:59.643+0000] {processor.py:840} INFO - DAG(s) 'Airflow_Depi' retrieved from /opt/airflow/dags/dag1.py
[2025-10-17T16:13:59.926+0000] {logging_mixin.py:188} INFO - [2025-10-17T16:13:59.926+0000] {dag.py:3096} INFO - Sync 1 DAGs
[2025-10-17T16:13:59.963+0000] {logging_mixin.py:188} INFO - [2025-10-17T16:13:59.963+0000] {dag.py:3954} INFO - Setting next_dagrun for Airflow_Depi to None, run_after=None
[2025-10-17T16:14:00.043+0000] {processor.py:183} INFO - Processing /opt/airflow/dags/dag1.py took 0.627 seconds
[2025-10-17T16:14:30.284+0000] {processor.py:161} INFO - Started process (PID=80) to work on /opt/airflow/dags/dag1.py
[2025-10-17T16:14:30.287+0000] {processor.py:830} INFO - Processing file /opt/airflow/dags/dag1.py for tasks to queue
[2025-10-17T16:14:30.294+0000] {logging_mixin.py:188} INFO - [2025-10-17T16:14:30.294+0000] {dagbag.py:545} INFO - Filling up the DagBag from /opt/airflow/dags/dag1.py
[2025-10-17T16:14:30.329+0000] {processor.py:840} INFO - DAG(s) 'Airflow_Depi' retrieved from /opt/airflow/dags/dag1.py
[2025-10-17T16:14:30.374+0000] {logging_mixin.py:188} INFO - [2025-10-17T16:14:30.373+0000] {dag.py:3096} INFO - Sync 1 DAGs
[2025-10-17T16:14:30.401+0000] {logging_mixin.py:188} INFO - [2025-10-17T16:14:30.401+0000] {dag.py:3954} INFO - Setting next_dagrun for Airflow_Depi to None, run_after=None
[2025-10-17T16:14:30.444+0000] {processor.py:183} INFO - Processing /opt/airflow/dags/dag1.py took 0.174 seconds
[2025-10-17T16:15:00.591+0000] {processor.py:161} INFO - Started process (PID=133) to work on /opt/airflow/dags/dag1.py
[2025-10-17T16:15:00.593+0000] {processor.py:830} INFO - Processing file /opt/airflow/dags/dag1.py for tasks to queue
[2025-10-17T16:15:00.597+0000] {logging_mixin.py:188} INFO - [2025-10-17T16:15:00.596+0000] {dagbag.py:545} INFO - Filling up the DagBag from /opt/airflow/dags/dag1.py
[2025-10-17T16:15:00.622+0000] {processor.py:840} INFO - DAG(s) 'Airflow_Depi' retrieved from /opt/airflow/dags/dag1.py
[2025-10-17T16:15:00.657+0000] {logging_mixin.py:188} INFO - [2025-10-17T16:15:00.657+0000] {dag.py:3096} INFO - Sync 1 DAGs
[2025-10-17T16:15:00.684+0000] {logging_mixin.py:188} INFO - [2025-10-17T16:15:00.683+0000] {dag.py:3954} INFO - Setting next_dagrun for Airflow_Depi to None, run_after=None
[2025-10-17T16:15:00.722+0000] {processor.py:183} INFO - Processing /opt/airflow/dags/dag1.py took 0.149 seconds
[2025-10-17T16:15:31.416+0000] {processor.py:161} INFO - Started process (PID=186) to work on /opt/airflow/dags/dag1.py
[2025-10-17T16:15:31.419+0000] {processor.py:830} INFO - Processing file /opt/airflow/dags/dag1.py for tasks to queue
[2025-10-17T16:15:31.425+0000] {logging_mixin.py:188} INFO - [2025-10-17T16:15:31.424+0000] {dagbag.py:545} INFO - Filling up the DagBag from /opt/airflow/dags/dag1.py
[2025-10-17T16:15:31.451+0000] {processor.py:840} INFO - DAG(s) 'Airflow_Depi' retrieved from /opt/airflow/dags/dag1.py
[2025-10-17T16:15:31.483+0000] {logging_mixin.py:188} INFO - [2025-10-17T16:15:31.483+0000] {dag.py:3096} INFO - Sync 1 DAGs
[2025-10-17T16:15:31.502+0000] {logging_mixin.py:188} INFO - [2025-10-17T16:15:31.502+0000] {dag.py:3954} INFO - Setting next_dagrun for Airflow_Depi to None, run_after=None
[2025-10-17T16:15:31.544+0000] {processor.py:183} INFO - Processing /opt/airflow/dags/dag1.py took 0.146 seconds
[2025-10-17T16:16:02.008+0000] {processor.py:161} INFO - Started process (PID=239) to work on /opt/airflow/dags/dag1.py
[2025-10-17T16:16:02.010+0000] {processor.py:830} INFO - Processing file /opt/airflow/dags/dag1.py for tasks to queue
[2025-10-17T16:16:02.015+0000] {logging_mixin.py:188} INFO - [2025-10-17T16:16:02.014+0000] {dagbag.py:545} INFO - Filling up the DagBag from /opt/airflow/dags/dag1.py
[2025-10-17T16:16:02.055+0000] {processor.py:840} INFO - DAG(s) 'Airflow_Depi' retrieved from /opt/airflow/dags/dag1.py
[2025-10-17T16:16:02.103+0000] {logging_mixin.py:188} INFO - [2025-10-17T16:16:02.102+0000] {dag.py:3096} INFO - Sync 1 DAGs
[2025-10-17T16:16:02.123+0000] {logging_mixin.py:188} INFO - [2025-10-17T16:16:02.122+0000] {dag.py:3954} INFO - Setting next_dagrun for Airflow_Depi to None, run_after=None
[2025-10-17T16:16:02.159+0000] {processor.py:183} INFO - Processing /opt/airflow/dags/dag1.py took 0.176 seconds
[2025-10-17T16:16:32.944+0000] {processor.py:161} INFO - Started process (PID=292) to work on /opt/airflow/dags/dag1.py
[2025-10-17T16:16:32.951+0000] {processor.py:830} INFO - Processing file /opt/airflow/dags/dag1.py for tasks to queue
[2025-10-17T16:16:32.956+0000] {logging_mixin.py:188} INFO - [2025-10-17T16:16:32.955+0000] {dagbag.py:545} INFO - Filling up the DagBag from /opt/airflow/dags/dag1.py
[2025-10-17T16:16:32.988+0000] {processor.py:840} INFO - DAG(s) 'Airflow_Depi' retrieved from /opt/airflow/dags/dag1.py
[2025-10-17T16:16:33.029+0000] {logging_mixin.py:188} INFO - [2025-10-17T16:16:33.029+0000] {dag.py:3096} INFO - Sync 1 DAGs
[2025-10-17T16:16:33.060+0000] {logging_mixin.py:188} INFO - [2025-10-17T16:16:33.060+0000] {dag.py:3954} INFO - Setting next_dagrun for Airflow_Depi to None, run_after=None
[2025-10-17T16:16:33.118+0000] {processor.py:183} INFO - Processing /opt/airflow/dags/dag1.py took 0.188 seconds
[2025-10-17T16:17:03.311+0000] {processor.py:161} INFO - Started process (PID=345) to work on /opt/airflow/dags/dag1.py
[2025-10-17T16:17:03.313+0000] {processor.py:830} INFO - Processing file /opt/airflow/dags/dag1.py for tasks to queue
[2025-10-17T16:17:03.318+0000] {logging_mixin.py:188} INFO - [2025-10-17T16:17:03.317+0000] {dagbag.py:545} INFO - Filling up the DagBag from /opt/airflow/dags/dag1.py
[2025-10-17T16:17:03.358+0000] {processor.py:840} INFO - DAG(s) 'Airflow_Depi' retrieved from /opt/airflow/dags/dag1.py
[2025-10-17T16:17:03.408+0000] {logging_mixin.py:188} INFO - [2025-10-17T16:17:03.408+0000] {dag.py:3096} INFO - Sync 1 DAGs
[2025-10-17T16:17:03.436+0000] {logging_mixin.py:188} INFO - [2025-10-17T16:17:03.436+0000] {dag.py:3954} INFO - Setting next_dagrun for Airflow_Depi to None, run_after=None
[2025-10-17T16:17:03.477+0000] {processor.py:183} INFO - Processing /opt/airflow/dags/dag1.py took 0.182 seconds
[2025-10-17T16:17:33.956+0000] {processor.py:161} INFO - Started process (PID=398) to work on /opt/airflow/dags/dag1.py
[2025-10-17T16:17:33.959+0000] {processor.py:830} INFO - Processing file /opt/airflow/dags/dag1.py for tasks to queue
[2025-10-17T16:17:33.963+0000] {logging_mixin.py:188} INFO - [2025-10-17T16:17:33.962+0000] {dagbag.py:545} INFO - Filling up the DagBag from /opt/airflow/dags/dag1.py
[2025-10-17T16:17:33.995+0000] {processor.py:840} INFO - DAG(s) 'Airflow_Depi' retrieved from /opt/airflow/dags/dag1.py
[2025-10-17T16:17:34.041+0000] {logging_mixin.py:188} INFO - [2025-10-17T16:17:34.040+0000] {dag.py:3096} INFO - Sync 1 DAGs
[2025-10-17T16:17:34.073+0000] {logging_mixin.py:188} INFO - [2025-10-17T16:17:34.073+0000] {dag.py:3954} INFO - Setting next_dagrun for Airflow_Depi to None, run_after=None
[2025-10-17T16:17:34.120+0000] {processor.py:183} INFO - Processing /opt/airflow/dags/dag1.py took 0.181 seconds
[2025-10-17T16:18:04.985+0000] {processor.py:161} INFO - Started process (PID=451) to work on /opt/airflow/dags/dag1.py
[2025-10-17T16:18:04.987+0000] {processor.py:830} INFO - Processing file /opt/airflow/dags/dag1.py for tasks to queue
[2025-10-17T16:18:04.991+0000] {logging_mixin.py:188} INFO - [2025-10-17T16:18:04.990+0000] {dagbag.py:545} INFO - Filling up the DagBag from /opt/airflow/dags/dag1.py
[2025-10-17T16:18:05.020+0000] {processor.py:840} INFO - DAG(s) 'Airflow_Depi' retrieved from /opt/airflow/dags/dag1.py
[2025-10-17T16:18:05.057+0000] {logging_mixin.py:188} INFO - [2025-10-17T16:18:05.057+0000] {dag.py:3096} INFO - Sync 1 DAGs
[2025-10-17T16:18:05.079+0000] {logging_mixin.py:188} INFO - [2025-10-17T16:18:05.078+0000] {dag.py:3954} INFO - Setting next_dagrun for Airflow_Depi to None, run_after=None
[2025-10-17T16:18:05.116+0000] {processor.py:183} INFO - Processing /opt/airflow/dags/dag1.py took 0.143 seconds
[2025-10-17T16:18:35.610+0000] {processor.py:161} INFO - Started process (PID=504) to work on /opt/airflow/dags/dag1.py
[2025-10-17T16:18:35.613+0000] {processor.py:830} INFO - Processing file /opt/airflow/dags/dag1.py for tasks to queue
[2025-10-17T16:18:35.622+0000] {logging_mixin.py:188} INFO - [2025-10-17T16:18:35.622+0000] {dagbag.py:545} INFO - Filling up the DagBag from /opt/airflow/dags/dag1.py
[2025-10-17T16:18:35.692+0000] {processor.py:840} INFO - DAG(s) 'Airflow_Depi' retrieved from /opt/airflow/dags/dag1.py
[2025-10-17T16:18:35.819+0000] {logging_mixin.py:188} INFO - [2025-10-17T16:18:35.810+0000] {dag.py:3096} INFO - Sync 1 DAGs
[2025-10-17T16:18:35.863+0000] {logging_mixin.py:188} INFO - [2025-10-17T16:18:35.862+0000] {dag.py:3954} INFO - Setting next_dagrun for Airflow_Depi to None, run_after=None
[2025-10-17T16:18:35.973+0000] {processor.py:183} INFO - Processing /opt/airflow/dags/dag1.py took 0.388 seconds
[2025-10-17T16:19:06.704+0000] {processor.py:161} INFO - Started process (PID=557) to work on /opt/airflow/dags/dag1.py
[2025-10-17T16:19:06.707+0000] {processor.py:830} INFO - Processing file /opt/airflow/dags/dag1.py for tasks to queue
[2025-10-17T16:19:06.712+0000] {logging_mixin.py:188} INFO - [2025-10-17T16:19:06.711+0000] {dagbag.py:545} INFO - Filling up the DagBag from /opt/airflow/dags/dag1.py
[2025-10-17T16:19:06.743+0000] {processor.py:840} INFO - DAG(s) 'Airflow_Depi' retrieved from /opt/airflow/dags/dag1.py
[2025-10-17T16:19:06.791+0000] {logging_mixin.py:188} INFO - [2025-10-17T16:19:06.791+0000] {dag.py:3096} INFO - Sync 1 DAGs
[2025-10-17T16:19:06.828+0000] {logging_mixin.py:188} INFO - [2025-10-17T16:19:06.827+0000] {dag.py:3954} INFO - Setting next_dagrun for Airflow_Depi to None, run_after=None
[2025-10-17T16:19:06.899+0000] {processor.py:183} INFO - Processing /opt/airflow/dags/dag1.py took 0.221 seconds
[2025-10-17T16:19:37.624+0000] {processor.py:161} INFO - Started process (PID=610) to work on /opt/airflow/dags/dag1.py
[2025-10-17T16:19:37.626+0000] {processor.py:830} INFO - Processing file /opt/airflow/dags/dag1.py for tasks to queue
[2025-10-17T16:19:37.631+0000] {logging_mixin.py:188} INFO - [2025-10-17T16:19:37.630+0000] {dagbag.py:545} INFO - Filling up the DagBag from /opt/airflow/dags/dag1.py
[2025-10-17T16:19:37.666+0000] {processor.py:840} INFO - DAG(s) 'Airflow_Depi' retrieved from /opt/airflow/dags/dag1.py
[2025-10-17T16:19:37.711+0000] {logging_mixin.py:188} INFO - [2025-10-17T16:19:37.711+0000] {dag.py:3096} INFO - Sync 1 DAGs
[2025-10-17T16:19:37.736+0000] {logging_mixin.py:188} INFO - [2025-10-17T16:19:37.736+0000] {dag.py:3954} INFO - Setting next_dagrun for Airflow_Depi to None, run_after=None
[2025-10-17T16:19:37.781+0000] {processor.py:183} INFO - Processing /opt/airflow/dags/dag1.py took 0.171 seconds
[2025-10-17T16:20:08.285+0000] {processor.py:161} INFO - Started process (PID=663) to work on /opt/airflow/dags/dag1.py
[2025-10-17T16:20:08.287+0000] {processor.py:830} INFO - Processing file /opt/airflow/dags/dag1.py for tasks to queue
[2025-10-17T16:20:08.293+0000] {logging_mixin.py:188} INFO - [2025-10-17T16:20:08.292+0000] {dagbag.py:545} INFO - Filling up the DagBag from /opt/airflow/dags/dag1.py
[2025-10-17T16:20:08.328+0000] {processor.py:840} INFO - DAG(s) 'Airflow_Depi' retrieved from /opt/airflow/dags/dag1.py
[2025-10-17T16:20:08.384+0000] {logging_mixin.py:188} INFO - [2025-10-17T16:20:08.383+0000] {dag.py:3096} INFO - Sync 1 DAGs
[2025-10-17T16:20:08.404+0000] {logging_mixin.py:188} INFO - [2025-10-17T16:20:08.404+0000] {dag.py:3954} INFO - Setting next_dagrun for Airflow_Depi to None, run_after=None
[2025-10-17T16:20:08.445+0000] {processor.py:183} INFO - Processing /opt/airflow/dags/dag1.py took 0.177 seconds
