[2025-10-17T13:04:05.577+0000] {processor.py:161} INFO - Started process (PID=57) to work on /home/airflow/.local/lib/python3.12/site-packages/airflow/example_dags/example_setup_teardown_taskflow.py
[2025-10-17T13:04:05.578+0000] {processor.py:830} INFO - Processing file /home/airflow/.local/lib/python3.12/site-packages/airflow/example_dags/example_setup_teardown_taskflow.py for tasks to queue
[2025-10-17T13:04:05.582+0000] {logging_mixin.py:188} INFO - [2025-10-17T13:04:05.581+0000] {dagbag.py:545} INFO - Filling up the DagBag from /home/airflow/.local/lib/python3.12/site-packages/airflow/example_dags/example_setup_teardown_taskflow.py
[2025-10-17T13:04:05.632+0000] {processor.py:840} INFO - DAG(s) 'example_setup_teardown_taskflow' retrieved from /home/airflow/.local/lib/python3.12/site-packages/airflow/example_dags/example_setup_teardown_taskflow.py
[2025-10-17T13:04:05.974+0000] {logging_mixin.py:188} INFO - [2025-10-17T13:04:05.974+0000] {dag.py:3096} INFO - Sync 1 DAGs
[2025-10-17T13:04:06.039+0000] {logging_mixin.py:188} INFO - [2025-10-17T13:04:06.037+0000] {dag.py:3954} INFO - Setting next_dagrun for example_setup_teardown_taskflow to 2025-10-16 00:00:00+00:00, run_after=2025-10-17 00:00:00+00:00
[2025-10-17T13:04:06.108+0000] {processor.py:183} INFO - Processing /home/airflow/.local/lib/python3.12/site-packages/airflow/example_dags/example_setup_teardown_taskflow.py took 0.543 seconds
[2025-10-17T13:04:37.089+0000] {processor.py:161} INFO - Started process (PID=109) to work on /home/airflow/.local/lib/python3.12/site-packages/airflow/example_dags/example_setup_teardown_taskflow.py
[2025-10-17T13:04:37.091+0000] {processor.py:830} INFO - Processing file /home/airflow/.local/lib/python3.12/site-packages/airflow/example_dags/example_setup_teardown_taskflow.py for tasks to queue
[2025-10-17T13:04:37.094+0000] {logging_mixin.py:188} INFO - [2025-10-17T13:04:37.094+0000] {dagbag.py:545} INFO - Filling up the DagBag from /home/airflow/.local/lib/python3.12/site-packages/airflow/example_dags/example_setup_teardown_taskflow.py
[2025-10-17T13:04:37.109+0000] {processor.py:840} INFO - DAG(s) 'example_setup_teardown_taskflow' retrieved from /home/airflow/.local/lib/python3.12/site-packages/airflow/example_dags/example_setup_teardown_taskflow.py
[2025-10-17T13:04:37.158+0000] {logging_mixin.py:188} INFO - [2025-10-17T13:04:37.157+0000] {dag.py:3096} INFO - Sync 1 DAGs
[2025-10-17T13:04:37.205+0000] {logging_mixin.py:188} INFO - [2025-10-17T13:04:37.205+0000] {dag.py:3954} INFO - Setting next_dagrun for example_setup_teardown_taskflow to 2025-10-16 00:00:00+00:00, run_after=2025-10-17 00:00:00+00:00
[2025-10-17T13:04:37.246+0000] {processor.py:183} INFO - Processing /home/airflow/.local/lib/python3.12/site-packages/airflow/example_dags/example_setup_teardown_taskflow.py took 0.168 seconds
[2025-10-17T13:44:55.236+0000] {processor.py:161} INFO - Started process (PID=58) to work on /home/airflow/.local/lib/python3.12/site-packages/airflow/example_dags/example_setup_teardown_taskflow.py
[2025-10-17T13:44:55.238+0000] {processor.py:830} INFO - Processing file /home/airflow/.local/lib/python3.12/site-packages/airflow/example_dags/example_setup_teardown_taskflow.py for tasks to queue
[2025-10-17T13:44:55.242+0000] {logging_mixin.py:188} INFO - [2025-10-17T13:44:55.241+0000] {dagbag.py:545} INFO - Filling up the DagBag from /home/airflow/.local/lib/python3.12/site-packages/airflow/example_dags/example_setup_teardown_taskflow.py
[2025-10-17T13:44:55.329+0000] {processor.py:840} INFO - DAG(s) 'example_setup_teardown_taskflow' retrieved from /home/airflow/.local/lib/python3.12/site-packages/airflow/example_dags/example_setup_teardown_taskflow.py
[2025-10-17T13:44:55.466+0000] {logging_mixin.py:188} INFO - [2025-10-17T13:44:55.466+0000] {dag.py:3096} INFO - Sync 1 DAGs
[2025-10-17T13:44:55.536+0000] {logging_mixin.py:188} INFO - [2025-10-17T13:44:55.536+0000] {dag.py:3954} INFO - Setting next_dagrun for example_setup_teardown_taskflow to 2025-10-16 00:00:00+00:00, run_after=2025-10-17 00:00:00+00:00
[2025-10-17T13:44:55.715+0000] {processor.py:183} INFO - Processing /home/airflow/.local/lib/python3.12/site-packages/airflow/example_dags/example_setup_teardown_taskflow.py took 0.500 seconds
[2025-10-17T16:14:07.745+0000] {processor.py:161} INFO - Started process (PID=57) to work on /home/airflow/.local/lib/python3.12/site-packages/airflow/example_dags/example_setup_teardown_taskflow.py
[2025-10-17T16:14:07.747+0000] {processor.py:830} INFO - Processing file /home/airflow/.local/lib/python3.12/site-packages/airflow/example_dags/example_setup_teardown_taskflow.py for tasks to queue
[2025-10-17T16:14:07.752+0000] {logging_mixin.py:188} INFO - [2025-10-17T16:14:07.751+0000] {dagbag.py:545} INFO - Filling up the DagBag from /home/airflow/.local/lib/python3.12/site-packages/airflow/example_dags/example_setup_teardown_taskflow.py
[2025-10-17T16:14:07.782+0000] {processor.py:840} INFO - DAG(s) 'example_setup_teardown_taskflow' retrieved from /home/airflow/.local/lib/python3.12/site-packages/airflow/example_dags/example_setup_teardown_taskflow.py
[2025-10-17T16:14:07.844+0000] {logging_mixin.py:188} INFO - [2025-10-17T16:14:07.843+0000] {dag.py:3096} INFO - Sync 1 DAGs
[2025-10-17T16:14:07.894+0000] {logging_mixin.py:188} INFO - [2025-10-17T16:14:07.894+0000] {dag.py:3954} INFO - Setting next_dagrun for example_setup_teardown_taskflow to 2025-10-16 00:00:00+00:00, run_after=2025-10-17 00:00:00+00:00
[2025-10-17T16:14:07.939+0000] {processor.py:183} INFO - Processing /home/airflow/.local/lib/python3.12/site-packages/airflow/example_dags/example_setup_teardown_taskflow.py took 0.206 seconds
[2025-10-17T16:14:38.787+0000] {processor.py:161} INFO - Started process (PID=110) to work on /home/airflow/.local/lib/python3.12/site-packages/airflow/example_dags/example_setup_teardown_taskflow.py
[2025-10-17T16:14:38.789+0000] {processor.py:830} INFO - Processing file /home/airflow/.local/lib/python3.12/site-packages/airflow/example_dags/example_setup_teardown_taskflow.py for tasks to queue
[2025-10-17T16:14:38.793+0000] {logging_mixin.py:188} INFO - [2025-10-17T16:14:38.792+0000] {dagbag.py:545} INFO - Filling up the DagBag from /home/airflow/.local/lib/python3.12/site-packages/airflow/example_dags/example_setup_teardown_taskflow.py
[2025-10-17T16:14:38.807+0000] {processor.py:840} INFO - DAG(s) 'example_setup_teardown_taskflow' retrieved from /home/airflow/.local/lib/python3.12/site-packages/airflow/example_dags/example_setup_teardown_taskflow.py
[2025-10-17T16:14:38.856+0000] {logging_mixin.py:188} INFO - [2025-10-17T16:14:38.856+0000] {dag.py:3096} INFO - Sync 1 DAGs
[2025-10-17T16:14:38.905+0000] {logging_mixin.py:188} INFO - [2025-10-17T16:14:38.905+0000] {dag.py:3954} INFO - Setting next_dagrun for example_setup_teardown_taskflow to 2025-10-16 00:00:00+00:00, run_after=2025-10-17 00:00:00+00:00
[2025-10-17T16:14:38.940+0000] {processor.py:183} INFO - Processing /home/airflow/.local/lib/python3.12/site-packages/airflow/example_dags/example_setup_teardown_taskflow.py took 0.163 seconds
[2025-10-17T16:15:09.700+0000] {processor.py:161} INFO - Started process (PID=163) to work on /home/airflow/.local/lib/python3.12/site-packages/airflow/example_dags/example_setup_teardown_taskflow.py
[2025-10-17T16:15:09.702+0000] {processor.py:830} INFO - Processing file /home/airflow/.local/lib/python3.12/site-packages/airflow/example_dags/example_setup_teardown_taskflow.py for tasks to queue
[2025-10-17T16:15:09.705+0000] {logging_mixin.py:188} INFO - [2025-10-17T16:15:09.705+0000] {dagbag.py:545} INFO - Filling up the DagBag from /home/airflow/.local/lib/python3.12/site-packages/airflow/example_dags/example_setup_teardown_taskflow.py
[2025-10-17T16:15:09.726+0000] {processor.py:840} INFO - DAG(s) 'example_setup_teardown_taskflow' retrieved from /home/airflow/.local/lib/python3.12/site-packages/airflow/example_dags/example_setup_teardown_taskflow.py
[2025-10-17T16:15:09.764+0000] {logging_mixin.py:188} INFO - [2025-10-17T16:15:09.764+0000] {dag.py:3096} INFO - Sync 1 DAGs
[2025-10-17T16:15:09.800+0000] {logging_mixin.py:188} INFO - [2025-10-17T16:15:09.800+0000] {dag.py:3954} INFO - Setting next_dagrun for example_setup_teardown_taskflow to 2025-10-16 00:00:00+00:00, run_after=2025-10-17 00:00:00+00:00
[2025-10-17T16:15:09.833+0000] {processor.py:183} INFO - Processing /home/airflow/.local/lib/python3.12/site-packages/airflow/example_dags/example_setup_teardown_taskflow.py took 0.145 seconds
[2025-10-17T16:15:40.439+0000] {processor.py:161} INFO - Started process (PID=216) to work on /home/airflow/.local/lib/python3.12/site-packages/airflow/example_dags/example_setup_teardown_taskflow.py
[2025-10-17T16:15:40.441+0000] {processor.py:830} INFO - Processing file /home/airflow/.local/lib/python3.12/site-packages/airflow/example_dags/example_setup_teardown_taskflow.py for tasks to queue
[2025-10-17T16:15:40.444+0000] {logging_mixin.py:188} INFO - [2025-10-17T16:15:40.444+0000] {dagbag.py:545} INFO - Filling up the DagBag from /home/airflow/.local/lib/python3.12/site-packages/airflow/example_dags/example_setup_teardown_taskflow.py
[2025-10-17T16:15:40.457+0000] {processor.py:840} INFO - DAG(s) 'example_setup_teardown_taskflow' retrieved from /home/airflow/.local/lib/python3.12/site-packages/airflow/example_dags/example_setup_teardown_taskflow.py
[2025-10-17T16:15:40.492+0000] {logging_mixin.py:188} INFO - [2025-10-17T16:15:40.492+0000] {dag.py:3096} INFO - Sync 1 DAGs
[2025-10-17T16:15:40.528+0000] {logging_mixin.py:188} INFO - [2025-10-17T16:15:40.528+0000] {dag.py:3954} INFO - Setting next_dagrun for example_setup_teardown_taskflow to 2025-10-16 00:00:00+00:00, run_after=2025-10-17 00:00:00+00:00
[2025-10-17T16:15:40.558+0000] {processor.py:183} INFO - Processing /home/airflow/.local/lib/python3.12/site-packages/airflow/example_dags/example_setup_teardown_taskflow.py took 0.127 seconds
[2025-10-17T16:16:10.985+0000] {processor.py:161} INFO - Started process (PID=269) to work on /home/airflow/.local/lib/python3.12/site-packages/airflow/example_dags/example_setup_teardown_taskflow.py
[2025-10-17T16:16:10.987+0000] {processor.py:830} INFO - Processing file /home/airflow/.local/lib/python3.12/site-packages/airflow/example_dags/example_setup_teardown_taskflow.py for tasks to queue
[2025-10-17T16:16:10.992+0000] {logging_mixin.py:188} INFO - [2025-10-17T16:16:10.991+0000] {dagbag.py:545} INFO - Filling up the DagBag from /home/airflow/.local/lib/python3.12/site-packages/airflow/example_dags/example_setup_teardown_taskflow.py
[2025-10-17T16:16:11.026+0000] {processor.py:840} INFO - DAG(s) 'example_setup_teardown_taskflow' retrieved from /home/airflow/.local/lib/python3.12/site-packages/airflow/example_dags/example_setup_teardown_taskflow.py
[2025-10-17T16:16:11.075+0000] {logging_mixin.py:188} INFO - [2025-10-17T16:16:11.075+0000] {dag.py:3096} INFO - Sync 1 DAGs
[2025-10-17T16:16:11.121+0000] {logging_mixin.py:188} INFO - [2025-10-17T16:16:11.121+0000] {dag.py:3954} INFO - Setting next_dagrun for example_setup_teardown_taskflow to 2025-10-16 00:00:00+00:00, run_after=2025-10-17 00:00:00+00:00
[2025-10-17T16:16:11.197+0000] {processor.py:183} INFO - Processing /home/airflow/.local/lib/python3.12/site-packages/airflow/example_dags/example_setup_teardown_taskflow.py took 0.229 seconds
[2025-10-17T16:16:41.459+0000] {processor.py:161} INFO - Started process (PID=322) to work on /home/airflow/.local/lib/python3.12/site-packages/airflow/example_dags/example_setup_teardown_taskflow.py
[2025-10-17T16:16:41.460+0000] {processor.py:830} INFO - Processing file /home/airflow/.local/lib/python3.12/site-packages/airflow/example_dags/example_setup_teardown_taskflow.py for tasks to queue
[2025-10-17T16:16:41.464+0000] {logging_mixin.py:188} INFO - [2025-10-17T16:16:41.464+0000] {dagbag.py:545} INFO - Filling up the DagBag from /home/airflow/.local/lib/python3.12/site-packages/airflow/example_dags/example_setup_teardown_taskflow.py
[2025-10-17T16:16:41.481+0000] {processor.py:840} INFO - DAG(s) 'example_setup_teardown_taskflow' retrieved from /home/airflow/.local/lib/python3.12/site-packages/airflow/example_dags/example_setup_teardown_taskflow.py
[2025-10-17T16:16:41.527+0000] {logging_mixin.py:188} INFO - [2025-10-17T16:16:41.526+0000] {dag.py:3096} INFO - Sync 1 DAGs
[2025-10-17T16:16:41.563+0000] {logging_mixin.py:188} INFO - [2025-10-17T16:16:41.563+0000] {dag.py:3954} INFO - Setting next_dagrun for example_setup_teardown_taskflow to 2025-10-16 00:00:00+00:00, run_after=2025-10-17 00:00:00+00:00
[2025-10-17T16:16:41.599+0000] {processor.py:183} INFO - Processing /home/airflow/.local/lib/python3.12/site-packages/airflow/example_dags/example_setup_teardown_taskflow.py took 0.152 seconds
[2025-10-17T16:17:12.380+0000] {processor.py:161} INFO - Started process (PID=375) to work on /home/airflow/.local/lib/python3.12/site-packages/airflow/example_dags/example_setup_teardown_taskflow.py
[2025-10-17T16:17:12.383+0000] {processor.py:830} INFO - Processing file /home/airflow/.local/lib/python3.12/site-packages/airflow/example_dags/example_setup_teardown_taskflow.py for tasks to queue
[2025-10-17T16:17:12.389+0000] {logging_mixin.py:188} INFO - [2025-10-17T16:17:12.388+0000] {dagbag.py:545} INFO - Filling up the DagBag from /home/airflow/.local/lib/python3.12/site-packages/airflow/example_dags/example_setup_teardown_taskflow.py
[2025-10-17T16:17:12.415+0000] {processor.py:840} INFO - DAG(s) 'example_setup_teardown_taskflow' retrieved from /home/airflow/.local/lib/python3.12/site-packages/airflow/example_dags/example_setup_teardown_taskflow.py
[2025-10-17T16:17:12.511+0000] {logging_mixin.py:188} INFO - [2025-10-17T16:17:12.511+0000] {dag.py:3096} INFO - Sync 1 DAGs
[2025-10-17T16:17:12.593+0000] {logging_mixin.py:188} INFO - [2025-10-17T16:17:12.592+0000] {dag.py:3954} INFO - Setting next_dagrun for example_setup_teardown_taskflow to 2025-10-16 00:00:00+00:00, run_after=2025-10-17 00:00:00+00:00
[2025-10-17T16:17:12.629+0000] {processor.py:183} INFO - Processing /home/airflow/.local/lib/python3.12/site-packages/airflow/example_dags/example_setup_teardown_taskflow.py took 0.285 seconds
[2025-10-17T16:17:44.267+0000] {processor.py:161} INFO - Started process (PID=428) to work on /home/airflow/.local/lib/python3.12/site-packages/airflow/example_dags/example_setup_teardown_taskflow.py
[2025-10-17T16:17:44.269+0000] {processor.py:830} INFO - Processing file /home/airflow/.local/lib/python3.12/site-packages/airflow/example_dags/example_setup_teardown_taskflow.py for tasks to queue
[2025-10-17T16:17:44.273+0000] {logging_mixin.py:188} INFO - [2025-10-17T16:17:44.272+0000] {dagbag.py:545} INFO - Filling up the DagBag from /home/airflow/.local/lib/python3.12/site-packages/airflow/example_dags/example_setup_teardown_taskflow.py
[2025-10-17T16:17:44.290+0000] {processor.py:840} INFO - DAG(s) 'example_setup_teardown_taskflow' retrieved from /home/airflow/.local/lib/python3.12/site-packages/airflow/example_dags/example_setup_teardown_taskflow.py
[2025-10-17T16:17:44.331+0000] {logging_mixin.py:188} INFO - [2025-10-17T16:17:44.330+0000] {dag.py:3096} INFO - Sync 1 DAGs
[2025-10-17T16:17:44.376+0000] {logging_mixin.py:188} INFO - [2025-10-17T16:17:44.375+0000] {dag.py:3954} INFO - Setting next_dagrun for example_setup_teardown_taskflow to 2025-10-16 00:00:00+00:00, run_after=2025-10-17 00:00:00+00:00
[2025-10-17T16:17:44.420+0000] {processor.py:183} INFO - Processing /home/airflow/.local/lib/python3.12/site-packages/airflow/example_dags/example_setup_teardown_taskflow.py took 0.164 seconds
[2025-10-17T16:18:14.892+0000] {processor.py:161} INFO - Started process (PID=481) to work on /home/airflow/.local/lib/python3.12/site-packages/airflow/example_dags/example_setup_teardown_taskflow.py
[2025-10-17T16:18:14.894+0000] {processor.py:830} INFO - Processing file /home/airflow/.local/lib/python3.12/site-packages/airflow/example_dags/example_setup_teardown_taskflow.py for tasks to queue
[2025-10-17T16:18:14.899+0000] {logging_mixin.py:188} INFO - [2025-10-17T16:18:14.898+0000] {dagbag.py:545} INFO - Filling up the DagBag from /home/airflow/.local/lib/python3.12/site-packages/airflow/example_dags/example_setup_teardown_taskflow.py
[2025-10-17T16:18:14.922+0000] {processor.py:840} INFO - DAG(s) 'example_setup_teardown_taskflow' retrieved from /home/airflow/.local/lib/python3.12/site-packages/airflow/example_dags/example_setup_teardown_taskflow.py
[2025-10-17T16:18:14.982+0000] {logging_mixin.py:188} INFO - [2025-10-17T16:18:14.982+0000] {dag.py:3096} INFO - Sync 1 DAGs
[2025-10-17T16:18:15.029+0000] {logging_mixin.py:188} INFO - [2025-10-17T16:18:15.029+0000] {dag.py:3954} INFO - Setting next_dagrun for example_setup_teardown_taskflow to 2025-10-16 00:00:00+00:00, run_after=2025-10-17 00:00:00+00:00
[2025-10-17T16:18:15.061+0000] {processor.py:183} INFO - Processing /home/airflow/.local/lib/python3.12/site-packages/airflow/example_dags/example_setup_teardown_taskflow.py took 0.181 seconds
[2025-10-17T16:18:45.923+0000] {processor.py:161} INFO - Started process (PID=534) to work on /home/airflow/.local/lib/python3.12/site-packages/airflow/example_dags/example_setup_teardown_taskflow.py
[2025-10-17T16:18:45.925+0000] {processor.py:830} INFO - Processing file /home/airflow/.local/lib/python3.12/site-packages/airflow/example_dags/example_setup_teardown_taskflow.py for tasks to queue
[2025-10-17T16:18:45.931+0000] {logging_mixin.py:188} INFO - [2025-10-17T16:18:45.930+0000] {dagbag.py:545} INFO - Filling up the DagBag from /home/airflow/.local/lib/python3.12/site-packages/airflow/example_dags/example_setup_teardown_taskflow.py
[2025-10-17T16:18:45.994+0000] {processor.py:840} INFO - DAG(s) 'example_setup_teardown_taskflow' retrieved from /home/airflow/.local/lib/python3.12/site-packages/airflow/example_dags/example_setup_teardown_taskflow.py
[2025-10-17T16:18:46.098+0000] {logging_mixin.py:188} INFO - [2025-10-17T16:18:46.097+0000] {dag.py:3096} INFO - Sync 1 DAGs
[2025-10-17T16:18:46.171+0000] {logging_mixin.py:188} INFO - [2025-10-17T16:18:46.171+0000] {dag.py:3954} INFO - Setting next_dagrun for example_setup_teardown_taskflow to 2025-10-16 00:00:00+00:00, run_after=2025-10-17 00:00:00+00:00
[2025-10-17T16:18:46.228+0000] {processor.py:183} INFO - Processing /home/airflow/.local/lib/python3.12/site-packages/airflow/example_dags/example_setup_teardown_taskflow.py took 0.327 seconds
[2025-10-17T16:19:16.537+0000] {processor.py:161} INFO - Started process (PID=587) to work on /home/airflow/.local/lib/python3.12/site-packages/airflow/example_dags/example_setup_teardown_taskflow.py
[2025-10-17T16:19:16.539+0000] {processor.py:830} INFO - Processing file /home/airflow/.local/lib/python3.12/site-packages/airflow/example_dags/example_setup_teardown_taskflow.py for tasks to queue
[2025-10-17T16:19:16.542+0000] {logging_mixin.py:188} INFO - [2025-10-17T16:19:16.542+0000] {dagbag.py:545} INFO - Filling up the DagBag from /home/airflow/.local/lib/python3.12/site-packages/airflow/example_dags/example_setup_teardown_taskflow.py
[2025-10-17T16:19:16.557+0000] {processor.py:840} INFO - DAG(s) 'example_setup_teardown_taskflow' retrieved from /home/airflow/.local/lib/python3.12/site-packages/airflow/example_dags/example_setup_teardown_taskflow.py
[2025-10-17T16:19:16.605+0000] {logging_mixin.py:188} INFO - [2025-10-17T16:19:16.601+0000] {dag.py:3096} INFO - Sync 1 DAGs
[2025-10-17T16:19:16.654+0000] {logging_mixin.py:188} INFO - [2025-10-17T16:19:16.653+0000] {dag.py:3954} INFO - Setting next_dagrun for example_setup_teardown_taskflow to 2025-10-16 00:00:00+00:00, run_after=2025-10-17 00:00:00+00:00
[2025-10-17T16:19:16.701+0000] {processor.py:183} INFO - Processing /home/airflow/.local/lib/python3.12/site-packages/airflow/example_dags/example_setup_teardown_taskflow.py took 0.175 seconds
[2025-10-17T16:19:48.089+0000] {processor.py:161} INFO - Started process (PID=640) to work on /home/airflow/.local/lib/python3.12/site-packages/airflow/example_dags/example_setup_teardown_taskflow.py
[2025-10-17T16:19:48.090+0000] {processor.py:830} INFO - Processing file /home/airflow/.local/lib/python3.12/site-packages/airflow/example_dags/example_setup_teardown_taskflow.py for tasks to queue
[2025-10-17T16:19:48.094+0000] {logging_mixin.py:188} INFO - [2025-10-17T16:19:48.093+0000] {dagbag.py:545} INFO - Filling up the DagBag from /home/airflow/.local/lib/python3.12/site-packages/airflow/example_dags/example_setup_teardown_taskflow.py
[2025-10-17T16:19:48.113+0000] {processor.py:840} INFO - DAG(s) 'example_setup_teardown_taskflow' retrieved from /home/airflow/.local/lib/python3.12/site-packages/airflow/example_dags/example_setup_teardown_taskflow.py
[2025-10-17T16:19:48.155+0000] {logging_mixin.py:188} INFO - [2025-10-17T16:19:48.155+0000] {dag.py:3096} INFO - Sync 1 DAGs
[2025-10-17T16:19:48.186+0000] {logging_mixin.py:188} INFO - [2025-10-17T16:19:48.186+0000] {dag.py:3954} INFO - Setting next_dagrun for example_setup_teardown_taskflow to 2025-10-16 00:00:00+00:00, run_after=2025-10-17 00:00:00+00:00
[2025-10-17T16:19:48.235+0000] {processor.py:183} INFO - Processing /home/airflow/.local/lib/python3.12/site-packages/airflow/example_dags/example_setup_teardown_taskflow.py took 0.161 seconds
[2025-10-17T16:20:18.383+0000] {processor.py:161} INFO - Started process (PID=692) to work on /home/airflow/.local/lib/python3.12/site-packages/airflow/example_dags/example_setup_teardown_taskflow.py
[2025-10-17T16:20:18.385+0000] {processor.py:830} INFO - Processing file /home/airflow/.local/lib/python3.12/site-packages/airflow/example_dags/example_setup_teardown_taskflow.py for tasks to queue
[2025-10-17T16:20:18.388+0000] {logging_mixin.py:188} INFO - [2025-10-17T16:20:18.387+0000] {dagbag.py:545} INFO - Filling up the DagBag from /home/airflow/.local/lib/python3.12/site-packages/airflow/example_dags/example_setup_teardown_taskflow.py
[2025-10-17T16:20:18.402+0000] {processor.py:840} INFO - DAG(s) 'example_setup_teardown_taskflow' retrieved from /home/airflow/.local/lib/python3.12/site-packages/airflow/example_dags/example_setup_teardown_taskflow.py
[2025-10-17T16:20:18.437+0000] {logging_mixin.py:188} INFO - [2025-10-17T16:20:18.436+0000] {dag.py:3096} INFO - Sync 1 DAGs
[2025-10-17T16:20:18.489+0000] {logging_mixin.py:188} INFO - [2025-10-17T16:20:18.489+0000] {dag.py:3954} INFO - Setting next_dagrun for example_setup_teardown_taskflow to 2025-10-16 00:00:00+00:00, run_after=2025-10-17 00:00:00+00:00
[2025-10-17T16:20:18.534+0000] {processor.py:183} INFO - Processing /home/airflow/.local/lib/python3.12/site-packages/airflow/example_dags/example_setup_teardown_taskflow.py took 0.160 seconds
