[2025-10-17T13:03:56.048+0000] {processor.py:161} INFO - Started process (PID=41) to work on /home/airflow/.local/lib/python3.12/site-packages/airflow/example_dags/example_task_group.py
[2025-10-17T13:03:56.051+0000] {processor.py:830} INFO - Processing file /home/airflow/.local/lib/python3.12/site-packages/airflow/example_dags/example_task_group.py for tasks to queue
[2025-10-17T13:03:56.055+0000] {logging_mixin.py:188} INFO - [2025-10-17T13:03:56.054+0000] {dagbag.py:545} INFO - Filling up the DagBag from /home/airflow/.local/lib/python3.12/site-packages/airflow/example_dags/example_task_group.py
[2025-10-17T13:03:56.112+0000] {processor.py:840} INFO - DAG(s) 'example_task_group' retrieved from /home/airflow/.local/lib/python3.12/site-packages/airflow/example_dags/example_task_group.py
[2025-10-17T13:03:56.472+0000] {logging_mixin.py:188} INFO - [2025-10-17T13:03:56.472+0000] {dag.py:3096} INFO - Sync 1 DAGs
[2025-10-17T13:03:56.523+0000] {logging_mixin.py:188} INFO - [2025-10-17T13:03:56.523+0000] {dag.py:3954} INFO - Setting next_dagrun for example_task_group to 2025-10-16 00:00:00+00:00, run_after=2025-10-17 00:00:00+00:00
[2025-10-17T13:03:56.611+0000] {processor.py:183} INFO - Processing /home/airflow/.local/lib/python3.12/site-packages/airflow/example_dags/example_task_group.py took 0.581 seconds
[2025-10-17T13:04:26.770+0000] {processor.py:161} INFO - Started process (PID=93) to work on /home/airflow/.local/lib/python3.12/site-packages/airflow/example_dags/example_task_group.py
[2025-10-17T13:04:26.773+0000] {processor.py:830} INFO - Processing file /home/airflow/.local/lib/python3.12/site-packages/airflow/example_dags/example_task_group.py for tasks to queue
[2025-10-17T13:04:26.778+0000] {logging_mixin.py:188} INFO - [2025-10-17T13:04:26.777+0000] {dagbag.py:545} INFO - Filling up the DagBag from /home/airflow/.local/lib/python3.12/site-packages/airflow/example_dags/example_task_group.py
[2025-10-17T13:04:26.793+0000] {processor.py:840} INFO - DAG(s) 'example_task_group' retrieved from /home/airflow/.local/lib/python3.12/site-packages/airflow/example_dags/example_task_group.py
[2025-10-17T13:04:26.836+0000] {logging_mixin.py:188} INFO - [2025-10-17T13:04:26.836+0000] {dag.py:3096} INFO - Sync 1 DAGs
[2025-10-17T13:04:26.878+0000] {logging_mixin.py:188} INFO - [2025-10-17T13:04:26.878+0000] {dag.py:3954} INFO - Setting next_dagrun for example_task_group to 2025-10-16 00:00:00+00:00, run_after=2025-10-17 00:00:00+00:00
[2025-10-17T13:04:26.931+0000] {processor.py:183} INFO - Processing /home/airflow/.local/lib/python3.12/site-packages/airflow/example_dags/example_task_group.py took 0.173 seconds
[2025-10-17T13:44:48.702+0000] {processor.py:161} INFO - Started process (PID=42) to work on /home/airflow/.local/lib/python3.12/site-packages/airflow/example_dags/example_task_group.py
[2025-10-17T13:44:48.704+0000] {processor.py:830} INFO - Processing file /home/airflow/.local/lib/python3.12/site-packages/airflow/example_dags/example_task_group.py for tasks to queue
[2025-10-17T13:44:48.708+0000] {logging_mixin.py:188} INFO - [2025-10-17T13:44:48.708+0000] {dagbag.py:545} INFO - Filling up the DagBag from /home/airflow/.local/lib/python3.12/site-packages/airflow/example_dags/example_task_group.py
[2025-10-17T13:44:48.737+0000] {processor.py:840} INFO - DAG(s) 'example_task_group' retrieved from /home/airflow/.local/lib/python3.12/site-packages/airflow/example_dags/example_task_group.py
[2025-10-17T13:44:48.903+0000] {logging_mixin.py:188} INFO - [2025-10-17T13:44:48.903+0000] {dag.py:3096} INFO - Sync 1 DAGs
[2025-10-17T13:44:49.004+0000] {logging_mixin.py:188} INFO - [2025-10-17T13:44:49.004+0000] {dag.py:3954} INFO - Setting next_dagrun for example_task_group to 2025-10-16 00:00:00+00:00, run_after=2025-10-17 00:00:00+00:00
[2025-10-17T13:44:49.098+0000] {processor.py:183} INFO - Processing /home/airflow/.local/lib/python3.12/site-packages/airflow/example_dags/example_task_group.py took 0.410 seconds
[2025-10-17T13:45:20.174+0000] {processor.py:161} INFO - Started process (PID=95) to work on /home/airflow/.local/lib/python3.12/site-packages/airflow/example_dags/example_task_group.py
[2025-10-17T13:45:20.176+0000] {processor.py:830} INFO - Processing file /home/airflow/.local/lib/python3.12/site-packages/airflow/example_dags/example_task_group.py for tasks to queue
[2025-10-17T13:45:20.180+0000] {logging_mixin.py:188} INFO - [2025-10-17T13:45:20.180+0000] {dagbag.py:545} INFO - Filling up the DagBag from /home/airflow/.local/lib/python3.12/site-packages/airflow/example_dags/example_task_group.py
[2025-10-17T13:45:20.211+0000] {processor.py:840} INFO - DAG(s) 'example_task_group' retrieved from /home/airflow/.local/lib/python3.12/site-packages/airflow/example_dags/example_task_group.py
[2025-10-17T13:45:20.265+0000] {logging_mixin.py:188} INFO - [2025-10-17T13:45:20.265+0000] {dag.py:3096} INFO - Sync 1 DAGs
[2025-10-17T13:45:20.396+0000] {logging_mixin.py:188} INFO - [2025-10-17T13:45:20.395+0000] {dag.py:3954} INFO - Setting next_dagrun for example_task_group to 2025-10-16 00:00:00+00:00, run_after=2025-10-17 00:00:00+00:00
[2025-10-17T13:45:20.573+0000] {processor.py:183} INFO - Processing /home/airflow/.local/lib/python3.12/site-packages/airflow/example_dags/example_task_group.py took 0.415 seconds
[2025-10-17T16:14:03.469+0000] {processor.py:161} INFO - Started process (PID=41) to work on /home/airflow/.local/lib/python3.12/site-packages/airflow/example_dags/example_task_group.py
[2025-10-17T16:14:03.471+0000] {processor.py:830} INFO - Processing file /home/airflow/.local/lib/python3.12/site-packages/airflow/example_dags/example_task_group.py for tasks to queue
[2025-10-17T16:14:03.475+0000] {logging_mixin.py:188} INFO - [2025-10-17T16:14:03.475+0000] {dagbag.py:545} INFO - Filling up the DagBag from /home/airflow/.local/lib/python3.12/site-packages/airflow/example_dags/example_task_group.py
[2025-10-17T16:14:03.500+0000] {processor.py:840} INFO - DAG(s) 'example_task_group' retrieved from /home/airflow/.local/lib/python3.12/site-packages/airflow/example_dags/example_task_group.py
[2025-10-17T16:14:03.570+0000] {logging_mixin.py:188} INFO - [2025-10-17T16:14:03.569+0000] {dag.py:3096} INFO - Sync 1 DAGs
[2025-10-17T16:14:03.618+0000] {logging_mixin.py:188} INFO - [2025-10-17T16:14:03.618+0000] {dag.py:3954} INFO - Setting next_dagrun for example_task_group to 2025-10-16 00:00:00+00:00, run_after=2025-10-17 00:00:00+00:00
[2025-10-17T16:14:03.662+0000] {processor.py:183} INFO - Processing /home/airflow/.local/lib/python3.12/site-packages/airflow/example_dags/example_task_group.py took 0.210 seconds
[2025-10-17T16:14:34.438+0000] {processor.py:161} INFO - Started process (PID=94) to work on /home/airflow/.local/lib/python3.12/site-packages/airflow/example_dags/example_task_group.py
[2025-10-17T16:14:34.442+0000] {processor.py:830} INFO - Processing file /home/airflow/.local/lib/python3.12/site-packages/airflow/example_dags/example_task_group.py for tasks to queue
[2025-10-17T16:14:34.448+0000] {logging_mixin.py:188} INFO - [2025-10-17T16:14:34.447+0000] {dagbag.py:545} INFO - Filling up the DagBag from /home/airflow/.local/lib/python3.12/site-packages/airflow/example_dags/example_task_group.py
[2025-10-17T16:14:34.479+0000] {processor.py:840} INFO - DAG(s) 'example_task_group' retrieved from /home/airflow/.local/lib/python3.12/site-packages/airflow/example_dags/example_task_group.py
[2025-10-17T16:14:34.525+0000] {logging_mixin.py:188} INFO - [2025-10-17T16:14:34.524+0000] {dag.py:3096} INFO - Sync 1 DAGs
[2025-10-17T16:14:34.563+0000] {logging_mixin.py:188} INFO - [2025-10-17T16:14:34.563+0000] {dag.py:3954} INFO - Setting next_dagrun for example_task_group to 2025-10-16 00:00:00+00:00, run_after=2025-10-17 00:00:00+00:00
[2025-10-17T16:14:34.601+0000] {processor.py:183} INFO - Processing /home/airflow/.local/lib/python3.12/site-packages/airflow/example_dags/example_task_group.py took 0.179 seconds
[2025-10-17T16:15:05.310+0000] {processor.py:161} INFO - Started process (PID=147) to work on /home/airflow/.local/lib/python3.12/site-packages/airflow/example_dags/example_task_group.py
[2025-10-17T16:15:05.312+0000] {processor.py:830} INFO - Processing file /home/airflow/.local/lib/python3.12/site-packages/airflow/example_dags/example_task_group.py for tasks to queue
[2025-10-17T16:15:05.315+0000] {logging_mixin.py:188} INFO - [2025-10-17T16:15:05.315+0000] {dagbag.py:545} INFO - Filling up the DagBag from /home/airflow/.local/lib/python3.12/site-packages/airflow/example_dags/example_task_group.py
[2025-10-17T16:15:05.328+0000] {processor.py:840} INFO - DAG(s) 'example_task_group' retrieved from /home/airflow/.local/lib/python3.12/site-packages/airflow/example_dags/example_task_group.py
[2025-10-17T16:15:05.377+0000] {logging_mixin.py:188} INFO - [2025-10-17T16:15:05.377+0000] {dag.py:3096} INFO - Sync 1 DAGs
[2025-10-17T16:15:05.413+0000] {logging_mixin.py:188} INFO - [2025-10-17T16:15:05.412+0000] {dag.py:3954} INFO - Setting next_dagrun for example_task_group to 2025-10-16 00:00:00+00:00, run_after=2025-10-17 00:00:00+00:00
[2025-10-17T16:15:05.444+0000] {processor.py:183} INFO - Processing /home/airflow/.local/lib/python3.12/site-packages/airflow/example_dags/example_task_group.py took 0.146 seconds
[2025-10-17T16:15:36.277+0000] {processor.py:161} INFO - Started process (PID=200) to work on /home/airflow/.local/lib/python3.12/site-packages/airflow/example_dags/example_task_group.py
[2025-10-17T16:15:36.279+0000] {processor.py:830} INFO - Processing file /home/airflow/.local/lib/python3.12/site-packages/airflow/example_dags/example_task_group.py for tasks to queue
[2025-10-17T16:15:36.283+0000] {logging_mixin.py:188} INFO - [2025-10-17T16:15:36.282+0000] {dagbag.py:545} INFO - Filling up the DagBag from /home/airflow/.local/lib/python3.12/site-packages/airflow/example_dags/example_task_group.py
[2025-10-17T16:15:36.297+0000] {processor.py:840} INFO - DAG(s) 'example_task_group' retrieved from /home/airflow/.local/lib/python3.12/site-packages/airflow/example_dags/example_task_group.py
[2025-10-17T16:15:36.340+0000] {logging_mixin.py:188} INFO - [2025-10-17T16:15:36.339+0000] {dag.py:3096} INFO - Sync 1 DAGs
[2025-10-17T16:15:36.378+0000] {logging_mixin.py:188} INFO - [2025-10-17T16:15:36.378+0000] {dag.py:3954} INFO - Setting next_dagrun for example_task_group to 2025-10-16 00:00:00+00:00, run_after=2025-10-17 00:00:00+00:00
[2025-10-17T16:15:36.418+0000] {processor.py:183} INFO - Processing /home/airflow/.local/lib/python3.12/site-packages/airflow/example_dags/example_task_group.py took 0.151 seconds
[2025-10-17T16:16:06.825+0000] {processor.py:161} INFO - Started process (PID=253) to work on /home/airflow/.local/lib/python3.12/site-packages/airflow/example_dags/example_task_group.py
[2025-10-17T16:16:06.827+0000] {processor.py:830} INFO - Processing file /home/airflow/.local/lib/python3.12/site-packages/airflow/example_dags/example_task_group.py for tasks to queue
[2025-10-17T16:16:06.831+0000] {logging_mixin.py:188} INFO - [2025-10-17T16:16:06.831+0000] {dagbag.py:545} INFO - Filling up the DagBag from /home/airflow/.local/lib/python3.12/site-packages/airflow/example_dags/example_task_group.py
[2025-10-17T16:16:06.858+0000] {processor.py:840} INFO - DAG(s) 'example_task_group' retrieved from /home/airflow/.local/lib/python3.12/site-packages/airflow/example_dags/example_task_group.py
[2025-10-17T16:16:06.940+0000] {logging_mixin.py:188} INFO - [2025-10-17T16:16:06.940+0000] {dag.py:3096} INFO - Sync 1 DAGs
[2025-10-17T16:16:07.038+0000] {logging_mixin.py:188} INFO - [2025-10-17T16:16:07.037+0000] {dag.py:3954} INFO - Setting next_dagrun for example_task_group to 2025-10-16 00:00:00+00:00, run_after=2025-10-17 00:00:00+00:00
[2025-10-17T16:16:07.129+0000] {processor.py:183} INFO - Processing /home/airflow/.local/lib/python3.12/site-packages/airflow/example_dags/example_task_group.py took 0.321 seconds
[2025-10-17T16:16:37.242+0000] {processor.py:161} INFO - Started process (PID=306) to work on /home/airflow/.local/lib/python3.12/site-packages/airflow/example_dags/example_task_group.py
[2025-10-17T16:16:37.244+0000] {processor.py:830} INFO - Processing file /home/airflow/.local/lib/python3.12/site-packages/airflow/example_dags/example_task_group.py for tasks to queue
[2025-10-17T16:16:37.247+0000] {logging_mixin.py:188} INFO - [2025-10-17T16:16:37.246+0000] {dagbag.py:545} INFO - Filling up the DagBag from /home/airflow/.local/lib/python3.12/site-packages/airflow/example_dags/example_task_group.py
[2025-10-17T16:16:37.260+0000] {processor.py:840} INFO - DAG(s) 'example_task_group' retrieved from /home/airflow/.local/lib/python3.12/site-packages/airflow/example_dags/example_task_group.py
[2025-10-17T16:16:37.302+0000] {logging_mixin.py:188} INFO - [2025-10-17T16:16:37.301+0000] {dag.py:3096} INFO - Sync 1 DAGs
[2025-10-17T16:16:37.347+0000] {logging_mixin.py:188} INFO - [2025-10-17T16:16:37.346+0000] {dag.py:3954} INFO - Setting next_dagrun for example_task_group to 2025-10-16 00:00:00+00:00, run_after=2025-10-17 00:00:00+00:00
[2025-10-17T16:16:37.382+0000] {processor.py:183} INFO - Processing /home/airflow/.local/lib/python3.12/site-packages/airflow/example_dags/example_task_group.py took 0.151 seconds
[2025-10-17T16:17:07.476+0000] {processor.py:161} INFO - Started process (PID=358) to work on /home/airflow/.local/lib/python3.12/site-packages/airflow/example_dags/example_task_group.py
[2025-10-17T16:17:07.479+0000] {processor.py:830} INFO - Processing file /home/airflow/.local/lib/python3.12/site-packages/airflow/example_dags/example_task_group.py for tasks to queue
[2025-10-17T16:17:07.483+0000] {logging_mixin.py:188} INFO - [2025-10-17T16:17:07.482+0000] {dagbag.py:545} INFO - Filling up the DagBag from /home/airflow/.local/lib/python3.12/site-packages/airflow/example_dags/example_task_group.py
[2025-10-17T16:17:07.495+0000] {processor.py:840} INFO - DAG(s) 'example_task_group' retrieved from /home/airflow/.local/lib/python3.12/site-packages/airflow/example_dags/example_task_group.py
[2025-10-17T16:17:07.532+0000] {logging_mixin.py:188} INFO - [2025-10-17T16:17:07.531+0000] {dag.py:3096} INFO - Sync 1 DAGs
[2025-10-17T16:17:07.567+0000] {logging_mixin.py:188} INFO - [2025-10-17T16:17:07.566+0000] {dag.py:3954} INFO - Setting next_dagrun for example_task_group to 2025-10-16 00:00:00+00:00, run_after=2025-10-17 00:00:00+00:00
[2025-10-17T16:17:07.598+0000] {processor.py:183} INFO - Processing /home/airflow/.local/lib/python3.12/site-packages/airflow/example_dags/example_task_group.py took 0.131 seconds
[2025-10-17T16:17:37.763+0000] {processor.py:161} INFO - Started process (PID=411) to work on /home/airflow/.local/lib/python3.12/site-packages/airflow/example_dags/example_task_group.py
[2025-10-17T16:17:37.764+0000] {processor.py:830} INFO - Processing file /home/airflow/.local/lib/python3.12/site-packages/airflow/example_dags/example_task_group.py for tasks to queue
[2025-10-17T16:17:37.768+0000] {logging_mixin.py:188} INFO - [2025-10-17T16:17:37.767+0000] {dagbag.py:545} INFO - Filling up the DagBag from /home/airflow/.local/lib/python3.12/site-packages/airflow/example_dags/example_task_group.py
[2025-10-17T16:17:37.779+0000] {processor.py:840} INFO - DAG(s) 'example_task_group' retrieved from /home/airflow/.local/lib/python3.12/site-packages/airflow/example_dags/example_task_group.py
[2025-10-17T16:17:37.811+0000] {logging_mixin.py:188} INFO - [2025-10-17T16:17:37.811+0000] {dag.py:3096} INFO - Sync 1 DAGs
[2025-10-17T16:17:37.847+0000] {logging_mixin.py:188} INFO - [2025-10-17T16:17:37.847+0000] {dag.py:3954} INFO - Setting next_dagrun for example_task_group to 2025-10-16 00:00:00+00:00, run_after=2025-10-17 00:00:00+00:00
[2025-10-17T16:17:37.887+0000] {processor.py:183} INFO - Processing /home/airflow/.local/lib/python3.12/site-packages/airflow/example_dags/example_task_group.py took 0.136 seconds
[2025-10-17T16:18:08.659+0000] {processor.py:161} INFO - Started process (PID=465) to work on /home/airflow/.local/lib/python3.12/site-packages/airflow/example_dags/example_task_group.py
[2025-10-17T16:18:08.660+0000] {processor.py:830} INFO - Processing file /home/airflow/.local/lib/python3.12/site-packages/airflow/example_dags/example_task_group.py for tasks to queue
[2025-10-17T16:18:08.665+0000] {logging_mixin.py:188} INFO - [2025-10-17T16:18:08.664+0000] {dagbag.py:545} INFO - Filling up the DagBag from /home/airflow/.local/lib/python3.12/site-packages/airflow/example_dags/example_task_group.py
[2025-10-17T16:18:08.676+0000] {processor.py:840} INFO - DAG(s) 'example_task_group' retrieved from /home/airflow/.local/lib/python3.12/site-packages/airflow/example_dags/example_task_group.py
[2025-10-17T16:18:08.718+0000] {logging_mixin.py:188} INFO - [2025-10-17T16:18:08.718+0000] {dag.py:3096} INFO - Sync 1 DAGs
[2025-10-17T16:18:08.769+0000] {logging_mixin.py:188} INFO - [2025-10-17T16:18:08.769+0000] {dag.py:3954} INFO - Setting next_dagrun for example_task_group to 2025-10-16 00:00:00+00:00, run_after=2025-10-17 00:00:00+00:00
[2025-10-17T16:18:08.827+0000] {processor.py:183} INFO - Processing /home/airflow/.local/lib/python3.12/site-packages/airflow/example_dags/example_task_group.py took 0.179 seconds
[2025-10-17T16:18:40.871+0000] {processor.py:161} INFO - Started process (PID=518) to work on /home/airflow/.local/lib/python3.12/site-packages/airflow/example_dags/example_task_group.py
[2025-10-17T16:18:40.881+0000] {processor.py:830} INFO - Processing file /home/airflow/.local/lib/python3.12/site-packages/airflow/example_dags/example_task_group.py for tasks to queue
[2025-10-17T16:18:40.886+0000] {logging_mixin.py:188} INFO - [2025-10-17T16:18:40.885+0000] {dagbag.py:545} INFO - Filling up the DagBag from /home/airflow/.local/lib/python3.12/site-packages/airflow/example_dags/example_task_group.py
[2025-10-17T16:18:40.917+0000] {processor.py:840} INFO - DAG(s) 'example_task_group' retrieved from /home/airflow/.local/lib/python3.12/site-packages/airflow/example_dags/example_task_group.py
[2025-10-17T16:18:40.998+0000] {logging_mixin.py:188} INFO - [2025-10-17T16:18:40.997+0000] {dag.py:3096} INFO - Sync 1 DAGs
[2025-10-17T16:18:41.072+0000] {logging_mixin.py:188} INFO - [2025-10-17T16:18:41.071+0000] {dag.py:3954} INFO - Setting next_dagrun for example_task_group to 2025-10-16 00:00:00+00:00, run_after=2025-10-17 00:00:00+00:00
[2025-10-17T16:18:41.190+0000] {processor.py:183} INFO - Processing /home/airflow/.local/lib/python3.12/site-packages/airflow/example_dags/example_task_group.py took 0.335 seconds
[2025-10-17T16:19:11.486+0000] {processor.py:161} INFO - Started process (PID=571) to work on /home/airflow/.local/lib/python3.12/site-packages/airflow/example_dags/example_task_group.py
[2025-10-17T16:19:11.490+0000] {processor.py:830} INFO - Processing file /home/airflow/.local/lib/python3.12/site-packages/airflow/example_dags/example_task_group.py for tasks to queue
[2025-10-17T16:19:11.499+0000] {logging_mixin.py:188} INFO - [2025-10-17T16:19:11.495+0000] {dagbag.py:545} INFO - Filling up the DagBag from /home/airflow/.local/lib/python3.12/site-packages/airflow/example_dags/example_task_group.py
[2025-10-17T16:19:11.524+0000] {processor.py:840} INFO - DAG(s) 'example_task_group' retrieved from /home/airflow/.local/lib/python3.12/site-packages/airflow/example_dags/example_task_group.py
[2025-10-17T16:19:11.599+0000] {logging_mixin.py:188} INFO - [2025-10-17T16:19:11.598+0000] {dag.py:3096} INFO - Sync 1 DAGs
[2025-10-17T16:19:11.665+0000] {logging_mixin.py:188} INFO - [2025-10-17T16:19:11.665+0000] {dag.py:3954} INFO - Setting next_dagrun for example_task_group to 2025-10-16 00:00:00+00:00, run_after=2025-10-17 00:00:00+00:00
[2025-10-17T16:19:11.724+0000] {processor.py:183} INFO - Processing /home/airflow/.local/lib/python3.12/site-packages/airflow/example_dags/example_task_group.py took 0.257 seconds
[2025-10-17T16:19:41.926+0000] {processor.py:161} INFO - Started process (PID=624) to work on /home/airflow/.local/lib/python3.12/site-packages/airflow/example_dags/example_task_group.py
[2025-10-17T16:19:41.928+0000] {processor.py:830} INFO - Processing file /home/airflow/.local/lib/python3.12/site-packages/airflow/example_dags/example_task_group.py for tasks to queue
[2025-10-17T16:19:41.932+0000] {logging_mixin.py:188} INFO - [2025-10-17T16:19:41.931+0000] {dagbag.py:545} INFO - Filling up the DagBag from /home/airflow/.local/lib/python3.12/site-packages/airflow/example_dags/example_task_group.py
[2025-10-17T16:19:41.943+0000] {processor.py:840} INFO - DAG(s) 'example_task_group' retrieved from /home/airflow/.local/lib/python3.12/site-packages/airflow/example_dags/example_task_group.py
[2025-10-17T16:19:41.981+0000] {logging_mixin.py:188} INFO - [2025-10-17T16:19:41.981+0000] {dag.py:3096} INFO - Sync 1 DAGs
[2025-10-17T16:19:42.013+0000] {logging_mixin.py:188} INFO - [2025-10-17T16:19:42.012+0000] {dag.py:3954} INFO - Setting next_dagrun for example_task_group to 2025-10-16 00:00:00+00:00, run_after=2025-10-17 00:00:00+00:00
[2025-10-17T16:19:42.085+0000] {processor.py:183} INFO - Processing /home/airflow/.local/lib/python3.12/site-packages/airflow/example_dags/example_task_group.py took 0.169 seconds
[2025-10-17T16:20:12.344+0000] {processor.py:161} INFO - Started process (PID=677) to work on /home/airflow/.local/lib/python3.12/site-packages/airflow/example_dags/example_task_group.py
[2025-10-17T16:20:12.346+0000] {processor.py:830} INFO - Processing file /home/airflow/.local/lib/python3.12/site-packages/airflow/example_dags/example_task_group.py for tasks to queue
[2025-10-17T16:20:12.350+0000] {logging_mixin.py:188} INFO - [2025-10-17T16:20:12.350+0000] {dagbag.py:545} INFO - Filling up the DagBag from /home/airflow/.local/lib/python3.12/site-packages/airflow/example_dags/example_task_group.py
[2025-10-17T16:20:12.367+0000] {processor.py:840} INFO - DAG(s) 'example_task_group' retrieved from /home/airflow/.local/lib/python3.12/site-packages/airflow/example_dags/example_task_group.py
[2025-10-17T16:20:12.406+0000] {logging_mixin.py:188} INFO - [2025-10-17T16:20:12.406+0000] {dag.py:3096} INFO - Sync 1 DAGs
[2025-10-17T16:20:12.446+0000] {logging_mixin.py:188} INFO - [2025-10-17T16:20:12.446+0000] {dag.py:3954} INFO - Setting next_dagrun for example_task_group to 2025-10-16 00:00:00+00:00, run_after=2025-10-17 00:00:00+00:00
[2025-10-17T16:20:12.477+0000] {processor.py:183} INFO - Processing /home/airflow/.local/lib/python3.12/site-packages/airflow/example_dags/example_task_group.py took 0.146 seconds
