[2025-10-17T13:04:09.853+0000] {processor.py:161} INFO - Started process (PID=71) to work on /home/airflow/.local/lib/python3.12/site-packages/airflow/example_dags/example_sla_dag.py
[2025-10-17T13:04:09.855+0000] {processor.py:830} INFO - Processing file /home/airflow/.local/lib/python3.12/site-packages/airflow/example_dags/example_sla_dag.py for tasks to queue
[2025-10-17T13:04:09.859+0000] {logging_mixin.py:188} INFO - [2025-10-17T13:04:09.858+0000] {dagbag.py:545} INFO - Filling up the DagBag from /home/airflow/.local/lib/python3.12/site-packages/airflow/example_dags/example_sla_dag.py
[2025-10-17T13:04:09.891+0000] {processor.py:840} INFO - DAG(s) 'example_sla_dag' retrieved from /home/airflow/.local/lib/python3.12/site-packages/airflow/example_dags/example_sla_dag.py
[2025-10-17T13:04:10.305+0000] {logging_mixin.py:188} INFO - [2025-10-17T13:04:10.304+0000] {dag.py:3096} INFO - Sync 1 DAGs
[2025-10-17T13:04:10.401+0000] {logging_mixin.py:188} INFO - [2025-10-17T13:04:10.401+0000] {dag.py:3954} INFO - Setting next_dagrun for example_sla_dag to 2025-10-17 13:02:00+00:00, run_after=2025-10-17 13:04:00+00:00
[2025-10-17T13:04:10.460+0000] {processor.py:183} INFO - Processing /home/airflow/.local/lib/python3.12/site-packages/airflow/example_dags/example_sla_dag.py took 0.626 seconds
[2025-10-17T13:04:40.962+0000] {processor.py:161} INFO - Started process (PID=123) to work on /home/airflow/.local/lib/python3.12/site-packages/airflow/example_dags/example_sla_dag.py
[2025-10-17T13:04:40.964+0000] {processor.py:830} INFO - Processing file /home/airflow/.local/lib/python3.12/site-packages/airflow/example_dags/example_sla_dag.py for tasks to queue
[2025-10-17T13:04:40.968+0000] {logging_mixin.py:188} INFO - [2025-10-17T13:04:40.967+0000] {dagbag.py:545} INFO - Filling up the DagBag from /home/airflow/.local/lib/python3.12/site-packages/airflow/example_dags/example_sla_dag.py
[2025-10-17T13:04:40.985+0000] {processor.py:840} INFO - DAG(s) 'example_sla_dag' retrieved from /home/airflow/.local/lib/python3.12/site-packages/airflow/example_dags/example_sla_dag.py
[2025-10-17T13:04:41.015+0000] {logging_mixin.py:188} INFO - [2025-10-17T13:04:41.015+0000] {dag.py:3096} INFO - Sync 1 DAGs
[2025-10-17T13:04:41.055+0000] {logging_mixin.py:188} INFO - [2025-10-17T13:04:41.055+0000] {dag.py:3954} INFO - Setting next_dagrun for example_sla_dag to 2025-10-17 13:02:00+00:00, run_after=2025-10-17 13:04:00+00:00
[2025-10-17T13:04:41.102+0000] {processor.py:183} INFO - Processing /home/airflow/.local/lib/python3.12/site-packages/airflow/example_dags/example_sla_dag.py took 0.150 seconds
[2025-10-17T13:44:59.054+0000] {processor.py:161} INFO - Started process (PID=72) to work on /home/airflow/.local/lib/python3.12/site-packages/airflow/example_dags/example_sla_dag.py
[2025-10-17T13:44:59.056+0000] {processor.py:830} INFO - Processing file /home/airflow/.local/lib/python3.12/site-packages/airflow/example_dags/example_sla_dag.py for tasks to queue
[2025-10-17T13:44:59.061+0000] {logging_mixin.py:188} INFO - [2025-10-17T13:44:59.060+0000] {dagbag.py:545} INFO - Filling up the DagBag from /home/airflow/.local/lib/python3.12/site-packages/airflow/example_dags/example_sla_dag.py
[2025-10-17T13:44:59.084+0000] {processor.py:840} INFO - DAG(s) 'example_sla_dag' retrieved from /home/airflow/.local/lib/python3.12/site-packages/airflow/example_dags/example_sla_dag.py
[2025-10-17T13:44:59.123+0000] {logging_mixin.py:188} INFO - [2025-10-17T13:44:59.123+0000] {dag.py:3096} INFO - Sync 1 DAGs
[2025-10-17T13:44:59.188+0000] {logging_mixin.py:188} INFO - [2025-10-17T13:44:59.187+0000] {dag.py:3954} INFO - Setting next_dagrun for example_sla_dag to 2025-10-17 13:42:00+00:00, run_after=2025-10-17 13:44:00+00:00
[2025-10-17T13:44:59.240+0000] {processor.py:183} INFO - Processing /home/airflow/.local/lib/python3.12/site-packages/airflow/example_dags/example_sla_dag.py took 0.201 seconds
[2025-10-17T16:14:10.622+0000] {processor.py:161} INFO - Started process (PID=71) to work on /home/airflow/.local/lib/python3.12/site-packages/airflow/example_dags/example_sla_dag.py
[2025-10-17T16:14:10.624+0000] {processor.py:830} INFO - Processing file /home/airflow/.local/lib/python3.12/site-packages/airflow/example_dags/example_sla_dag.py for tasks to queue
[2025-10-17T16:14:10.627+0000] {logging_mixin.py:188} INFO - [2025-10-17T16:14:10.626+0000] {dagbag.py:545} INFO - Filling up the DagBag from /home/airflow/.local/lib/python3.12/site-packages/airflow/example_dags/example_sla_dag.py
[2025-10-17T16:14:10.646+0000] {processor.py:840} INFO - DAG(s) 'example_sla_dag' retrieved from /home/airflow/.local/lib/python3.12/site-packages/airflow/example_dags/example_sla_dag.py
[2025-10-17T16:14:10.736+0000] {logging_mixin.py:188} INFO - [2025-10-17T16:14:10.736+0000] {dag.py:3096} INFO - Sync 1 DAGs
[2025-10-17T16:14:10.805+0000] {logging_mixin.py:188} INFO - [2025-10-17T16:14:10.804+0000] {dag.py:3954} INFO - Setting next_dagrun for example_sla_dag to 2025-10-17 16:12:00+00:00, run_after=2025-10-17 16:14:00+00:00
[2025-10-17T16:14:10.852+0000] {processor.py:183} INFO - Processing /home/airflow/.local/lib/python3.12/site-packages/airflow/example_dags/example_sla_dag.py took 0.241 seconds
[2025-10-17T16:14:41.464+0000] {processor.py:161} INFO - Started process (PID=124) to work on /home/airflow/.local/lib/python3.12/site-packages/airflow/example_dags/example_sla_dag.py
[2025-10-17T16:14:41.466+0000] {processor.py:830} INFO - Processing file /home/airflow/.local/lib/python3.12/site-packages/airflow/example_dags/example_sla_dag.py for tasks to queue
[2025-10-17T16:14:41.469+0000] {logging_mixin.py:188} INFO - [2025-10-17T16:14:41.469+0000] {dagbag.py:545} INFO - Filling up the DagBag from /home/airflow/.local/lib/python3.12/site-packages/airflow/example_dags/example_sla_dag.py
[2025-10-17T16:14:41.485+0000] {processor.py:840} INFO - DAG(s) 'example_sla_dag' retrieved from /home/airflow/.local/lib/python3.12/site-packages/airflow/example_dags/example_sla_dag.py
[2025-10-17T16:14:41.521+0000] {logging_mixin.py:188} INFO - [2025-10-17T16:14:41.521+0000] {dag.py:3096} INFO - Sync 1 DAGs
[2025-10-17T16:14:41.570+0000] {logging_mixin.py:188} INFO - [2025-10-17T16:14:41.570+0000] {dag.py:3954} INFO - Setting next_dagrun for example_sla_dag to 2025-10-17 16:12:00+00:00, run_after=2025-10-17 16:14:00+00:00
[2025-10-17T16:14:41.610+0000] {processor.py:183} INFO - Processing /home/airflow/.local/lib/python3.12/site-packages/airflow/example_dags/example_sla_dag.py took 0.157 seconds
[2025-10-17T16:15:12.188+0000] {processor.py:161} INFO - Started process (PID=177) to work on /home/airflow/.local/lib/python3.12/site-packages/airflow/example_dags/example_sla_dag.py
[2025-10-17T16:15:12.190+0000] {processor.py:830} INFO - Processing file /home/airflow/.local/lib/python3.12/site-packages/airflow/example_dags/example_sla_dag.py for tasks to queue
[2025-10-17T16:15:12.195+0000] {logging_mixin.py:188} INFO - [2025-10-17T16:15:12.194+0000] {dagbag.py:545} INFO - Filling up the DagBag from /home/airflow/.local/lib/python3.12/site-packages/airflow/example_dags/example_sla_dag.py
[2025-10-17T16:15:12.210+0000] {processor.py:840} INFO - DAG(s) 'example_sla_dag' retrieved from /home/airflow/.local/lib/python3.12/site-packages/airflow/example_dags/example_sla_dag.py
[2025-10-17T16:15:12.245+0000] {logging_mixin.py:188} INFO - [2025-10-17T16:15:12.245+0000] {dag.py:3096} INFO - Sync 1 DAGs
[2025-10-17T16:15:12.290+0000] {logging_mixin.py:188} INFO - [2025-10-17T16:15:12.289+0000] {dag.py:3954} INFO - Setting next_dagrun for example_sla_dag to 2025-10-17 16:12:00+00:00, run_after=2025-10-17 16:14:00+00:00
[2025-10-17T16:15:12.324+0000] {processor.py:183} INFO - Processing /home/airflow/.local/lib/python3.12/site-packages/airflow/example_dags/example_sla_dag.py took 0.146 seconds
[2025-10-17T16:15:43.229+0000] {processor.py:161} INFO - Started process (PID=230) to work on /home/airflow/.local/lib/python3.12/site-packages/airflow/example_dags/example_sla_dag.py
[2025-10-17T16:15:43.231+0000] {processor.py:830} INFO - Processing file /home/airflow/.local/lib/python3.12/site-packages/airflow/example_dags/example_sla_dag.py for tasks to queue
[2025-10-17T16:15:43.235+0000] {logging_mixin.py:188} INFO - [2025-10-17T16:15:43.235+0000] {dagbag.py:545} INFO - Filling up the DagBag from /home/airflow/.local/lib/python3.12/site-packages/airflow/example_dags/example_sla_dag.py
[2025-10-17T16:15:43.253+0000] {processor.py:840} INFO - DAG(s) 'example_sla_dag' retrieved from /home/airflow/.local/lib/python3.12/site-packages/airflow/example_dags/example_sla_dag.py
[2025-10-17T16:15:43.289+0000] {logging_mixin.py:188} INFO - [2025-10-17T16:15:43.289+0000] {dag.py:3096} INFO - Sync 1 DAGs
[2025-10-17T16:15:43.339+0000] {logging_mixin.py:188} INFO - [2025-10-17T16:15:43.338+0000] {dag.py:3954} INFO - Setting next_dagrun for example_sla_dag to 2025-10-17 16:12:00+00:00, run_after=2025-10-17 16:14:00+00:00
[2025-10-17T16:15:43.370+0000] {processor.py:183} INFO - Processing /home/airflow/.local/lib/python3.12/site-packages/airflow/example_dags/example_sla_dag.py took 0.150 seconds
[2025-10-17T16:16:13.881+0000] {processor.py:161} INFO - Started process (PID=283) to work on /home/airflow/.local/lib/python3.12/site-packages/airflow/example_dags/example_sla_dag.py
[2025-10-17T16:16:13.883+0000] {processor.py:830} INFO - Processing file /home/airflow/.local/lib/python3.12/site-packages/airflow/example_dags/example_sla_dag.py for tasks to queue
[2025-10-17T16:16:13.887+0000] {logging_mixin.py:188} INFO - [2025-10-17T16:16:13.886+0000] {dagbag.py:545} INFO - Filling up the DagBag from /home/airflow/.local/lib/python3.12/site-packages/airflow/example_dags/example_sla_dag.py
[2025-10-17T16:16:13.906+0000] {processor.py:840} INFO - DAG(s) 'example_sla_dag' retrieved from /home/airflow/.local/lib/python3.12/site-packages/airflow/example_dags/example_sla_dag.py
[2025-10-17T16:16:13.955+0000] {logging_mixin.py:188} INFO - [2025-10-17T16:16:13.955+0000] {dag.py:3096} INFO - Sync 1 DAGs
[2025-10-17T16:16:14.004+0000] {logging_mixin.py:188} INFO - [2025-10-17T16:16:14.003+0000] {dag.py:3954} INFO - Setting next_dagrun for example_sla_dag to 2025-10-17 16:14:00+00:00, run_after=2025-10-17 16:16:00+00:00
[2025-10-17T16:16:14.041+0000] {processor.py:183} INFO - Processing /home/airflow/.local/lib/python3.12/site-packages/airflow/example_dags/example_sla_dag.py took 0.172 seconds
[2025-10-17T16:16:44.267+0000] {processor.py:161} INFO - Started process (PID=336) to work on /home/airflow/.local/lib/python3.12/site-packages/airflow/example_dags/example_sla_dag.py
[2025-10-17T16:16:44.272+0000] {processor.py:830} INFO - Processing file /home/airflow/.local/lib/python3.12/site-packages/airflow/example_dags/example_sla_dag.py for tasks to queue
[2025-10-17T16:16:44.281+0000] {logging_mixin.py:188} INFO - [2025-10-17T16:16:44.279+0000] {dagbag.py:545} INFO - Filling up the DagBag from /home/airflow/.local/lib/python3.12/site-packages/airflow/example_dags/example_sla_dag.py
[2025-10-17T16:16:44.304+0000] {processor.py:840} INFO - DAG(s) 'example_sla_dag' retrieved from /home/airflow/.local/lib/python3.12/site-packages/airflow/example_dags/example_sla_dag.py
[2025-10-17T16:16:44.345+0000] {logging_mixin.py:188} INFO - [2025-10-17T16:16:44.344+0000] {dag.py:3096} INFO - Sync 1 DAGs
[2025-10-17T16:16:44.390+0000] {logging_mixin.py:188} INFO - [2025-10-17T16:16:44.389+0000] {dag.py:3954} INFO - Setting next_dagrun for example_sla_dag to 2025-10-17 16:14:00+00:00, run_after=2025-10-17 16:16:00+00:00
[2025-10-17T16:16:44.454+0000] {processor.py:183} INFO - Processing /home/airflow/.local/lib/python3.12/site-packages/airflow/example_dags/example_sla_dag.py took 0.215 seconds
[2025-10-17T16:17:14.970+0000] {processor.py:161} INFO - Started process (PID=389) to work on /home/airflow/.local/lib/python3.12/site-packages/airflow/example_dags/example_sla_dag.py
[2025-10-17T16:17:14.972+0000] {processor.py:830} INFO - Processing file /home/airflow/.local/lib/python3.12/site-packages/airflow/example_dags/example_sla_dag.py for tasks to queue
[2025-10-17T16:17:14.975+0000] {logging_mixin.py:188} INFO - [2025-10-17T16:17:14.975+0000] {dagbag.py:545} INFO - Filling up the DagBag from /home/airflow/.local/lib/python3.12/site-packages/airflow/example_dags/example_sla_dag.py
[2025-10-17T16:17:14.993+0000] {processor.py:840} INFO - DAG(s) 'example_sla_dag' retrieved from /home/airflow/.local/lib/python3.12/site-packages/airflow/example_dags/example_sla_dag.py
[2025-10-17T16:17:15.032+0000] {logging_mixin.py:188} INFO - [2025-10-17T16:17:15.031+0000] {dag.py:3096} INFO - Sync 1 DAGs
[2025-10-17T16:17:15.070+0000] {logging_mixin.py:188} INFO - [2025-10-17T16:17:15.069+0000] {dag.py:3954} INFO - Setting next_dagrun for example_sla_dag to 2025-10-17 16:14:00+00:00, run_after=2025-10-17 16:16:00+00:00
[2025-10-17T16:17:15.104+0000] {processor.py:183} INFO - Processing /home/airflow/.local/lib/python3.12/site-packages/airflow/example_dags/example_sla_dag.py took 0.145 seconds
[2025-10-17T16:17:45.889+0000] {processor.py:161} INFO - Started process (PID=442) to work on /home/airflow/.local/lib/python3.12/site-packages/airflow/example_dags/example_sla_dag.py
[2025-10-17T16:17:45.891+0000] {processor.py:830} INFO - Processing file /home/airflow/.local/lib/python3.12/site-packages/airflow/example_dags/example_sla_dag.py for tasks to queue
[2025-10-17T16:17:45.895+0000] {logging_mixin.py:188} INFO - [2025-10-17T16:17:45.894+0000] {dagbag.py:545} INFO - Filling up the DagBag from /home/airflow/.local/lib/python3.12/site-packages/airflow/example_dags/example_sla_dag.py
[2025-10-17T16:17:45.911+0000] {processor.py:840} INFO - DAG(s) 'example_sla_dag' retrieved from /home/airflow/.local/lib/python3.12/site-packages/airflow/example_dags/example_sla_dag.py
[2025-10-17T16:17:45.950+0000] {logging_mixin.py:188} INFO - [2025-10-17T16:17:45.950+0000] {dag.py:3096} INFO - Sync 1 DAGs
[2025-10-17T16:17:45.997+0000] {logging_mixin.py:188} INFO - [2025-10-17T16:17:45.997+0000] {dag.py:3954} INFO - Setting next_dagrun for example_sla_dag to 2025-10-17 16:14:00+00:00, run_after=2025-10-17 16:16:00+00:00
[2025-10-17T16:17:46.030+0000] {processor.py:183} INFO - Processing /home/airflow/.local/lib/python3.12/site-packages/airflow/example_dags/example_sla_dag.py took 0.153 seconds
[2025-10-17T16:18:16.356+0000] {processor.py:161} INFO - Started process (PID=495) to work on /home/airflow/.local/lib/python3.12/site-packages/airflow/example_dags/example_sla_dag.py
[2025-10-17T16:18:16.358+0000] {processor.py:830} INFO - Processing file /home/airflow/.local/lib/python3.12/site-packages/airflow/example_dags/example_sla_dag.py for tasks to queue
[2025-10-17T16:18:16.362+0000] {logging_mixin.py:188} INFO - [2025-10-17T16:18:16.361+0000] {dagbag.py:545} INFO - Filling up the DagBag from /home/airflow/.local/lib/python3.12/site-packages/airflow/example_dags/example_sla_dag.py
[2025-10-17T16:18:16.381+0000] {processor.py:840} INFO - DAG(s) 'example_sla_dag' retrieved from /home/airflow/.local/lib/python3.12/site-packages/airflow/example_dags/example_sla_dag.py
[2025-10-17T16:18:16.425+0000] {logging_mixin.py:188} INFO - [2025-10-17T16:18:16.423+0000] {dag.py:3096} INFO - Sync 1 DAGs
[2025-10-17T16:18:16.485+0000] {logging_mixin.py:188} INFO - [2025-10-17T16:18:16.485+0000] {dag.py:3954} INFO - Setting next_dagrun for example_sla_dag to 2025-10-17 16:16:00+00:00, run_after=2025-10-17 16:18:00+00:00
[2025-10-17T16:18:16.527+0000] {processor.py:183} INFO - Processing /home/airflow/.local/lib/python3.12/site-packages/airflow/example_dags/example_sla_dag.py took 0.182 seconds
[2025-10-17T16:18:48.373+0000] {processor.py:161} INFO - Started process (PID=548) to work on /home/airflow/.local/lib/python3.12/site-packages/airflow/example_dags/example_sla_dag.py
[2025-10-17T16:18:48.375+0000] {processor.py:830} INFO - Processing file /home/airflow/.local/lib/python3.12/site-packages/airflow/example_dags/example_sla_dag.py for tasks to queue
[2025-10-17T16:18:48.380+0000] {logging_mixin.py:188} INFO - [2025-10-17T16:18:48.380+0000] {dagbag.py:545} INFO - Filling up the DagBag from /home/airflow/.local/lib/python3.12/site-packages/airflow/example_dags/example_sla_dag.py
[2025-10-17T16:18:48.406+0000] {processor.py:840} INFO - DAG(s) 'example_sla_dag' retrieved from /home/airflow/.local/lib/python3.12/site-packages/airflow/example_dags/example_sla_dag.py
[2025-10-17T16:18:48.457+0000] {logging_mixin.py:188} INFO - [2025-10-17T16:18:48.457+0000] {dag.py:3096} INFO - Sync 1 DAGs
[2025-10-17T16:18:48.514+0000] {logging_mixin.py:188} INFO - [2025-10-17T16:18:48.513+0000] {dag.py:3954} INFO - Setting next_dagrun for example_sla_dag to 2025-10-17 16:16:00+00:00, run_after=2025-10-17 16:18:00+00:00
[2025-10-17T16:18:48.556+0000] {processor.py:183} INFO - Processing /home/airflow/.local/lib/python3.12/site-packages/airflow/example_dags/example_sla_dag.py took 0.198 seconds
[2025-10-17T16:19:19.439+0000] {processor.py:161} INFO - Started process (PID=601) to work on /home/airflow/.local/lib/python3.12/site-packages/airflow/example_dags/example_sla_dag.py
[2025-10-17T16:19:19.441+0000] {processor.py:830} INFO - Processing file /home/airflow/.local/lib/python3.12/site-packages/airflow/example_dags/example_sla_dag.py for tasks to queue
[2025-10-17T16:19:19.445+0000] {logging_mixin.py:188} INFO - [2025-10-17T16:19:19.444+0000] {dagbag.py:545} INFO - Filling up the DagBag from /home/airflow/.local/lib/python3.12/site-packages/airflow/example_dags/example_sla_dag.py
[2025-10-17T16:19:19.463+0000] {processor.py:840} INFO - DAG(s) 'example_sla_dag' retrieved from /home/airflow/.local/lib/python3.12/site-packages/airflow/example_dags/example_sla_dag.py
[2025-10-17T16:19:19.544+0000] {logging_mixin.py:188} INFO - [2025-10-17T16:19:19.543+0000] {dag.py:3096} INFO - Sync 1 DAGs
[2025-10-17T16:19:19.619+0000] {logging_mixin.py:188} INFO - [2025-10-17T16:19:19.618+0000] {dag.py:3954} INFO - Setting next_dagrun for example_sla_dag to 2025-10-17 16:16:00+00:00, run_after=2025-10-17 16:18:00+00:00
[2025-10-17T16:19:19.651+0000] {processor.py:183} INFO - Processing /home/airflow/.local/lib/python3.12/site-packages/airflow/example_dags/example_sla_dag.py took 0.223 seconds
[2025-10-17T16:19:50.267+0000] {processor.py:161} INFO - Started process (PID=654) to work on /home/airflow/.local/lib/python3.12/site-packages/airflow/example_dags/example_sla_dag.py
[2025-10-17T16:19:50.269+0000] {processor.py:830} INFO - Processing file /home/airflow/.local/lib/python3.12/site-packages/airflow/example_dags/example_sla_dag.py for tasks to queue
[2025-10-17T16:19:50.274+0000] {logging_mixin.py:188} INFO - [2025-10-17T16:19:50.272+0000] {dagbag.py:545} INFO - Filling up the DagBag from /home/airflow/.local/lib/python3.12/site-packages/airflow/example_dags/example_sla_dag.py
[2025-10-17T16:19:50.292+0000] {processor.py:840} INFO - DAG(s) 'example_sla_dag' retrieved from /home/airflow/.local/lib/python3.12/site-packages/airflow/example_dags/example_sla_dag.py
[2025-10-17T16:19:50.325+0000] {logging_mixin.py:188} INFO - [2025-10-17T16:19:50.325+0000] {dag.py:3096} INFO - Sync 1 DAGs
[2025-10-17T16:19:50.364+0000] {logging_mixin.py:188} INFO - [2025-10-17T16:19:50.364+0000] {dag.py:3954} INFO - Setting next_dagrun for example_sla_dag to 2025-10-17 16:16:00+00:00, run_after=2025-10-17 16:18:00+00:00
[2025-10-17T16:19:50.397+0000] {processor.py:183} INFO - Processing /home/airflow/.local/lib/python3.12/site-packages/airflow/example_dags/example_sla_dag.py took 0.141 seconds
[2025-10-17T16:20:21.214+0000] {processor.py:161} INFO - Started process (PID=707) to work on /home/airflow/.local/lib/python3.12/site-packages/airflow/example_dags/example_sla_dag.py
[2025-10-17T16:20:21.216+0000] {processor.py:830} INFO - Processing file /home/airflow/.local/lib/python3.12/site-packages/airflow/example_dags/example_sla_dag.py for tasks to queue
[2025-10-17T16:20:21.220+0000] {logging_mixin.py:188} INFO - [2025-10-17T16:20:21.220+0000] {dagbag.py:545} INFO - Filling up the DagBag from /home/airflow/.local/lib/python3.12/site-packages/airflow/example_dags/example_sla_dag.py
[2025-10-17T16:20:21.238+0000] {processor.py:840} INFO - DAG(s) 'example_sla_dag' retrieved from /home/airflow/.local/lib/python3.12/site-packages/airflow/example_dags/example_sla_dag.py
[2025-10-17T16:20:21.277+0000] {logging_mixin.py:188} INFO - [2025-10-17T16:20:21.277+0000] {dag.py:3096} INFO - Sync 1 DAGs
[2025-10-17T16:20:21.321+0000] {logging_mixin.py:188} INFO - [2025-10-17T16:20:21.320+0000] {dag.py:3954} INFO - Setting next_dagrun for example_sla_dag to 2025-10-17 16:18:00+00:00, run_after=2025-10-17 16:20:00+00:00
[2025-10-17T16:20:21.358+0000] {processor.py:183} INFO - Processing /home/airflow/.local/lib/python3.12/site-packages/airflow/example_dags/example_sla_dag.py took 0.157 seconds
