[2025-10-17T13:03:56.748+0000] {processor.py:161} INFO - Started process (PID=43) to work on /home/airflow/.local/lib/python3.12/site-packages/airflow/example_dags/example_external_task_marker_dag.py
[2025-10-17T13:03:56.750+0000] {processor.py:830} INFO - Processing file /home/airflow/.local/lib/python3.12/site-packages/airflow/example_dags/example_external_task_marker_dag.py for tasks to queue
[2025-10-17T13:03:56.754+0000] {logging_mixin.py:188} INFO - [2025-10-17T13:03:56.753+0000] {dagbag.py:545} INFO - Filling up the DagBag from /home/airflow/.local/lib/python3.12/site-packages/airflow/example_dags/example_external_task_marker_dag.py
[2025-10-17T13:03:56.808+0000] {processor.py:840} INFO - DAG(s) 'example_external_task_marker_parent', 'example_external_task_marker_child' retrieved from /home/airflow/.local/lib/python3.12/site-packages/airflow/example_dags/example_external_task_marker_dag.py
[2025-10-17T13:03:57.210+0000] {logging_mixin.py:188} INFO - [2025-10-17T13:03:57.210+0000] {dag.py:3096} INFO - Sync 2 DAGs
[2025-10-17T13:03:57.247+0000] {logging_mixin.py:188} INFO - [2025-10-17T13:03:57.247+0000] {dag.py:3954} INFO - Setting next_dagrun for example_external_task_marker_child to None, run_after=None
[2025-10-17T13:03:57.255+0000] {logging_mixin.py:188} INFO - [2025-10-17T13:03:57.255+0000] {dag.py:3954} INFO - Setting next_dagrun for example_external_task_marker_parent to None, run_after=None
[2025-10-17T13:03:57.319+0000] {processor.py:183} INFO - Processing /home/airflow/.local/lib/python3.12/site-packages/airflow/example_dags/example_external_task_marker_dag.py took 0.583 seconds
[2025-10-17T13:04:27.805+0000] {processor.py:161} INFO - Started process (PID=95) to work on /home/airflow/.local/lib/python3.12/site-packages/airflow/example_dags/example_external_task_marker_dag.py
[2025-10-17T13:04:27.808+0000] {processor.py:830} INFO - Processing file /home/airflow/.local/lib/python3.12/site-packages/airflow/example_dags/example_external_task_marker_dag.py for tasks to queue
[2025-10-17T13:04:27.813+0000] {logging_mixin.py:188} INFO - [2025-10-17T13:04:27.812+0000] {dagbag.py:545} INFO - Filling up the DagBag from /home/airflow/.local/lib/python3.12/site-packages/airflow/example_dags/example_external_task_marker_dag.py
[2025-10-17T13:04:27.825+0000] {processor.py:840} INFO - DAG(s) 'example_external_task_marker_parent', 'example_external_task_marker_child' retrieved from /home/airflow/.local/lib/python3.12/site-packages/airflow/example_dags/example_external_task_marker_dag.py
[2025-10-17T13:04:27.902+0000] {logging_mixin.py:188} INFO - [2025-10-17T13:04:27.901+0000] {dag.py:3096} INFO - Sync 2 DAGs
[2025-10-17T13:04:27.932+0000] {logging_mixin.py:188} INFO - [2025-10-17T13:04:27.931+0000] {dag.py:3954} INFO - Setting next_dagrun for example_external_task_marker_child to None, run_after=None
[2025-10-17T13:04:27.938+0000] {logging_mixin.py:188} INFO - [2025-10-17T13:04:27.938+0000] {dag.py:3954} INFO - Setting next_dagrun for example_external_task_marker_parent to None, run_after=None
[2025-10-17T13:04:28.028+0000] {processor.py:183} INFO - Processing /home/airflow/.local/lib/python3.12/site-packages/airflow/example_dags/example_external_task_marker_dag.py took 0.238 seconds
[2025-10-17T13:44:49.289+0000] {processor.py:161} INFO - Started process (PID=44) to work on /home/airflow/.local/lib/python3.12/site-packages/airflow/example_dags/example_external_task_marker_dag.py
[2025-10-17T13:44:49.294+0000] {processor.py:830} INFO - Processing file /home/airflow/.local/lib/python3.12/site-packages/airflow/example_dags/example_external_task_marker_dag.py for tasks to queue
[2025-10-17T13:44:49.299+0000] {logging_mixin.py:188} INFO - [2025-10-17T13:44:49.297+0000] {dagbag.py:545} INFO - Filling up the DagBag from /home/airflow/.local/lib/python3.12/site-packages/airflow/example_dags/example_external_task_marker_dag.py
[2025-10-17T13:44:49.336+0000] {processor.py:840} INFO - DAG(s) 'example_external_task_marker_child', 'example_external_task_marker_parent' retrieved from /home/airflow/.local/lib/python3.12/site-packages/airflow/example_dags/example_external_task_marker_dag.py
[2025-10-17T13:44:49.452+0000] {logging_mixin.py:188} INFO - [2025-10-17T13:44:49.451+0000] {dag.py:3096} INFO - Sync 2 DAGs
[2025-10-17T13:44:49.595+0000] {logging_mixin.py:188} INFO - [2025-10-17T13:44:49.593+0000] {dag.py:3954} INFO - Setting next_dagrun for example_external_task_marker_child to None, run_after=None
[2025-10-17T13:44:49.611+0000] {logging_mixin.py:188} INFO - [2025-10-17T13:44:49.608+0000] {dag.py:3954} INFO - Setting next_dagrun for example_external_task_marker_parent to None, run_after=None
[2025-10-17T13:44:49.694+0000] {processor.py:183} INFO - Processing /home/airflow/.local/lib/python3.12/site-packages/airflow/example_dags/example_external_task_marker_dag.py took 0.438 seconds
[2025-10-17T13:45:20.746+0000] {processor.py:161} INFO - Started process (PID=97) to work on /home/airflow/.local/lib/python3.12/site-packages/airflow/example_dags/example_external_task_marker_dag.py
[2025-10-17T13:45:20.752+0000] {processor.py:830} INFO - Processing file /home/airflow/.local/lib/python3.12/site-packages/airflow/example_dags/example_external_task_marker_dag.py for tasks to queue
[2025-10-17T13:45:20.761+0000] {logging_mixin.py:188} INFO - [2025-10-17T13:45:20.760+0000] {dagbag.py:545} INFO - Filling up the DagBag from /home/airflow/.local/lib/python3.12/site-packages/airflow/example_dags/example_external_task_marker_dag.py
[2025-10-17T13:45:20.775+0000] {processor.py:840} INFO - DAG(s) 'example_external_task_marker_parent', 'example_external_task_marker_child' retrieved from /home/airflow/.local/lib/python3.12/site-packages/airflow/example_dags/example_external_task_marker_dag.py
[2025-10-17T13:45:20.834+0000] {logging_mixin.py:188} INFO - [2025-10-17T13:45:20.833+0000] {dag.py:3096} INFO - Sync 2 DAGs
[2025-10-17T13:45:20.868+0000] {logging_mixin.py:188} INFO - [2025-10-17T13:45:20.867+0000] {dag.py:3954} INFO - Setting next_dagrun for example_external_task_marker_child to None, run_after=None
[2025-10-17T13:45:20.880+0000] {logging_mixin.py:188} INFO - [2025-10-17T13:45:20.880+0000] {dag.py:3954} INFO - Setting next_dagrun for example_external_task_marker_parent to None, run_after=None
[2025-10-17T13:45:20.925+0000] {processor.py:183} INFO - Processing /home/airflow/.local/lib/python3.12/site-packages/airflow/example_dags/example_external_task_marker_dag.py took 0.199 seconds
[2025-10-17T16:14:03.832+0000] {processor.py:161} INFO - Started process (PID=43) to work on /home/airflow/.local/lib/python3.12/site-packages/airflow/example_dags/example_external_task_marker_dag.py
[2025-10-17T16:14:03.835+0000] {processor.py:830} INFO - Processing file /home/airflow/.local/lib/python3.12/site-packages/airflow/example_dags/example_external_task_marker_dag.py for tasks to queue
[2025-10-17T16:14:03.842+0000] {logging_mixin.py:188} INFO - [2025-10-17T16:14:03.841+0000] {dagbag.py:545} INFO - Filling up the DagBag from /home/airflow/.local/lib/python3.12/site-packages/airflow/example_dags/example_external_task_marker_dag.py
[2025-10-17T16:14:03.862+0000] {processor.py:840} INFO - DAG(s) 'example_external_task_marker_child', 'example_external_task_marker_parent' retrieved from /home/airflow/.local/lib/python3.12/site-packages/airflow/example_dags/example_external_task_marker_dag.py
[2025-10-17T16:14:03.913+0000] {logging_mixin.py:188} INFO - [2025-10-17T16:14:03.913+0000] {dag.py:3096} INFO - Sync 2 DAGs
[2025-10-17T16:14:03.946+0000] {logging_mixin.py:188} INFO - [2025-10-17T16:14:03.945+0000] {dag.py:3954} INFO - Setting next_dagrun for example_external_task_marker_child to None, run_after=None
[2025-10-17T16:14:03.956+0000] {logging_mixin.py:188} INFO - [2025-10-17T16:14:03.956+0000] {dag.py:3954} INFO - Setting next_dagrun for example_external_task_marker_parent to None, run_after=None
[2025-10-17T16:14:03.993+0000] {processor.py:183} INFO - Processing /home/airflow/.local/lib/python3.12/site-packages/airflow/example_dags/example_external_task_marker_dag.py took 0.175 seconds
[2025-10-17T16:14:34.661+0000] {processor.py:161} INFO - Started process (PID=96) to work on /home/airflow/.local/lib/python3.12/site-packages/airflow/example_dags/example_external_task_marker_dag.py
[2025-10-17T16:14:34.664+0000] {processor.py:830} INFO - Processing file /home/airflow/.local/lib/python3.12/site-packages/airflow/example_dags/example_external_task_marker_dag.py for tasks to queue
[2025-10-17T16:14:34.668+0000] {logging_mixin.py:188} INFO - [2025-10-17T16:14:34.667+0000] {dagbag.py:545} INFO - Filling up the DagBag from /home/airflow/.local/lib/python3.12/site-packages/airflow/example_dags/example_external_task_marker_dag.py
[2025-10-17T16:14:34.678+0000] {processor.py:840} INFO - DAG(s) 'example_external_task_marker_child', 'example_external_task_marker_parent' retrieved from /home/airflow/.local/lib/python3.12/site-packages/airflow/example_dags/example_external_task_marker_dag.py
[2025-10-17T16:14:34.751+0000] {logging_mixin.py:188} INFO - [2025-10-17T16:14:34.751+0000] {dag.py:3096} INFO - Sync 2 DAGs
[2025-10-17T16:14:34.791+0000] {logging_mixin.py:188} INFO - [2025-10-17T16:14:34.790+0000] {dag.py:3954} INFO - Setting next_dagrun for example_external_task_marker_child to None, run_after=None
[2025-10-17T16:14:34.801+0000] {logging_mixin.py:188} INFO - [2025-10-17T16:14:34.800+0000] {dag.py:3954} INFO - Setting next_dagrun for example_external_task_marker_parent to None, run_after=None
[2025-10-17T16:14:34.887+0000] {processor.py:183} INFO - Processing /home/airflow/.local/lib/python3.12/site-packages/airflow/example_dags/example_external_task_marker_dag.py took 0.238 seconds
[2025-10-17T16:15:05.499+0000] {processor.py:161} INFO - Started process (PID=149) to work on /home/airflow/.local/lib/python3.12/site-packages/airflow/example_dags/example_external_task_marker_dag.py
[2025-10-17T16:15:05.501+0000] {processor.py:830} INFO - Processing file /home/airflow/.local/lib/python3.12/site-packages/airflow/example_dags/example_external_task_marker_dag.py for tasks to queue
[2025-10-17T16:15:05.504+0000] {logging_mixin.py:188} INFO - [2025-10-17T16:15:05.503+0000] {dagbag.py:545} INFO - Filling up the DagBag from /home/airflow/.local/lib/python3.12/site-packages/airflow/example_dags/example_external_task_marker_dag.py
[2025-10-17T16:15:05.517+0000] {processor.py:840} INFO - DAG(s) 'example_external_task_marker_child', 'example_external_task_marker_parent' retrieved from /home/airflow/.local/lib/python3.12/site-packages/airflow/example_dags/example_external_task_marker_dag.py
[2025-10-17T16:15:05.566+0000] {logging_mixin.py:188} INFO - [2025-10-17T16:15:05.565+0000] {dag.py:3096} INFO - Sync 2 DAGs
[2025-10-17T16:15:05.603+0000] {logging_mixin.py:188} INFO - [2025-10-17T16:15:05.603+0000] {dag.py:3954} INFO - Setting next_dagrun for example_external_task_marker_child to None, run_after=None
[2025-10-17T16:15:05.611+0000] {logging_mixin.py:188} INFO - [2025-10-17T16:15:05.611+0000] {dag.py:3954} INFO - Setting next_dagrun for example_external_task_marker_parent to None, run_after=None
[2025-10-17T16:15:05.641+0000] {processor.py:183} INFO - Processing /home/airflow/.local/lib/python3.12/site-packages/airflow/example_dags/example_external_task_marker_dag.py took 0.152 seconds
[2025-10-17T16:15:36.469+0000] {processor.py:161} INFO - Started process (PID=202) to work on /home/airflow/.local/lib/python3.12/site-packages/airflow/example_dags/example_external_task_marker_dag.py
[2025-10-17T16:15:36.471+0000] {processor.py:830} INFO - Processing file /home/airflow/.local/lib/python3.12/site-packages/airflow/example_dags/example_external_task_marker_dag.py for tasks to queue
[2025-10-17T16:15:36.475+0000] {logging_mixin.py:188} INFO - [2025-10-17T16:15:36.474+0000] {dagbag.py:545} INFO - Filling up the DagBag from /home/airflow/.local/lib/python3.12/site-packages/airflow/example_dags/example_external_task_marker_dag.py
[2025-10-17T16:15:36.487+0000] {processor.py:840} INFO - DAG(s) 'example_external_task_marker_parent', 'example_external_task_marker_child' retrieved from /home/airflow/.local/lib/python3.12/site-packages/airflow/example_dags/example_external_task_marker_dag.py
[2025-10-17T16:15:36.540+0000] {logging_mixin.py:188} INFO - [2025-10-17T16:15:36.540+0000] {dag.py:3096} INFO - Sync 2 DAGs
[2025-10-17T16:15:36.565+0000] {logging_mixin.py:188} INFO - [2025-10-17T16:15:36.564+0000] {dag.py:3954} INFO - Setting next_dagrun for example_external_task_marker_child to None, run_after=None
[2025-10-17T16:15:36.573+0000] {logging_mixin.py:188} INFO - [2025-10-17T16:15:36.572+0000] {dag.py:3954} INFO - Setting next_dagrun for example_external_task_marker_parent to None, run_after=None
[2025-10-17T16:15:36.604+0000] {processor.py:183} INFO - Processing /home/airflow/.local/lib/python3.12/site-packages/airflow/example_dags/example_external_task_marker_dag.py took 0.145 seconds
[2025-10-17T16:16:07.450+0000] {processor.py:161} INFO - Started process (PID=255) to work on /home/airflow/.local/lib/python3.12/site-packages/airflow/example_dags/example_external_task_marker_dag.py
[2025-10-17T16:16:07.453+0000] {processor.py:830} INFO - Processing file /home/airflow/.local/lib/python3.12/site-packages/airflow/example_dags/example_external_task_marker_dag.py for tasks to queue
[2025-10-17T16:16:07.466+0000] {logging_mixin.py:188} INFO - [2025-10-17T16:16:07.466+0000] {dagbag.py:545} INFO - Filling up the DagBag from /home/airflow/.local/lib/python3.12/site-packages/airflow/example_dags/example_external_task_marker_dag.py
[2025-10-17T16:16:07.504+0000] {processor.py:840} INFO - DAG(s) 'example_external_task_marker_child', 'example_external_task_marker_parent' retrieved from /home/airflow/.local/lib/python3.12/site-packages/airflow/example_dags/example_external_task_marker_dag.py
[2025-10-17T16:16:07.625+0000] {logging_mixin.py:188} INFO - [2025-10-17T16:16:07.625+0000] {dag.py:3096} INFO - Sync 2 DAGs
[2025-10-17T16:16:07.700+0000] {logging_mixin.py:188} INFO - [2025-10-17T16:16:07.700+0000] {dag.py:3954} INFO - Setting next_dagrun for example_external_task_marker_child to None, run_after=None
[2025-10-17T16:16:07.732+0000] {logging_mixin.py:188} INFO - [2025-10-17T16:16:07.731+0000] {dag.py:3954} INFO - Setting next_dagrun for example_external_task_marker_parent to None, run_after=None
[2025-10-17T16:16:07.821+0000] {processor.py:183} INFO - Processing /home/airflow/.local/lib/python3.12/site-packages/airflow/example_dags/example_external_task_marker_dag.py took 0.408 seconds
[2025-10-17T16:16:38.564+0000] {processor.py:161} INFO - Started process (PID=308) to work on /home/airflow/.local/lib/python3.12/site-packages/airflow/example_dags/example_external_task_marker_dag.py
[2025-10-17T16:16:38.566+0000] {processor.py:830} INFO - Processing file /home/airflow/.local/lib/python3.12/site-packages/airflow/example_dags/example_external_task_marker_dag.py for tasks to queue
[2025-10-17T16:16:38.572+0000] {logging_mixin.py:188} INFO - [2025-10-17T16:16:38.572+0000] {dagbag.py:545} INFO - Filling up the DagBag from /home/airflow/.local/lib/python3.12/site-packages/airflow/example_dags/example_external_task_marker_dag.py
[2025-10-17T16:16:38.584+0000] {processor.py:840} INFO - DAG(s) 'example_external_task_marker_parent', 'example_external_task_marker_child' retrieved from /home/airflow/.local/lib/python3.12/site-packages/airflow/example_dags/example_external_task_marker_dag.py
[2025-10-17T16:16:38.635+0000] {logging_mixin.py:188} INFO - [2025-10-17T16:16:38.634+0000] {dag.py:3096} INFO - Sync 2 DAGs
[2025-10-17T16:16:38.660+0000] {logging_mixin.py:188} INFO - [2025-10-17T16:16:38.659+0000] {dag.py:3954} INFO - Setting next_dagrun for example_external_task_marker_child to None, run_after=None
[2025-10-17T16:16:38.670+0000] {logging_mixin.py:188} INFO - [2025-10-17T16:16:38.669+0000] {dag.py:3954} INFO - Setting next_dagrun for example_external_task_marker_parent to None, run_after=None
[2025-10-17T16:16:38.743+0000] {processor.py:183} INFO - Processing /home/airflow/.local/lib/python3.12/site-packages/airflow/example_dags/example_external_task_marker_dag.py took 0.197 seconds
[2025-10-17T16:17:09.023+0000] {processor.py:161} INFO - Started process (PID=361) to work on /home/airflow/.local/lib/python3.12/site-packages/airflow/example_dags/example_external_task_marker_dag.py
[2025-10-17T16:17:09.025+0000] {processor.py:830} INFO - Processing file /home/airflow/.local/lib/python3.12/site-packages/airflow/example_dags/example_external_task_marker_dag.py for tasks to queue
[2025-10-17T16:17:09.030+0000] {logging_mixin.py:188} INFO - [2025-10-17T16:17:09.029+0000] {dagbag.py:545} INFO - Filling up the DagBag from /home/airflow/.local/lib/python3.12/site-packages/airflow/example_dags/example_external_task_marker_dag.py
[2025-10-17T16:17:09.045+0000] {processor.py:840} INFO - DAG(s) 'example_external_task_marker_child', 'example_external_task_marker_parent' retrieved from /home/airflow/.local/lib/python3.12/site-packages/airflow/example_dags/example_external_task_marker_dag.py
[2025-10-17T16:17:09.098+0000] {logging_mixin.py:188} INFO - [2025-10-17T16:17:09.098+0000] {dag.py:3096} INFO - Sync 2 DAGs
[2025-10-17T16:17:09.120+0000] {logging_mixin.py:188} INFO - [2025-10-17T16:17:09.120+0000] {dag.py:3954} INFO - Setting next_dagrun for example_external_task_marker_child to None, run_after=None
[2025-10-17T16:17:09.131+0000] {logging_mixin.py:188} INFO - [2025-10-17T16:17:09.131+0000] {dag.py:3954} INFO - Setting next_dagrun for example_external_task_marker_parent to None, run_after=None
[2025-10-17T16:17:09.206+0000] {processor.py:183} INFO - Processing /home/airflow/.local/lib/python3.12/site-packages/airflow/example_dags/example_external_task_marker_dag.py took 0.201 seconds
[2025-10-17T16:17:40.440+0000] {processor.py:161} INFO - Started process (PID=414) to work on /home/airflow/.local/lib/python3.12/site-packages/airflow/example_dags/example_external_task_marker_dag.py
[2025-10-17T16:17:40.471+0000] {processor.py:830} INFO - Processing file /home/airflow/.local/lib/python3.12/site-packages/airflow/example_dags/example_external_task_marker_dag.py for tasks to queue
[2025-10-17T16:17:40.482+0000] {logging_mixin.py:188} INFO - [2025-10-17T16:17:40.481+0000] {dagbag.py:545} INFO - Filling up the DagBag from /home/airflow/.local/lib/python3.12/site-packages/airflow/example_dags/example_external_task_marker_dag.py
[2025-10-17T16:17:40.547+0000] {processor.py:840} INFO - DAG(s) 'example_external_task_marker_child', 'example_external_task_marker_parent' retrieved from /home/airflow/.local/lib/python3.12/site-packages/airflow/example_dags/example_external_task_marker_dag.py
[2025-10-17T16:17:40.611+0000] {logging_mixin.py:188} INFO - [2025-10-17T16:17:40.611+0000] {dag.py:3096} INFO - Sync 2 DAGs
[2025-10-17T16:17:40.770+0000] {logging_mixin.py:188} INFO - [2025-10-17T16:17:40.770+0000] {dag.py:3954} INFO - Setting next_dagrun for example_external_task_marker_child to None, run_after=None
[2025-10-17T16:17:40.831+0000] {logging_mixin.py:188} INFO - [2025-10-17T16:17:40.830+0000] {dag.py:3954} INFO - Setting next_dagrun for example_external_task_marker_parent to None, run_after=None
[2025-10-17T16:17:41.112+0000] {processor.py:183} INFO - Processing /home/airflow/.local/lib/python3.12/site-packages/airflow/example_dags/example_external_task_marker_dag.py took 0.705 seconds
[2025-10-17T16:18:11.951+0000] {processor.py:161} INFO - Started process (PID=467) to work on /home/airflow/.local/lib/python3.12/site-packages/airflow/example_dags/example_external_task_marker_dag.py
[2025-10-17T16:18:11.953+0000] {processor.py:830} INFO - Processing file /home/airflow/.local/lib/python3.12/site-packages/airflow/example_dags/example_external_task_marker_dag.py for tasks to queue
[2025-10-17T16:18:11.957+0000] {logging_mixin.py:188} INFO - [2025-10-17T16:18:11.957+0000] {dagbag.py:545} INFO - Filling up the DagBag from /home/airflow/.local/lib/python3.12/site-packages/airflow/example_dags/example_external_task_marker_dag.py
[2025-10-17T16:18:11.972+0000] {processor.py:840} INFO - DAG(s) 'example_external_task_marker_parent', 'example_external_task_marker_child' retrieved from /home/airflow/.local/lib/python3.12/site-packages/airflow/example_dags/example_external_task_marker_dag.py
[2025-10-17T16:18:12.018+0000] {logging_mixin.py:188} INFO - [2025-10-17T16:18:12.018+0000] {dag.py:3096} INFO - Sync 2 DAGs
[2025-10-17T16:18:12.047+0000] {logging_mixin.py:188} INFO - [2025-10-17T16:18:12.046+0000] {dag.py:3954} INFO - Setting next_dagrun for example_external_task_marker_child to None, run_after=None
[2025-10-17T16:18:12.053+0000] {logging_mixin.py:188} INFO - [2025-10-17T16:18:12.053+0000] {dag.py:3954} INFO - Setting next_dagrun for example_external_task_marker_parent to None, run_after=None
[2025-10-17T16:18:12.086+0000] {processor.py:183} INFO - Processing /home/airflow/.local/lib/python3.12/site-packages/airflow/example_dags/example_external_task_marker_dag.py took 0.149 seconds
[2025-10-17T16:18:42.318+0000] {processor.py:161} INFO - Started process (PID=520) to work on /home/airflow/.local/lib/python3.12/site-packages/airflow/example_dags/example_external_task_marker_dag.py
[2025-10-17T16:18:42.323+0000] {processor.py:830} INFO - Processing file /home/airflow/.local/lib/python3.12/site-packages/airflow/example_dags/example_external_task_marker_dag.py for tasks to queue
[2025-10-17T16:18:42.328+0000] {logging_mixin.py:188} INFO - [2025-10-17T16:18:42.327+0000] {dagbag.py:545} INFO - Filling up the DagBag from /home/airflow/.local/lib/python3.12/site-packages/airflow/example_dags/example_external_task_marker_dag.py
[2025-10-17T16:18:42.342+0000] {processor.py:840} INFO - DAG(s) 'example_external_task_marker_child', 'example_external_task_marker_parent' retrieved from /home/airflow/.local/lib/python3.12/site-packages/airflow/example_dags/example_external_task_marker_dag.py
[2025-10-17T16:18:42.406+0000] {logging_mixin.py:188} INFO - [2025-10-17T16:18:42.405+0000] {dag.py:3096} INFO - Sync 2 DAGs
[2025-10-17T16:18:42.460+0000] {logging_mixin.py:188} INFO - [2025-10-17T16:18:42.459+0000] {dag.py:3954} INFO - Setting next_dagrun for example_external_task_marker_child to None, run_after=None
[2025-10-17T16:18:42.481+0000] {logging_mixin.py:188} INFO - [2025-10-17T16:18:42.478+0000] {dag.py:3954} INFO - Setting next_dagrun for example_external_task_marker_parent to None, run_after=None
[2025-10-17T16:18:42.567+0000] {processor.py:183} INFO - Processing /home/airflow/.local/lib/python3.12/site-packages/airflow/example_dags/example_external_task_marker_dag.py took 0.262 seconds
[2025-10-17T16:19:12.870+0000] {processor.py:161} INFO - Started process (PID=573) to work on /home/airflow/.local/lib/python3.12/site-packages/airflow/example_dags/example_external_task_marker_dag.py
[2025-10-17T16:19:12.874+0000] {processor.py:830} INFO - Processing file /home/airflow/.local/lib/python3.12/site-packages/airflow/example_dags/example_external_task_marker_dag.py for tasks to queue
[2025-10-17T16:19:12.881+0000] {logging_mixin.py:188} INFO - [2025-10-17T16:19:12.880+0000] {dagbag.py:545} INFO - Filling up the DagBag from /home/airflow/.local/lib/python3.12/site-packages/airflow/example_dags/example_external_task_marker_dag.py
[2025-10-17T16:19:12.905+0000] {processor.py:840} INFO - DAG(s) 'example_external_task_marker_child', 'example_external_task_marker_parent' retrieved from /home/airflow/.local/lib/python3.12/site-packages/airflow/example_dags/example_external_task_marker_dag.py
[2025-10-17T16:19:12.959+0000] {logging_mixin.py:188} INFO - [2025-10-17T16:19:12.959+0000] {dag.py:3096} INFO - Sync 2 DAGs
[2025-10-17T16:19:12.996+0000] {logging_mixin.py:188} INFO - [2025-10-17T16:19:12.995+0000] {dag.py:3954} INFO - Setting next_dagrun for example_external_task_marker_child to None, run_after=None
[2025-10-17T16:19:13.003+0000] {logging_mixin.py:188} INFO - [2025-10-17T16:19:13.002+0000] {dag.py:3954} INFO - Setting next_dagrun for example_external_task_marker_parent to None, run_after=None
[2025-10-17T16:19:13.036+0000] {processor.py:183} INFO - Processing /home/airflow/.local/lib/python3.12/site-packages/airflow/example_dags/example_external_task_marker_dag.py took 0.199 seconds
[2025-10-17T16:19:43.216+0000] {processor.py:161} INFO - Started process (PID=626) to work on /home/airflow/.local/lib/python3.12/site-packages/airflow/example_dags/example_external_task_marker_dag.py
[2025-10-17T16:19:43.218+0000] {processor.py:830} INFO - Processing file /home/airflow/.local/lib/python3.12/site-packages/airflow/example_dags/example_external_task_marker_dag.py for tasks to queue
[2025-10-17T16:19:43.222+0000] {logging_mixin.py:188} INFO - [2025-10-17T16:19:43.221+0000] {dagbag.py:545} INFO - Filling up the DagBag from /home/airflow/.local/lib/python3.12/site-packages/airflow/example_dags/example_external_task_marker_dag.py
[2025-10-17T16:19:43.237+0000] {processor.py:840} INFO - DAG(s) 'example_external_task_marker_child', 'example_external_task_marker_parent' retrieved from /home/airflow/.local/lib/python3.12/site-packages/airflow/example_dags/example_external_task_marker_dag.py
[2025-10-17T16:19:43.289+0000] {logging_mixin.py:188} INFO - [2025-10-17T16:19:43.289+0000] {dag.py:3096} INFO - Sync 2 DAGs
[2025-10-17T16:19:43.314+0000] {logging_mixin.py:188} INFO - [2025-10-17T16:19:43.314+0000] {dag.py:3954} INFO - Setting next_dagrun for example_external_task_marker_child to None, run_after=None
[2025-10-17T16:19:43.322+0000] {logging_mixin.py:188} INFO - [2025-10-17T16:19:43.321+0000] {dag.py:3954} INFO - Setting next_dagrun for example_external_task_marker_parent to None, run_after=None
[2025-10-17T16:19:43.598+0000] {processor.py:183} INFO - Processing /home/airflow/.local/lib/python3.12/site-packages/airflow/example_dags/example_external_task_marker_dag.py took 0.399 seconds
[2025-10-17T16:20:14.551+0000] {processor.py:161} INFO - Started process (PID=679) to work on /home/airflow/.local/lib/python3.12/site-packages/airflow/example_dags/example_external_task_marker_dag.py
[2025-10-17T16:20:14.553+0000] {processor.py:830} INFO - Processing file /home/airflow/.local/lib/python3.12/site-packages/airflow/example_dags/example_external_task_marker_dag.py for tasks to queue
[2025-10-17T16:20:14.557+0000] {logging_mixin.py:188} INFO - [2025-10-17T16:20:14.556+0000] {dagbag.py:545} INFO - Filling up the DagBag from /home/airflow/.local/lib/python3.12/site-packages/airflow/example_dags/example_external_task_marker_dag.py
[2025-10-17T16:20:14.570+0000] {processor.py:840} INFO - DAG(s) 'example_external_task_marker_child', 'example_external_task_marker_parent' retrieved from /home/airflow/.local/lib/python3.12/site-packages/airflow/example_dags/example_external_task_marker_dag.py
[2025-10-17T16:20:14.619+0000] {logging_mixin.py:188} INFO - [2025-10-17T16:20:14.619+0000] {dag.py:3096} INFO - Sync 2 DAGs
[2025-10-17T16:20:14.640+0000] {logging_mixin.py:188} INFO - [2025-10-17T16:20:14.639+0000] {dag.py:3954} INFO - Setting next_dagrun for example_external_task_marker_child to None, run_after=None
[2025-10-17T16:20:14.646+0000] {logging_mixin.py:188} INFO - [2025-10-17T16:20:14.645+0000] {dag.py:3954} INFO - Setting next_dagrun for example_external_task_marker_parent to None, run_after=None
[2025-10-17T16:20:14.679+0000] {processor.py:183} INFO - Processing /home/airflow/.local/lib/python3.12/site-packages/airflow/example_dags/example_external_task_marker_dag.py took 0.143 seconds
