[2025-10-17T13:03:59.253+0000] {processor.py:161} INFO - Started process (PID=49) to work on /home/airflow/.local/lib/python3.12/site-packages/airflow/example_dags/example_latest_only_with_trigger.py
[2025-10-17T13:03:59.266+0000] {processor.py:830} INFO - Processing file /home/airflow/.local/lib/python3.12/site-packages/airflow/example_dags/example_latest_only_with_trigger.py for tasks to queue
[2025-10-17T13:03:59.272+0000] {logging_mixin.py:188} INFO - [2025-10-17T13:03:59.271+0000] {dagbag.py:545} INFO - Filling up the DagBag from /home/airflow/.local/lib/python3.12/site-packages/airflow/example_dags/example_latest_only_with_trigger.py
[2025-10-17T13:03:59.337+0000] {processor.py:840} INFO - DAG(s) 'latest_only_with_trigger' retrieved from /home/airflow/.local/lib/python3.12/site-packages/airflow/example_dags/example_latest_only_with_trigger.py
[2025-10-17T13:03:59.779+0000] {logging_mixin.py:188} INFO - [2025-10-17T13:03:59.776+0000] {dag.py:3096} INFO - Sync 1 DAGs
[2025-10-17T13:03:59.912+0000] {logging_mixin.py:188} INFO - [2025-10-17T13:03:59.912+0000] {dag.py:3954} INFO - Setting next_dagrun for latest_only_with_trigger to 2025-10-17 08:00:00+00:00, run_after=2025-10-17 12:00:00+00:00
[2025-10-17T13:04:00.037+0000] {processor.py:183} INFO - Processing /home/airflow/.local/lib/python3.12/site-packages/airflow/example_dags/example_latest_only_with_trigger.py took 0.807 seconds
[2025-10-17T13:04:30.654+0000] {processor.py:161} INFO - Started process (PID=101) to work on /home/airflow/.local/lib/python3.12/site-packages/airflow/example_dags/example_latest_only_with_trigger.py
[2025-10-17T13:04:30.657+0000] {processor.py:830} INFO - Processing file /home/airflow/.local/lib/python3.12/site-packages/airflow/example_dags/example_latest_only_with_trigger.py for tasks to queue
[2025-10-17T13:04:30.661+0000] {logging_mixin.py:188} INFO - [2025-10-17T13:04:30.661+0000] {dagbag.py:545} INFO - Filling up the DagBag from /home/airflow/.local/lib/python3.12/site-packages/airflow/example_dags/example_latest_only_with_trigger.py
[2025-10-17T13:04:30.677+0000] {processor.py:840} INFO - DAG(s) 'latest_only_with_trigger' retrieved from /home/airflow/.local/lib/python3.12/site-packages/airflow/example_dags/example_latest_only_with_trigger.py
[2025-10-17T13:04:30.753+0000] {logging_mixin.py:188} INFO - [2025-10-17T13:04:30.753+0000] {dag.py:3096} INFO - Sync 1 DAGs
[2025-10-17T13:04:30.850+0000] {logging_mixin.py:188} INFO - [2025-10-17T13:04:30.850+0000] {dag.py:3954} INFO - Setting next_dagrun for latest_only_with_trigger to 2025-10-17 08:00:00+00:00, run_after=2025-10-17 12:00:00+00:00
[2025-10-17T13:04:31.015+0000] {processor.py:183} INFO - Processing /home/airflow/.local/lib/python3.12/site-packages/airflow/example_dags/example_latest_only_with_trigger.py took 0.377 seconds
[2025-10-17T13:44:51.756+0000] {processor.py:161} INFO - Started process (PID=50) to work on /home/airflow/.local/lib/python3.12/site-packages/airflow/example_dags/example_latest_only_with_trigger.py
[2025-10-17T13:44:51.770+0000] {processor.py:830} INFO - Processing file /home/airflow/.local/lib/python3.12/site-packages/airflow/example_dags/example_latest_only_with_trigger.py for tasks to queue
[2025-10-17T13:44:51.774+0000] {logging_mixin.py:188} INFO - [2025-10-17T13:44:51.774+0000] {dagbag.py:545} INFO - Filling up the DagBag from /home/airflow/.local/lib/python3.12/site-packages/airflow/example_dags/example_latest_only_with_trigger.py
[2025-10-17T13:44:51.804+0000] {processor.py:840} INFO - DAG(s) 'latest_only_with_trigger' retrieved from /home/airflow/.local/lib/python3.12/site-packages/airflow/example_dags/example_latest_only_with_trigger.py
[2025-10-17T13:44:51.932+0000] {logging_mixin.py:188} INFO - [2025-10-17T13:44:51.931+0000] {dag.py:3096} INFO - Sync 1 DAGs
[2025-10-17T13:44:52.081+0000] {logging_mixin.py:188} INFO - [2025-10-17T13:44:52.080+0000] {dag.py:3954} INFO - Setting next_dagrun for latest_only_with_trigger to 2025-10-17 08:00:00+00:00, run_after=2025-10-17 12:00:00+00:00
[2025-10-17T13:44:52.216+0000] {processor.py:183} INFO - Processing /home/airflow/.local/lib/python3.12/site-packages/airflow/example_dags/example_latest_only_with_trigger.py took 0.484 seconds
[2025-10-17T16:14:05.186+0000] {processor.py:161} INFO - Started process (PID=49) to work on /home/airflow/.local/lib/python3.12/site-packages/airflow/example_dags/example_latest_only_with_trigger.py
[2025-10-17T16:14:05.188+0000] {processor.py:830} INFO - Processing file /home/airflow/.local/lib/python3.12/site-packages/airflow/example_dags/example_latest_only_with_trigger.py for tasks to queue
[2025-10-17T16:14:05.192+0000] {logging_mixin.py:188} INFO - [2025-10-17T16:14:05.192+0000] {dagbag.py:545} INFO - Filling up the DagBag from /home/airflow/.local/lib/python3.12/site-packages/airflow/example_dags/example_latest_only_with_trigger.py
[2025-10-17T16:14:05.209+0000] {processor.py:840} INFO - DAG(s) 'latest_only_with_trigger' retrieved from /home/airflow/.local/lib/python3.12/site-packages/airflow/example_dags/example_latest_only_with_trigger.py
[2025-10-17T16:14:05.256+0000] {logging_mixin.py:188} INFO - [2025-10-17T16:14:05.255+0000] {dag.py:3096} INFO - Sync 1 DAGs
[2025-10-17T16:14:05.301+0000] {logging_mixin.py:188} INFO - [2025-10-17T16:14:05.301+0000] {dag.py:3954} INFO - Setting next_dagrun for latest_only_with_trigger to 2025-10-17 12:00:00+00:00, run_after=2025-10-17 16:00:00+00:00
[2025-10-17T16:14:05.346+0000] {processor.py:183} INFO - Processing /home/airflow/.local/lib/python3.12/site-packages/airflow/example_dags/example_latest_only_with_trigger.py took 0.173 seconds
[2025-10-17T16:14:35.506+0000] {processor.py:161} INFO - Started process (PID=102) to work on /home/airflow/.local/lib/python3.12/site-packages/airflow/example_dags/example_latest_only_with_trigger.py
[2025-10-17T16:14:35.508+0000] {processor.py:830} INFO - Processing file /home/airflow/.local/lib/python3.12/site-packages/airflow/example_dags/example_latest_only_with_trigger.py for tasks to queue
[2025-10-17T16:14:35.511+0000] {logging_mixin.py:188} INFO - [2025-10-17T16:14:35.511+0000] {dagbag.py:545} INFO - Filling up the DagBag from /home/airflow/.local/lib/python3.12/site-packages/airflow/example_dags/example_latest_only_with_trigger.py
[2025-10-17T16:14:35.520+0000] {processor.py:840} INFO - DAG(s) 'latest_only_with_trigger' retrieved from /home/airflow/.local/lib/python3.12/site-packages/airflow/example_dags/example_latest_only_with_trigger.py
[2025-10-17T16:14:35.554+0000] {logging_mixin.py:188} INFO - [2025-10-17T16:14:35.553+0000] {dag.py:3096} INFO - Sync 1 DAGs
[2025-10-17T16:14:35.586+0000] {logging_mixin.py:188} INFO - [2025-10-17T16:14:35.586+0000] {dag.py:3954} INFO - Setting next_dagrun for latest_only_with_trigger to 2025-10-17 12:00:00+00:00, run_after=2025-10-17 16:00:00+00:00
[2025-10-17T16:14:35.614+0000] {processor.py:183} INFO - Processing /home/airflow/.local/lib/python3.12/site-packages/airflow/example_dags/example_latest_only_with_trigger.py took 0.120 seconds
[2025-10-17T16:15:06.129+0000] {processor.py:161} INFO - Started process (PID=155) to work on /home/airflow/.local/lib/python3.12/site-packages/airflow/example_dags/example_latest_only_with_trigger.py
[2025-10-17T16:15:06.131+0000] {processor.py:830} INFO - Processing file /home/airflow/.local/lib/python3.12/site-packages/airflow/example_dags/example_latest_only_with_trigger.py for tasks to queue
[2025-10-17T16:15:06.134+0000] {logging_mixin.py:188} INFO - [2025-10-17T16:15:06.134+0000] {dagbag.py:545} INFO - Filling up the DagBag from /home/airflow/.local/lib/python3.12/site-packages/airflow/example_dags/example_latest_only_with_trigger.py
[2025-10-17T16:15:06.148+0000] {processor.py:840} INFO - DAG(s) 'latest_only_with_trigger' retrieved from /home/airflow/.local/lib/python3.12/site-packages/airflow/example_dags/example_latest_only_with_trigger.py
[2025-10-17T16:15:06.180+0000] {logging_mixin.py:188} INFO - [2025-10-17T16:15:06.180+0000] {dag.py:3096} INFO - Sync 1 DAGs
[2025-10-17T16:15:06.210+0000] {logging_mixin.py:188} INFO - [2025-10-17T16:15:06.209+0000] {dag.py:3954} INFO - Setting next_dagrun for latest_only_with_trigger to 2025-10-17 12:00:00+00:00, run_after=2025-10-17 16:00:00+00:00
[2025-10-17T16:15:06.237+0000] {processor.py:183} INFO - Processing /home/airflow/.local/lib/python3.12/site-packages/airflow/example_dags/example_latest_only_with_trigger.py took 0.119 seconds
[2025-10-17T16:15:37.222+0000] {processor.py:161} INFO - Started process (PID=208) to work on /home/airflow/.local/lib/python3.12/site-packages/airflow/example_dags/example_latest_only_with_trigger.py
[2025-10-17T16:15:37.225+0000] {processor.py:830} INFO - Processing file /home/airflow/.local/lib/python3.12/site-packages/airflow/example_dags/example_latest_only_with_trigger.py for tasks to queue
[2025-10-17T16:15:37.228+0000] {logging_mixin.py:188} INFO - [2025-10-17T16:15:37.228+0000] {dagbag.py:545} INFO - Filling up the DagBag from /home/airflow/.local/lib/python3.12/site-packages/airflow/example_dags/example_latest_only_with_trigger.py
[2025-10-17T16:15:37.241+0000] {processor.py:840} INFO - DAG(s) 'latest_only_with_trigger' retrieved from /home/airflow/.local/lib/python3.12/site-packages/airflow/example_dags/example_latest_only_with_trigger.py
[2025-10-17T16:15:37.270+0000] {logging_mixin.py:188} INFO - [2025-10-17T16:15:37.270+0000] {dag.py:3096} INFO - Sync 1 DAGs
[2025-10-17T16:15:37.318+0000] {logging_mixin.py:188} INFO - [2025-10-17T16:15:37.318+0000] {dag.py:3954} INFO - Setting next_dagrun for latest_only_with_trigger to 2025-10-17 12:00:00+00:00, run_after=2025-10-17 16:00:00+00:00
[2025-10-17T16:15:37.359+0000] {processor.py:183} INFO - Processing /home/airflow/.local/lib/python3.12/site-packages/airflow/example_dags/example_latest_only_with_trigger.py took 0.148 seconds
[2025-10-17T16:16:09.143+0000] {processor.py:161} INFO - Started process (PID=261) to work on /home/airflow/.local/lib/python3.12/site-packages/airflow/example_dags/example_latest_only_with_trigger.py
[2025-10-17T16:16:09.147+0000] {processor.py:830} INFO - Processing file /home/airflow/.local/lib/python3.12/site-packages/airflow/example_dags/example_latest_only_with_trigger.py for tasks to queue
[2025-10-17T16:16:09.151+0000] {logging_mixin.py:188} INFO - [2025-10-17T16:16:09.150+0000] {dagbag.py:545} INFO - Filling up the DagBag from /home/airflow/.local/lib/python3.12/site-packages/airflow/example_dags/example_latest_only_with_trigger.py
[2025-10-17T16:16:09.173+0000] {processor.py:840} INFO - DAG(s) 'latest_only_with_trigger' retrieved from /home/airflow/.local/lib/python3.12/site-packages/airflow/example_dags/example_latest_only_with_trigger.py
[2025-10-17T16:16:09.224+0000] {logging_mixin.py:188} INFO - [2025-10-17T16:16:09.224+0000] {dag.py:3096} INFO - Sync 1 DAGs
[2025-10-17T16:16:09.277+0000] {logging_mixin.py:188} INFO - [2025-10-17T16:16:09.277+0000] {dag.py:3954} INFO - Setting next_dagrun for latest_only_with_trigger to 2025-10-17 12:00:00+00:00, run_after=2025-10-17 16:00:00+00:00
[2025-10-17T16:16:09.343+0000] {processor.py:183} INFO - Processing /home/airflow/.local/lib/python3.12/site-packages/airflow/example_dags/example_latest_only_with_trigger.py took 0.214 seconds
[2025-10-17T16:16:39.671+0000] {processor.py:161} INFO - Started process (PID=314) to work on /home/airflow/.local/lib/python3.12/site-packages/airflow/example_dags/example_latest_only_with_trigger.py
[2025-10-17T16:16:39.672+0000] {processor.py:830} INFO - Processing file /home/airflow/.local/lib/python3.12/site-packages/airflow/example_dags/example_latest_only_with_trigger.py for tasks to queue
[2025-10-17T16:16:39.678+0000] {logging_mixin.py:188} INFO - [2025-10-17T16:16:39.677+0000] {dagbag.py:545} INFO - Filling up the DagBag from /home/airflow/.local/lib/python3.12/site-packages/airflow/example_dags/example_latest_only_with_trigger.py
[2025-10-17T16:16:39.689+0000] {processor.py:840} INFO - DAG(s) 'latest_only_with_trigger' retrieved from /home/airflow/.local/lib/python3.12/site-packages/airflow/example_dags/example_latest_only_with_trigger.py
[2025-10-17T16:16:39.762+0000] {logging_mixin.py:188} INFO - [2025-10-17T16:16:39.762+0000] {dag.py:3096} INFO - Sync 1 DAGs
[2025-10-17T16:16:39.863+0000] {logging_mixin.py:188} INFO - [2025-10-17T16:16:39.863+0000] {dag.py:3954} INFO - Setting next_dagrun for latest_only_with_trigger to 2025-10-17 12:00:00+00:00, run_after=2025-10-17 16:00:00+00:00
[2025-10-17T16:16:39.920+0000] {processor.py:183} INFO - Processing /home/airflow/.local/lib/python3.12/site-packages/airflow/example_dags/example_latest_only_with_trigger.py took 0.258 seconds
[2025-10-17T16:17:10.116+0000] {processor.py:161} INFO - Started process (PID=367) to work on /home/airflow/.local/lib/python3.12/site-packages/airflow/example_dags/example_latest_only_with_trigger.py
[2025-10-17T16:17:10.118+0000] {processor.py:830} INFO - Processing file /home/airflow/.local/lib/python3.12/site-packages/airflow/example_dags/example_latest_only_with_trigger.py for tasks to queue
[2025-10-17T16:17:10.122+0000] {logging_mixin.py:188} INFO - [2025-10-17T16:17:10.121+0000] {dagbag.py:545} INFO - Filling up the DagBag from /home/airflow/.local/lib/python3.12/site-packages/airflow/example_dags/example_latest_only_with_trigger.py
[2025-10-17T16:17:10.136+0000] {processor.py:840} INFO - DAG(s) 'latest_only_with_trigger' retrieved from /home/airflow/.local/lib/python3.12/site-packages/airflow/example_dags/example_latest_only_with_trigger.py
[2025-10-17T16:17:10.184+0000] {logging_mixin.py:188} INFO - [2025-10-17T16:17:10.183+0000] {dag.py:3096} INFO - Sync 1 DAGs
[2025-10-17T16:17:10.230+0000] {logging_mixin.py:188} INFO - [2025-10-17T16:17:10.229+0000] {dag.py:3954} INFO - Setting next_dagrun for latest_only_with_trigger to 2025-10-17 12:00:00+00:00, run_after=2025-10-17 16:00:00+00:00
[2025-10-17T16:17:10.268+0000] {processor.py:183} INFO - Processing /home/airflow/.local/lib/python3.12/site-packages/airflow/example_dags/example_latest_only_with_trigger.py took 0.168 seconds
[2025-10-17T16:17:43.217+0000] {processor.py:161} INFO - Started process (PID=420) to work on /home/airflow/.local/lib/python3.12/site-packages/airflow/example_dags/example_latest_only_with_trigger.py
[2025-10-17T16:17:43.219+0000] {processor.py:830} INFO - Processing file /home/airflow/.local/lib/python3.12/site-packages/airflow/example_dags/example_latest_only_with_trigger.py for tasks to queue
[2025-10-17T16:17:43.223+0000] {logging_mixin.py:188} INFO - [2025-10-17T16:17:43.222+0000] {dagbag.py:545} INFO - Filling up the DagBag from /home/airflow/.local/lib/python3.12/site-packages/airflow/example_dags/example_latest_only_with_trigger.py
[2025-10-17T16:17:43.235+0000] {processor.py:840} INFO - DAG(s) 'latest_only_with_trigger' retrieved from /home/airflow/.local/lib/python3.12/site-packages/airflow/example_dags/example_latest_only_with_trigger.py
[2025-10-17T16:17:43.279+0000] {logging_mixin.py:188} INFO - [2025-10-17T16:17:43.278+0000] {dag.py:3096} INFO - Sync 1 DAGs
[2025-10-17T16:17:43.331+0000] {logging_mixin.py:188} INFO - [2025-10-17T16:17:43.331+0000] {dag.py:3954} INFO - Setting next_dagrun for latest_only_with_trigger to 2025-10-17 12:00:00+00:00, run_after=2025-10-17 16:00:00+00:00
[2025-10-17T16:17:43.369+0000] {processor.py:183} INFO - Processing /home/airflow/.local/lib/python3.12/site-packages/airflow/example_dags/example_latest_only_with_trigger.py took 0.167 seconds
[2025-10-17T16:18:13.694+0000] {processor.py:161} INFO - Started process (PID=473) to work on /home/airflow/.local/lib/python3.12/site-packages/airflow/example_dags/example_latest_only_with_trigger.py
[2025-10-17T16:18:13.698+0000] {processor.py:830} INFO - Processing file /home/airflow/.local/lib/python3.12/site-packages/airflow/example_dags/example_latest_only_with_trigger.py for tasks to queue
[2025-10-17T16:18:13.702+0000] {logging_mixin.py:188} INFO - [2025-10-17T16:18:13.701+0000] {dagbag.py:545} INFO - Filling up the DagBag from /home/airflow/.local/lib/python3.12/site-packages/airflow/example_dags/example_latest_only_with_trigger.py
[2025-10-17T16:18:13.720+0000] {processor.py:840} INFO - DAG(s) 'latest_only_with_trigger' retrieved from /home/airflow/.local/lib/python3.12/site-packages/airflow/example_dags/example_latest_only_with_trigger.py
[2025-10-17T16:18:13.766+0000] {logging_mixin.py:188} INFO - [2025-10-17T16:18:13.765+0000] {dag.py:3096} INFO - Sync 1 DAGs
[2025-10-17T16:18:13.814+0000] {logging_mixin.py:188} INFO - [2025-10-17T16:18:13.813+0000] {dag.py:3954} INFO - Setting next_dagrun for latest_only_with_trigger to 2025-10-17 12:00:00+00:00, run_after=2025-10-17 16:00:00+00:00
[2025-10-17T16:18:13.865+0000] {processor.py:183} INFO - Processing /home/airflow/.local/lib/python3.12/site-packages/airflow/example_dags/example_latest_only_with_trigger.py took 0.184 seconds
[2025-10-17T16:18:44.281+0000] {processor.py:161} INFO - Started process (PID=526) to work on /home/airflow/.local/lib/python3.12/site-packages/airflow/example_dags/example_latest_only_with_trigger.py
[2025-10-17T16:18:44.283+0000] {processor.py:830} INFO - Processing file /home/airflow/.local/lib/python3.12/site-packages/airflow/example_dags/example_latest_only_with_trigger.py for tasks to queue
[2025-10-17T16:18:44.289+0000] {logging_mixin.py:188} INFO - [2025-10-17T16:18:44.289+0000] {dagbag.py:545} INFO - Filling up the DagBag from /home/airflow/.local/lib/python3.12/site-packages/airflow/example_dags/example_latest_only_with_trigger.py
[2025-10-17T16:18:44.303+0000] {processor.py:840} INFO - DAG(s) 'latest_only_with_trigger' retrieved from /home/airflow/.local/lib/python3.12/site-packages/airflow/example_dags/example_latest_only_with_trigger.py
[2025-10-17T16:18:44.356+0000] {logging_mixin.py:188} INFO - [2025-10-17T16:18:44.356+0000] {dag.py:3096} INFO - Sync 1 DAGs
[2025-10-17T16:18:44.433+0000] {logging_mixin.py:188} INFO - [2025-10-17T16:18:44.433+0000] {dag.py:3954} INFO - Setting next_dagrun for latest_only_with_trigger to 2025-10-17 12:00:00+00:00, run_after=2025-10-17 16:00:00+00:00
[2025-10-17T16:18:44.516+0000] {processor.py:183} INFO - Processing /home/airflow/.local/lib/python3.12/site-packages/airflow/example_dags/example_latest_only_with_trigger.py took 0.252 seconds
[2025-10-17T16:19:14.778+0000] {processor.py:161} INFO - Started process (PID=579) to work on /home/airflow/.local/lib/python3.12/site-packages/airflow/example_dags/example_latest_only_with_trigger.py
[2025-10-17T16:19:14.782+0000] {processor.py:830} INFO - Processing file /home/airflow/.local/lib/python3.12/site-packages/airflow/example_dags/example_latest_only_with_trigger.py for tasks to queue
[2025-10-17T16:19:14.789+0000] {logging_mixin.py:188} INFO - [2025-10-17T16:19:14.788+0000] {dagbag.py:545} INFO - Filling up the DagBag from /home/airflow/.local/lib/python3.12/site-packages/airflow/example_dags/example_latest_only_with_trigger.py
[2025-10-17T16:19:14.804+0000] {processor.py:840} INFO - DAG(s) 'latest_only_with_trigger' retrieved from /home/airflow/.local/lib/python3.12/site-packages/airflow/example_dags/example_latest_only_with_trigger.py
[2025-10-17T16:19:14.868+0000] {logging_mixin.py:188} INFO - [2025-10-17T16:19:14.868+0000] {dag.py:3096} INFO - Sync 1 DAGs
[2025-10-17T16:19:14.927+0000] {logging_mixin.py:188} INFO - [2025-10-17T16:19:14.926+0000] {dag.py:3954} INFO - Setting next_dagrun for latest_only_with_trigger to 2025-10-17 12:00:00+00:00, run_after=2025-10-17 16:00:00+00:00
[2025-10-17T16:19:15.010+0000] {processor.py:183} INFO - Processing /home/airflow/.local/lib/python3.12/site-packages/airflow/example_dags/example_latest_only_with_trigger.py took 0.250 seconds
[2025-10-17T16:19:45.433+0000] {processor.py:161} INFO - Started process (PID=632) to work on /home/airflow/.local/lib/python3.12/site-packages/airflow/example_dags/example_latest_only_with_trigger.py
[2025-10-17T16:19:45.434+0000] {processor.py:830} INFO - Processing file /home/airflow/.local/lib/python3.12/site-packages/airflow/example_dags/example_latest_only_with_trigger.py for tasks to queue
[2025-10-17T16:19:45.442+0000] {logging_mixin.py:188} INFO - [2025-10-17T16:19:45.441+0000] {dagbag.py:545} INFO - Filling up the DagBag from /home/airflow/.local/lib/python3.12/site-packages/airflow/example_dags/example_latest_only_with_trigger.py
[2025-10-17T16:19:45.456+0000] {processor.py:840} INFO - DAG(s) 'latest_only_with_trigger' retrieved from /home/airflow/.local/lib/python3.12/site-packages/airflow/example_dags/example_latest_only_with_trigger.py
[2025-10-17T16:19:45.497+0000] {logging_mixin.py:188} INFO - [2025-10-17T16:19:45.496+0000] {dag.py:3096} INFO - Sync 1 DAGs
[2025-10-17T16:19:45.547+0000] {logging_mixin.py:188} INFO - [2025-10-17T16:19:45.546+0000] {dag.py:3954} INFO - Setting next_dagrun for latest_only_with_trigger to 2025-10-17 12:00:00+00:00, run_after=2025-10-17 16:00:00+00:00
[2025-10-17T16:19:45.582+0000] {processor.py:183} INFO - Processing /home/airflow/.local/lib/python3.12/site-packages/airflow/example_dags/example_latest_only_with_trigger.py took 0.163 seconds
[2025-10-17T16:20:16.347+0000] {processor.py:161} INFO - Started process (PID=685) to work on /home/airflow/.local/lib/python3.12/site-packages/airflow/example_dags/example_latest_only_with_trigger.py
[2025-10-17T16:20:16.349+0000] {processor.py:830} INFO - Processing file /home/airflow/.local/lib/python3.12/site-packages/airflow/example_dags/example_latest_only_with_trigger.py for tasks to queue
[2025-10-17T16:20:16.353+0000] {logging_mixin.py:188} INFO - [2025-10-17T16:20:16.353+0000] {dagbag.py:545} INFO - Filling up the DagBag from /home/airflow/.local/lib/python3.12/site-packages/airflow/example_dags/example_latest_only_with_trigger.py
[2025-10-17T16:20:16.363+0000] {processor.py:840} INFO - DAG(s) 'latest_only_with_trigger' retrieved from /home/airflow/.local/lib/python3.12/site-packages/airflow/example_dags/example_latest_only_with_trigger.py
[2025-10-17T16:20:16.403+0000] {logging_mixin.py:188} INFO - [2025-10-17T16:20:16.403+0000] {dag.py:3096} INFO - Sync 1 DAGs
[2025-10-17T16:20:16.443+0000] {logging_mixin.py:188} INFO - [2025-10-17T16:20:16.442+0000] {dag.py:3954} INFO - Setting next_dagrun for latest_only_with_trigger to 2025-10-17 12:00:00+00:00, run_after=2025-10-17 16:00:00+00:00
[2025-10-17T16:20:16.473+0000] {processor.py:183} INFO - Processing /home/airflow/.local/lib/python3.12/site-packages/airflow/example_dags/example_latest_only_with_trigger.py took 0.136 seconds
