[2025-10-17T13:03:54.154+0000] {processor.py:161} INFO - Started process (PID=38) to work on /home/airflow/.local/lib/python3.12/site-packages/airflow/example_dags/example_datasets.py
[2025-10-17T13:03:54.160+0000] {processor.py:830} INFO - Processing file /home/airflow/.local/lib/python3.12/site-packages/airflow/example_dags/example_datasets.py for tasks to queue
[2025-10-17T13:03:54.169+0000] {logging_mixin.py:188} INFO - [2025-10-17T13:03:54.168+0000] {dagbag.py:545} INFO - Filling up the DagBag from /home/airflow/.local/lib/python3.12/site-packages/airflow/example_dags/example_datasets.py
[2025-10-17T13:03:54.296+0000] {processor.py:840} INFO - DAG(s) 'dataset_produces_1', 'dataset_consumes_1_never_scheduled', 'consume_1_or_both_2_and_3_with_dataset_expressions', 'dataset_consumes_unknown_never_scheduled', 'consume_1_and_2_with_dataset_expressions', 'dataset_consumes_1', 'consume_1_or_2_with_dataset_expressions', 'conditional_dataset_and_time_based_timetable', 'dataset_produces_2', 'dataset_consumes_1_and_2' retrieved from /home/airflow/.local/lib/python3.12/site-packages/airflow/example_dags/example_datasets.py
[2025-10-17T13:03:55.212+0000] {logging_mixin.py:188} INFO - [2025-10-17T13:03:55.212+0000] {dag.py:3096} INFO - Sync 10 DAGs
[2025-10-17T13:03:55.268+0000] {logging_mixin.py:188} INFO - [2025-10-17T13:03:55.267+0000] {dag.py:3954} INFO - Setting next_dagrun for conditional_dataset_and_time_based_timetable to 2025-10-15 01:00:00+00:00, run_after=2025-10-15 01:00:00+00:00
[2025-10-17T13:03:55.276+0000] {logging_mixin.py:188} INFO - [2025-10-17T13:03:55.275+0000] {dag.py:3954} INFO - Setting next_dagrun for consume_1_and_2_with_dataset_expressions to None, run_after=None
[2025-10-17T13:03:55.279+0000] {logging_mixin.py:188} INFO - [2025-10-17T13:03:55.279+0000] {dag.py:3954} INFO - Setting next_dagrun for consume_1_or_2_with_dataset_expressions to None, run_after=None
[2025-10-17T13:03:55.282+0000] {logging_mixin.py:188} INFO - [2025-10-17T13:03:55.281+0000] {dag.py:3954} INFO - Setting next_dagrun for consume_1_or_both_2_and_3_with_dataset_expressions to None, run_after=None
[2025-10-17T13:03:55.284+0000] {logging_mixin.py:188} INFO - [2025-10-17T13:03:55.283+0000] {dag.py:3954} INFO - Setting next_dagrun for dataset_consumes_1 to None, run_after=None
[2025-10-17T13:03:55.286+0000] {logging_mixin.py:188} INFO - [2025-10-17T13:03:55.286+0000] {dag.py:3954} INFO - Setting next_dagrun for dataset_consumes_1_and_2 to None, run_after=None
[2025-10-17T13:03:55.289+0000] {logging_mixin.py:188} INFO - [2025-10-17T13:03:55.289+0000] {dag.py:3954} INFO - Setting next_dagrun for dataset_consumes_1_never_scheduled to None, run_after=None
[2025-10-17T13:03:55.292+0000] {logging_mixin.py:188} INFO - [2025-10-17T13:03:55.292+0000] {dag.py:3954} INFO - Setting next_dagrun for dataset_consumes_unknown_never_scheduled to None, run_after=None
[2025-10-17T13:03:55.298+0000] {logging_mixin.py:188} INFO - [2025-10-17T13:03:55.298+0000] {dag.py:3954} INFO - Setting next_dagrun for dataset_produces_1 to 2025-10-16 00:00:00+00:00, run_after=2025-10-17 00:00:00+00:00
[2025-10-17T13:03:55.302+0000] {logging_mixin.py:188} INFO - [2025-10-17T13:03:55.301+0000] {dag.py:3954} INFO - Setting next_dagrun for dataset_produces_2 to None, run_after=None
[2025-10-17T13:03:55.613+0000] {processor.py:183} INFO - Processing /home/airflow/.local/lib/python3.12/site-packages/airflow/example_dags/example_datasets.py took 1.488 seconds
[2025-10-17T13:04:25.781+0000] {processor.py:161} INFO - Started process (PID=90) to work on /home/airflow/.local/lib/python3.12/site-packages/airflow/example_dags/example_datasets.py
[2025-10-17T13:04:25.783+0000] {processor.py:830} INFO - Processing file /home/airflow/.local/lib/python3.12/site-packages/airflow/example_dags/example_datasets.py for tasks to queue
[2025-10-17T13:04:25.785+0000] {logging_mixin.py:188} INFO - [2025-10-17T13:04:25.785+0000] {dagbag.py:545} INFO - Filling up the DagBag from /home/airflow/.local/lib/python3.12/site-packages/airflow/example_dags/example_datasets.py
[2025-10-17T13:04:25.810+0000] {processor.py:840} INFO - DAG(s) 'dataset_produces_2', 'dataset_consumes_1', 'consume_1_or_both_2_and_3_with_dataset_expressions', 'conditional_dataset_and_time_based_timetable', 'dataset_consumes_1_and_2', 'dataset_produces_1', 'dataset_consumes_unknown_never_scheduled', 'dataset_consumes_1_never_scheduled', 'consume_1_or_2_with_dataset_expressions', 'consume_1_and_2_with_dataset_expressions' retrieved from /home/airflow/.local/lib/python3.12/site-packages/airflow/example_dags/example_datasets.py
[2025-10-17T13:04:25.930+0000] {logging_mixin.py:188} INFO - [2025-10-17T13:04:25.929+0000] {dag.py:3096} INFO - Sync 10 DAGs
[2025-10-17T13:04:25.978+0000] {logging_mixin.py:188} INFO - [2025-10-17T13:04:25.978+0000] {dag.py:3954} INFO - Setting next_dagrun for conditional_dataset_and_time_based_timetable to 2025-10-15 01:00:00+00:00, run_after=2025-10-15 01:00:00+00:00
[2025-10-17T13:04:25.987+0000] {logging_mixin.py:188} INFO - [2025-10-17T13:04:25.986+0000] {dag.py:3954} INFO - Setting next_dagrun for consume_1_and_2_with_dataset_expressions to None, run_after=None
[2025-10-17T13:04:25.989+0000] {logging_mixin.py:188} INFO - [2025-10-17T13:04:25.989+0000] {dag.py:3954} INFO - Setting next_dagrun for consume_1_or_2_with_dataset_expressions to None, run_after=None
[2025-10-17T13:04:25.992+0000] {logging_mixin.py:188} INFO - [2025-10-17T13:04:25.991+0000] {dag.py:3954} INFO - Setting next_dagrun for consume_1_or_both_2_and_3_with_dataset_expressions to None, run_after=None
[2025-10-17T13:04:25.995+0000] {logging_mixin.py:188} INFO - [2025-10-17T13:04:25.995+0000] {dag.py:3954} INFO - Setting next_dagrun for dataset_consumes_1 to None, run_after=None
[2025-10-17T13:04:26.000+0000] {logging_mixin.py:188} INFO - [2025-10-17T13:04:26.000+0000] {dag.py:3954} INFO - Setting next_dagrun for dataset_consumes_1_and_2 to None, run_after=None
[2025-10-17T13:04:26.002+0000] {logging_mixin.py:188} INFO - [2025-10-17T13:04:26.002+0000] {dag.py:3954} INFO - Setting next_dagrun for dataset_consumes_1_never_scheduled to None, run_after=None
[2025-10-17T13:04:26.005+0000] {logging_mixin.py:188} INFO - [2025-10-17T13:04:26.005+0000] {dag.py:3954} INFO - Setting next_dagrun for dataset_consumes_unknown_never_scheduled to None, run_after=None
[2025-10-17T13:04:26.010+0000] {logging_mixin.py:188} INFO - [2025-10-17T13:04:26.010+0000] {dag.py:3954} INFO - Setting next_dagrun for dataset_produces_1 to 2025-10-16 00:00:00+00:00, run_after=2025-10-17 00:00:00+00:00
[2025-10-17T13:04:26.014+0000] {logging_mixin.py:188} INFO - [2025-10-17T13:04:26.013+0000] {dag.py:3954} INFO - Setting next_dagrun for dataset_produces_2 to None, run_after=None
[2025-10-17T13:04:26.134+0000] {processor.py:183} INFO - Processing /home/airflow/.local/lib/python3.12/site-packages/airflow/example_dags/example_datasets.py took 0.364 seconds
[2025-10-17T13:44:47.743+0000] {processor.py:161} INFO - Started process (PID=39) to work on /home/airflow/.local/lib/python3.12/site-packages/airflow/example_dags/example_datasets.py
[2025-10-17T13:44:47.753+0000] {processor.py:830} INFO - Processing file /home/airflow/.local/lib/python3.12/site-packages/airflow/example_dags/example_datasets.py for tasks to queue
[2025-10-17T13:44:47.758+0000] {logging_mixin.py:188} INFO - [2025-10-17T13:44:47.757+0000] {dagbag.py:545} INFO - Filling up the DagBag from /home/airflow/.local/lib/python3.12/site-packages/airflow/example_dags/example_datasets.py
[2025-10-17T13:44:47.943+0000] {processor.py:840} INFO - DAG(s) 'dataset_consumes_unknown_never_scheduled', 'dataset_produces_1', 'conditional_dataset_and_time_based_timetable', 'dataset_consumes_1', 'consume_1_and_2_with_dataset_expressions', 'dataset_produces_2', 'consume_1_or_both_2_and_3_with_dataset_expressions', 'consume_1_or_2_with_dataset_expressions', 'dataset_consumes_1_never_scheduled', 'dataset_consumes_1_and_2' retrieved from /home/airflow/.local/lib/python3.12/site-packages/airflow/example_dags/example_datasets.py
[2025-10-17T13:44:48.124+0000] {logging_mixin.py:188} INFO - [2025-10-17T13:44:48.122+0000] {dag.py:3096} INFO - Sync 10 DAGs
[2025-10-17T13:44:48.263+0000] {logging_mixin.py:188} INFO - [2025-10-17T13:44:48.263+0000] {dag.py:3954} INFO - Setting next_dagrun for conditional_dataset_and_time_based_timetable to 2025-10-15 01:00:00+00:00, run_after=2025-10-15 01:00:00+00:00
[2025-10-17T13:44:48.293+0000] {logging_mixin.py:188} INFO - [2025-10-17T13:44:48.293+0000] {dag.py:3954} INFO - Setting next_dagrun for consume_1_and_2_with_dataset_expressions to None, run_after=None
[2025-10-17T13:44:48.304+0000] {logging_mixin.py:188} INFO - [2025-10-17T13:44:48.302+0000] {dag.py:3954} INFO - Setting next_dagrun for consume_1_or_2_with_dataset_expressions to None, run_after=None
[2025-10-17T13:44:48.310+0000] {logging_mixin.py:188} INFO - [2025-10-17T13:44:48.310+0000] {dag.py:3954} INFO - Setting next_dagrun for consume_1_or_both_2_and_3_with_dataset_expressions to None, run_after=None
[2025-10-17T13:44:48.318+0000] {logging_mixin.py:188} INFO - [2025-10-17T13:44:48.317+0000] {dag.py:3954} INFO - Setting next_dagrun for dataset_consumes_1 to None, run_after=None
[2025-10-17T13:44:48.320+0000] {logging_mixin.py:188} INFO - [2025-10-17T13:44:48.320+0000] {dag.py:3954} INFO - Setting next_dagrun for dataset_consumes_1_and_2 to None, run_after=None
[2025-10-17T13:44:48.325+0000] {logging_mixin.py:188} INFO - [2025-10-17T13:44:48.324+0000] {dag.py:3954} INFO - Setting next_dagrun for dataset_consumes_1_never_scheduled to None, run_after=None
[2025-10-17T13:44:48.332+0000] {logging_mixin.py:188} INFO - [2025-10-17T13:44:48.331+0000] {dag.py:3954} INFO - Setting next_dagrun for dataset_consumes_unknown_never_scheduled to None, run_after=None
[2025-10-17T13:44:48.343+0000] {logging_mixin.py:188} INFO - [2025-10-17T13:44:48.343+0000] {dag.py:3954} INFO - Setting next_dagrun for dataset_produces_1 to 2025-10-16 00:00:00+00:00, run_after=2025-10-17 00:00:00+00:00
[2025-10-17T13:44:48.347+0000] {logging_mixin.py:188} INFO - [2025-10-17T13:44:48.347+0000] {dag.py:3954} INFO - Setting next_dagrun for dataset_produces_2 to None, run_after=None
[2025-10-17T13:44:48.537+0000] {processor.py:183} INFO - Processing /home/airflow/.local/lib/python3.12/site-packages/airflow/example_dags/example_datasets.py took 0.835 seconds
[2025-10-17T13:45:19.057+0000] {processor.py:161} INFO - Started process (PID=92) to work on /home/airflow/.local/lib/python3.12/site-packages/airflow/example_dags/example_datasets.py
[2025-10-17T13:45:19.067+0000] {processor.py:830} INFO - Processing file /home/airflow/.local/lib/python3.12/site-packages/airflow/example_dags/example_datasets.py for tasks to queue
[2025-10-17T13:45:19.075+0000] {logging_mixin.py:188} INFO - [2025-10-17T13:45:19.074+0000] {dagbag.py:545} INFO - Filling up the DagBag from /home/airflow/.local/lib/python3.12/site-packages/airflow/example_dags/example_datasets.py
[2025-10-17T13:45:19.166+0000] {processor.py:840} INFO - DAG(s) 'conditional_dataset_and_time_based_timetable', 'dataset_consumes_1_never_scheduled', 'dataset_produces_1', 'dataset_consumes_1_and_2', 'dataset_consumes_unknown_never_scheduled', 'dataset_produces_2', 'consume_1_or_2_with_dataset_expressions', 'consume_1_or_both_2_and_3_with_dataset_expressions', 'dataset_consumes_1', 'consume_1_and_2_with_dataset_expressions' retrieved from /home/airflow/.local/lib/python3.12/site-packages/airflow/example_dags/example_datasets.py
[2025-10-17T13:45:19.466+0000] {logging_mixin.py:188} INFO - [2025-10-17T13:45:19.466+0000] {dag.py:3096} INFO - Sync 10 DAGs
[2025-10-17T13:45:19.639+0000] {logging_mixin.py:188} INFO - [2025-10-17T13:45:19.639+0000] {dag.py:3954} INFO - Setting next_dagrun for conditional_dataset_and_time_based_timetable to 2025-10-15 01:00:00+00:00, run_after=2025-10-15 01:00:00+00:00
[2025-10-17T13:45:19.652+0000] {logging_mixin.py:188} INFO - [2025-10-17T13:45:19.652+0000] {dag.py:3954} INFO - Setting next_dagrun for consume_1_and_2_with_dataset_expressions to None, run_after=None
[2025-10-17T13:45:19.656+0000] {logging_mixin.py:188} INFO - [2025-10-17T13:45:19.655+0000] {dag.py:3954} INFO - Setting next_dagrun for consume_1_or_2_with_dataset_expressions to None, run_after=None
[2025-10-17T13:45:19.666+0000] {logging_mixin.py:188} INFO - [2025-10-17T13:45:19.666+0000] {dag.py:3954} INFO - Setting next_dagrun for consume_1_or_both_2_and_3_with_dataset_expressions to None, run_after=None
[2025-10-17T13:45:19.685+0000] {logging_mixin.py:188} INFO - [2025-10-17T13:45:19.685+0000] {dag.py:3954} INFO - Setting next_dagrun for dataset_consumes_1 to None, run_after=None
[2025-10-17T13:45:19.688+0000] {logging_mixin.py:188} INFO - [2025-10-17T13:45:19.688+0000] {dag.py:3954} INFO - Setting next_dagrun for dataset_consumes_1_and_2 to None, run_after=None
[2025-10-17T13:45:19.694+0000] {logging_mixin.py:188} INFO - [2025-10-17T13:45:19.693+0000] {dag.py:3954} INFO - Setting next_dagrun for dataset_consumes_1_never_scheduled to None, run_after=None
[2025-10-17T13:45:19.720+0000] {logging_mixin.py:188} INFO - [2025-10-17T13:45:19.719+0000] {dag.py:3954} INFO - Setting next_dagrun for dataset_consumes_unknown_never_scheduled to None, run_after=None
[2025-10-17T13:45:19.726+0000] {logging_mixin.py:188} INFO - [2025-10-17T13:45:19.726+0000] {dag.py:3954} INFO - Setting next_dagrun for dataset_produces_1 to 2025-10-16 00:00:00+00:00, run_after=2025-10-17 00:00:00+00:00
[2025-10-17T13:45:19.738+0000] {logging_mixin.py:188} INFO - [2025-10-17T13:45:19.738+0000] {dag.py:3954} INFO - Setting next_dagrun for dataset_produces_2 to None, run_after=None
[2025-10-17T13:45:19.975+0000] {processor.py:183} INFO - Processing /home/airflow/.local/lib/python3.12/site-packages/airflow/example_dags/example_datasets.py took 0.941 seconds
[2025-10-17T16:14:02.550+0000] {processor.py:161} INFO - Started process (PID=38) to work on /home/airflow/.local/lib/python3.12/site-packages/airflow/example_dags/example_datasets.py
[2025-10-17T16:14:02.552+0000] {processor.py:830} INFO - Processing file /home/airflow/.local/lib/python3.12/site-packages/airflow/example_dags/example_datasets.py for tasks to queue
[2025-10-17T16:14:02.558+0000] {logging_mixin.py:188} INFO - [2025-10-17T16:14:02.557+0000] {dagbag.py:545} INFO - Filling up the DagBag from /home/airflow/.local/lib/python3.12/site-packages/airflow/example_dags/example_datasets.py
[2025-10-17T16:14:02.616+0000] {processor.py:840} INFO - DAG(s) 'consume_1_or_2_with_dataset_expressions', 'consume_1_or_both_2_and_3_with_dataset_expressions', 'dataset_consumes_unknown_never_scheduled', 'conditional_dataset_and_time_based_timetable', 'dataset_consumes_1_and_2', 'dataset_produces_1', 'dataset_consumes_1_never_scheduled', 'consume_1_and_2_with_dataset_expressions', 'dataset_produces_2', 'dataset_consumes_1' retrieved from /home/airflow/.local/lib/python3.12/site-packages/airflow/example_dags/example_datasets.py
[2025-10-17T16:14:02.806+0000] {logging_mixin.py:188} INFO - [2025-10-17T16:14:02.805+0000] {dag.py:3096} INFO - Sync 10 DAGs
[2025-10-17T16:14:02.895+0000] {logging_mixin.py:188} INFO - [2025-10-17T16:14:02.894+0000] {dag.py:3954} INFO - Setting next_dagrun for conditional_dataset_and_time_based_timetable to 2025-10-15 01:00:00+00:00, run_after=2025-10-15 01:00:00+00:00
[2025-10-17T16:14:02.911+0000] {logging_mixin.py:188} INFO - [2025-10-17T16:14:02.910+0000] {dag.py:3954} INFO - Setting next_dagrun for consume_1_and_2_with_dataset_expressions to None, run_after=None
[2025-10-17T16:14:02.915+0000] {logging_mixin.py:188} INFO - [2025-10-17T16:14:02.915+0000] {dag.py:3954} INFO - Setting next_dagrun for consume_1_or_2_with_dataset_expressions to None, run_after=None
[2025-10-17T16:14:02.923+0000] {logging_mixin.py:188} INFO - [2025-10-17T16:14:02.923+0000] {dag.py:3954} INFO - Setting next_dagrun for consume_1_or_both_2_and_3_with_dataset_expressions to None, run_after=None
[2025-10-17T16:14:02.927+0000] {logging_mixin.py:188} INFO - [2025-10-17T16:14:02.926+0000] {dag.py:3954} INFO - Setting next_dagrun for dataset_consumes_1 to None, run_after=None
[2025-10-17T16:14:02.931+0000] {logging_mixin.py:188} INFO - [2025-10-17T16:14:02.930+0000] {dag.py:3954} INFO - Setting next_dagrun for dataset_consumes_1_and_2 to None, run_after=None
[2025-10-17T16:14:02.936+0000] {logging_mixin.py:188} INFO - [2025-10-17T16:14:02.934+0000] {dag.py:3954} INFO - Setting next_dagrun for dataset_consumes_1_never_scheduled to None, run_after=None
[2025-10-17T16:14:02.940+0000] {logging_mixin.py:188} INFO - [2025-10-17T16:14:02.940+0000] {dag.py:3954} INFO - Setting next_dagrun for dataset_consumes_unknown_never_scheduled to None, run_after=None
[2025-10-17T16:14:02.946+0000] {logging_mixin.py:188} INFO - [2025-10-17T16:14:02.946+0000] {dag.py:3954} INFO - Setting next_dagrun for dataset_produces_1 to 2025-10-16 00:00:00+00:00, run_after=2025-10-17 00:00:00+00:00
[2025-10-17T16:14:02.951+0000] {logging_mixin.py:188} INFO - [2025-10-17T16:14:02.951+0000] {dag.py:3954} INFO - Setting next_dagrun for dataset_produces_2 to None, run_after=None
[2025-10-17T16:14:03.087+0000] {processor.py:183} INFO - Processing /home/airflow/.local/lib/python3.12/site-packages/airflow/example_dags/example_datasets.py took 0.551 seconds
[2025-10-17T16:14:33.969+0000] {processor.py:161} INFO - Started process (PID=91) to work on /home/airflow/.local/lib/python3.12/site-packages/airflow/example_dags/example_datasets.py
[2025-10-17T16:14:33.971+0000] {processor.py:830} INFO - Processing file /home/airflow/.local/lib/python3.12/site-packages/airflow/example_dags/example_datasets.py for tasks to queue
[2025-10-17T16:14:33.976+0000] {logging_mixin.py:188} INFO - [2025-10-17T16:14:33.975+0000] {dagbag.py:545} INFO - Filling up the DagBag from /home/airflow/.local/lib/python3.12/site-packages/airflow/example_dags/example_datasets.py
[2025-10-17T16:14:34.021+0000] {processor.py:840} INFO - DAG(s) 'conditional_dataset_and_time_based_timetable', 'consume_1_or_both_2_and_3_with_dataset_expressions', 'dataset_consumes_1', 'consume_1_and_2_with_dataset_expressions', 'dataset_consumes_1_never_scheduled', 'dataset_produces_2', 'consume_1_or_2_with_dataset_expressions', 'dataset_consumes_unknown_never_scheduled', 'dataset_produces_1', 'dataset_consumes_1_and_2' retrieved from /home/airflow/.local/lib/python3.12/site-packages/airflow/example_dags/example_datasets.py
[2025-10-17T16:14:34.147+0000] {logging_mixin.py:188} INFO - [2025-10-17T16:14:34.146+0000] {dag.py:3096} INFO - Sync 10 DAGs
[2025-10-17T16:14:34.220+0000] {logging_mixin.py:188} INFO - [2025-10-17T16:14:34.220+0000] {dag.py:3954} INFO - Setting next_dagrun for conditional_dataset_and_time_based_timetable to 2025-10-15 01:00:00+00:00, run_after=2025-10-15 01:00:00+00:00
[2025-10-17T16:14:34.231+0000] {logging_mixin.py:188} INFO - [2025-10-17T16:14:34.231+0000] {dag.py:3954} INFO - Setting next_dagrun for consume_1_and_2_with_dataset_expressions to None, run_after=None
[2025-10-17T16:14:34.235+0000] {logging_mixin.py:188} INFO - [2025-10-17T16:14:34.235+0000] {dag.py:3954} INFO - Setting next_dagrun for consume_1_or_2_with_dataset_expressions to None, run_after=None
[2025-10-17T16:14:34.238+0000] {logging_mixin.py:188} INFO - [2025-10-17T16:14:34.238+0000] {dag.py:3954} INFO - Setting next_dagrun for consume_1_or_both_2_and_3_with_dataset_expressions to None, run_after=None
[2025-10-17T16:14:34.242+0000] {logging_mixin.py:188} INFO - [2025-10-17T16:14:34.242+0000] {dag.py:3954} INFO - Setting next_dagrun for dataset_consumes_1 to None, run_after=None
[2025-10-17T16:14:34.251+0000] {logging_mixin.py:188} INFO - [2025-10-17T16:14:34.251+0000] {dag.py:3954} INFO - Setting next_dagrun for dataset_consumes_1_and_2 to None, run_after=None
[2025-10-17T16:14:34.255+0000] {logging_mixin.py:188} INFO - [2025-10-17T16:14:34.255+0000] {dag.py:3954} INFO - Setting next_dagrun for dataset_consumes_1_never_scheduled to None, run_after=None
[2025-10-17T16:14:34.258+0000] {logging_mixin.py:188} INFO - [2025-10-17T16:14:34.258+0000] {dag.py:3954} INFO - Setting next_dagrun for dataset_consumes_unknown_never_scheduled to None, run_after=None
[2025-10-17T16:14:34.264+0000] {logging_mixin.py:188} INFO - [2025-10-17T16:14:34.263+0000] {dag.py:3954} INFO - Setting next_dagrun for dataset_produces_1 to 2025-10-16 00:00:00+00:00, run_after=2025-10-17 00:00:00+00:00
[2025-10-17T16:14:34.266+0000] {logging_mixin.py:188} INFO - [2025-10-17T16:14:34.266+0000] {dag.py:3954} INFO - Setting next_dagrun for dataset_produces_2 to None, run_after=None
[2025-10-17T16:14:34.341+0000] {processor.py:183} INFO - Processing /home/airflow/.local/lib/python3.12/site-packages/airflow/example_dags/example_datasets.py took 0.396 seconds
[2025-10-17T16:15:04.996+0000] {processor.py:161} INFO - Started process (PID=144) to work on /home/airflow/.local/lib/python3.12/site-packages/airflow/example_dags/example_datasets.py
[2025-10-17T16:15:04.998+0000] {processor.py:830} INFO - Processing file /home/airflow/.local/lib/python3.12/site-packages/airflow/example_dags/example_datasets.py for tasks to queue
[2025-10-17T16:15:05.004+0000] {logging_mixin.py:188} INFO - [2025-10-17T16:15:05.003+0000] {dagbag.py:545} INFO - Filling up the DagBag from /home/airflow/.local/lib/python3.12/site-packages/airflow/example_dags/example_datasets.py
[2025-10-17T16:15:05.035+0000] {processor.py:840} INFO - DAG(s) 'consume_1_and_2_with_dataset_expressions', 'dataset_produces_1', 'dataset_consumes_1_and_2', 'consume_1_or_both_2_and_3_with_dataset_expressions', 'dataset_produces_2', 'dataset_consumes_unknown_never_scheduled', 'conditional_dataset_and_time_based_timetable', 'dataset_consumes_1', 'consume_1_or_2_with_dataset_expressions', 'dataset_consumes_1_never_scheduled' retrieved from /home/airflow/.local/lib/python3.12/site-packages/airflow/example_dags/example_datasets.py
[2025-10-17T16:15:05.117+0000] {logging_mixin.py:188} INFO - [2025-10-17T16:15:05.117+0000] {dag.py:3096} INFO - Sync 10 DAGs
[2025-10-17T16:15:05.161+0000] {logging_mixin.py:188} INFO - [2025-10-17T16:15:05.161+0000] {dag.py:3954} INFO - Setting next_dagrun for conditional_dataset_and_time_based_timetable to 2025-10-15 01:00:00+00:00, run_after=2025-10-15 01:00:00+00:00
[2025-10-17T16:15:05.169+0000] {logging_mixin.py:188} INFO - [2025-10-17T16:15:05.169+0000] {dag.py:3954} INFO - Setting next_dagrun for consume_1_and_2_with_dataset_expressions to None, run_after=None
[2025-10-17T16:15:05.173+0000] {logging_mixin.py:188} INFO - [2025-10-17T16:15:05.173+0000] {dag.py:3954} INFO - Setting next_dagrun for consume_1_or_2_with_dataset_expressions to None, run_after=None
[2025-10-17T16:15:05.176+0000] {logging_mixin.py:188} INFO - [2025-10-17T16:15:05.176+0000] {dag.py:3954} INFO - Setting next_dagrun for consume_1_or_both_2_and_3_with_dataset_expressions to None, run_after=None
[2025-10-17T16:15:05.179+0000] {logging_mixin.py:188} INFO - [2025-10-17T16:15:05.179+0000] {dag.py:3954} INFO - Setting next_dagrun for dataset_consumes_1 to None, run_after=None
[2025-10-17T16:15:05.182+0000] {logging_mixin.py:188} INFO - [2025-10-17T16:15:05.181+0000] {dag.py:3954} INFO - Setting next_dagrun for dataset_consumes_1_and_2 to None, run_after=None
[2025-10-17T16:15:05.184+0000] {logging_mixin.py:188} INFO - [2025-10-17T16:15:05.184+0000] {dag.py:3954} INFO - Setting next_dagrun for dataset_consumes_1_never_scheduled to None, run_after=None
[2025-10-17T16:15:05.187+0000] {logging_mixin.py:188} INFO - [2025-10-17T16:15:05.187+0000] {dag.py:3954} INFO - Setting next_dagrun for dataset_consumes_unknown_never_scheduled to None, run_after=None
[2025-10-17T16:15:05.191+0000] {logging_mixin.py:188} INFO - [2025-10-17T16:15:05.191+0000] {dag.py:3954} INFO - Setting next_dagrun for dataset_produces_1 to 2025-10-16 00:00:00+00:00, run_after=2025-10-17 00:00:00+00:00
[2025-10-17T16:15:05.194+0000] {logging_mixin.py:188} INFO - [2025-10-17T16:15:05.193+0000] {dag.py:3954} INFO - Setting next_dagrun for dataset_produces_2 to None, run_after=None
[2025-10-17T16:15:05.252+0000] {processor.py:183} INFO - Processing /home/airflow/.local/lib/python3.12/site-packages/airflow/example_dags/example_datasets.py took 0.281 seconds
[2025-10-17T16:15:35.937+0000] {processor.py:161} INFO - Started process (PID=197) to work on /home/airflow/.local/lib/python3.12/site-packages/airflow/example_dags/example_datasets.py
[2025-10-17T16:15:35.940+0000] {processor.py:830} INFO - Processing file /home/airflow/.local/lib/python3.12/site-packages/airflow/example_dags/example_datasets.py for tasks to queue
[2025-10-17T16:15:35.950+0000] {logging_mixin.py:188} INFO - [2025-10-17T16:15:35.948+0000] {dagbag.py:545} INFO - Filling up the DagBag from /home/airflow/.local/lib/python3.12/site-packages/airflow/example_dags/example_datasets.py
[2025-10-17T16:15:35.998+0000] {processor.py:840} INFO - DAG(s) 'consume_1_or_both_2_and_3_with_dataset_expressions', 'consume_1_or_2_with_dataset_expressions', 'dataset_consumes_1_and_2', 'dataset_produces_1', 'dataset_produces_2', 'conditional_dataset_and_time_based_timetable', 'consume_1_and_2_with_dataset_expressions', 'dataset_consumes_unknown_never_scheduled', 'dataset_consumes_1', 'dataset_consumes_1_never_scheduled' retrieved from /home/airflow/.local/lib/python3.12/site-packages/airflow/example_dags/example_datasets.py
[2025-10-17T16:15:36.075+0000] {logging_mixin.py:188} INFO - [2025-10-17T16:15:36.075+0000] {dag.py:3096} INFO - Sync 10 DAGs
[2025-10-17T16:15:36.127+0000] {logging_mixin.py:188} INFO - [2025-10-17T16:15:36.126+0000] {dag.py:3954} INFO - Setting next_dagrun for conditional_dataset_and_time_based_timetable to 2025-10-15 01:00:00+00:00, run_after=2025-10-15 01:00:00+00:00
[2025-10-17T16:15:36.135+0000] {logging_mixin.py:188} INFO - [2025-10-17T16:15:36.135+0000] {dag.py:3954} INFO - Setting next_dagrun for consume_1_and_2_with_dataset_expressions to None, run_after=None
[2025-10-17T16:15:36.138+0000] {logging_mixin.py:188} INFO - [2025-10-17T16:15:36.138+0000] {dag.py:3954} INFO - Setting next_dagrun for consume_1_or_2_with_dataset_expressions to None, run_after=None
[2025-10-17T16:15:36.141+0000] {logging_mixin.py:188} INFO - [2025-10-17T16:15:36.141+0000] {dag.py:3954} INFO - Setting next_dagrun for consume_1_or_both_2_and_3_with_dataset_expressions to None, run_after=None
[2025-10-17T16:15:36.144+0000] {logging_mixin.py:188} INFO - [2025-10-17T16:15:36.144+0000] {dag.py:3954} INFO - Setting next_dagrun for dataset_consumes_1 to None, run_after=None
[2025-10-17T16:15:36.147+0000] {logging_mixin.py:188} INFO - [2025-10-17T16:15:36.147+0000] {dag.py:3954} INFO - Setting next_dagrun for dataset_consumes_1_and_2 to None, run_after=None
[2025-10-17T16:15:36.150+0000] {logging_mixin.py:188} INFO - [2025-10-17T16:15:36.150+0000] {dag.py:3954} INFO - Setting next_dagrun for dataset_consumes_1_never_scheduled to None, run_after=None
[2025-10-17T16:15:36.153+0000] {logging_mixin.py:188} INFO - [2025-10-17T16:15:36.153+0000] {dag.py:3954} INFO - Setting next_dagrun for dataset_consumes_unknown_never_scheduled to None, run_after=None
[2025-10-17T16:15:36.160+0000] {logging_mixin.py:188} INFO - [2025-10-17T16:15:36.159+0000] {dag.py:3954} INFO - Setting next_dagrun for dataset_produces_1 to 2025-10-16 00:00:00+00:00, run_after=2025-10-17 00:00:00+00:00
[2025-10-17T16:15:36.162+0000] {logging_mixin.py:188} INFO - [2025-10-17T16:15:36.162+0000] {dag.py:3954} INFO - Setting next_dagrun for dataset_produces_2 to None, run_after=None
[2025-10-17T16:15:36.225+0000] {processor.py:183} INFO - Processing /home/airflow/.local/lib/python3.12/site-packages/airflow/example_dags/example_datasets.py took 0.310 seconds
[2025-10-17T16:16:06.468+0000] {processor.py:161} INFO - Started process (PID=251) to work on /home/airflow/.local/lib/python3.12/site-packages/airflow/example_dags/example_datasets.py
[2025-10-17T16:16:06.470+0000] {processor.py:830} INFO - Processing file /home/airflow/.local/lib/python3.12/site-packages/airflow/example_dags/example_datasets.py for tasks to queue
[2025-10-17T16:16:06.485+0000] {logging_mixin.py:188} INFO - [2025-10-17T16:16:06.484+0000] {dagbag.py:545} INFO - Filling up the DagBag from /home/airflow/.local/lib/python3.12/site-packages/airflow/example_dags/example_datasets.py
[2025-10-17T16:16:06.556+0000] {processor.py:840} INFO - DAG(s) 'consume_1_or_2_with_dataset_expressions', 'dataset_consumes_1', 'dataset_consumes_unknown_never_scheduled', 'consume_1_and_2_with_dataset_expressions', 'conditional_dataset_and_time_based_timetable', 'dataset_consumes_1_never_scheduled', 'dataset_produces_1', 'dataset_consumes_1_and_2', 'dataset_produces_2', 'consume_1_or_both_2_and_3_with_dataset_expressions' retrieved from /home/airflow/.local/lib/python3.12/site-packages/airflow/example_dags/example_datasets.py
[2025-10-17T16:16:06.716+0000] {logging_mixin.py:188} INFO - [2025-10-17T16:16:06.715+0000] {dag.py:3096} INFO - Sync 10 DAGs
[2025-10-17T16:16:06.789+0000] {logging_mixin.py:188} INFO - [2025-10-17T16:16:06.788+0000] {dag.py:3954} INFO - Setting next_dagrun for conditional_dataset_and_time_based_timetable to 2025-10-15 01:00:00+00:00, run_after=2025-10-15 01:00:00+00:00
[2025-10-17T16:16:06.798+0000] {logging_mixin.py:188} INFO - [2025-10-17T16:16:06.797+0000] {dag.py:3954} INFO - Setting next_dagrun for consume_1_and_2_with_dataset_expressions to None, run_after=None
[2025-10-17T16:16:06.801+0000] {logging_mixin.py:188} INFO - [2025-10-17T16:16:06.801+0000] {dag.py:3954} INFO - Setting next_dagrun for consume_1_or_2_with_dataset_expressions to None, run_after=None
[2025-10-17T16:16:06.805+0000] {logging_mixin.py:188} INFO - [2025-10-17T16:16:06.804+0000] {dag.py:3954} INFO - Setting next_dagrun for consume_1_or_both_2_and_3_with_dataset_expressions to None, run_after=None
[2025-10-17T16:16:06.809+0000] {logging_mixin.py:188} INFO - [2025-10-17T16:16:06.808+0000] {dag.py:3954} INFO - Setting next_dagrun for dataset_consumes_1 to None, run_after=None
[2025-10-17T16:16:06.814+0000] {logging_mixin.py:188} INFO - [2025-10-17T16:16:06.814+0000] {dag.py:3954} INFO - Setting next_dagrun for dataset_consumes_1_and_2 to None, run_after=None
[2025-10-17T16:16:06.817+0000] {logging_mixin.py:188} INFO - [2025-10-17T16:16:06.816+0000] {dag.py:3954} INFO - Setting next_dagrun for dataset_consumes_1_never_scheduled to None, run_after=None
[2025-10-17T16:16:06.821+0000] {logging_mixin.py:188} INFO - [2025-10-17T16:16:06.820+0000] {dag.py:3954} INFO - Setting next_dagrun for dataset_consumes_unknown_never_scheduled to None, run_after=None
[2025-10-17T16:16:06.827+0000] {logging_mixin.py:188} INFO - [2025-10-17T16:16:06.827+0000] {dag.py:3954} INFO - Setting next_dagrun for dataset_produces_1 to 2025-10-16 00:00:00+00:00, run_after=2025-10-17 00:00:00+00:00
[2025-10-17T16:16:06.831+0000] {logging_mixin.py:188} INFO - [2025-10-17T16:16:06.830+0000] {dag.py:3954} INFO - Setting next_dagrun for dataset_produces_2 to None, run_after=None
[2025-10-17T16:16:06.970+0000] {processor.py:183} INFO - Processing /home/airflow/.local/lib/python3.12/site-packages/airflow/example_dags/example_datasets.py took 0.523 seconds
[2025-10-17T16:16:37.239+0000] {processor.py:161} INFO - Started process (PID=305) to work on /home/airflow/.local/lib/python3.12/site-packages/airflow/example_dags/example_datasets.py
[2025-10-17T16:16:37.242+0000] {processor.py:830} INFO - Processing file /home/airflow/.local/lib/python3.12/site-packages/airflow/example_dags/example_datasets.py for tasks to queue
[2025-10-17T16:16:37.245+0000] {logging_mixin.py:188} INFO - [2025-10-17T16:16:37.245+0000] {dagbag.py:545} INFO - Filling up the DagBag from /home/airflow/.local/lib/python3.12/site-packages/airflow/example_dags/example_datasets.py
[2025-10-17T16:16:37.272+0000] {processor.py:840} INFO - DAG(s) 'dataset_produces_1', 'dataset_consumes_1_and_2', 'dataset_consumes_1', 'dataset_consumes_1_never_scheduled', 'conditional_dataset_and_time_based_timetable', 'consume_1_or_2_with_dataset_expressions', 'consume_1_and_2_with_dataset_expressions', 'dataset_produces_2', 'dataset_consumes_unknown_never_scheduled', 'consume_1_or_both_2_and_3_with_dataset_expressions' retrieved from /home/airflow/.local/lib/python3.12/site-packages/airflow/example_dags/example_datasets.py
[2025-10-17T16:16:37.367+0000] {logging_mixin.py:188} INFO - [2025-10-17T16:16:37.366+0000] {dag.py:3096} INFO - Sync 10 DAGs
[2025-10-17T16:16:37.418+0000] {logging_mixin.py:188} INFO - [2025-10-17T16:16:37.418+0000] {dag.py:3954} INFO - Setting next_dagrun for conditional_dataset_and_time_based_timetable to 2025-10-15 01:00:00+00:00, run_after=2025-10-15 01:00:00+00:00
[2025-10-17T16:16:37.424+0000] {logging_mixin.py:188} INFO - [2025-10-17T16:16:37.424+0000] {dag.py:3954} INFO - Setting next_dagrun for consume_1_and_2_with_dataset_expressions to None, run_after=None
[2025-10-17T16:16:37.426+0000] {logging_mixin.py:188} INFO - [2025-10-17T16:16:37.426+0000] {dag.py:3954} INFO - Setting next_dagrun for consume_1_or_2_with_dataset_expressions to None, run_after=None
[2025-10-17T16:16:37.429+0000] {logging_mixin.py:188} INFO - [2025-10-17T16:16:37.428+0000] {dag.py:3954} INFO - Setting next_dagrun for consume_1_or_both_2_and_3_with_dataset_expressions to None, run_after=None
[2025-10-17T16:16:37.431+0000] {logging_mixin.py:188} INFO - [2025-10-17T16:16:37.430+0000] {dag.py:3954} INFO - Setting next_dagrun for dataset_consumes_1 to None, run_after=None
[2025-10-17T16:16:37.433+0000] {logging_mixin.py:188} INFO - [2025-10-17T16:16:37.432+0000] {dag.py:3954} INFO - Setting next_dagrun for dataset_consumes_1_and_2 to None, run_after=None
[2025-10-17T16:16:37.435+0000] {logging_mixin.py:188} INFO - [2025-10-17T16:16:37.434+0000] {dag.py:3954} INFO - Setting next_dagrun for dataset_consumes_1_never_scheduled to None, run_after=None
[2025-10-17T16:16:37.437+0000] {logging_mixin.py:188} INFO - [2025-10-17T16:16:37.437+0000] {dag.py:3954} INFO - Setting next_dagrun for dataset_consumes_unknown_never_scheduled to None, run_after=None
[2025-10-17T16:16:37.442+0000] {logging_mixin.py:188} INFO - [2025-10-17T16:16:37.442+0000] {dag.py:3954} INFO - Setting next_dagrun for dataset_produces_1 to 2025-10-16 00:00:00+00:00, run_after=2025-10-17 00:00:00+00:00
[2025-10-17T16:16:37.444+0000] {logging_mixin.py:188} INFO - [2025-10-17T16:16:37.444+0000] {dag.py:3954} INFO - Setting next_dagrun for dataset_produces_2 to None, run_after=None
[2025-10-17T16:16:37.494+0000] {processor.py:183} INFO - Processing /home/airflow/.local/lib/python3.12/site-packages/airflow/example_dags/example_datasets.py took 0.265 seconds
[2025-10-17T16:17:07.676+0000] {processor.py:161} INFO - Started process (PID=359) to work on /home/airflow/.local/lib/python3.12/site-packages/airflow/example_dags/example_datasets.py
[2025-10-17T16:17:07.678+0000] {processor.py:830} INFO - Processing file /home/airflow/.local/lib/python3.12/site-packages/airflow/example_dags/example_datasets.py for tasks to queue
[2025-10-17T16:17:07.681+0000] {logging_mixin.py:188} INFO - [2025-10-17T16:17:07.681+0000] {dagbag.py:545} INFO - Filling up the DagBag from /home/airflow/.local/lib/python3.12/site-packages/airflow/example_dags/example_datasets.py
[2025-10-17T16:17:07.703+0000] {processor.py:840} INFO - DAG(s) 'dataset_consumes_1_and_2', 'consume_1_and_2_with_dataset_expressions', 'conditional_dataset_and_time_based_timetable', 'dataset_produces_2', 'dataset_produces_1', 'dataset_consumes_1', 'consume_1_or_2_with_dataset_expressions', 'dataset_consumes_unknown_never_scheduled', 'consume_1_or_both_2_and_3_with_dataset_expressions', 'dataset_consumes_1_never_scheduled' retrieved from /home/airflow/.local/lib/python3.12/site-packages/airflow/example_dags/example_datasets.py
[2025-10-17T16:17:07.774+0000] {logging_mixin.py:188} INFO - [2025-10-17T16:17:07.774+0000] {dag.py:3096} INFO - Sync 10 DAGs
[2025-10-17T16:17:07.809+0000] {logging_mixin.py:188} INFO - [2025-10-17T16:17:07.809+0000] {dag.py:3954} INFO - Setting next_dagrun for conditional_dataset_and_time_based_timetable to 2025-10-15 01:00:00+00:00, run_after=2025-10-15 01:00:00+00:00
[2025-10-17T16:17:07.815+0000] {logging_mixin.py:188} INFO - [2025-10-17T16:17:07.815+0000] {dag.py:3954} INFO - Setting next_dagrun for consume_1_and_2_with_dataset_expressions to None, run_after=None
[2025-10-17T16:17:07.818+0000] {logging_mixin.py:188} INFO - [2025-10-17T16:17:07.817+0000] {dag.py:3954} INFO - Setting next_dagrun for consume_1_or_2_with_dataset_expressions to None, run_after=None
[2025-10-17T16:17:07.820+0000] {logging_mixin.py:188} INFO - [2025-10-17T16:17:07.820+0000] {dag.py:3954} INFO - Setting next_dagrun for consume_1_or_both_2_and_3_with_dataset_expressions to None, run_after=None
[2025-10-17T16:17:07.823+0000] {logging_mixin.py:188} INFO - [2025-10-17T16:17:07.822+0000] {dag.py:3954} INFO - Setting next_dagrun for dataset_consumes_1 to None, run_after=None
[2025-10-17T16:17:07.825+0000] {logging_mixin.py:188} INFO - [2025-10-17T16:17:07.825+0000] {dag.py:3954} INFO - Setting next_dagrun for dataset_consumes_1_and_2 to None, run_after=None
[2025-10-17T16:17:07.828+0000] {logging_mixin.py:188} INFO - [2025-10-17T16:17:07.827+0000] {dag.py:3954} INFO - Setting next_dagrun for dataset_consumes_1_never_scheduled to None, run_after=None
[2025-10-17T16:17:07.830+0000] {logging_mixin.py:188} INFO - [2025-10-17T16:17:07.830+0000] {dag.py:3954} INFO - Setting next_dagrun for dataset_consumes_unknown_never_scheduled to None, run_after=None
[2025-10-17T16:17:07.834+0000] {logging_mixin.py:188} INFO - [2025-10-17T16:17:07.834+0000] {dag.py:3954} INFO - Setting next_dagrun for dataset_produces_1 to 2025-10-16 00:00:00+00:00, run_after=2025-10-17 00:00:00+00:00
[2025-10-17T16:17:07.836+0000] {logging_mixin.py:188} INFO - [2025-10-17T16:17:07.836+0000] {dag.py:3954} INFO - Setting next_dagrun for dataset_produces_2 to None, run_after=None
[2025-10-17T16:17:07.891+0000] {processor.py:183} INFO - Processing /home/airflow/.local/lib/python3.12/site-packages/airflow/example_dags/example_datasets.py took 0.226 seconds
[2025-10-17T16:17:37.952+0000] {processor.py:161} INFO - Started process (PID=412) to work on /home/airflow/.local/lib/python3.12/site-packages/airflow/example_dags/example_datasets.py
[2025-10-17T16:17:37.954+0000] {processor.py:830} INFO - Processing file /home/airflow/.local/lib/python3.12/site-packages/airflow/example_dags/example_datasets.py for tasks to queue
[2025-10-17T16:17:37.957+0000] {logging_mixin.py:188} INFO - [2025-10-17T16:17:37.957+0000] {dagbag.py:545} INFO - Filling up the DagBag from /home/airflow/.local/lib/python3.12/site-packages/airflow/example_dags/example_datasets.py
[2025-10-17T16:17:37.977+0000] {processor.py:840} INFO - DAG(s) 'dataset_consumes_1_never_scheduled', 'dataset_consumes_1', 'consume_1_and_2_with_dataset_expressions', 'conditional_dataset_and_time_based_timetable', 'consume_1_or_both_2_and_3_with_dataset_expressions', 'dataset_consumes_unknown_never_scheduled', 'dataset_consumes_1_and_2', 'dataset_produces_1', 'dataset_produces_2', 'consume_1_or_2_with_dataset_expressions' retrieved from /home/airflow/.local/lib/python3.12/site-packages/airflow/example_dags/example_datasets.py
[2025-10-17T16:17:38.045+0000] {logging_mixin.py:188} INFO - [2025-10-17T16:17:38.045+0000] {dag.py:3096} INFO - Sync 10 DAGs
[2025-10-17T16:17:38.080+0000] {logging_mixin.py:188} INFO - [2025-10-17T16:17:38.080+0000] {dag.py:3954} INFO - Setting next_dagrun for conditional_dataset_and_time_based_timetable to 2025-10-15 01:00:00+00:00, run_after=2025-10-15 01:00:00+00:00
[2025-10-17T16:17:38.086+0000] {logging_mixin.py:188} INFO - [2025-10-17T16:17:38.086+0000] {dag.py:3954} INFO - Setting next_dagrun for consume_1_and_2_with_dataset_expressions to None, run_after=None
[2025-10-17T16:17:38.088+0000] {logging_mixin.py:188} INFO - [2025-10-17T16:17:38.088+0000] {dag.py:3954} INFO - Setting next_dagrun for consume_1_or_2_with_dataset_expressions to None, run_after=None
[2025-10-17T16:17:38.091+0000] {logging_mixin.py:188} INFO - [2025-10-17T16:17:38.090+0000] {dag.py:3954} INFO - Setting next_dagrun for consume_1_or_both_2_and_3_with_dataset_expressions to None, run_after=None
[2025-10-17T16:17:38.093+0000] {logging_mixin.py:188} INFO - [2025-10-17T16:17:38.093+0000] {dag.py:3954} INFO - Setting next_dagrun for dataset_consumes_1 to None, run_after=None
[2025-10-17T16:17:38.095+0000] {logging_mixin.py:188} INFO - [2025-10-17T16:17:38.095+0000] {dag.py:3954} INFO - Setting next_dagrun for dataset_consumes_1_and_2 to None, run_after=None
[2025-10-17T16:17:38.097+0000] {logging_mixin.py:188} INFO - [2025-10-17T16:17:38.097+0000] {dag.py:3954} INFO - Setting next_dagrun for dataset_consumes_1_never_scheduled to None, run_after=None
[2025-10-17T16:17:38.099+0000] {logging_mixin.py:188} INFO - [2025-10-17T16:17:38.099+0000] {dag.py:3954} INFO - Setting next_dagrun for dataset_consumes_unknown_never_scheduled to None, run_after=None
[2025-10-17T16:17:38.103+0000] {logging_mixin.py:188} INFO - [2025-10-17T16:17:38.103+0000] {dag.py:3954} INFO - Setting next_dagrun for dataset_produces_1 to 2025-10-16 00:00:00+00:00, run_after=2025-10-17 00:00:00+00:00
[2025-10-17T16:17:38.105+0000] {logging_mixin.py:188} INFO - [2025-10-17T16:17:38.105+0000] {dag.py:3954} INFO - Setting next_dagrun for dataset_produces_2 to None, run_after=None
[2025-10-17T16:17:38.158+0000] {processor.py:183} INFO - Processing /home/airflow/.local/lib/python3.12/site-packages/airflow/example_dags/example_datasets.py took 0.214 seconds
[2025-10-17T16:18:08.533+0000] {processor.py:161} INFO - Started process (PID=464) to work on /home/airflow/.local/lib/python3.12/site-packages/airflow/example_dags/example_datasets.py
[2025-10-17T16:18:08.535+0000] {processor.py:830} INFO - Processing file /home/airflow/.local/lib/python3.12/site-packages/airflow/example_dags/example_datasets.py for tasks to queue
[2025-10-17T16:18:08.538+0000] {logging_mixin.py:188} INFO - [2025-10-17T16:18:08.538+0000] {dagbag.py:545} INFO - Filling up the DagBag from /home/airflow/.local/lib/python3.12/site-packages/airflow/example_dags/example_datasets.py
[2025-10-17T16:18:08.567+0000] {processor.py:840} INFO - DAG(s) 'dataset_produces_2', 'consume_1_and_2_with_dataset_expressions', 'consume_1_or_both_2_and_3_with_dataset_expressions', 'dataset_consumes_1_never_scheduled', 'dataset_consumes_1_and_2', 'dataset_consumes_unknown_never_scheduled', 'dataset_consumes_1', 'conditional_dataset_and_time_based_timetable', 'consume_1_or_2_with_dataset_expressions', 'dataset_produces_1' retrieved from /home/airflow/.local/lib/python3.12/site-packages/airflow/example_dags/example_datasets.py
[2025-10-17T16:18:08.667+0000] {logging_mixin.py:188} INFO - [2025-10-17T16:18:08.667+0000] {dag.py:3096} INFO - Sync 10 DAGs
[2025-10-17T16:18:08.713+0000] {logging_mixin.py:188} INFO - [2025-10-17T16:18:08.713+0000] {dag.py:3954} INFO - Setting next_dagrun for conditional_dataset_and_time_based_timetable to 2025-10-15 01:00:00+00:00, run_after=2025-10-15 01:00:00+00:00
[2025-10-17T16:18:08.719+0000] {logging_mixin.py:188} INFO - [2025-10-17T16:18:08.718+0000] {dag.py:3954} INFO - Setting next_dagrun for consume_1_and_2_with_dataset_expressions to None, run_after=None
[2025-10-17T16:18:08.721+0000] {logging_mixin.py:188} INFO - [2025-10-17T16:18:08.721+0000] {dag.py:3954} INFO - Setting next_dagrun for consume_1_or_2_with_dataset_expressions to None, run_after=None
[2025-10-17T16:18:08.723+0000] {logging_mixin.py:188} INFO - [2025-10-17T16:18:08.723+0000] {dag.py:3954} INFO - Setting next_dagrun for consume_1_or_both_2_and_3_with_dataset_expressions to None, run_after=None
[2025-10-17T16:18:08.725+0000] {logging_mixin.py:188} INFO - [2025-10-17T16:18:08.725+0000] {dag.py:3954} INFO - Setting next_dagrun for dataset_consumes_1 to None, run_after=None
[2025-10-17T16:18:08.728+0000] {logging_mixin.py:188} INFO - [2025-10-17T16:18:08.728+0000] {dag.py:3954} INFO - Setting next_dagrun for dataset_consumes_1_and_2 to None, run_after=None
[2025-10-17T16:18:08.730+0000] {logging_mixin.py:188} INFO - [2025-10-17T16:18:08.730+0000] {dag.py:3954} INFO - Setting next_dagrun for dataset_consumes_1_never_scheduled to None, run_after=None
[2025-10-17T16:18:08.733+0000] {logging_mixin.py:188} INFO - [2025-10-17T16:18:08.732+0000] {dag.py:3954} INFO - Setting next_dagrun for dataset_consumes_unknown_never_scheduled to None, run_after=None
[2025-10-17T16:18:08.737+0000] {logging_mixin.py:188} INFO - [2025-10-17T16:18:08.736+0000] {dag.py:3954} INFO - Setting next_dagrun for dataset_produces_1 to 2025-10-16 00:00:00+00:00, run_after=2025-10-17 00:00:00+00:00
[2025-10-17T16:18:08.740+0000] {logging_mixin.py:188} INFO - [2025-10-17T16:18:08.739+0000] {dag.py:3954} INFO - Setting next_dagrun for dataset_produces_2 to None, run_after=None
[2025-10-17T16:18:08.839+0000] {processor.py:183} INFO - Processing /home/airflow/.local/lib/python3.12/site-packages/airflow/example_dags/example_datasets.py took 0.318 seconds
[2025-10-17T16:18:39.395+0000] {processor.py:161} INFO - Started process (PID=515) to work on /home/airflow/.local/lib/python3.12/site-packages/airflow/example_dags/example_datasets.py
[2025-10-17T16:18:39.405+0000] {processor.py:830} INFO - Processing file /home/airflow/.local/lib/python3.12/site-packages/airflow/example_dags/example_datasets.py for tasks to queue
[2025-10-17T16:18:39.434+0000] {logging_mixin.py:188} INFO - [2025-10-17T16:18:39.433+0000] {dagbag.py:545} INFO - Filling up the DagBag from /home/airflow/.local/lib/python3.12/site-packages/airflow/example_dags/example_datasets.py
[2025-10-17T16:18:39.549+0000] {processor.py:840} INFO - DAG(s) 'dataset_consumes_unknown_never_scheduled', 'dataset_consumes_1_never_scheduled', 'dataset_produces_1', 'dataset_consumes_1_and_2', 'consume_1_or_2_with_dataset_expressions', 'dataset_produces_2', 'consume_1_and_2_with_dataset_expressions', 'dataset_consumes_1', 'consume_1_or_both_2_and_3_with_dataset_expressions', 'conditional_dataset_and_time_based_timetable' retrieved from /home/airflow/.local/lib/python3.12/site-packages/airflow/example_dags/example_datasets.py
[2025-10-17T16:18:39.896+0000] {logging_mixin.py:188} INFO - [2025-10-17T16:18:39.895+0000] {dag.py:3096} INFO - Sync 10 DAGs
[2025-10-17T16:18:40.079+0000] {logging_mixin.py:188} INFO - [2025-10-17T16:18:40.079+0000] {dag.py:3954} INFO - Setting next_dagrun for conditional_dataset_and_time_based_timetable to 2025-10-15 01:00:00+00:00, run_after=2025-10-15 01:00:00+00:00
[2025-10-17T16:18:40.104+0000] {logging_mixin.py:188} INFO - [2025-10-17T16:18:40.104+0000] {dag.py:3954} INFO - Setting next_dagrun for consume_1_and_2_with_dataset_expressions to None, run_after=None
[2025-10-17T16:18:40.121+0000] {logging_mixin.py:188} INFO - [2025-10-17T16:18:40.120+0000] {dag.py:3954} INFO - Setting next_dagrun for consume_1_or_2_with_dataset_expressions to None, run_after=None
[2025-10-17T16:18:40.130+0000] {logging_mixin.py:188} INFO - [2025-10-17T16:18:40.129+0000] {dag.py:3954} INFO - Setting next_dagrun for consume_1_or_both_2_and_3_with_dataset_expressions to None, run_after=None
[2025-10-17T16:18:40.141+0000] {logging_mixin.py:188} INFO - [2025-10-17T16:18:40.140+0000] {dag.py:3954} INFO - Setting next_dagrun for dataset_consumes_1 to None, run_after=None
[2025-10-17T16:18:40.152+0000] {logging_mixin.py:188} INFO - [2025-10-17T16:18:40.151+0000] {dag.py:3954} INFO - Setting next_dagrun for dataset_consumes_1_and_2 to None, run_after=None
[2025-10-17T16:18:40.157+0000] {logging_mixin.py:188} INFO - [2025-10-17T16:18:40.156+0000] {dag.py:3954} INFO - Setting next_dagrun for dataset_consumes_1_never_scheduled to None, run_after=None
[2025-10-17T16:18:40.164+0000] {logging_mixin.py:188} INFO - [2025-10-17T16:18:40.163+0000] {dag.py:3954} INFO - Setting next_dagrun for dataset_consumes_unknown_never_scheduled to None, run_after=None
[2025-10-17T16:18:40.188+0000] {logging_mixin.py:188} INFO - [2025-10-17T16:18:40.177+0000] {dag.py:3954} INFO - Setting next_dagrun for dataset_produces_1 to 2025-10-16 00:00:00+00:00, run_after=2025-10-17 00:00:00+00:00
[2025-10-17T16:18:40.192+0000] {logging_mixin.py:188} INFO - [2025-10-17T16:18:40.191+0000] {dag.py:3954} INFO - Setting next_dagrun for dataset_produces_2 to None, run_after=None
[2025-10-17T16:18:40.396+0000] {processor.py:183} INFO - Processing /home/airflow/.local/lib/python3.12/site-packages/airflow/example_dags/example_datasets.py took 1.023 seconds
[2025-10-17T16:19:10.714+0000] {processor.py:161} INFO - Started process (PID=568) to work on /home/airflow/.local/lib/python3.12/site-packages/airflow/example_dags/example_datasets.py
[2025-10-17T16:19:10.717+0000] {processor.py:830} INFO - Processing file /home/airflow/.local/lib/python3.12/site-packages/airflow/example_dags/example_datasets.py for tasks to queue
[2025-10-17T16:19:10.722+0000] {logging_mixin.py:188} INFO - [2025-10-17T16:19:10.721+0000] {dagbag.py:545} INFO - Filling up the DagBag from /home/airflow/.local/lib/python3.12/site-packages/airflow/example_dags/example_datasets.py
[2025-10-17T16:19:10.769+0000] {processor.py:840} INFO - DAG(s) 'consume_1_or_both_2_and_3_with_dataset_expressions', 'dataset_consumes_unknown_never_scheduled', 'dataset_consumes_1', 'dataset_produces_1', 'consume_1_or_2_with_dataset_expressions', 'conditional_dataset_and_time_based_timetable', 'dataset_produces_2', 'dataset_consumes_1_never_scheduled', 'dataset_consumes_1_and_2', 'consume_1_and_2_with_dataset_expressions' retrieved from /home/airflow/.local/lib/python3.12/site-packages/airflow/example_dags/example_datasets.py
[2025-10-17T16:19:10.952+0000] {logging_mixin.py:188} INFO - [2025-10-17T16:19:10.951+0000] {dag.py:3096} INFO - Sync 10 DAGs
[2025-10-17T16:19:11.060+0000] {logging_mixin.py:188} INFO - [2025-10-17T16:19:11.059+0000] {dag.py:3954} INFO - Setting next_dagrun for conditional_dataset_and_time_based_timetable to 2025-10-15 01:00:00+00:00, run_after=2025-10-15 01:00:00+00:00
[2025-10-17T16:19:11.076+0000] {logging_mixin.py:188} INFO - [2025-10-17T16:19:11.075+0000] {dag.py:3954} INFO - Setting next_dagrun for consume_1_and_2_with_dataset_expressions to None, run_after=None
[2025-10-17T16:19:11.079+0000] {logging_mixin.py:188} INFO - [2025-10-17T16:19:11.079+0000] {dag.py:3954} INFO - Setting next_dagrun for consume_1_or_2_with_dataset_expressions to None, run_after=None
[2025-10-17T16:19:11.083+0000] {logging_mixin.py:188} INFO - [2025-10-17T16:19:11.083+0000] {dag.py:3954} INFO - Setting next_dagrun for consume_1_or_both_2_and_3_with_dataset_expressions to None, run_after=None
[2025-10-17T16:19:11.092+0000] {logging_mixin.py:188} INFO - [2025-10-17T16:19:11.091+0000] {dag.py:3954} INFO - Setting next_dagrun for dataset_consumes_1 to None, run_after=None
[2025-10-17T16:19:11.097+0000] {logging_mixin.py:188} INFO - [2025-10-17T16:19:11.096+0000] {dag.py:3954} INFO - Setting next_dagrun for dataset_consumes_1_and_2 to None, run_after=None
[2025-10-17T16:19:11.111+0000] {logging_mixin.py:188} INFO - [2025-10-17T16:19:11.110+0000] {dag.py:3954} INFO - Setting next_dagrun for dataset_consumes_1_never_scheduled to None, run_after=None
[2025-10-17T16:19:11.114+0000] {logging_mixin.py:188} INFO - [2025-10-17T16:19:11.114+0000] {dag.py:3954} INFO - Setting next_dagrun for dataset_consumes_unknown_never_scheduled to None, run_after=None
[2025-10-17T16:19:11.126+0000] {logging_mixin.py:188} INFO - [2025-10-17T16:19:11.126+0000] {dag.py:3954} INFO - Setting next_dagrun for dataset_produces_1 to 2025-10-16 00:00:00+00:00, run_after=2025-10-17 00:00:00+00:00
[2025-10-17T16:19:11.129+0000] {logging_mixin.py:188} INFO - [2025-10-17T16:19:11.129+0000] {dag.py:3954} INFO - Setting next_dagrun for dataset_produces_2 to None, run_after=None
[2025-10-17T16:19:11.285+0000] {processor.py:183} INFO - Processing /home/airflow/.local/lib/python3.12/site-packages/airflow/example_dags/example_datasets.py took 0.583 seconds
[2025-10-17T16:19:41.438+0000] {processor.py:161} INFO - Started process (PID=621) to work on /home/airflow/.local/lib/python3.12/site-packages/airflow/example_dags/example_datasets.py
[2025-10-17T16:19:41.442+0000] {processor.py:830} INFO - Processing file /home/airflow/.local/lib/python3.12/site-packages/airflow/example_dags/example_datasets.py for tasks to queue
[2025-10-17T16:19:41.451+0000] {logging_mixin.py:188} INFO - [2025-10-17T16:19:41.449+0000] {dagbag.py:545} INFO - Filling up the DagBag from /home/airflow/.local/lib/python3.12/site-packages/airflow/example_dags/example_datasets.py
[2025-10-17T16:19:41.500+0000] {processor.py:840} INFO - DAG(s) 'conditional_dataset_and_time_based_timetable', 'dataset_produces_2', 'consume_1_or_both_2_and_3_with_dataset_expressions', 'dataset_consumes_1', 'consume_1_or_2_with_dataset_expressions', 'dataset_consumes_unknown_never_scheduled', 'consume_1_and_2_with_dataset_expressions', 'dataset_consumes_1_never_scheduled', 'dataset_consumes_1_and_2', 'dataset_produces_1' retrieved from /home/airflow/.local/lib/python3.12/site-packages/airflow/example_dags/example_datasets.py
[2025-10-17T16:19:41.599+0000] {logging_mixin.py:188} INFO - [2025-10-17T16:19:41.598+0000] {dag.py:3096} INFO - Sync 10 DAGs
[2025-10-17T16:19:41.663+0000] {logging_mixin.py:188} INFO - [2025-10-17T16:19:41.663+0000] {dag.py:3954} INFO - Setting next_dagrun for conditional_dataset_and_time_based_timetable to 2025-10-15 01:00:00+00:00, run_after=2025-10-15 01:00:00+00:00
[2025-10-17T16:19:41.674+0000] {logging_mixin.py:188} INFO - [2025-10-17T16:19:41.674+0000] {dag.py:3954} INFO - Setting next_dagrun for consume_1_and_2_with_dataset_expressions to None, run_after=None
[2025-10-17T16:19:41.678+0000] {logging_mixin.py:188} INFO - [2025-10-17T16:19:41.678+0000] {dag.py:3954} INFO - Setting next_dagrun for consume_1_or_2_with_dataset_expressions to None, run_after=None
[2025-10-17T16:19:41.681+0000] {logging_mixin.py:188} INFO - [2025-10-17T16:19:41.681+0000] {dag.py:3954} INFO - Setting next_dagrun for consume_1_or_both_2_and_3_with_dataset_expressions to None, run_after=None
[2025-10-17T16:19:41.684+0000] {logging_mixin.py:188} INFO - [2025-10-17T16:19:41.683+0000] {dag.py:3954} INFO - Setting next_dagrun for dataset_consumes_1 to None, run_after=None
[2025-10-17T16:19:41.686+0000] {logging_mixin.py:188} INFO - [2025-10-17T16:19:41.686+0000] {dag.py:3954} INFO - Setting next_dagrun for dataset_consumes_1_and_2 to None, run_after=None
[2025-10-17T16:19:41.690+0000] {logging_mixin.py:188} INFO - [2025-10-17T16:19:41.690+0000] {dag.py:3954} INFO - Setting next_dagrun for dataset_consumes_1_never_scheduled to None, run_after=None
[2025-10-17T16:19:41.694+0000] {logging_mixin.py:188} INFO - [2025-10-17T16:19:41.693+0000] {dag.py:3954} INFO - Setting next_dagrun for dataset_consumes_unknown_never_scheduled to None, run_after=None
[2025-10-17T16:19:41.701+0000] {logging_mixin.py:188} INFO - [2025-10-17T16:19:41.700+0000] {dag.py:3954} INFO - Setting next_dagrun for dataset_produces_1 to 2025-10-16 00:00:00+00:00, run_after=2025-10-17 00:00:00+00:00
[2025-10-17T16:19:41.704+0000] {logging_mixin.py:188} INFO - [2025-10-17T16:19:41.703+0000] {dag.py:3954} INFO - Setting next_dagrun for dataset_produces_2 to None, run_after=None
[2025-10-17T16:19:41.788+0000] {processor.py:183} INFO - Processing /home/airflow/.local/lib/python3.12/site-packages/airflow/example_dags/example_datasets.py took 0.370 seconds
[2025-10-17T16:20:11.887+0000] {processor.py:161} INFO - Started process (PID=674) to work on /home/airflow/.local/lib/python3.12/site-packages/airflow/example_dags/example_datasets.py
[2025-10-17T16:20:11.889+0000] {processor.py:830} INFO - Processing file /home/airflow/.local/lib/python3.12/site-packages/airflow/example_dags/example_datasets.py for tasks to queue
[2025-10-17T16:20:11.895+0000] {logging_mixin.py:188} INFO - [2025-10-17T16:20:11.894+0000] {dagbag.py:545} INFO - Filling up the DagBag from /home/airflow/.local/lib/python3.12/site-packages/airflow/example_dags/example_datasets.py
[2025-10-17T16:20:11.933+0000] {processor.py:840} INFO - DAG(s) 'consume_1_and_2_with_dataset_expressions', 'dataset_consumes_1', 'consume_1_or_2_with_dataset_expressions', 'dataset_produces_1', 'dataset_consumes_1_never_scheduled', 'dataset_consumes_unknown_never_scheduled', 'dataset_consumes_1_and_2', 'consume_1_or_both_2_and_3_with_dataset_expressions', 'conditional_dataset_and_time_based_timetable', 'dataset_produces_2' retrieved from /home/airflow/.local/lib/python3.12/site-packages/airflow/example_dags/example_datasets.py
[2025-10-17T16:20:12.035+0000] {logging_mixin.py:188} INFO - [2025-10-17T16:20:12.035+0000] {dag.py:3096} INFO - Sync 10 DAGs
[2025-10-17T16:20:12.090+0000] {logging_mixin.py:188} INFO - [2025-10-17T16:20:12.090+0000] {dag.py:3954} INFO - Setting next_dagrun for conditional_dataset_and_time_based_timetable to 2025-10-15 01:00:00+00:00, run_after=2025-10-15 01:00:00+00:00
[2025-10-17T16:20:12.099+0000] {logging_mixin.py:188} INFO - [2025-10-17T16:20:12.099+0000] {dag.py:3954} INFO - Setting next_dagrun for consume_1_and_2_with_dataset_expressions to None, run_after=None
[2025-10-17T16:20:12.102+0000] {logging_mixin.py:188} INFO - [2025-10-17T16:20:12.102+0000] {dag.py:3954} INFO - Setting next_dagrun for consume_1_or_2_with_dataset_expressions to None, run_after=None
[2025-10-17T16:20:12.105+0000] {logging_mixin.py:188} INFO - [2025-10-17T16:20:12.104+0000] {dag.py:3954} INFO - Setting next_dagrun for consume_1_or_both_2_and_3_with_dataset_expressions to None, run_after=None
[2025-10-17T16:20:12.109+0000] {logging_mixin.py:188} INFO - [2025-10-17T16:20:12.108+0000] {dag.py:3954} INFO - Setting next_dagrun for dataset_consumes_1 to None, run_after=None
[2025-10-17T16:20:12.112+0000] {logging_mixin.py:188} INFO - [2025-10-17T16:20:12.112+0000] {dag.py:3954} INFO - Setting next_dagrun for dataset_consumes_1_and_2 to None, run_after=None
[2025-10-17T16:20:12.114+0000] {logging_mixin.py:188} INFO - [2025-10-17T16:20:12.114+0000] {dag.py:3954} INFO - Setting next_dagrun for dataset_consumes_1_never_scheduled to None, run_after=None
[2025-10-17T16:20:12.118+0000] {logging_mixin.py:188} INFO - [2025-10-17T16:20:12.117+0000] {dag.py:3954} INFO - Setting next_dagrun for dataset_consumes_unknown_never_scheduled to None, run_after=None
[2025-10-17T16:20:12.123+0000] {logging_mixin.py:188} INFO - [2025-10-17T16:20:12.122+0000] {dag.py:3954} INFO - Setting next_dagrun for dataset_produces_1 to 2025-10-16 00:00:00+00:00, run_after=2025-10-17 00:00:00+00:00
[2025-10-17T16:20:12.126+0000] {logging_mixin.py:188} INFO - [2025-10-17T16:20:12.125+0000] {dag.py:3954} INFO - Setting next_dagrun for dataset_produces_2 to None, run_after=None
[2025-10-17T16:20:12.193+0000] {processor.py:183} INFO - Processing /home/airflow/.local/lib/python3.12/site-packages/airflow/example_dags/example_datasets.py took 0.322 seconds
