[2025-10-17T13:04:09.665+0000] {processor.py:161} INFO - Started process (PID=70) to work on /home/airflow/.local/lib/python3.12/site-packages/airflow/example_dags/example_subdag_operator.py
[2025-10-17T13:04:09.667+0000] {processor.py:830} INFO - Processing file /home/airflow/.local/lib/python3.12/site-packages/airflow/example_dags/example_subdag_operator.py for tasks to queue
[2025-10-17T13:04:09.671+0000] {logging_mixin.py:188} INFO - [2025-10-17T13:04:09.671+0000] {dagbag.py:545} INFO - Filling up the DagBag from /home/airflow/.local/lib/python3.12/site-packages/airflow/example_dags/example_subdag_operator.py
[2025-10-17T13:04:09.730+0000] {processor.py:840} INFO - DAG(s) 'example_subdag_operator.section-1', 'example_subdag_operator.section-2', 'example_subdag_operator' retrieved from /home/airflow/.local/lib/python3.12/site-packages/airflow/example_dags/example_subdag_operator.py
[2025-10-17T13:04:10.138+0000] {logging_mixin.py:188} INFO - [2025-10-17T13:04:10.134+0000] {dag.py:3096} INFO - Sync 3 DAGs
[2025-10-17T13:04:10.206+0000] {logging_mixin.py:188} INFO - [2025-10-17T13:04:10.205+0000] {dag.py:3954} INFO - Setting next_dagrun for example_subdag_operator to 2022-01-01 00:00:00+00:00, run_after=2022-01-01 00:00:00+00:00
[2025-10-17T13:04:10.215+0000] {logging_mixin.py:188} INFO - [2025-10-17T13:04:10.215+0000] {dag.py:3954} INFO - Setting next_dagrun for example_subdag_operator.section-1 to None, run_after=None
[2025-10-17T13:04:10.218+0000] {logging_mixin.py:188} INFO - [2025-10-17T13:04:10.218+0000] {dag.py:3954} INFO - Setting next_dagrun for example_subdag_operator.section-2 to None, run_after=None
[2025-10-17T13:04:10.258+0000] {logging_mixin.py:188} INFO - [2025-10-17T13:04:10.257+0000] {dag.py:3096} INFO - Sync 2 DAGs
[2025-10-17T13:04:10.280+0000] {logging_mixin.py:188} INFO - [2025-10-17T13:04:10.280+0000] {dag.py:3954} INFO - Setting next_dagrun for example_subdag_operator.section-1 to None, run_after=None
[2025-10-17T13:04:10.284+0000] {logging_mixin.py:188} INFO - [2025-10-17T13:04:10.283+0000] {dag.py:3954} INFO - Setting next_dagrun for example_subdag_operator.section-2 to None, run_after=None
[2025-10-17T13:04:10.330+0000] {processor.py:183} INFO - Processing /home/airflow/.local/lib/python3.12/site-packages/airflow/example_dags/example_subdag_operator.py took 0.678 seconds
[2025-10-17T13:04:40.958+0000] {processor.py:161} INFO - Started process (PID=122) to work on /home/airflow/.local/lib/python3.12/site-packages/airflow/example_dags/example_subdag_operator.py
[2025-10-17T13:04:40.959+0000] {processor.py:830} INFO - Processing file /home/airflow/.local/lib/python3.12/site-packages/airflow/example_dags/example_subdag_operator.py for tasks to queue
[2025-10-17T13:04:40.962+0000] {logging_mixin.py:188} INFO - [2025-10-17T13:04:40.962+0000] {dagbag.py:545} INFO - Filling up the DagBag from /home/airflow/.local/lib/python3.12/site-packages/airflow/example_dags/example_subdag_operator.py
[2025-10-17T13:04:41.004+0000] {processor.py:840} INFO - DAG(s) 'example_subdag_operator.section-1', 'example_subdag_operator.section-2', 'example_subdag_operator' retrieved from /home/airflow/.local/lib/python3.12/site-packages/airflow/example_dags/example_subdag_operator.py
[2025-10-17T13:04:41.024+0000] {logging_mixin.py:188} INFO - [2025-10-17T13:04:41.024+0000] {dag.py:3096} INFO - Sync 3 DAGs
[2025-10-17T13:04:41.062+0000] {logging_mixin.py:188} INFO - [2025-10-17T13:04:41.061+0000] {dag.py:3954} INFO - Setting next_dagrun for example_subdag_operator to 2022-01-01 00:00:00+00:00, run_after=2022-01-01 00:00:00+00:00
[2025-10-17T13:04:41.070+0000] {logging_mixin.py:188} INFO - [2025-10-17T13:04:41.070+0000] {dag.py:3954} INFO - Setting next_dagrun for example_subdag_operator.section-1 to None, run_after=None
[2025-10-17T13:04:41.073+0000] {logging_mixin.py:188} INFO - [2025-10-17T13:04:41.072+0000] {dag.py:3954} INFO - Setting next_dagrun for example_subdag_operator.section-2 to None, run_after=None
[2025-10-17T13:04:41.086+0000] {logging_mixin.py:188} INFO - [2025-10-17T13:04:41.086+0000] {dag.py:3096} INFO - Sync 2 DAGs
[2025-10-17T13:04:41.101+0000] {logging_mixin.py:188} INFO - [2025-10-17T13:04:41.101+0000] {dag.py:3954} INFO - Setting next_dagrun for example_subdag_operator.section-1 to None, run_after=None
[2025-10-17T13:04:41.103+0000] {logging_mixin.py:188} INFO - [2025-10-17T13:04:41.102+0000] {dag.py:3954} INFO - Setting next_dagrun for example_subdag_operator.section-2 to None, run_after=None
[2025-10-17T13:04:41.138+0000] {processor.py:183} INFO - Processing /home/airflow/.local/lib/python3.12/site-packages/airflow/example_dags/example_subdag_operator.py took 0.189 seconds
[2025-10-17T13:44:58.862+0000] {processor.py:161} INFO - Started process (PID=71) to work on /home/airflow/.local/lib/python3.12/site-packages/airflow/example_dags/example_subdag_operator.py
[2025-10-17T13:44:58.864+0000] {processor.py:830} INFO - Processing file /home/airflow/.local/lib/python3.12/site-packages/airflow/example_dags/example_subdag_operator.py for tasks to queue
[2025-10-17T13:44:58.867+0000] {logging_mixin.py:188} INFO - [2025-10-17T13:44:58.867+0000] {dagbag.py:545} INFO - Filling up the DagBag from /home/airflow/.local/lib/python3.12/site-packages/airflow/example_dags/example_subdag_operator.py
[2025-10-17T13:44:58.927+0000] {processor.py:840} INFO - DAG(s) 'example_subdag_operator.section-1', 'example_subdag_operator.section-2', 'example_subdag_operator' retrieved from /home/airflow/.local/lib/python3.12/site-packages/airflow/example_dags/example_subdag_operator.py
[2025-10-17T13:44:58.962+0000] {logging_mixin.py:188} INFO - [2025-10-17T13:44:58.961+0000] {dag.py:3096} INFO - Sync 3 DAGs
[2025-10-17T13:44:59.009+0000] {logging_mixin.py:188} INFO - [2025-10-17T13:44:59.009+0000] {dag.py:3954} INFO - Setting next_dagrun for example_subdag_operator to 2022-01-01 00:00:00+00:00, run_after=2022-01-01 00:00:00+00:00
[2025-10-17T13:44:59.019+0000] {logging_mixin.py:188} INFO - [2025-10-17T13:44:59.018+0000] {dag.py:3954} INFO - Setting next_dagrun for example_subdag_operator.section-1 to None, run_after=None
[2025-10-17T13:44:59.025+0000] {logging_mixin.py:188} INFO - [2025-10-17T13:44:59.022+0000] {dag.py:3954} INFO - Setting next_dagrun for example_subdag_operator.section-2 to None, run_after=None
[2025-10-17T13:44:59.045+0000] {logging_mixin.py:188} INFO - [2025-10-17T13:44:59.045+0000] {dag.py:3096} INFO - Sync 2 DAGs
[2025-10-17T13:44:59.059+0000] {logging_mixin.py:188} INFO - [2025-10-17T13:44:59.058+0000] {dag.py:3954} INFO - Setting next_dagrun for example_subdag_operator.section-1 to None, run_after=None
[2025-10-17T13:44:59.060+0000] {logging_mixin.py:188} INFO - [2025-10-17T13:44:59.060+0000] {dag.py:3954} INFO - Setting next_dagrun for example_subdag_operator.section-2 to None, run_after=None
[2025-10-17T13:44:59.091+0000] {processor.py:183} INFO - Processing /home/airflow/.local/lib/python3.12/site-packages/airflow/example_dags/example_subdag_operator.py took 0.240 seconds
[2025-10-17T16:14:10.389+0000] {processor.py:161} INFO - Started process (PID=70) to work on /home/airflow/.local/lib/python3.12/site-packages/airflow/example_dags/example_subdag_operator.py
[2025-10-17T16:14:10.391+0000] {processor.py:830} INFO - Processing file /home/airflow/.local/lib/python3.12/site-packages/airflow/example_dags/example_subdag_operator.py for tasks to queue
[2025-10-17T16:14:10.406+0000] {logging_mixin.py:188} INFO - [2025-10-17T16:14:10.406+0000] {dagbag.py:545} INFO - Filling up the DagBag from /home/airflow/.local/lib/python3.12/site-packages/airflow/example_dags/example_subdag_operator.py
[2025-10-17T16:14:10.480+0000] {processor.py:840} INFO - DAG(s) 'example_subdag_operator.section-1', 'example_subdag_operator.section-2', 'example_subdag_operator' retrieved from /home/airflow/.local/lib/python3.12/site-packages/airflow/example_dags/example_subdag_operator.py
[2025-10-17T16:14:10.518+0000] {logging_mixin.py:188} INFO - [2025-10-17T16:14:10.518+0000] {dag.py:3096} INFO - Sync 3 DAGs
[2025-10-17T16:14:10.573+0000] {logging_mixin.py:188} INFO - [2025-10-17T16:14:10.573+0000] {dag.py:3954} INFO - Setting next_dagrun for example_subdag_operator to 2022-01-01 00:00:00+00:00, run_after=2022-01-01 00:00:00+00:00
[2025-10-17T16:14:10.582+0000] {logging_mixin.py:188} INFO - [2025-10-17T16:14:10.581+0000] {dag.py:3954} INFO - Setting next_dagrun for example_subdag_operator.section-1 to None, run_after=None
[2025-10-17T16:14:10.586+0000] {logging_mixin.py:188} INFO - [2025-10-17T16:14:10.585+0000] {dag.py:3954} INFO - Setting next_dagrun for example_subdag_operator.section-2 to None, run_after=None
[2025-10-17T16:14:10.604+0000] {logging_mixin.py:188} INFO - [2025-10-17T16:14:10.604+0000] {dag.py:3096} INFO - Sync 2 DAGs
[2025-10-17T16:14:10.614+0000] {logging_mixin.py:188} INFO - [2025-10-17T16:14:10.614+0000] {dag.py:3954} INFO - Setting next_dagrun for example_subdag_operator.section-1 to None, run_after=None
[2025-10-17T16:14:10.615+0000] {logging_mixin.py:188} INFO - [2025-10-17T16:14:10.615+0000] {dag.py:3954} INFO - Setting next_dagrun for example_subdag_operator.section-2 to None, run_after=None
[2025-10-17T16:14:10.648+0000] {processor.py:183} INFO - Processing /home/airflow/.local/lib/python3.12/site-packages/airflow/example_dags/example_subdag_operator.py took 0.292 seconds
[2025-10-17T16:14:41.313+0000] {processor.py:161} INFO - Started process (PID=123) to work on /home/airflow/.local/lib/python3.12/site-packages/airflow/example_dags/example_subdag_operator.py
[2025-10-17T16:14:41.314+0000] {processor.py:830} INFO - Processing file /home/airflow/.local/lib/python3.12/site-packages/airflow/example_dags/example_subdag_operator.py for tasks to queue
[2025-10-17T16:14:41.318+0000] {logging_mixin.py:188} INFO - [2025-10-17T16:14:41.317+0000] {dagbag.py:545} INFO - Filling up the DagBag from /home/airflow/.local/lib/python3.12/site-packages/airflow/example_dags/example_subdag_operator.py
[2025-10-17T16:14:41.363+0000] {processor.py:840} INFO - DAG(s) 'example_subdag_operator.section-1', 'example_subdag_operator.section-2', 'example_subdag_operator' retrieved from /home/airflow/.local/lib/python3.12/site-packages/airflow/example_dags/example_subdag_operator.py
[2025-10-17T16:14:41.394+0000] {logging_mixin.py:188} INFO - [2025-10-17T16:14:41.394+0000] {dag.py:3096} INFO - Sync 3 DAGs
[2025-10-17T16:14:41.443+0000] {logging_mixin.py:188} INFO - [2025-10-17T16:14:41.442+0000] {dag.py:3954} INFO - Setting next_dagrun for example_subdag_operator to 2022-01-01 00:00:00+00:00, run_after=2022-01-01 00:00:00+00:00
[2025-10-17T16:14:41.452+0000] {logging_mixin.py:188} INFO - [2025-10-17T16:14:41.452+0000] {dag.py:3954} INFO - Setting next_dagrun for example_subdag_operator.section-1 to None, run_after=None
[2025-10-17T16:14:41.454+0000] {logging_mixin.py:188} INFO - [2025-10-17T16:14:41.454+0000] {dag.py:3954} INFO - Setting next_dagrun for example_subdag_operator.section-2 to None, run_after=None
[2025-10-17T16:14:41.470+0000] {logging_mixin.py:188} INFO - [2025-10-17T16:14:41.470+0000] {dag.py:3096} INFO - Sync 2 DAGs
[2025-10-17T16:14:41.481+0000] {logging_mixin.py:188} INFO - [2025-10-17T16:14:41.481+0000] {dag.py:3954} INFO - Setting next_dagrun for example_subdag_operator.section-1 to None, run_after=None
[2025-10-17T16:14:41.483+0000] {logging_mixin.py:188} INFO - [2025-10-17T16:14:41.482+0000] {dag.py:3954} INFO - Setting next_dagrun for example_subdag_operator.section-2 to None, run_after=None
[2025-10-17T16:14:41.519+0000] {processor.py:183} INFO - Processing /home/airflow/.local/lib/python3.12/site-packages/airflow/example_dags/example_subdag_operator.py took 0.220 seconds
[2025-10-17T16:15:12.055+0000] {processor.py:161} INFO - Started process (PID=176) to work on /home/airflow/.local/lib/python3.12/site-packages/airflow/example_dags/example_subdag_operator.py
[2025-10-17T16:15:12.056+0000] {processor.py:830} INFO - Processing file /home/airflow/.local/lib/python3.12/site-packages/airflow/example_dags/example_subdag_operator.py for tasks to queue
[2025-10-17T16:15:12.064+0000] {logging_mixin.py:188} INFO - [2025-10-17T16:15:12.064+0000] {dagbag.py:545} INFO - Filling up the DagBag from /home/airflow/.local/lib/python3.12/site-packages/airflow/example_dags/example_subdag_operator.py
[2025-10-17T16:15:12.104+0000] {processor.py:840} INFO - DAG(s) 'example_subdag_operator.section-1', 'example_subdag_operator.section-2', 'example_subdag_operator' retrieved from /home/airflow/.local/lib/python3.12/site-packages/airflow/example_dags/example_subdag_operator.py
[2025-10-17T16:15:12.133+0000] {logging_mixin.py:188} INFO - [2025-10-17T16:15:12.132+0000] {dag.py:3096} INFO - Sync 3 DAGs
[2025-10-17T16:15:12.176+0000] {logging_mixin.py:188} INFO - [2025-10-17T16:15:12.175+0000] {dag.py:3954} INFO - Setting next_dagrun for example_subdag_operator to 2022-01-01 00:00:00+00:00, run_after=2022-01-01 00:00:00+00:00
[2025-10-17T16:15:12.182+0000] {logging_mixin.py:188} INFO - [2025-10-17T16:15:12.182+0000] {dag.py:3954} INFO - Setting next_dagrun for example_subdag_operator.section-1 to None, run_after=None
[2025-10-17T16:15:12.184+0000] {logging_mixin.py:188} INFO - [2025-10-17T16:15:12.184+0000] {dag.py:3954} INFO - Setting next_dagrun for example_subdag_operator.section-2 to None, run_after=None
[2025-10-17T16:15:12.200+0000] {logging_mixin.py:188} INFO - [2025-10-17T16:15:12.200+0000] {dag.py:3096} INFO - Sync 2 DAGs
[2025-10-17T16:15:12.208+0000] {logging_mixin.py:188} INFO - [2025-10-17T16:15:12.208+0000] {dag.py:3954} INFO - Setting next_dagrun for example_subdag_operator.section-1 to None, run_after=None
[2025-10-17T16:15:12.209+0000] {logging_mixin.py:188} INFO - [2025-10-17T16:15:12.209+0000] {dag.py:3954} INFO - Setting next_dagrun for example_subdag_operator.section-2 to None, run_after=None
[2025-10-17T16:15:12.231+0000] {processor.py:183} INFO - Processing /home/airflow/.local/lib/python3.12/site-packages/airflow/example_dags/example_subdag_operator.py took 0.186 seconds
[2025-10-17T16:15:43.102+0000] {processor.py:161} INFO - Started process (PID=229) to work on /home/airflow/.local/lib/python3.12/site-packages/airflow/example_dags/example_subdag_operator.py
[2025-10-17T16:15:43.103+0000] {processor.py:830} INFO - Processing file /home/airflow/.local/lib/python3.12/site-packages/airflow/example_dags/example_subdag_operator.py for tasks to queue
[2025-10-17T16:15:43.107+0000] {logging_mixin.py:188} INFO - [2025-10-17T16:15:43.107+0000] {dagbag.py:545} INFO - Filling up the DagBag from /home/airflow/.local/lib/python3.12/site-packages/airflow/example_dags/example_subdag_operator.py
[2025-10-17T16:15:43.150+0000] {processor.py:840} INFO - DAG(s) 'example_subdag_operator.section-1', 'example_subdag_operator.section-2', 'example_subdag_operator' retrieved from /home/airflow/.local/lib/python3.12/site-packages/airflow/example_dags/example_subdag_operator.py
[2025-10-17T16:15:43.176+0000] {logging_mixin.py:188} INFO - [2025-10-17T16:15:43.175+0000] {dag.py:3096} INFO - Sync 3 DAGs
[2025-10-17T16:15:43.218+0000] {logging_mixin.py:188} INFO - [2025-10-17T16:15:43.218+0000] {dag.py:3954} INFO - Setting next_dagrun for example_subdag_operator to 2022-01-01 00:00:00+00:00, run_after=2022-01-01 00:00:00+00:00
[2025-10-17T16:15:43.224+0000] {logging_mixin.py:188} INFO - [2025-10-17T16:15:43.224+0000] {dag.py:3954} INFO - Setting next_dagrun for example_subdag_operator.section-1 to None, run_after=None
[2025-10-17T16:15:43.226+0000] {logging_mixin.py:188} INFO - [2025-10-17T16:15:43.226+0000] {dag.py:3954} INFO - Setting next_dagrun for example_subdag_operator.section-2 to None, run_after=None
[2025-10-17T16:15:43.239+0000] {logging_mixin.py:188} INFO - [2025-10-17T16:15:43.239+0000] {dag.py:3096} INFO - Sync 2 DAGs
[2025-10-17T16:15:43.250+0000] {logging_mixin.py:188} INFO - [2025-10-17T16:15:43.249+0000] {dag.py:3954} INFO - Setting next_dagrun for example_subdag_operator.section-1 to None, run_after=None
[2025-10-17T16:15:43.251+0000] {logging_mixin.py:188} INFO - [2025-10-17T16:15:43.250+0000] {dag.py:3954} INFO - Setting next_dagrun for example_subdag_operator.section-2 to None, run_after=None
[2025-10-17T16:15:43.272+0000] {processor.py:183} INFO - Processing /home/airflow/.local/lib/python3.12/site-packages/airflow/example_dags/example_subdag_operator.py took 0.182 seconds
[2025-10-17T16:16:13.678+0000] {processor.py:161} INFO - Started process (PID=282) to work on /home/airflow/.local/lib/python3.12/site-packages/airflow/example_dags/example_subdag_operator.py
[2025-10-17T16:16:13.679+0000] {processor.py:830} INFO - Processing file /home/airflow/.local/lib/python3.12/site-packages/airflow/example_dags/example_subdag_operator.py for tasks to queue
[2025-10-17T16:16:13.682+0000] {logging_mixin.py:188} INFO - [2025-10-17T16:16:13.682+0000] {dagbag.py:545} INFO - Filling up the DagBag from /home/airflow/.local/lib/python3.12/site-packages/airflow/example_dags/example_subdag_operator.py
[2025-10-17T16:16:13.765+0000] {processor.py:840} INFO - DAG(s) 'example_subdag_operator.section-1', 'example_subdag_operator.section-2', 'example_subdag_operator' retrieved from /home/airflow/.local/lib/python3.12/site-packages/airflow/example_dags/example_subdag_operator.py
[2025-10-17T16:16:13.794+0000] {logging_mixin.py:188} INFO - [2025-10-17T16:16:13.794+0000] {dag.py:3096} INFO - Sync 3 DAGs
[2025-10-17T16:16:13.843+0000] {logging_mixin.py:188} INFO - [2025-10-17T16:16:13.842+0000] {dag.py:3954} INFO - Setting next_dagrun for example_subdag_operator to 2022-01-01 00:00:00+00:00, run_after=2022-01-01 00:00:00+00:00
[2025-10-17T16:16:13.852+0000] {logging_mixin.py:188} INFO - [2025-10-17T16:16:13.852+0000] {dag.py:3954} INFO - Setting next_dagrun for example_subdag_operator.section-1 to None, run_after=None
[2025-10-17T16:16:13.855+0000] {logging_mixin.py:188} INFO - [2025-10-17T16:16:13.854+0000] {dag.py:3954} INFO - Setting next_dagrun for example_subdag_operator.section-2 to None, run_after=None
[2025-10-17T16:16:13.870+0000] {logging_mixin.py:188} INFO - [2025-10-17T16:16:13.869+0000] {dag.py:3096} INFO - Sync 2 DAGs
[2025-10-17T16:16:13.881+0000] {logging_mixin.py:188} INFO - [2025-10-17T16:16:13.881+0000] {dag.py:3954} INFO - Setting next_dagrun for example_subdag_operator.section-1 to None, run_after=None
[2025-10-17T16:16:13.882+0000] {logging_mixin.py:188} INFO - [2025-10-17T16:16:13.882+0000] {dag.py:3954} INFO - Setting next_dagrun for example_subdag_operator.section-2 to None, run_after=None
[2025-10-17T16:16:13.905+0000] {processor.py:183} INFO - Processing /home/airflow/.local/lib/python3.12/site-packages/airflow/example_dags/example_subdag_operator.py took 0.237 seconds
[2025-10-17T16:16:44.081+0000] {processor.py:161} INFO - Started process (PID=335) to work on /home/airflow/.local/lib/python3.12/site-packages/airflow/example_dags/example_subdag_operator.py
[2025-10-17T16:16:44.083+0000] {processor.py:830} INFO - Processing file /home/airflow/.local/lib/python3.12/site-packages/airflow/example_dags/example_subdag_operator.py for tasks to queue
[2025-10-17T16:16:44.087+0000] {logging_mixin.py:188} INFO - [2025-10-17T16:16:44.086+0000] {dagbag.py:545} INFO - Filling up the DagBag from /home/airflow/.local/lib/python3.12/site-packages/airflow/example_dags/example_subdag_operator.py
[2025-10-17T16:16:44.128+0000] {processor.py:840} INFO - DAG(s) 'example_subdag_operator.section-1', 'example_subdag_operator.section-2', 'example_subdag_operator' retrieved from /home/airflow/.local/lib/python3.12/site-packages/airflow/example_dags/example_subdag_operator.py
[2025-10-17T16:16:44.158+0000] {logging_mixin.py:188} INFO - [2025-10-17T16:16:44.157+0000] {dag.py:3096} INFO - Sync 3 DAGs
[2025-10-17T16:16:44.216+0000] {logging_mixin.py:188} INFO - [2025-10-17T16:16:44.215+0000] {dag.py:3954} INFO - Setting next_dagrun for example_subdag_operator to 2022-01-01 00:00:00+00:00, run_after=2022-01-01 00:00:00+00:00
[2025-10-17T16:16:44.225+0000] {logging_mixin.py:188} INFO - [2025-10-17T16:16:44.224+0000] {dag.py:3954} INFO - Setting next_dagrun for example_subdag_operator.section-1 to None, run_after=None
[2025-10-17T16:16:44.231+0000] {logging_mixin.py:188} INFO - [2025-10-17T16:16:44.230+0000] {dag.py:3954} INFO - Setting next_dagrun for example_subdag_operator.section-2 to None, run_after=None
[2025-10-17T16:16:44.257+0000] {logging_mixin.py:188} INFO - [2025-10-17T16:16:44.256+0000] {dag.py:3096} INFO - Sync 2 DAGs
[2025-10-17T16:16:44.276+0000] {logging_mixin.py:188} INFO - [2025-10-17T16:16:44.276+0000] {dag.py:3954} INFO - Setting next_dagrun for example_subdag_operator.section-1 to None, run_after=None
[2025-10-17T16:16:44.278+0000] {logging_mixin.py:188} INFO - [2025-10-17T16:16:44.277+0000] {dag.py:3954} INFO - Setting next_dagrun for example_subdag_operator.section-2 to None, run_after=None
[2025-10-17T16:16:44.315+0000] {processor.py:183} INFO - Processing /home/airflow/.local/lib/python3.12/site-packages/airflow/example_dags/example_subdag_operator.py took 0.248 seconds
[2025-10-17T16:17:14.831+0000] {processor.py:161} INFO - Started process (PID=388) to work on /home/airflow/.local/lib/python3.12/site-packages/airflow/example_dags/example_subdag_operator.py
[2025-10-17T16:17:14.833+0000] {processor.py:830} INFO - Processing file /home/airflow/.local/lib/python3.12/site-packages/airflow/example_dags/example_subdag_operator.py for tasks to queue
[2025-10-17T16:17:14.837+0000] {logging_mixin.py:188} INFO - [2025-10-17T16:17:14.836+0000] {dagbag.py:545} INFO - Filling up the DagBag from /home/airflow/.local/lib/python3.12/site-packages/airflow/example_dags/example_subdag_operator.py
[2025-10-17T16:17:14.873+0000] {processor.py:840} INFO - DAG(s) 'example_subdag_operator.section-1', 'example_subdag_operator.section-2', 'example_subdag_operator' retrieved from /home/airflow/.local/lib/python3.12/site-packages/airflow/example_dags/example_subdag_operator.py
[2025-10-17T16:17:14.897+0000] {logging_mixin.py:188} INFO - [2025-10-17T16:17:14.897+0000] {dag.py:3096} INFO - Sync 3 DAGs
[2025-10-17T16:17:14.932+0000] {logging_mixin.py:188} INFO - [2025-10-17T16:17:14.932+0000] {dag.py:3954} INFO - Setting next_dagrun for example_subdag_operator to 2022-01-01 00:00:00+00:00, run_after=2022-01-01 00:00:00+00:00
[2025-10-17T16:17:14.941+0000] {logging_mixin.py:188} INFO - [2025-10-17T16:17:14.941+0000] {dag.py:3954} INFO - Setting next_dagrun for example_subdag_operator.section-1 to None, run_after=None
[2025-10-17T16:17:14.949+0000] {logging_mixin.py:188} INFO - [2025-10-17T16:17:14.949+0000] {dag.py:3954} INFO - Setting next_dagrun for example_subdag_operator.section-2 to None, run_after=None
[2025-10-17T16:17:14.963+0000] {logging_mixin.py:188} INFO - [2025-10-17T16:17:14.963+0000] {dag.py:3096} INFO - Sync 2 DAGs
[2025-10-17T16:17:14.972+0000] {logging_mixin.py:188} INFO - [2025-10-17T16:17:14.972+0000] {dag.py:3954} INFO - Setting next_dagrun for example_subdag_operator.section-1 to None, run_after=None
[2025-10-17T16:17:14.973+0000] {logging_mixin.py:188} INFO - [2025-10-17T16:17:14.972+0000] {dag.py:3954} INFO - Setting next_dagrun for example_subdag_operator.section-2 to None, run_after=None
[2025-10-17T16:17:14.995+0000] {processor.py:183} INFO - Processing /home/airflow/.local/lib/python3.12/site-packages/airflow/example_dags/example_subdag_operator.py took 0.179 seconds
[2025-10-17T16:17:45.733+0000] {processor.py:161} INFO - Started process (PID=441) to work on /home/airflow/.local/lib/python3.12/site-packages/airflow/example_dags/example_subdag_operator.py
[2025-10-17T16:17:45.735+0000] {processor.py:830} INFO - Processing file /home/airflow/.local/lib/python3.12/site-packages/airflow/example_dags/example_subdag_operator.py for tasks to queue
[2025-10-17T16:17:45.740+0000] {logging_mixin.py:188} INFO - [2025-10-17T16:17:45.739+0000] {dagbag.py:545} INFO - Filling up the DagBag from /home/airflow/.local/lib/python3.12/site-packages/airflow/example_dags/example_subdag_operator.py
[2025-10-17T16:17:45.782+0000] {processor.py:840} INFO - DAG(s) 'example_subdag_operator.section-1', 'example_subdag_operator.section-2', 'example_subdag_operator' retrieved from /home/airflow/.local/lib/python3.12/site-packages/airflow/example_dags/example_subdag_operator.py
[2025-10-17T16:17:45.807+0000] {logging_mixin.py:188} INFO - [2025-10-17T16:17:45.807+0000] {dag.py:3096} INFO - Sync 3 DAGs
[2025-10-17T16:17:45.856+0000] {logging_mixin.py:188} INFO - [2025-10-17T16:17:45.855+0000] {dag.py:3954} INFO - Setting next_dagrun for example_subdag_operator to 2022-01-01 00:00:00+00:00, run_after=2022-01-01 00:00:00+00:00
[2025-10-17T16:17:45.865+0000] {logging_mixin.py:188} INFO - [2025-10-17T16:17:45.865+0000] {dag.py:3954} INFO - Setting next_dagrun for example_subdag_operator.section-1 to None, run_after=None
[2025-10-17T16:17:45.869+0000] {logging_mixin.py:188} INFO - [2025-10-17T16:17:45.869+0000] {dag.py:3954} INFO - Setting next_dagrun for example_subdag_operator.section-2 to None, run_after=None
[2025-10-17T16:17:45.884+0000] {logging_mixin.py:188} INFO - [2025-10-17T16:17:45.884+0000] {dag.py:3096} INFO - Sync 2 DAGs
[2025-10-17T16:17:45.893+0000] {logging_mixin.py:188} INFO - [2025-10-17T16:17:45.893+0000] {dag.py:3954} INFO - Setting next_dagrun for example_subdag_operator.section-1 to None, run_after=None
[2025-10-17T16:17:45.894+0000] {logging_mixin.py:188} INFO - [2025-10-17T16:17:45.894+0000] {dag.py:3954} INFO - Setting next_dagrun for example_subdag_operator.section-2 to None, run_after=None
[2025-10-17T16:17:45.916+0000] {processor.py:183} INFO - Processing /home/airflow/.local/lib/python3.12/site-packages/airflow/example_dags/example_subdag_operator.py took 0.195 seconds
[2025-10-17T16:18:16.197+0000] {processor.py:161} INFO - Started process (PID=494) to work on /home/airflow/.local/lib/python3.12/site-packages/airflow/example_dags/example_subdag_operator.py
[2025-10-17T16:18:16.199+0000] {processor.py:830} INFO - Processing file /home/airflow/.local/lib/python3.12/site-packages/airflow/example_dags/example_subdag_operator.py for tasks to queue
[2025-10-17T16:18:16.203+0000] {logging_mixin.py:188} INFO - [2025-10-17T16:18:16.202+0000] {dagbag.py:545} INFO - Filling up the DagBag from /home/airflow/.local/lib/python3.12/site-packages/airflow/example_dags/example_subdag_operator.py
[2025-10-17T16:18:16.245+0000] {processor.py:840} INFO - DAG(s) 'example_subdag_operator.section-1', 'example_subdag_operator.section-2', 'example_subdag_operator' retrieved from /home/airflow/.local/lib/python3.12/site-packages/airflow/example_dags/example_subdag_operator.py
[2025-10-17T16:18:16.278+0000] {logging_mixin.py:188} INFO - [2025-10-17T16:18:16.277+0000] {dag.py:3096} INFO - Sync 3 DAGs
[2025-10-17T16:18:16.323+0000] {logging_mixin.py:188} INFO - [2025-10-17T16:18:16.322+0000] {dag.py:3954} INFO - Setting next_dagrun for example_subdag_operator to 2022-01-01 00:00:00+00:00, run_after=2022-01-01 00:00:00+00:00
[2025-10-17T16:18:16.337+0000] {logging_mixin.py:188} INFO - [2025-10-17T16:18:16.336+0000] {dag.py:3954} INFO - Setting next_dagrun for example_subdag_operator.section-1 to None, run_after=None
[2025-10-17T16:18:16.339+0000] {logging_mixin.py:188} INFO - [2025-10-17T16:18:16.339+0000] {dag.py:3954} INFO - Setting next_dagrun for example_subdag_operator.section-2 to None, run_after=None
[2025-10-17T16:18:16.352+0000] {logging_mixin.py:188} INFO - [2025-10-17T16:18:16.352+0000] {dag.py:3096} INFO - Sync 2 DAGs
[2025-10-17T16:18:16.362+0000] {logging_mixin.py:188} INFO - [2025-10-17T16:18:16.362+0000] {dag.py:3954} INFO - Setting next_dagrun for example_subdag_operator.section-1 to None, run_after=None
[2025-10-17T16:18:16.363+0000] {logging_mixin.py:188} INFO - [2025-10-17T16:18:16.363+0000] {dag.py:3954} INFO - Setting next_dagrun for example_subdag_operator.section-2 to None, run_after=None
[2025-10-17T16:18:16.400+0000] {processor.py:183} INFO - Processing /home/airflow/.local/lib/python3.12/site-packages/airflow/example_dags/example_subdag_operator.py took 0.215 seconds
[2025-10-17T16:18:48.151+0000] {processor.py:161} INFO - Started process (PID=547) to work on /home/airflow/.local/lib/python3.12/site-packages/airflow/example_dags/example_subdag_operator.py
[2025-10-17T16:18:48.153+0000] {processor.py:830} INFO - Processing file /home/airflow/.local/lib/python3.12/site-packages/airflow/example_dags/example_subdag_operator.py for tasks to queue
[2025-10-17T16:18:48.158+0000] {logging_mixin.py:188} INFO - [2025-10-17T16:18:48.157+0000] {dagbag.py:545} INFO - Filling up the DagBag from /home/airflow/.local/lib/python3.12/site-packages/airflow/example_dags/example_subdag_operator.py
[2025-10-17T16:18:48.206+0000] {processor.py:840} INFO - DAG(s) 'example_subdag_operator.section-1', 'example_subdag_operator.section-2', 'example_subdag_operator' retrieved from /home/airflow/.local/lib/python3.12/site-packages/airflow/example_dags/example_subdag_operator.py
[2025-10-17T16:18:48.237+0000] {logging_mixin.py:188} INFO - [2025-10-17T16:18:48.236+0000] {dag.py:3096} INFO - Sync 3 DAGs
[2025-10-17T16:18:48.331+0000] {logging_mixin.py:188} INFO - [2025-10-17T16:18:48.330+0000] {dag.py:3954} INFO - Setting next_dagrun for example_subdag_operator to 2022-01-01 00:00:00+00:00, run_after=2022-01-01 00:00:00+00:00
[2025-10-17T16:18:48.340+0000] {logging_mixin.py:188} INFO - [2025-10-17T16:18:48.340+0000] {dag.py:3954} INFO - Setting next_dagrun for example_subdag_operator.section-1 to None, run_after=None
[2025-10-17T16:18:48.344+0000] {logging_mixin.py:188} INFO - [2025-10-17T16:18:48.343+0000] {dag.py:3954} INFO - Setting next_dagrun for example_subdag_operator.section-2 to None, run_after=None
[2025-10-17T16:18:48.360+0000] {logging_mixin.py:188} INFO - [2025-10-17T16:18:48.359+0000] {dag.py:3096} INFO - Sync 2 DAGs
[2025-10-17T16:18:48.372+0000] {logging_mixin.py:188} INFO - [2025-10-17T16:18:48.372+0000] {dag.py:3954} INFO - Setting next_dagrun for example_subdag_operator.section-1 to None, run_after=None
[2025-10-17T16:18:48.375+0000] {logging_mixin.py:188} INFO - [2025-10-17T16:18:48.375+0000] {dag.py:3954} INFO - Setting next_dagrun for example_subdag_operator.section-2 to None, run_after=None
[2025-10-17T16:18:48.406+0000] {processor.py:183} INFO - Processing /home/airflow/.local/lib/python3.12/site-packages/airflow/example_dags/example_subdag_operator.py took 0.266 seconds
[2025-10-17T16:19:19.261+0000] {processor.py:161} INFO - Started process (PID=600) to work on /home/airflow/.local/lib/python3.12/site-packages/airflow/example_dags/example_subdag_operator.py
[2025-10-17T16:19:19.264+0000] {processor.py:830} INFO - Processing file /home/airflow/.local/lib/python3.12/site-packages/airflow/example_dags/example_subdag_operator.py for tasks to queue
[2025-10-17T16:19:19.274+0000] {logging_mixin.py:188} INFO - [2025-10-17T16:19:19.271+0000] {dagbag.py:545} INFO - Filling up the DagBag from /home/airflow/.local/lib/python3.12/site-packages/airflow/example_dags/example_subdag_operator.py
[2025-10-17T16:19:19.320+0000] {processor.py:840} INFO - DAG(s) 'example_subdag_operator.section-1', 'example_subdag_operator.section-2', 'example_subdag_operator' retrieved from /home/airflow/.local/lib/python3.12/site-packages/airflow/example_dags/example_subdag_operator.py
[2025-10-17T16:19:19.355+0000] {logging_mixin.py:188} INFO - [2025-10-17T16:19:19.354+0000] {dag.py:3096} INFO - Sync 3 DAGs
[2025-10-17T16:19:19.403+0000] {logging_mixin.py:188} INFO - [2025-10-17T16:19:19.402+0000] {dag.py:3954} INFO - Setting next_dagrun for example_subdag_operator to 2022-01-01 00:00:00+00:00, run_after=2022-01-01 00:00:00+00:00
[2025-10-17T16:19:19.411+0000] {logging_mixin.py:188} INFO - [2025-10-17T16:19:19.411+0000] {dag.py:3954} INFO - Setting next_dagrun for example_subdag_operator.section-1 to None, run_after=None
[2025-10-17T16:19:19.415+0000] {logging_mixin.py:188} INFO - [2025-10-17T16:19:19.414+0000] {dag.py:3954} INFO - Setting next_dagrun for example_subdag_operator.section-2 to None, run_after=None
[2025-10-17T16:19:19.429+0000] {logging_mixin.py:188} INFO - [2025-10-17T16:19:19.429+0000] {dag.py:3096} INFO - Sync 2 DAGs
[2025-10-17T16:19:19.438+0000] {logging_mixin.py:188} INFO - [2025-10-17T16:19:19.437+0000] {dag.py:3954} INFO - Setting next_dagrun for example_subdag_operator.section-1 to None, run_after=None
[2025-10-17T16:19:19.438+0000] {logging_mixin.py:188} INFO - [2025-10-17T16:19:19.438+0000] {dag.py:3954} INFO - Setting next_dagrun for example_subdag_operator.section-2 to None, run_after=None
[2025-10-17T16:19:19.460+0000] {processor.py:183} INFO - Processing /home/airflow/.local/lib/python3.12/site-packages/airflow/example_dags/example_subdag_operator.py took 0.221 seconds
[2025-10-17T16:19:50.102+0000] {processor.py:161} INFO - Started process (PID=653) to work on /home/airflow/.local/lib/python3.12/site-packages/airflow/example_dags/example_subdag_operator.py
[2025-10-17T16:19:50.104+0000] {processor.py:830} INFO - Processing file /home/airflow/.local/lib/python3.12/site-packages/airflow/example_dags/example_subdag_operator.py for tasks to queue
[2025-10-17T16:19:50.108+0000] {logging_mixin.py:188} INFO - [2025-10-17T16:19:50.107+0000] {dagbag.py:545} INFO - Filling up the DagBag from /home/airflow/.local/lib/python3.12/site-packages/airflow/example_dags/example_subdag_operator.py
[2025-10-17T16:19:50.149+0000] {processor.py:840} INFO - DAG(s) 'example_subdag_operator.section-1', 'example_subdag_operator.section-2', 'example_subdag_operator' retrieved from /home/airflow/.local/lib/python3.12/site-packages/airflow/example_dags/example_subdag_operator.py
[2025-10-17T16:19:50.173+0000] {logging_mixin.py:188} INFO - [2025-10-17T16:19:50.172+0000] {dag.py:3096} INFO - Sync 3 DAGs
[2025-10-17T16:19:50.204+0000] {logging_mixin.py:188} INFO - [2025-10-17T16:19:50.203+0000] {dag.py:3954} INFO - Setting next_dagrun for example_subdag_operator to 2022-01-01 00:00:00+00:00, run_after=2022-01-01 00:00:00+00:00
[2025-10-17T16:19:50.209+0000] {logging_mixin.py:188} INFO - [2025-10-17T16:19:50.209+0000] {dag.py:3954} INFO - Setting next_dagrun for example_subdag_operator.section-1 to None, run_after=None
[2025-10-17T16:19:50.212+0000] {logging_mixin.py:188} INFO - [2025-10-17T16:19:50.211+0000] {dag.py:3954} INFO - Setting next_dagrun for example_subdag_operator.section-2 to None, run_after=None
[2025-10-17T16:19:50.225+0000] {logging_mixin.py:188} INFO - [2025-10-17T16:19:50.225+0000] {dag.py:3096} INFO - Sync 2 DAGs
[2025-10-17T16:19:50.235+0000] {logging_mixin.py:188} INFO - [2025-10-17T16:19:50.235+0000] {dag.py:3954} INFO - Setting next_dagrun for example_subdag_operator.section-1 to None, run_after=None
[2025-10-17T16:19:50.236+0000] {logging_mixin.py:188} INFO - [2025-10-17T16:19:50.236+0000] {dag.py:3954} INFO - Setting next_dagrun for example_subdag_operator.section-2 to None, run_after=None
[2025-10-17T16:19:50.261+0000] {processor.py:183} INFO - Processing /home/airflow/.local/lib/python3.12/site-packages/airflow/example_dags/example_subdag_operator.py took 0.168 seconds
[2025-10-17T16:20:21.167+0000] {processor.py:161} INFO - Started process (PID=706) to work on /home/airflow/.local/lib/python3.12/site-packages/airflow/example_dags/example_subdag_operator.py
[2025-10-17T16:20:21.169+0000] {processor.py:830} INFO - Processing file /home/airflow/.local/lib/python3.12/site-packages/airflow/example_dags/example_subdag_operator.py for tasks to queue
[2025-10-17T16:20:21.174+0000] {logging_mixin.py:188} INFO - [2025-10-17T16:20:21.173+0000] {dagbag.py:545} INFO - Filling up the DagBag from /home/airflow/.local/lib/python3.12/site-packages/airflow/example_dags/example_subdag_operator.py
[2025-10-17T16:20:21.220+0000] {processor.py:840} INFO - DAG(s) 'example_subdag_operator.section-1', 'example_subdag_operator.section-2', 'example_subdag_operator' retrieved from /home/airflow/.local/lib/python3.12/site-packages/airflow/example_dags/example_subdag_operator.py
[2025-10-17T16:20:21.252+0000] {logging_mixin.py:188} INFO - [2025-10-17T16:20:21.252+0000] {dag.py:3096} INFO - Sync 3 DAGs
[2025-10-17T16:20:21.292+0000] {logging_mixin.py:188} INFO - [2025-10-17T16:20:21.292+0000] {dag.py:3954} INFO - Setting next_dagrun for example_subdag_operator to 2022-01-01 00:00:00+00:00, run_after=2022-01-01 00:00:00+00:00
[2025-10-17T16:20:21.299+0000] {logging_mixin.py:188} INFO - [2025-10-17T16:20:21.299+0000] {dag.py:3954} INFO - Setting next_dagrun for example_subdag_operator.section-1 to None, run_after=None
[2025-10-17T16:20:21.302+0000] {logging_mixin.py:188} INFO - [2025-10-17T16:20:21.302+0000] {dag.py:3954} INFO - Setting next_dagrun for example_subdag_operator.section-2 to None, run_after=None
[2025-10-17T16:20:21.315+0000] {logging_mixin.py:188} INFO - [2025-10-17T16:20:21.314+0000] {dag.py:3096} INFO - Sync 2 DAGs
[2025-10-17T16:20:21.324+0000] {logging_mixin.py:188} INFO - [2025-10-17T16:20:21.324+0000] {dag.py:3954} INFO - Setting next_dagrun for example_subdag_operator.section-1 to None, run_after=None
[2025-10-17T16:20:21.325+0000] {logging_mixin.py:188} INFO - [2025-10-17T16:20:21.325+0000] {dag.py:3954} INFO - Setting next_dagrun for example_subdag_operator.section-2 to None, run_after=None
[2025-10-17T16:20:21.348+0000] {processor.py:183} INFO - Processing /home/airflow/.local/lib/python3.12/site-packages/airflow/example_dags/example_subdag_operator.py took 0.194 seconds
