[2025-10-17T13:03:43.687+0000] {processor.py:161} INFO - Started process (PID=29) to work on /home/airflow/.local/lib/python3.12/site-packages/airflow/example_dags/example_params_trigger_ui.py
[2025-10-17T13:03:43.715+0000] {processor.py:830} INFO - Processing file /home/airflow/.local/lib/python3.12/site-packages/airflow/example_dags/example_params_trigger_ui.py for tasks to queue
[2025-10-17T13:03:43.735+0000] {logging_mixin.py:188} INFO - [2025-10-17T13:03:43.734+0000] {dagbag.py:545} INFO - Filling up the DagBag from /home/airflow/.local/lib/python3.12/site-packages/airflow/example_dags/example_params_trigger_ui.py
[2025-10-17T13:03:44.089+0000] {processor.py:840} INFO - DAG(s) 'example_params_trigger_ui' retrieved from /home/airflow/.local/lib/python3.12/site-packages/airflow/example_dags/example_params_trigger_ui.py
[2025-10-17T13:03:45.909+0000] {logging_mixin.py:188} INFO - [2025-10-17T13:03:45.908+0000] {dag.py:3096} INFO - Sync 1 DAGs
[2025-10-17T13:03:45.961+0000] {logging_mixin.py:188} INFO - [2025-10-17T13:03:45.960+0000] {dag.py:3954} INFO - Setting next_dagrun for example_params_trigger_ui to None, run_after=None
[2025-10-17T13:03:46.070+0000] {processor.py:183} INFO - Processing /home/airflow/.local/lib/python3.12/site-packages/airflow/example_dags/example_params_trigger_ui.py took 2.484 seconds
[2025-10-17T13:04:16.488+0000] {processor.py:161} INFO - Started process (PID=81) to work on /home/airflow/.local/lib/python3.12/site-packages/airflow/example_dags/example_params_trigger_ui.py
[2025-10-17T13:04:16.492+0000] {processor.py:830} INFO - Processing file /home/airflow/.local/lib/python3.12/site-packages/airflow/example_dags/example_params_trigger_ui.py for tasks to queue
[2025-10-17T13:04:16.497+0000] {logging_mixin.py:188} INFO - [2025-10-17T13:04:16.496+0000] {dagbag.py:545} INFO - Filling up the DagBag from /home/airflow/.local/lib/python3.12/site-packages/airflow/example_dags/example_params_trigger_ui.py
[2025-10-17T13:04:16.532+0000] {processor.py:840} INFO - DAG(s) 'example_params_trigger_ui' retrieved from /home/airflow/.local/lib/python3.12/site-packages/airflow/example_dags/example_params_trigger_ui.py
[2025-10-17T13:04:16.680+0000] {logging_mixin.py:188} INFO - [2025-10-17T13:04:16.679+0000] {dag.py:3096} INFO - Sync 1 DAGs
[2025-10-17T13:04:16.701+0000] {logging_mixin.py:188} INFO - [2025-10-17T13:04:16.700+0000] {dag.py:3954} INFO - Setting next_dagrun for example_params_trigger_ui to None, run_after=None
[2025-10-17T13:04:16.773+0000] {processor.py:183} INFO - Processing /home/airflow/.local/lib/python3.12/site-packages/airflow/example_dags/example_params_trigger_ui.py took 0.299 seconds
[2025-10-17T13:04:47.359+0000] {processor.py:161} INFO - Started process (PID=133) to work on /home/airflow/.local/lib/python3.12/site-packages/airflow/example_dags/example_params_trigger_ui.py
[2025-10-17T13:04:47.414+0000] {processor.py:830} INFO - Processing file /home/airflow/.local/lib/python3.12/site-packages/airflow/example_dags/example_params_trigger_ui.py for tasks to queue
[2025-10-17T13:04:47.422+0000] {logging_mixin.py:188} INFO - [2025-10-17T13:04:47.421+0000] {dagbag.py:545} INFO - Filling up the DagBag from /home/airflow/.local/lib/python3.12/site-packages/airflow/example_dags/example_params_trigger_ui.py
[2025-10-17T13:04:47.469+0000] {processor.py:840} INFO - DAG(s) 'example_params_trigger_ui' retrieved from /home/airflow/.local/lib/python3.12/site-packages/airflow/example_dags/example_params_trigger_ui.py
[2025-10-17T13:04:47.591+0000] {logging_mixin.py:188} INFO - [2025-10-17T13:04:47.591+0000] {dag.py:3096} INFO - Sync 1 DAGs
[2025-10-17T13:04:47.627+0000] {logging_mixin.py:188} INFO - [2025-10-17T13:04:47.626+0000] {dag.py:3954} INFO - Setting next_dagrun for example_params_trigger_ui to None, run_after=None
[2025-10-17T13:04:55.686+0000] {processor.py:186} ERROR - Got an exception! Propagating...
Traceback (most recent call last):
  File "/home/airflow/.local/lib/python3.12/site-packages/sqlalchemy/engine/base.py", line 1094, in _commit_impl
  File "/home/airflow/.local/lib/python3.12/site-packages/sqlalchemy/engine/default.py", line 686, in do_commit
psycopg2.OperationalError: server closed the connection unexpectedly
	This probably means the server terminated abnormally
	before or while processing the request.


The above exception was the direct cause of the following exception:

Traceback (most recent call last):
  File "/home/airflow/.local/lib/python3.12/site-packages/airflow/dag_processing/processor.py", line 182, in _run_file_processor
  File "/home/airflow/.local/lib/python3.12/site-packages/airflow/dag_processing/processor.py", line 163, in _handle_dag_file_processing
  File "/home/airflow/.local/lib/python3.12/site-packages/airflow/utils/session.py", line 79, in wrapper
  File "/home/airflow/.local/lib/python3.12/site-packages/airflow/dag_processing/processor.py", line 859, in process_file
  File "/home/airflow/.local/lib/python3.12/site-packages/airflow/api_internal/internal_api_call.py", line 115, in wrapper
  File "/home/airflow/.local/lib/python3.12/site-packages/airflow/utils/session.py", line 79, in wrapper
  File "/home/airflow/.local/lib/python3.12/site-packages/airflow/dag_processing/processor.py", line 896, in save_dag_to_db
  File "/home/airflow/.local/lib/python3.12/site-packages/sqlalchemy/orm/session.py", line 1454, in commit
  File "/home/airflow/.local/lib/python3.12/site-packages/sqlalchemy/orm/session.py", line 839, in commit
  File "/home/airflow/.local/lib/python3.12/site-packages/sqlalchemy/engine/base.py", line 2469, in commit
  File "/home/airflow/.local/lib/python3.12/site-packages/sqlalchemy/engine/base.py", line 2659, in _do_commit
  File "/home/airflow/.local/lib/python3.12/site-packages/sqlalchemy/engine/base.py", line 2630, in _connection_commit_impl
  File "/home/airflow/.local/lib/python3.12/site-packages/sqlalchemy/engine/base.py", line 1096, in _commit_impl
  File "/home/airflow/.local/lib/python3.12/site-packages/sqlalchemy/engine/base.py", line 2134, in _handle_dbapi_exception
  File "/home/airflow/.local/lib/python3.12/site-packages/sqlalchemy/util/compat.py", line 211, in raise_
  File "/home/airflow/.local/lib/python3.12/site-packages/sqlalchemy/engine/base.py", line 1094, in _commit_impl
  File "/home/airflow/.local/lib/python3.12/site-packages/sqlalchemy/engine/default.py", line 686, in do_commit
sqlalchemy.exc.OperationalError: (psycopg2.OperationalError) server closed the connection unexpectedly
	This probably means the server terminated abnormally
	before or while processing the request.

(Background on this error at: https://sqlalche.me/e/14/e3q8)
[2025-10-17T13:44:41.881+0000] {processor.py:161} INFO - Started process (PID=30) to work on /home/airflow/.local/lib/python3.12/site-packages/airflow/example_dags/example_params_trigger_ui.py
[2025-10-17T13:44:41.884+0000] {processor.py:830} INFO - Processing file /home/airflow/.local/lib/python3.12/site-packages/airflow/example_dags/example_params_trigger_ui.py for tasks to queue
[2025-10-17T13:44:41.887+0000] {logging_mixin.py:188} INFO - [2025-10-17T13:44:41.887+0000] {dagbag.py:545} INFO - Filling up the DagBag from /home/airflow/.local/lib/python3.12/site-packages/airflow/example_dags/example_params_trigger_ui.py
[2025-10-17T13:44:41.927+0000] {processor.py:840} INFO - DAG(s) 'example_params_trigger_ui' retrieved from /home/airflow/.local/lib/python3.12/site-packages/airflow/example_dags/example_params_trigger_ui.py
[2025-10-17T13:44:42.104+0000] {logging_mixin.py:188} INFO - [2025-10-17T13:44:42.104+0000] {dag.py:3096} INFO - Sync 1 DAGs
[2025-10-17T13:44:42.147+0000] {logging_mixin.py:188} INFO - [2025-10-17T13:44:42.147+0000] {dag.py:3954} INFO - Setting next_dagrun for example_params_trigger_ui to None, run_after=None
[2025-10-17T13:44:42.358+0000] {processor.py:183} INFO - Processing /home/airflow/.local/lib/python3.12/site-packages/airflow/example_dags/example_params_trigger_ui.py took 0.515 seconds
[2025-10-17T13:45:12.671+0000] {processor.py:161} INFO - Started process (PID=82) to work on /home/airflow/.local/lib/python3.12/site-packages/airflow/example_dags/example_params_trigger_ui.py
[2025-10-17T13:45:12.676+0000] {processor.py:830} INFO - Processing file /home/airflow/.local/lib/python3.12/site-packages/airflow/example_dags/example_params_trigger_ui.py for tasks to queue
[2025-10-17T13:45:12.680+0000] {logging_mixin.py:188} INFO - [2025-10-17T13:45:12.680+0000] {dagbag.py:545} INFO - Filling up the DagBag from /home/airflow/.local/lib/python3.12/site-packages/airflow/example_dags/example_params_trigger_ui.py
[2025-10-17T13:45:12.717+0000] {processor.py:840} INFO - DAG(s) 'example_params_trigger_ui' retrieved from /home/airflow/.local/lib/python3.12/site-packages/airflow/example_dags/example_params_trigger_ui.py
[2025-10-17T13:45:12.861+0000] {logging_mixin.py:188} INFO - [2025-10-17T13:45:12.860+0000] {dag.py:3096} INFO - Sync 1 DAGs
[2025-10-17T13:45:12.910+0000] {logging_mixin.py:188} INFO - [2025-10-17T13:45:12.909+0000] {dag.py:3954} INFO - Setting next_dagrun for example_params_trigger_ui to None, run_after=None
[2025-10-17T13:45:12.995+0000] {processor.py:183} INFO - Processing /home/airflow/.local/lib/python3.12/site-packages/airflow/example_dags/example_params_trigger_ui.py took 0.344 seconds
[2025-10-17T16:14:00.147+0000] {processor.py:161} INFO - Started process (PID=29) to work on /home/airflow/.local/lib/python3.12/site-packages/airflow/example_dags/example_params_trigger_ui.py
[2025-10-17T16:14:00.149+0000] {processor.py:830} INFO - Processing file /home/airflow/.local/lib/python3.12/site-packages/airflow/example_dags/example_params_trigger_ui.py for tasks to queue
[2025-10-17T16:14:00.153+0000] {logging_mixin.py:188} INFO - [2025-10-17T16:14:00.152+0000] {dagbag.py:545} INFO - Filling up the DagBag from /home/airflow/.local/lib/python3.12/site-packages/airflow/example_dags/example_params_trigger_ui.py
[2025-10-17T16:14:00.190+0000] {processor.py:840} INFO - DAG(s) 'example_params_trigger_ui' retrieved from /home/airflow/.local/lib/python3.12/site-packages/airflow/example_dags/example_params_trigger_ui.py
[2025-10-17T16:14:00.311+0000] {logging_mixin.py:188} INFO - [2025-10-17T16:14:00.311+0000] {dag.py:3096} INFO - Sync 1 DAGs
[2025-10-17T16:14:00.337+0000] {logging_mixin.py:188} INFO - [2025-10-17T16:14:00.337+0000] {dag.py:3954} INFO - Setting next_dagrun for example_params_trigger_ui to None, run_after=None
[2025-10-17T16:14:00.379+0000] {processor.py:183} INFO - Processing /home/airflow/.local/lib/python3.12/site-packages/airflow/example_dags/example_params_trigger_ui.py took 0.243 seconds
[2025-10-17T16:14:30.521+0000] {processor.py:161} INFO - Started process (PID=82) to work on /home/airflow/.local/lib/python3.12/site-packages/airflow/example_dags/example_params_trigger_ui.py
[2025-10-17T16:14:30.522+0000] {processor.py:830} INFO - Processing file /home/airflow/.local/lib/python3.12/site-packages/airflow/example_dags/example_params_trigger_ui.py for tasks to queue
[2025-10-17T16:14:30.525+0000] {logging_mixin.py:188} INFO - [2025-10-17T16:14:30.525+0000] {dagbag.py:545} INFO - Filling up the DagBag from /home/airflow/.local/lib/python3.12/site-packages/airflow/example_dags/example_params_trigger_ui.py
[2025-10-17T16:14:30.547+0000] {processor.py:840} INFO - DAG(s) 'example_params_trigger_ui' retrieved from /home/airflow/.local/lib/python3.12/site-packages/airflow/example_dags/example_params_trigger_ui.py
[2025-10-17T16:14:30.610+0000] {logging_mixin.py:188} INFO - [2025-10-17T16:14:30.610+0000] {dag.py:3096} INFO - Sync 1 DAGs
[2025-10-17T16:14:30.629+0000] {logging_mixin.py:188} INFO - [2025-10-17T16:14:30.629+0000] {dag.py:3954} INFO - Setting next_dagrun for example_params_trigger_ui to None, run_after=None
[2025-10-17T16:14:30.664+0000] {processor.py:183} INFO - Processing /home/airflow/.local/lib/python3.12/site-packages/airflow/example_dags/example_params_trigger_ui.py took 0.153 seconds
[2025-10-17T16:15:00.782+0000] {processor.py:161} INFO - Started process (PID=135) to work on /home/airflow/.local/lib/python3.12/site-packages/airflow/example_dags/example_params_trigger_ui.py
[2025-10-17T16:15:00.783+0000] {processor.py:830} INFO - Processing file /home/airflow/.local/lib/python3.12/site-packages/airflow/example_dags/example_params_trigger_ui.py for tasks to queue
[2025-10-17T16:15:00.786+0000] {logging_mixin.py:188} INFO - [2025-10-17T16:15:00.786+0000] {dagbag.py:545} INFO - Filling up the DagBag from /home/airflow/.local/lib/python3.12/site-packages/airflow/example_dags/example_params_trigger_ui.py
[2025-10-17T16:15:00.806+0000] {processor.py:840} INFO - DAG(s) 'example_params_trigger_ui' retrieved from /home/airflow/.local/lib/python3.12/site-packages/airflow/example_dags/example_params_trigger_ui.py
[2025-10-17T16:15:00.866+0000] {logging_mixin.py:188} INFO - [2025-10-17T16:15:00.866+0000] {dag.py:3096} INFO - Sync 1 DAGs
[2025-10-17T16:15:00.886+0000] {logging_mixin.py:188} INFO - [2025-10-17T16:15:00.886+0000] {dag.py:3954} INFO - Setting next_dagrun for example_params_trigger_ui to None, run_after=None
[2025-10-17T16:15:00.917+0000] {processor.py:183} INFO - Processing /home/airflow/.local/lib/python3.12/site-packages/airflow/example_dags/example_params_trigger_ui.py took 0.144 seconds
[2025-10-17T16:15:31.648+0000] {processor.py:161} INFO - Started process (PID=188) to work on /home/airflow/.local/lib/python3.12/site-packages/airflow/example_dags/example_params_trigger_ui.py
[2025-10-17T16:15:31.650+0000] {processor.py:830} INFO - Processing file /home/airflow/.local/lib/python3.12/site-packages/airflow/example_dags/example_params_trigger_ui.py for tasks to queue
[2025-10-17T16:15:31.653+0000] {logging_mixin.py:188} INFO - [2025-10-17T16:15:31.653+0000] {dagbag.py:545} INFO - Filling up the DagBag from /home/airflow/.local/lib/python3.12/site-packages/airflow/example_dags/example_params_trigger_ui.py
[2025-10-17T16:15:31.675+0000] {processor.py:840} INFO - DAG(s) 'example_params_trigger_ui' retrieved from /home/airflow/.local/lib/python3.12/site-packages/airflow/example_dags/example_params_trigger_ui.py
[2025-10-17T16:15:31.753+0000] {logging_mixin.py:188} INFO - [2025-10-17T16:15:31.753+0000] {dag.py:3096} INFO - Sync 1 DAGs
[2025-10-17T16:15:31.771+0000] {logging_mixin.py:188} INFO - [2025-10-17T16:15:31.771+0000] {dag.py:3954} INFO - Setting next_dagrun for example_params_trigger_ui to None, run_after=None
[2025-10-17T16:15:31.799+0000] {processor.py:183} INFO - Processing /home/airflow/.local/lib/python3.12/site-packages/airflow/example_dags/example_params_trigger_ui.py took 0.161 seconds
[2025-10-17T16:16:02.212+0000] {processor.py:161} INFO - Started process (PID=241) to work on /home/airflow/.local/lib/python3.12/site-packages/airflow/example_dags/example_params_trigger_ui.py
[2025-10-17T16:16:02.214+0000] {processor.py:830} INFO - Processing file /home/airflow/.local/lib/python3.12/site-packages/airflow/example_dags/example_params_trigger_ui.py for tasks to queue
[2025-10-17T16:16:02.217+0000] {logging_mixin.py:188} INFO - [2025-10-17T16:16:02.216+0000] {dagbag.py:545} INFO - Filling up the DagBag from /home/airflow/.local/lib/python3.12/site-packages/airflow/example_dags/example_params_trigger_ui.py
[2025-10-17T16:16:02.237+0000] {processor.py:840} INFO - DAG(s) 'example_params_trigger_ui' retrieved from /home/airflow/.local/lib/python3.12/site-packages/airflow/example_dags/example_params_trigger_ui.py
[2025-10-17T16:16:02.297+0000] {logging_mixin.py:188} INFO - [2025-10-17T16:16:02.297+0000] {dag.py:3096} INFO - Sync 1 DAGs
[2025-10-17T16:16:02.316+0000] {logging_mixin.py:188} INFO - [2025-10-17T16:16:02.315+0000] {dag.py:3954} INFO - Setting next_dagrun for example_params_trigger_ui to None, run_after=None
[2025-10-17T16:16:02.347+0000] {processor.py:183} INFO - Processing /home/airflow/.local/lib/python3.12/site-packages/airflow/example_dags/example_params_trigger_ui.py took 0.144 seconds
[2025-10-17T16:16:33.194+0000] {processor.py:161} INFO - Started process (PID=294) to work on /home/airflow/.local/lib/python3.12/site-packages/airflow/example_dags/example_params_trigger_ui.py
[2025-10-17T16:16:33.196+0000] {processor.py:830} INFO - Processing file /home/airflow/.local/lib/python3.12/site-packages/airflow/example_dags/example_params_trigger_ui.py for tasks to queue
[2025-10-17T16:16:33.201+0000] {logging_mixin.py:188} INFO - [2025-10-17T16:16:33.200+0000] {dagbag.py:545} INFO - Filling up the DagBag from /home/airflow/.local/lib/python3.12/site-packages/airflow/example_dags/example_params_trigger_ui.py
[2025-10-17T16:16:33.228+0000] {processor.py:840} INFO - DAG(s) 'example_params_trigger_ui' retrieved from /home/airflow/.local/lib/python3.12/site-packages/airflow/example_dags/example_params_trigger_ui.py
[2025-10-17T16:16:33.310+0000] {logging_mixin.py:188} INFO - [2025-10-17T16:16:33.310+0000] {dag.py:3096} INFO - Sync 1 DAGs
[2025-10-17T16:16:33.334+0000] {logging_mixin.py:188} INFO - [2025-10-17T16:16:33.333+0000] {dag.py:3954} INFO - Setting next_dagrun for example_params_trigger_ui to None, run_after=None
[2025-10-17T16:16:33.372+0000] {processor.py:183} INFO - Processing /home/airflow/.local/lib/python3.12/site-packages/airflow/example_dags/example_params_trigger_ui.py took 0.188 seconds
[2025-10-17T16:17:03.544+0000] {processor.py:161} INFO - Started process (PID=347) to work on /home/airflow/.local/lib/python3.12/site-packages/airflow/example_dags/example_params_trigger_ui.py
[2025-10-17T16:17:03.545+0000] {processor.py:830} INFO - Processing file /home/airflow/.local/lib/python3.12/site-packages/airflow/example_dags/example_params_trigger_ui.py for tasks to queue
[2025-10-17T16:17:03.549+0000] {logging_mixin.py:188} INFO - [2025-10-17T16:17:03.548+0000] {dagbag.py:545} INFO - Filling up the DagBag from /home/airflow/.local/lib/python3.12/site-packages/airflow/example_dags/example_params_trigger_ui.py
[2025-10-17T16:17:03.568+0000] {processor.py:840} INFO - DAG(s) 'example_params_trigger_ui' retrieved from /home/airflow/.local/lib/python3.12/site-packages/airflow/example_dags/example_params_trigger_ui.py
[2025-10-17T16:17:03.631+0000] {logging_mixin.py:188} INFO - [2025-10-17T16:17:03.631+0000] {dag.py:3096} INFO - Sync 1 DAGs
[2025-10-17T16:17:03.650+0000] {logging_mixin.py:188} INFO - [2025-10-17T16:17:03.650+0000] {dag.py:3954} INFO - Setting next_dagrun for example_params_trigger_ui to None, run_after=None
[2025-10-17T16:17:03.682+0000] {processor.py:183} INFO - Processing /home/airflow/.local/lib/python3.12/site-packages/airflow/example_dags/example_params_trigger_ui.py took 0.147 seconds
[2025-10-17T16:17:34.197+0000] {processor.py:161} INFO - Started process (PID=400) to work on /home/airflow/.local/lib/python3.12/site-packages/airflow/example_dags/example_params_trigger_ui.py
[2025-10-17T16:17:34.198+0000] {processor.py:830} INFO - Processing file /home/airflow/.local/lib/python3.12/site-packages/airflow/example_dags/example_params_trigger_ui.py for tasks to queue
[2025-10-17T16:17:34.202+0000] {logging_mixin.py:188} INFO - [2025-10-17T16:17:34.201+0000] {dagbag.py:545} INFO - Filling up the DagBag from /home/airflow/.local/lib/python3.12/site-packages/airflow/example_dags/example_params_trigger_ui.py
[2025-10-17T16:17:34.223+0000] {processor.py:840} INFO - DAG(s) 'example_params_trigger_ui' retrieved from /home/airflow/.local/lib/python3.12/site-packages/airflow/example_dags/example_params_trigger_ui.py
[2025-10-17T16:17:34.290+0000] {logging_mixin.py:188} INFO - [2025-10-17T16:17:34.290+0000] {dag.py:3096} INFO - Sync 1 DAGs
[2025-10-17T16:17:34.310+0000] {logging_mixin.py:188} INFO - [2025-10-17T16:17:34.310+0000] {dag.py:3954} INFO - Setting next_dagrun for example_params_trigger_ui to None, run_after=None
[2025-10-17T16:17:34.341+0000] {processor.py:183} INFO - Processing /home/airflow/.local/lib/python3.12/site-packages/airflow/example_dags/example_params_trigger_ui.py took 0.155 seconds
[2025-10-17T16:18:05.176+0000] {processor.py:161} INFO - Started process (PID=453) to work on /home/airflow/.local/lib/python3.12/site-packages/airflow/example_dags/example_params_trigger_ui.py
[2025-10-17T16:18:05.177+0000] {processor.py:830} INFO - Processing file /home/airflow/.local/lib/python3.12/site-packages/airflow/example_dags/example_params_trigger_ui.py for tasks to queue
[2025-10-17T16:18:05.182+0000] {logging_mixin.py:188} INFO - [2025-10-17T16:18:05.181+0000] {dagbag.py:545} INFO - Filling up the DagBag from /home/airflow/.local/lib/python3.12/site-packages/airflow/example_dags/example_params_trigger_ui.py
[2025-10-17T16:18:05.202+0000] {processor.py:840} INFO - DAG(s) 'example_params_trigger_ui' retrieved from /home/airflow/.local/lib/python3.12/site-packages/airflow/example_dags/example_params_trigger_ui.py
[2025-10-17T16:18:05.269+0000] {logging_mixin.py:188} INFO - [2025-10-17T16:18:05.269+0000] {dag.py:3096} INFO - Sync 1 DAGs
[2025-10-17T16:18:05.289+0000] {logging_mixin.py:188} INFO - [2025-10-17T16:18:05.289+0000] {dag.py:3954} INFO - Setting next_dagrun for example_params_trigger_ui to None, run_after=None
[2025-10-17T16:18:05.320+0000] {processor.py:183} INFO - Processing /home/airflow/.local/lib/python3.12/site-packages/airflow/example_dags/example_params_trigger_ui.py took 0.155 seconds
[2025-10-17T16:18:36.000+0000] {processor.py:161} INFO - Started process (PID=506) to work on /home/airflow/.local/lib/python3.12/site-packages/airflow/example_dags/example_params_trigger_ui.py
[2025-10-17T16:18:36.004+0000] {processor.py:830} INFO - Processing file /home/airflow/.local/lib/python3.12/site-packages/airflow/example_dags/example_params_trigger_ui.py for tasks to queue
[2025-10-17T16:18:36.012+0000] {logging_mixin.py:188} INFO - [2025-10-17T16:18:36.011+0000] {dagbag.py:545} INFO - Filling up the DagBag from /home/airflow/.local/lib/python3.12/site-packages/airflow/example_dags/example_params_trigger_ui.py
[2025-10-17T16:18:36.066+0000] {processor.py:840} INFO - DAG(s) 'example_params_trigger_ui' retrieved from /home/airflow/.local/lib/python3.12/site-packages/airflow/example_dags/example_params_trigger_ui.py
[2025-10-17T16:18:36.289+0000] {logging_mixin.py:188} INFO - [2025-10-17T16:18:36.288+0000] {dag.py:3096} INFO - Sync 1 DAGs
[2025-10-17T16:18:36.319+0000] {logging_mixin.py:188} INFO - [2025-10-17T16:18:36.319+0000] {dag.py:3954} INFO - Setting next_dagrun for example_params_trigger_ui to None, run_after=None
[2025-10-17T16:18:36.381+0000] {processor.py:183} INFO - Processing /home/airflow/.local/lib/python3.12/site-packages/airflow/example_dags/example_params_trigger_ui.py took 0.398 seconds
[2025-10-17T16:19:07.036+0000] {processor.py:161} INFO - Started process (PID=559) to work on /home/airflow/.local/lib/python3.12/site-packages/airflow/example_dags/example_params_trigger_ui.py
[2025-10-17T16:19:07.039+0000] {processor.py:830} INFO - Processing file /home/airflow/.local/lib/python3.12/site-packages/airflow/example_dags/example_params_trigger_ui.py for tasks to queue
[2025-10-17T16:19:07.048+0000] {logging_mixin.py:188} INFO - [2025-10-17T16:19:07.047+0000] {dagbag.py:545} INFO - Filling up the DagBag from /home/airflow/.local/lib/python3.12/site-packages/airflow/example_dags/example_params_trigger_ui.py
[2025-10-17T16:19:07.093+0000] {processor.py:840} INFO - DAG(s) 'example_params_trigger_ui' retrieved from /home/airflow/.local/lib/python3.12/site-packages/airflow/example_dags/example_params_trigger_ui.py
[2025-10-17T16:19:07.273+0000] {logging_mixin.py:188} INFO - [2025-10-17T16:19:07.272+0000] {dag.py:3096} INFO - Sync 1 DAGs
[2025-10-17T16:19:07.329+0000] {logging_mixin.py:188} INFO - [2025-10-17T16:19:07.329+0000] {dag.py:3954} INFO - Setting next_dagrun for example_params_trigger_ui to None, run_after=None
[2025-10-17T16:19:07.465+0000] {processor.py:183} INFO - Processing /home/airflow/.local/lib/python3.12/site-packages/airflow/example_dags/example_params_trigger_ui.py took 0.450 seconds
[2025-10-17T16:19:37.860+0000] {processor.py:161} INFO - Started process (PID=612) to work on /home/airflow/.local/lib/python3.12/site-packages/airflow/example_dags/example_params_trigger_ui.py
[2025-10-17T16:19:37.861+0000] {processor.py:830} INFO - Processing file /home/airflow/.local/lib/python3.12/site-packages/airflow/example_dags/example_params_trigger_ui.py for tasks to queue
[2025-10-17T16:19:37.865+0000] {logging_mixin.py:188} INFO - [2025-10-17T16:19:37.864+0000] {dagbag.py:545} INFO - Filling up the DagBag from /home/airflow/.local/lib/python3.12/site-packages/airflow/example_dags/example_params_trigger_ui.py
[2025-10-17T16:19:37.889+0000] {processor.py:840} INFO - DAG(s) 'example_params_trigger_ui' retrieved from /home/airflow/.local/lib/python3.12/site-packages/airflow/example_dags/example_params_trigger_ui.py
[2025-10-17T16:19:37.984+0000] {logging_mixin.py:188} INFO - [2025-10-17T16:19:37.983+0000] {dag.py:3096} INFO - Sync 1 DAGs
[2025-10-17T16:19:38.010+0000] {logging_mixin.py:188} INFO - [2025-10-17T16:19:38.010+0000] {dag.py:3954} INFO - Setting next_dagrun for example_params_trigger_ui to None, run_after=None
[2025-10-17T16:19:38.065+0000] {processor.py:183} INFO - Processing /home/airflow/.local/lib/python3.12/site-packages/airflow/example_dags/example_params_trigger_ui.py took 0.216 seconds
[2025-10-17T16:20:08.521+0000] {processor.py:161} INFO - Started process (PID=665) to work on /home/airflow/.local/lib/python3.12/site-packages/airflow/example_dags/example_params_trigger_ui.py
[2025-10-17T16:20:08.523+0000] {processor.py:830} INFO - Processing file /home/airflow/.local/lib/python3.12/site-packages/airflow/example_dags/example_params_trigger_ui.py for tasks to queue
[2025-10-17T16:20:08.527+0000] {logging_mixin.py:188} INFO - [2025-10-17T16:20:08.526+0000] {dagbag.py:545} INFO - Filling up the DagBag from /home/airflow/.local/lib/python3.12/site-packages/airflow/example_dags/example_params_trigger_ui.py
[2025-10-17T16:20:08.551+0000] {processor.py:840} INFO - DAG(s) 'example_params_trigger_ui' retrieved from /home/airflow/.local/lib/python3.12/site-packages/airflow/example_dags/example_params_trigger_ui.py
[2025-10-17T16:20:08.622+0000] {logging_mixin.py:188} INFO - [2025-10-17T16:20:08.621+0000] {dag.py:3096} INFO - Sync 1 DAGs
[2025-10-17T16:20:08.643+0000] {logging_mixin.py:188} INFO - [2025-10-17T16:20:08.643+0000] {dag.py:3954} INFO - Setting next_dagrun for example_params_trigger_ui to None, run_after=None
[2025-10-17T16:20:08.677+0000] {processor.py:183} INFO - Processing /home/airflow/.local/lib/python3.12/site-packages/airflow/example_dags/example_params_trigger_ui.py took 0.168 seconds
