[2025-10-17T13:03:46.771+0000] {processor.py:161} INFO - Started process (PID=31) to work on /home/airflow/.local/lib/python3.12/site-packages/airflow/example_dags/example_python_operator.py
[2025-10-17T13:03:46.783+0000] {processor.py:830} INFO - Processing file /home/airflow/.local/lib/python3.12/site-packages/airflow/example_dags/example_python_operator.py for tasks to queue
[2025-10-17T13:03:46.799+0000] {logging_mixin.py:188} INFO - [2025-10-17T13:03:46.798+0000] {dagbag.py:545} INFO - Filling up the DagBag from /home/airflow/.local/lib/python3.12/site-packages/airflow/example_dags/example_python_operator.py
[2025-10-17T13:03:46.984+0000] {processor.py:840} INFO - DAG(s) 'example_python_operator' retrieved from /home/airflow/.local/lib/python3.12/site-packages/airflow/example_dags/example_python_operator.py
[2025-10-17T13:03:47.886+0000] {logging_mixin.py:188} INFO - [2025-10-17T13:03:47.886+0000] {dag.py:3096} INFO - Sync 1 DAGs
[2025-10-17T13:03:47.972+0000] {logging_mixin.py:188} INFO - [2025-10-17T13:03:47.972+0000] {dag.py:3954} INFO - Setting next_dagrun for example_python_operator to None, run_after=None
[2025-10-17T13:03:48.190+0000] {processor.py:183} INFO - Processing /home/airflow/.local/lib/python3.12/site-packages/airflow/example_dags/example_python_operator.py took 1.441 seconds
[2025-10-17T13:04:18.727+0000] {processor.py:161} INFO - Started process (PID=83) to work on /home/airflow/.local/lib/python3.12/site-packages/airflow/example_dags/example_python_operator.py
[2025-10-17T13:04:18.730+0000] {processor.py:830} INFO - Processing file /home/airflow/.local/lib/python3.12/site-packages/airflow/example_dags/example_python_operator.py for tasks to queue
[2025-10-17T13:04:18.733+0000] {logging_mixin.py:188} INFO - [2025-10-17T13:04:18.733+0000] {dagbag.py:545} INFO - Filling up the DagBag from /home/airflow/.local/lib/python3.12/site-packages/airflow/example_dags/example_python_operator.py
[2025-10-17T13:04:18.757+0000] {processor.py:840} INFO - DAG(s) 'example_python_operator' retrieved from /home/airflow/.local/lib/python3.12/site-packages/airflow/example_dags/example_python_operator.py
[2025-10-17T13:04:18.807+0000] {logging_mixin.py:188} INFO - [2025-10-17T13:04:18.806+0000] {dag.py:3096} INFO - Sync 1 DAGs
[2025-10-17T13:04:18.833+0000] {logging_mixin.py:188} INFO - [2025-10-17T13:04:18.832+0000] {dag.py:3954} INFO - Setting next_dagrun for example_python_operator to None, run_after=None
[2025-10-17T13:04:18.873+0000] {processor.py:183} INFO - Processing /home/airflow/.local/lib/python3.12/site-packages/airflow/example_dags/example_python_operator.py took 0.159 seconds
[2025-10-17T13:44:43.270+0000] {processor.py:161} INFO - Started process (PID=32) to work on /home/airflow/.local/lib/python3.12/site-packages/airflow/example_dags/example_python_operator.py
[2025-10-17T13:44:43.277+0000] {processor.py:830} INFO - Processing file /home/airflow/.local/lib/python3.12/site-packages/airflow/example_dags/example_python_operator.py for tasks to queue
[2025-10-17T13:44:43.281+0000] {logging_mixin.py:188} INFO - [2025-10-17T13:44:43.280+0000] {dagbag.py:545} INFO - Filling up the DagBag from /home/airflow/.local/lib/python3.12/site-packages/airflow/example_dags/example_python_operator.py
[2025-10-17T13:44:43.340+0000] {processor.py:840} INFO - DAG(s) 'example_python_operator' retrieved from /home/airflow/.local/lib/python3.12/site-packages/airflow/example_dags/example_python_operator.py
[2025-10-17T13:44:43.966+0000] {logging_mixin.py:188} INFO - [2025-10-17T13:44:43.965+0000] {dag.py:3096} INFO - Sync 1 DAGs
[2025-10-17T13:44:44.012+0000] {logging_mixin.py:188} INFO - [2025-10-17T13:44:44.012+0000] {dag.py:3954} INFO - Setting next_dagrun for example_python_operator to None, run_after=None
[2025-10-17T13:44:44.069+0000] {processor.py:183} INFO - Processing /home/airflow/.local/lib/python3.12/site-packages/airflow/example_dags/example_python_operator.py took 0.837 seconds
[2025-10-17T13:45:14.569+0000] {processor.py:161} INFO - Started process (PID=85) to work on /home/airflow/.local/lib/python3.12/site-packages/airflow/example_dags/example_python_operator.py
[2025-10-17T13:45:14.575+0000] {processor.py:830} INFO - Processing file /home/airflow/.local/lib/python3.12/site-packages/airflow/example_dags/example_python_operator.py for tasks to queue
[2025-10-17T13:45:14.579+0000] {logging_mixin.py:188} INFO - [2025-10-17T13:45:14.579+0000] {dagbag.py:545} INFO - Filling up the DagBag from /home/airflow/.local/lib/python3.12/site-packages/airflow/example_dags/example_python_operator.py
[2025-10-17T13:45:14.614+0000] {processor.py:840} INFO - DAG(s) 'example_python_operator' retrieved from /home/airflow/.local/lib/python3.12/site-packages/airflow/example_dags/example_python_operator.py
[2025-10-17T13:45:14.745+0000] {logging_mixin.py:188} INFO - [2025-10-17T13:45:14.745+0000] {dag.py:3096} INFO - Sync 1 DAGs
[2025-10-17T13:45:14.794+0000] {logging_mixin.py:188} INFO - [2025-10-17T13:45:14.793+0000] {dag.py:3954} INFO - Setting next_dagrun for example_python_operator to None, run_after=None
[2025-10-17T13:45:15.324+0000] {processor.py:183} INFO - Processing /home/airflow/.local/lib/python3.12/site-packages/airflow/example_dags/example_python_operator.py took 0.790 seconds
[2025-10-17T16:14:00.487+0000] {processor.py:161} INFO - Started process (PID=31) to work on /home/airflow/.local/lib/python3.12/site-packages/airflow/example_dags/example_python_operator.py
[2025-10-17T16:14:00.489+0000] {processor.py:830} INFO - Processing file /home/airflow/.local/lib/python3.12/site-packages/airflow/example_dags/example_python_operator.py for tasks to queue
[2025-10-17T16:14:00.494+0000] {logging_mixin.py:188} INFO - [2025-10-17T16:14:00.493+0000] {dagbag.py:545} INFO - Filling up the DagBag from /home/airflow/.local/lib/python3.12/site-packages/airflow/example_dags/example_python_operator.py
[2025-10-17T16:14:00.523+0000] {processor.py:840} INFO - DAG(s) 'example_python_operator' retrieved from /home/airflow/.local/lib/python3.12/site-packages/airflow/example_dags/example_python_operator.py
[2025-10-17T16:14:01.179+0000] {logging_mixin.py:188} INFO - [2025-10-17T16:14:01.179+0000] {dag.py:3096} INFO - Sync 1 DAGs
[2025-10-17T16:14:01.209+0000] {logging_mixin.py:188} INFO - [2025-10-17T16:14:01.208+0000] {dag.py:3954} INFO - Setting next_dagrun for example_python_operator to None, run_after=None
[2025-10-17T16:14:01.267+0000] {processor.py:183} INFO - Processing /home/airflow/.local/lib/python3.12/site-packages/airflow/example_dags/example_python_operator.py took 0.792 seconds
[2025-10-17T16:14:31.549+0000] {processor.py:161} INFO - Started process (PID=84) to work on /home/airflow/.local/lib/python3.12/site-packages/airflow/example_dags/example_python_operator.py
[2025-10-17T16:14:31.551+0000] {processor.py:830} INFO - Processing file /home/airflow/.local/lib/python3.12/site-packages/airflow/example_dags/example_python_operator.py for tasks to queue
[2025-10-17T16:14:31.554+0000] {logging_mixin.py:188} INFO - [2025-10-17T16:14:31.554+0000] {dagbag.py:545} INFO - Filling up the DagBag from /home/airflow/.local/lib/python3.12/site-packages/airflow/example_dags/example_python_operator.py
[2025-10-17T16:14:31.578+0000] {processor.py:840} INFO - DAG(s) 'example_python_operator' retrieved from /home/airflow/.local/lib/python3.12/site-packages/airflow/example_dags/example_python_operator.py
[2025-10-17T16:14:31.626+0000] {logging_mixin.py:188} INFO - [2025-10-17T16:14:31.626+0000] {dag.py:3096} INFO - Sync 1 DAGs
[2025-10-17T16:14:31.649+0000] {logging_mixin.py:188} INFO - [2025-10-17T16:14:31.649+0000] {dag.py:3954} INFO - Setting next_dagrun for example_python_operator to None, run_after=None
[2025-10-17T16:14:31.685+0000] {processor.py:183} INFO - Processing /home/airflow/.local/lib/python3.12/site-packages/airflow/example_dags/example_python_operator.py took 0.148 seconds
[2025-10-17T16:15:01.997+0000] {processor.py:161} INFO - Started process (PID=137) to work on /home/airflow/.local/lib/python3.12/site-packages/airflow/example_dags/example_python_operator.py
[2025-10-17T16:15:02.003+0000] {processor.py:830} INFO - Processing file /home/airflow/.local/lib/python3.12/site-packages/airflow/example_dags/example_python_operator.py for tasks to queue
[2025-10-17T16:15:02.011+0000] {logging_mixin.py:188} INFO - [2025-10-17T16:15:02.009+0000] {dagbag.py:545} INFO - Filling up the DagBag from /home/airflow/.local/lib/python3.12/site-packages/airflow/example_dags/example_python_operator.py
[2025-10-17T16:15:02.066+0000] {processor.py:840} INFO - DAG(s) 'example_python_operator' retrieved from /home/airflow/.local/lib/python3.12/site-packages/airflow/example_dags/example_python_operator.py
[2025-10-17T16:15:02.121+0000] {logging_mixin.py:188} INFO - [2025-10-17T16:15:02.121+0000] {dag.py:3096} INFO - Sync 1 DAGs
[2025-10-17T16:15:02.140+0000] {logging_mixin.py:188} INFO - [2025-10-17T16:15:02.140+0000] {dag.py:3954} INFO - Setting next_dagrun for example_python_operator to None, run_after=None
[2025-10-17T16:15:02.172+0000] {processor.py:183} INFO - Processing /home/airflow/.local/lib/python3.12/site-packages/airflow/example_dags/example_python_operator.py took 0.201 seconds
[2025-10-17T16:15:32.798+0000] {processor.py:161} INFO - Started process (PID=190) to work on /home/airflow/.local/lib/python3.12/site-packages/airflow/example_dags/example_python_operator.py
[2025-10-17T16:15:32.802+0000] {processor.py:830} INFO - Processing file /home/airflow/.local/lib/python3.12/site-packages/airflow/example_dags/example_python_operator.py for tasks to queue
[2025-10-17T16:15:32.810+0000] {logging_mixin.py:188} INFO - [2025-10-17T16:15:32.809+0000] {dagbag.py:545} INFO - Filling up the DagBag from /home/airflow/.local/lib/python3.12/site-packages/airflow/example_dags/example_python_operator.py
[2025-10-17T16:15:32.835+0000] {processor.py:840} INFO - DAG(s) 'example_python_operator' retrieved from /home/airflow/.local/lib/python3.12/site-packages/airflow/example_dags/example_python_operator.py
[2025-10-17T16:15:32.885+0000] {logging_mixin.py:188} INFO - [2025-10-17T16:15:32.884+0000] {dag.py:3096} INFO - Sync 1 DAGs
[2025-10-17T16:15:32.907+0000] {logging_mixin.py:188} INFO - [2025-10-17T16:15:32.907+0000] {dag.py:3954} INFO - Setting next_dagrun for example_python_operator to None, run_after=None
[2025-10-17T16:15:32.942+0000] {processor.py:183} INFO - Processing /home/airflow/.local/lib/python3.12/site-packages/airflow/example_dags/example_python_operator.py took 0.164 seconds
[2025-10-17T16:16:03.265+0000] {processor.py:161} INFO - Started process (PID=243) to work on /home/airflow/.local/lib/python3.12/site-packages/airflow/example_dags/example_python_operator.py
[2025-10-17T16:16:03.267+0000] {processor.py:830} INFO - Processing file /home/airflow/.local/lib/python3.12/site-packages/airflow/example_dags/example_python_operator.py for tasks to queue
[2025-10-17T16:16:03.271+0000] {logging_mixin.py:188} INFO - [2025-10-17T16:16:03.270+0000] {dagbag.py:545} INFO - Filling up the DagBag from /home/airflow/.local/lib/python3.12/site-packages/airflow/example_dags/example_python_operator.py
[2025-10-17T16:16:03.290+0000] {processor.py:840} INFO - DAG(s) 'example_python_operator' retrieved from /home/airflow/.local/lib/python3.12/site-packages/airflow/example_dags/example_python_operator.py
[2025-10-17T16:16:03.327+0000] {logging_mixin.py:188} INFO - [2025-10-17T16:16:03.326+0000] {dag.py:3096} INFO - Sync 1 DAGs
[2025-10-17T16:16:03.347+0000] {logging_mixin.py:188} INFO - [2025-10-17T16:16:03.347+0000] {dag.py:3954} INFO - Setting next_dagrun for example_python_operator to None, run_after=None
[2025-10-17T16:16:03.380+0000] {processor.py:183} INFO - Processing /home/airflow/.local/lib/python3.12/site-packages/airflow/example_dags/example_python_operator.py took 0.136 seconds
[2025-10-17T16:16:33.451+0000] {processor.py:161} INFO - Started process (PID=295) to work on /home/airflow/.local/lib/python3.12/site-packages/airflow/example_dags/example_python_operator.py
[2025-10-17T16:16:33.454+0000] {processor.py:830} INFO - Processing file /home/airflow/.local/lib/python3.12/site-packages/airflow/example_dags/example_python_operator.py for tasks to queue
[2025-10-17T16:16:33.458+0000] {logging_mixin.py:188} INFO - [2025-10-17T16:16:33.457+0000] {dagbag.py:545} INFO - Filling up the DagBag from /home/airflow/.local/lib/python3.12/site-packages/airflow/example_dags/example_python_operator.py
[2025-10-17T16:16:33.477+0000] {processor.py:840} INFO - DAG(s) 'example_python_operator' retrieved from /home/airflow/.local/lib/python3.12/site-packages/airflow/example_dags/example_python_operator.py
[2025-10-17T16:16:33.517+0000] {logging_mixin.py:188} INFO - [2025-10-17T16:16:33.517+0000] {dag.py:3096} INFO - Sync 1 DAGs
[2025-10-17T16:16:33.537+0000] {logging_mixin.py:188} INFO - [2025-10-17T16:16:33.537+0000] {dag.py:3954} INFO - Setting next_dagrun for example_python_operator to None, run_after=None
[2025-10-17T16:16:33.570+0000] {processor.py:183} INFO - Processing /home/airflow/.local/lib/python3.12/site-packages/airflow/example_dags/example_python_operator.py took 0.130 seconds
[2025-10-17T16:17:03.750+0000] {processor.py:161} INFO - Started process (PID=348) to work on /home/airflow/.local/lib/python3.12/site-packages/airflow/example_dags/example_python_operator.py
[2025-10-17T16:17:03.752+0000] {processor.py:830} INFO - Processing file /home/airflow/.local/lib/python3.12/site-packages/airflow/example_dags/example_python_operator.py for tasks to queue
[2025-10-17T16:17:03.755+0000] {logging_mixin.py:188} INFO - [2025-10-17T16:17:03.755+0000] {dagbag.py:545} INFO - Filling up the DagBag from /home/airflow/.local/lib/python3.12/site-packages/airflow/example_dags/example_python_operator.py
[2025-10-17T16:17:03.771+0000] {processor.py:840} INFO - DAG(s) 'example_python_operator' retrieved from /home/airflow/.local/lib/python3.12/site-packages/airflow/example_dags/example_python_operator.py
[2025-10-17T16:17:03.807+0000] {logging_mixin.py:188} INFO - [2025-10-17T16:17:03.807+0000] {dag.py:3096} INFO - Sync 1 DAGs
[2025-10-17T16:17:03.825+0000] {logging_mixin.py:188} INFO - [2025-10-17T16:17:03.825+0000] {dag.py:3954} INFO - Setting next_dagrun for example_python_operator to None, run_after=None
[2025-10-17T16:17:03.859+0000] {processor.py:183} INFO - Processing /home/airflow/.local/lib/python3.12/site-packages/airflow/example_dags/example_python_operator.py took 0.118 seconds
[2025-10-17T16:17:34.432+0000] {processor.py:161} INFO - Started process (PID=401) to work on /home/airflow/.local/lib/python3.12/site-packages/airflow/example_dags/example_python_operator.py
[2025-10-17T16:17:34.434+0000] {processor.py:830} INFO - Processing file /home/airflow/.local/lib/python3.12/site-packages/airflow/example_dags/example_python_operator.py for tasks to queue
[2025-10-17T16:17:34.437+0000] {logging_mixin.py:188} INFO - [2025-10-17T16:17:34.437+0000] {dagbag.py:545} INFO - Filling up the DagBag from /home/airflow/.local/lib/python3.12/site-packages/airflow/example_dags/example_python_operator.py
[2025-10-17T16:17:34.454+0000] {processor.py:840} INFO - DAG(s) 'example_python_operator' retrieved from /home/airflow/.local/lib/python3.12/site-packages/airflow/example_dags/example_python_operator.py
[2025-10-17T16:17:34.488+0000] {logging_mixin.py:188} INFO - [2025-10-17T16:17:34.488+0000] {dag.py:3096} INFO - Sync 1 DAGs
[2025-10-17T16:17:34.506+0000] {logging_mixin.py:188} INFO - [2025-10-17T16:17:34.506+0000] {dag.py:3954} INFO - Setting next_dagrun for example_python_operator to None, run_after=None
[2025-10-17T16:17:34.536+0000] {processor.py:183} INFO - Processing /home/airflow/.local/lib/python3.12/site-packages/airflow/example_dags/example_python_operator.py took 0.115 seconds
[2025-10-17T16:18:05.404+0000] {processor.py:161} INFO - Started process (PID=454) to work on /home/airflow/.local/lib/python3.12/site-packages/airflow/example_dags/example_python_operator.py
[2025-10-17T16:18:05.406+0000] {processor.py:830} INFO - Processing file /home/airflow/.local/lib/python3.12/site-packages/airflow/example_dags/example_python_operator.py for tasks to queue
[2025-10-17T16:18:05.411+0000] {logging_mixin.py:188} INFO - [2025-10-17T16:18:05.411+0000] {dagbag.py:545} INFO - Filling up the DagBag from /home/airflow/.local/lib/python3.12/site-packages/airflow/example_dags/example_python_operator.py
[2025-10-17T16:18:05.430+0000] {processor.py:840} INFO - DAG(s) 'example_python_operator' retrieved from /home/airflow/.local/lib/python3.12/site-packages/airflow/example_dags/example_python_operator.py
[2025-10-17T16:18:05.472+0000] {logging_mixin.py:188} INFO - [2025-10-17T16:18:05.471+0000] {dag.py:3096} INFO - Sync 1 DAGs
[2025-10-17T16:18:05.499+0000] {logging_mixin.py:188} INFO - [2025-10-17T16:18:05.499+0000] {dag.py:3954} INFO - Setting next_dagrun for example_python_operator to None, run_after=None
[2025-10-17T16:18:05.537+0000] {processor.py:183} INFO - Processing /home/airflow/.local/lib/python3.12/site-packages/airflow/example_dags/example_python_operator.py took 0.142 seconds
[2025-10-17T16:18:36.064+0000] {processor.py:161} INFO - Started process (PID=507) to work on /home/airflow/.local/lib/python3.12/site-packages/airflow/example_dags/example_python_operator.py
[2025-10-17T16:18:36.065+0000] {processor.py:830} INFO - Processing file /home/airflow/.local/lib/python3.12/site-packages/airflow/example_dags/example_python_operator.py for tasks to queue
[2025-10-17T16:18:36.069+0000] {logging_mixin.py:188} INFO - [2025-10-17T16:18:36.068+0000] {dagbag.py:545} INFO - Filling up the DagBag from /home/airflow/.local/lib/python3.12/site-packages/airflow/example_dags/example_python_operator.py
[2025-10-17T16:18:36.159+0000] {processor.py:840} INFO - DAG(s) 'example_python_operator' retrieved from /home/airflow/.local/lib/python3.12/site-packages/airflow/example_dags/example_python_operator.py
[2025-10-17T16:18:36.251+0000] {logging_mixin.py:188} INFO - [2025-10-17T16:18:36.250+0000] {dag.py:3096} INFO - Sync 1 DAGs
[2025-10-17T16:18:36.290+0000] {logging_mixin.py:188} INFO - [2025-10-17T16:18:36.290+0000] {dag.py:3954} INFO - Setting next_dagrun for example_python_operator to None, run_after=None
[2025-10-17T16:18:36.379+0000] {processor.py:183} INFO - Processing /home/airflow/.local/lib/python3.12/site-packages/airflow/example_dags/example_python_operator.py took 0.328 seconds
[2025-10-17T16:19:07.046+0000] {processor.py:161} INFO - Started process (PID=560) to work on /home/airflow/.local/lib/python3.12/site-packages/airflow/example_dags/example_python_operator.py
[2025-10-17T16:19:07.048+0000] {processor.py:830} INFO - Processing file /home/airflow/.local/lib/python3.12/site-packages/airflow/example_dags/example_python_operator.py for tasks to queue
[2025-10-17T16:19:07.055+0000] {logging_mixin.py:188} INFO - [2025-10-17T16:19:07.054+0000] {dagbag.py:545} INFO - Filling up the DagBag from /home/airflow/.local/lib/python3.12/site-packages/airflow/example_dags/example_python_operator.py
[2025-10-17T16:19:07.083+0000] {processor.py:840} INFO - DAG(s) 'example_python_operator' retrieved from /home/airflow/.local/lib/python3.12/site-packages/airflow/example_dags/example_python_operator.py
[2025-10-17T16:19:07.176+0000] {logging_mixin.py:188} INFO - [2025-10-17T16:19:07.175+0000] {dag.py:3096} INFO - Sync 1 DAGs
[2025-10-17T16:19:07.215+0000] {logging_mixin.py:188} INFO - [2025-10-17T16:19:07.215+0000] {dag.py:3954} INFO - Setting next_dagrun for example_python_operator to None, run_after=None
[2025-10-17T16:19:07.294+0000] {processor.py:183} INFO - Processing /home/airflow/.local/lib/python3.12/site-packages/airflow/example_dags/example_python_operator.py took 0.273 seconds
[2025-10-17T16:19:38.133+0000] {processor.py:161} INFO - Started process (PID=613) to work on /home/airflow/.local/lib/python3.12/site-packages/airflow/example_dags/example_python_operator.py
[2025-10-17T16:19:38.135+0000] {processor.py:830} INFO - Processing file /home/airflow/.local/lib/python3.12/site-packages/airflow/example_dags/example_python_operator.py for tasks to queue
[2025-10-17T16:19:38.138+0000] {logging_mixin.py:188} INFO - [2025-10-17T16:19:38.137+0000] {dagbag.py:545} INFO - Filling up the DagBag from /home/airflow/.local/lib/python3.12/site-packages/airflow/example_dags/example_python_operator.py
[2025-10-17T16:19:38.155+0000] {processor.py:840} INFO - DAG(s) 'example_python_operator' retrieved from /home/airflow/.local/lib/python3.12/site-packages/airflow/example_dags/example_python_operator.py
[2025-10-17T16:19:38.193+0000] {logging_mixin.py:188} INFO - [2025-10-17T16:19:38.192+0000] {dag.py:3096} INFO - Sync 1 DAGs
[2025-10-17T16:19:38.214+0000] {logging_mixin.py:188} INFO - [2025-10-17T16:19:38.213+0000] {dag.py:3954} INFO - Setting next_dagrun for example_python_operator to None, run_after=None
[2025-10-17T16:19:38.262+0000] {processor.py:183} INFO - Processing /home/airflow/.local/lib/python3.12/site-packages/airflow/example_dags/example_python_operator.py took 0.139 seconds
[2025-10-17T16:20:08.757+0000] {processor.py:161} INFO - Started process (PID=667) to work on /home/airflow/.local/lib/python3.12/site-packages/airflow/example_dags/example_python_operator.py
[2025-10-17T16:20:08.759+0000] {processor.py:830} INFO - Processing file /home/airflow/.local/lib/python3.12/site-packages/airflow/example_dags/example_python_operator.py for tasks to queue
[2025-10-17T16:20:08.763+0000] {logging_mixin.py:188} INFO - [2025-10-17T16:20:08.762+0000] {dagbag.py:545} INFO - Filling up the DagBag from /home/airflow/.local/lib/python3.12/site-packages/airflow/example_dags/example_python_operator.py
[2025-10-17T16:20:08.785+0000] {processor.py:840} INFO - DAG(s) 'example_python_operator' retrieved from /home/airflow/.local/lib/python3.12/site-packages/airflow/example_dags/example_python_operator.py
[2025-10-17T16:20:08.830+0000] {logging_mixin.py:188} INFO - [2025-10-17T16:20:08.830+0000] {dag.py:3096} INFO - Sync 1 DAGs
[2025-10-17T16:20:08.856+0000] {logging_mixin.py:188} INFO - [2025-10-17T16:20:08.855+0000] {dag.py:3954} INFO - Setting next_dagrun for example_python_operator to None, run_after=None
[2025-10-17T16:20:08.897+0000] {processor.py:183} INFO - Processing /home/airflow/.local/lib/python3.12/site-packages/airflow/example_dags/example_python_operator.py took 0.150 seconds
