[2025-10-17T13:03:46.299+0000] {processor.py:161} INFO - Started process (PID=30) to work on /home/airflow/.local/lib/python3.12/site-packages/airflow/example_dags/example_branch_labels.py
[2025-10-17T13:03:46.306+0000] {processor.py:830} INFO - Processing file /home/airflow/.local/lib/python3.12/site-packages/airflow/example_dags/example_branch_labels.py for tasks to queue
[2025-10-17T13:03:46.315+0000] {logging_mixin.py:188} INFO - [2025-10-17T13:03:46.314+0000] {dagbag.py:545} INFO - Filling up the DagBag from /home/airflow/.local/lib/python3.12/site-packages/airflow/example_dags/example_branch_labels.py
[2025-10-17T13:03:46.419+0000] {processor.py:840} INFO - DAG(s) 'example_branch_labels' retrieved from /home/airflow/.local/lib/python3.12/site-packages/airflow/example_dags/example_branch_labels.py
[2025-10-17T13:03:47.559+0000] {logging_mixin.py:188} INFO - [2025-10-17T13:03:47.558+0000] {dag.py:3096} INFO - Sync 1 DAGs
[2025-10-17T13:03:47.732+0000] {logging_mixin.py:188} INFO - [2025-10-17T13:03:47.731+0000] {dag.py:3954} INFO - Setting next_dagrun for example_branch_labels to 2025-10-16 00:00:00+00:00, run_after=2025-10-17 00:00:00+00:00
[2025-10-17T13:03:47.984+0000] {processor.py:183} INFO - Processing /home/airflow/.local/lib/python3.12/site-packages/airflow/example_dags/example_branch_labels.py took 1.723 seconds
[2025-10-17T13:04:18.725+0000] {processor.py:161} INFO - Started process (PID=82) to work on /home/airflow/.local/lib/python3.12/site-packages/airflow/example_dags/example_branch_labels.py
[2025-10-17T13:04:18.727+0000] {processor.py:830} INFO - Processing file /home/airflow/.local/lib/python3.12/site-packages/airflow/example_dags/example_branch_labels.py for tasks to queue
[2025-10-17T13:04:18.732+0000] {logging_mixin.py:188} INFO - [2025-10-17T13:04:18.732+0000] {dagbag.py:545} INFO - Filling up the DagBag from /home/airflow/.local/lib/python3.12/site-packages/airflow/example_dags/example_branch_labels.py
[2025-10-17T13:04:18.749+0000] {processor.py:840} INFO - DAG(s) 'example_branch_labels' retrieved from /home/airflow/.local/lib/python3.12/site-packages/airflow/example_dags/example_branch_labels.py
[2025-10-17T13:04:18.795+0000] {logging_mixin.py:188} INFO - [2025-10-17T13:04:18.794+0000] {dag.py:3096} INFO - Sync 1 DAGs
[2025-10-17T13:04:18.847+0000] {logging_mixin.py:188} INFO - [2025-10-17T13:04:18.847+0000] {dag.py:3954} INFO - Setting next_dagrun for example_branch_labels to 2025-10-16 00:00:00+00:00, run_after=2025-10-17 00:00:00+00:00
[2025-10-17T13:04:18.885+0000] {processor.py:183} INFO - Processing /home/airflow/.local/lib/python3.12/site-packages/airflow/example_dags/example_branch_labels.py took 0.173 seconds
[2025-10-17T13:44:42.532+0000] {processor.py:161} INFO - Started process (PID=31) to work on /home/airflow/.local/lib/python3.12/site-packages/airflow/example_dags/example_branch_labels.py
[2025-10-17T13:44:42.534+0000] {processor.py:830} INFO - Processing file /home/airflow/.local/lib/python3.12/site-packages/airflow/example_dags/example_branch_labels.py for tasks to queue
[2025-10-17T13:44:42.538+0000] {logging_mixin.py:188} INFO - [2025-10-17T13:44:42.538+0000] {dagbag.py:545} INFO - Filling up the DagBag from /home/airflow/.local/lib/python3.12/site-packages/airflow/example_dags/example_branch_labels.py
[2025-10-17T13:44:42.587+0000] {processor.py:840} INFO - DAG(s) 'example_branch_labels' retrieved from /home/airflow/.local/lib/python3.12/site-packages/airflow/example_dags/example_branch_labels.py
[2025-10-17T13:44:42.705+0000] {logging_mixin.py:188} INFO - [2025-10-17T13:44:42.705+0000] {dag.py:3096} INFO - Sync 1 DAGs
[2025-10-17T13:44:42.834+0000] {logging_mixin.py:188} INFO - [2025-10-17T13:44:42.833+0000] {dag.py:3954} INFO - Setting next_dagrun for example_branch_labels to 2025-10-16 00:00:00+00:00, run_after=2025-10-17 00:00:00+00:00
[2025-10-17T13:44:42.983+0000] {processor.py:183} INFO - Processing /home/airflow/.local/lib/python3.12/site-packages/airflow/example_dags/example_branch_labels.py took 0.475 seconds
[2025-10-17T13:45:13.131+0000] {processor.py:161} INFO - Started process (PID=83) to work on /home/airflow/.local/lib/python3.12/site-packages/airflow/example_dags/example_branch_labels.py
[2025-10-17T13:45:13.135+0000] {processor.py:830} INFO - Processing file /home/airflow/.local/lib/python3.12/site-packages/airflow/example_dags/example_branch_labels.py for tasks to queue
[2025-10-17T13:45:13.140+0000] {logging_mixin.py:188} INFO - [2025-10-17T13:45:13.139+0000] {dagbag.py:545} INFO - Filling up the DagBag from /home/airflow/.local/lib/python3.12/site-packages/airflow/example_dags/example_branch_labels.py
[2025-10-17T13:45:13.164+0000] {processor.py:840} INFO - DAG(s) 'example_branch_labels' retrieved from /home/airflow/.local/lib/python3.12/site-packages/airflow/example_dags/example_branch_labels.py
[2025-10-17T13:45:13.224+0000] {logging_mixin.py:188} INFO - [2025-10-17T13:45:13.223+0000] {dag.py:3096} INFO - Sync 1 DAGs
[2025-10-17T13:45:13.282+0000] {logging_mixin.py:188} INFO - [2025-10-17T13:45:13.281+0000] {dag.py:3954} INFO - Setting next_dagrun for example_branch_labels to 2025-10-16 00:00:00+00:00, run_after=2025-10-17 00:00:00+00:00
[2025-10-17T13:45:13.344+0000] {processor.py:183} INFO - Processing /home/airflow/.local/lib/python3.12/site-packages/airflow/example_dags/example_branch_labels.py took 0.233 seconds
[2025-10-17T16:14:00.489+0000] {processor.py:161} INFO - Started process (PID=30) to work on /home/airflow/.local/lib/python3.12/site-packages/airflow/example_dags/example_branch_labels.py
[2025-10-17T16:14:00.491+0000] {processor.py:830} INFO - Processing file /home/airflow/.local/lib/python3.12/site-packages/airflow/example_dags/example_branch_labels.py for tasks to queue
[2025-10-17T16:14:00.497+0000] {logging_mixin.py:188} INFO - [2025-10-17T16:14:00.496+0000] {dagbag.py:545} INFO - Filling up the DagBag from /home/airflow/.local/lib/python3.12/site-packages/airflow/example_dags/example_branch_labels.py
[2025-10-17T16:14:00.526+0000] {processor.py:840} INFO - DAG(s) 'example_branch_labels' retrieved from /home/airflow/.local/lib/python3.12/site-packages/airflow/example_dags/example_branch_labels.py
[2025-10-17T16:14:00.596+0000] {logging_mixin.py:188} INFO - [2025-10-17T16:14:00.595+0000] {dag.py:3096} INFO - Sync 1 DAGs
[2025-10-17T16:14:00.657+0000] {logging_mixin.py:188} INFO - [2025-10-17T16:14:00.657+0000] {dag.py:3954} INFO - Setting next_dagrun for example_branch_labels to 2025-10-16 00:00:00+00:00, run_after=2025-10-17 00:00:00+00:00
[2025-10-17T16:14:00.702+0000] {processor.py:183} INFO - Processing /home/airflow/.local/lib/python3.12/site-packages/airflow/example_dags/example_branch_labels.py took 0.227 seconds
[2025-10-17T16:14:31.538+0000] {processor.py:161} INFO - Started process (PID=83) to work on /home/airflow/.local/lib/python3.12/site-packages/airflow/example_dags/example_branch_labels.py
[2025-10-17T16:14:31.544+0000] {processor.py:830} INFO - Processing file /home/airflow/.local/lib/python3.12/site-packages/airflow/example_dags/example_branch_labels.py for tasks to queue
[2025-10-17T16:14:31.548+0000] {logging_mixin.py:188} INFO - [2025-10-17T16:14:31.548+0000] {dagbag.py:545} INFO - Filling up the DagBag from /home/airflow/.local/lib/python3.12/site-packages/airflow/example_dags/example_branch_labels.py
[2025-10-17T16:14:31.566+0000] {processor.py:840} INFO - DAG(s) 'example_branch_labels' retrieved from /home/airflow/.local/lib/python3.12/site-packages/airflow/example_dags/example_branch_labels.py
[2025-10-17T16:14:31.608+0000] {logging_mixin.py:188} INFO - [2025-10-17T16:14:31.608+0000] {dag.py:3096} INFO - Sync 1 DAGs
[2025-10-17T16:14:31.656+0000] {logging_mixin.py:188} INFO - [2025-10-17T16:14:31.656+0000] {dag.py:3954} INFO - Setting next_dagrun for example_branch_labels to 2025-10-16 00:00:00+00:00, run_after=2025-10-17 00:00:00+00:00
[2025-10-17T16:14:31.693+0000] {processor.py:183} INFO - Processing /home/airflow/.local/lib/python3.12/site-packages/airflow/example_dags/example_branch_labels.py took 0.166 seconds
[2025-10-17T16:15:01.995+0000] {processor.py:161} INFO - Started process (PID=136) to work on /home/airflow/.local/lib/python3.12/site-packages/airflow/example_dags/example_branch_labels.py
[2025-10-17T16:15:01.998+0000] {processor.py:830} INFO - Processing file /home/airflow/.local/lib/python3.12/site-packages/airflow/example_dags/example_branch_labels.py for tasks to queue
[2025-10-17T16:15:02.008+0000] {logging_mixin.py:188} INFO - [2025-10-17T16:15:02.007+0000] {dagbag.py:545} INFO - Filling up the DagBag from /home/airflow/.local/lib/python3.12/site-packages/airflow/example_dags/example_branch_labels.py
[2025-10-17T16:15:02.051+0000] {processor.py:840} INFO - DAG(s) 'example_branch_labels' retrieved from /home/airflow/.local/lib/python3.12/site-packages/airflow/example_dags/example_branch_labels.py
[2025-10-17T16:15:02.112+0000] {logging_mixin.py:188} INFO - [2025-10-17T16:15:02.112+0000] {dag.py:3096} INFO - Sync 1 DAGs
[2025-10-17T16:15:02.147+0000] {logging_mixin.py:188} INFO - [2025-10-17T16:15:02.146+0000] {dag.py:3954} INFO - Setting next_dagrun for example_branch_labels to 2025-10-16 00:00:00+00:00, run_after=2025-10-17 00:00:00+00:00
[2025-10-17T16:15:02.181+0000] {processor.py:183} INFO - Processing /home/airflow/.local/lib/python3.12/site-packages/airflow/example_dags/example_branch_labels.py took 0.223 seconds
[2025-10-17T16:15:32.798+0000] {processor.py:161} INFO - Started process (PID=189) to work on /home/airflow/.local/lib/python3.12/site-packages/airflow/example_dags/example_branch_labels.py
[2025-10-17T16:15:32.801+0000] {processor.py:830} INFO - Processing file /home/airflow/.local/lib/python3.12/site-packages/airflow/example_dags/example_branch_labels.py for tasks to queue
[2025-10-17T16:15:32.810+0000] {logging_mixin.py:188} INFO - [2025-10-17T16:15:32.809+0000] {dagbag.py:545} INFO - Filling up the DagBag from /home/airflow/.local/lib/python3.12/site-packages/airflow/example_dags/example_branch_labels.py
[2025-10-17T16:15:32.825+0000] {processor.py:840} INFO - DAG(s) 'example_branch_labels' retrieved from /home/airflow/.local/lib/python3.12/site-packages/airflow/example_dags/example_branch_labels.py
[2025-10-17T16:15:32.875+0000] {logging_mixin.py:188} INFO - [2025-10-17T16:15:32.874+0000] {dag.py:3096} INFO - Sync 1 DAGs
[2025-10-17T16:15:32.915+0000] {logging_mixin.py:188} INFO - [2025-10-17T16:15:32.915+0000] {dag.py:3954} INFO - Setting next_dagrun for example_branch_labels to 2025-10-16 00:00:00+00:00, run_after=2025-10-17 00:00:00+00:00
[2025-10-17T16:15:32.953+0000] {processor.py:183} INFO - Processing /home/airflow/.local/lib/python3.12/site-packages/airflow/example_dags/example_branch_labels.py took 0.179 seconds
[2025-10-17T16:16:03.266+0000] {processor.py:161} INFO - Started process (PID=242) to work on /home/airflow/.local/lib/python3.12/site-packages/airflow/example_dags/example_branch_labels.py
[2025-10-17T16:16:03.268+0000] {processor.py:830} INFO - Processing file /home/airflow/.local/lib/python3.12/site-packages/airflow/example_dags/example_branch_labels.py for tasks to queue
[2025-10-17T16:16:03.272+0000] {logging_mixin.py:188} INFO - [2025-10-17T16:16:03.271+0000] {dagbag.py:545} INFO - Filling up the DagBag from /home/airflow/.local/lib/python3.12/site-packages/airflow/example_dags/example_branch_labels.py
[2025-10-17T16:16:03.287+0000] {processor.py:840} INFO - DAG(s) 'example_branch_labels' retrieved from /home/airflow/.local/lib/python3.12/site-packages/airflow/example_dags/example_branch_labels.py
[2025-10-17T16:16:03.321+0000] {logging_mixin.py:188} INFO - [2025-10-17T16:16:03.321+0000] {dag.py:3096} INFO - Sync 1 DAGs
[2025-10-17T16:16:03.356+0000] {logging_mixin.py:188} INFO - [2025-10-17T16:16:03.356+0000] {dag.py:3954} INFO - Setting next_dagrun for example_branch_labels to 2025-10-16 00:00:00+00:00, run_after=2025-10-17 00:00:00+00:00
[2025-10-17T16:16:03.391+0000] {processor.py:183} INFO - Processing /home/airflow/.local/lib/python3.12/site-packages/airflow/example_dags/example_branch_labels.py took 0.148 seconds
[2025-10-17T16:16:33.663+0000] {processor.py:161} INFO - Started process (PID=296) to work on /home/airflow/.local/lib/python3.12/site-packages/airflow/example_dags/example_branch_labels.py
[2025-10-17T16:16:33.668+0000] {processor.py:830} INFO - Processing file /home/airflow/.local/lib/python3.12/site-packages/airflow/example_dags/example_branch_labels.py for tasks to queue
[2025-10-17T16:16:33.673+0000] {logging_mixin.py:188} INFO - [2025-10-17T16:16:33.673+0000] {dagbag.py:545} INFO - Filling up the DagBag from /home/airflow/.local/lib/python3.12/site-packages/airflow/example_dags/example_branch_labels.py
[2025-10-17T16:16:33.715+0000] {processor.py:840} INFO - DAG(s) 'example_branch_labels' retrieved from /home/airflow/.local/lib/python3.12/site-packages/airflow/example_dags/example_branch_labels.py
[2025-10-17T16:16:33.815+0000] {logging_mixin.py:188} INFO - [2025-10-17T16:16:33.815+0000] {dag.py:3096} INFO - Sync 1 DAGs
[2025-10-17T16:16:33.894+0000] {logging_mixin.py:188} INFO - [2025-10-17T16:16:33.894+0000] {dag.py:3954} INFO - Setting next_dagrun for example_branch_labels to 2025-10-16 00:00:00+00:00, run_after=2025-10-17 00:00:00+00:00
[2025-10-17T16:16:33.951+0000] {processor.py:183} INFO - Processing /home/airflow/.local/lib/python3.12/site-packages/airflow/example_dags/example_branch_labels.py took 0.302 seconds
[2025-10-17T16:17:04.843+0000] {processor.py:161} INFO - Started process (PID=349) to work on /home/airflow/.local/lib/python3.12/site-packages/airflow/example_dags/example_branch_labels.py
[2025-10-17T16:17:04.846+0000] {processor.py:830} INFO - Processing file /home/airflow/.local/lib/python3.12/site-packages/airflow/example_dags/example_branch_labels.py for tasks to queue
[2025-10-17T16:17:04.851+0000] {logging_mixin.py:188} INFO - [2025-10-17T16:17:04.850+0000] {dagbag.py:545} INFO - Filling up the DagBag from /home/airflow/.local/lib/python3.12/site-packages/airflow/example_dags/example_branch_labels.py
[2025-10-17T16:17:04.877+0000] {processor.py:840} INFO - DAG(s) 'example_branch_labels' retrieved from /home/airflow/.local/lib/python3.12/site-packages/airflow/example_dags/example_branch_labels.py
[2025-10-17T16:17:04.947+0000] {logging_mixin.py:188} INFO - [2025-10-17T16:17:04.946+0000] {dag.py:3096} INFO - Sync 1 DAGs
[2025-10-17T16:17:04.990+0000] {logging_mixin.py:188} INFO - [2025-10-17T16:17:04.989+0000] {dag.py:3954} INFO - Setting next_dagrun for example_branch_labels to 2025-10-16 00:00:00+00:00, run_after=2025-10-17 00:00:00+00:00
[2025-10-17T16:17:05.026+0000] {processor.py:183} INFO - Processing /home/airflow/.local/lib/python3.12/site-packages/airflow/example_dags/example_branch_labels.py took 0.201 seconds
[2025-10-17T16:17:35.442+0000] {processor.py:161} INFO - Started process (PID=402) to work on /home/airflow/.local/lib/python3.12/site-packages/airflow/example_dags/example_branch_labels.py
[2025-10-17T16:17:35.444+0000] {processor.py:830} INFO - Processing file /home/airflow/.local/lib/python3.12/site-packages/airflow/example_dags/example_branch_labels.py for tasks to queue
[2025-10-17T16:17:35.448+0000] {logging_mixin.py:188} INFO - [2025-10-17T16:17:35.447+0000] {dagbag.py:545} INFO - Filling up the DagBag from /home/airflow/.local/lib/python3.12/site-packages/airflow/example_dags/example_branch_labels.py
[2025-10-17T16:17:35.462+0000] {processor.py:840} INFO - DAG(s) 'example_branch_labels' retrieved from /home/airflow/.local/lib/python3.12/site-packages/airflow/example_dags/example_branch_labels.py
[2025-10-17T16:17:35.502+0000] {logging_mixin.py:188} INFO - [2025-10-17T16:17:35.502+0000] {dag.py:3096} INFO - Sync 1 DAGs
[2025-10-17T16:17:35.542+0000] {logging_mixin.py:188} INFO - [2025-10-17T16:17:35.541+0000] {dag.py:3954} INFO - Setting next_dagrun for example_branch_labels to 2025-10-16 00:00:00+00:00, run_after=2025-10-17 00:00:00+00:00
[2025-10-17T16:17:35.584+0000] {processor.py:183} INFO - Processing /home/airflow/.local/lib/python3.12/site-packages/airflow/example_dags/example_branch_labels.py took 0.156 seconds
[2025-10-17T16:18:06.462+0000] {processor.py:161} INFO - Started process (PID=455) to work on /home/airflow/.local/lib/python3.12/site-packages/airflow/example_dags/example_branch_labels.py
[2025-10-17T16:18:06.464+0000] {processor.py:830} INFO - Processing file /home/airflow/.local/lib/python3.12/site-packages/airflow/example_dags/example_branch_labels.py for tasks to queue
[2025-10-17T16:18:06.468+0000] {logging_mixin.py:188} INFO - [2025-10-17T16:18:06.467+0000] {dagbag.py:545} INFO - Filling up the DagBag from /home/airflow/.local/lib/python3.12/site-packages/airflow/example_dags/example_branch_labels.py
[2025-10-17T16:18:06.482+0000] {processor.py:840} INFO - DAG(s) 'example_branch_labels' retrieved from /home/airflow/.local/lib/python3.12/site-packages/airflow/example_dags/example_branch_labels.py
[2025-10-17T16:18:06.529+0000] {logging_mixin.py:188} INFO - [2025-10-17T16:18:06.528+0000] {dag.py:3096} INFO - Sync 1 DAGs
[2025-10-17T16:18:06.578+0000] {logging_mixin.py:188} INFO - [2025-10-17T16:18:06.578+0000] {dag.py:3954} INFO - Setting next_dagrun for example_branch_labels to 2025-10-16 00:00:00+00:00, run_after=2025-10-17 00:00:00+00:00
[2025-10-17T16:18:06.615+0000] {processor.py:183} INFO - Processing /home/airflow/.local/lib/python3.12/site-packages/airflow/example_dags/example_branch_labels.py took 0.168 seconds
[2025-10-17T16:18:37.110+0000] {processor.py:161} INFO - Started process (PID=508) to work on /home/airflow/.local/lib/python3.12/site-packages/airflow/example_dags/example_branch_labels.py
[2025-10-17T16:18:37.117+0000] {processor.py:830} INFO - Processing file /home/airflow/.local/lib/python3.12/site-packages/airflow/example_dags/example_branch_labels.py for tasks to queue
[2025-10-17T16:18:37.123+0000] {logging_mixin.py:188} INFO - [2025-10-17T16:18:37.122+0000] {dagbag.py:545} INFO - Filling up the DagBag from /home/airflow/.local/lib/python3.12/site-packages/airflow/example_dags/example_branch_labels.py
[2025-10-17T16:18:37.158+0000] {processor.py:840} INFO - DAG(s) 'example_branch_labels' retrieved from /home/airflow/.local/lib/python3.12/site-packages/airflow/example_dags/example_branch_labels.py
[2025-10-17T16:18:37.247+0000] {logging_mixin.py:188} INFO - [2025-10-17T16:18:37.246+0000] {dag.py:3096} INFO - Sync 1 DAGs
[2025-10-17T16:18:37.354+0000] {logging_mixin.py:188} INFO - [2025-10-17T16:18:37.352+0000] {dag.py:3954} INFO - Setting next_dagrun for example_branch_labels to 2025-10-16 00:00:00+00:00, run_after=2025-10-17 00:00:00+00:00
[2025-10-17T16:18:37.489+0000] {processor.py:183} INFO - Processing /home/airflow/.local/lib/python3.12/site-packages/airflow/example_dags/example_branch_labels.py took 0.406 seconds
[2025-10-17T16:19:07.805+0000] {processor.py:161} INFO - Started process (PID=562) to work on /home/airflow/.local/lib/python3.12/site-packages/airflow/example_dags/example_branch_labels.py
[2025-10-17T16:19:07.807+0000] {processor.py:830} INFO - Processing file /home/airflow/.local/lib/python3.12/site-packages/airflow/example_dags/example_branch_labels.py for tasks to queue
[2025-10-17T16:19:07.811+0000] {logging_mixin.py:188} INFO - [2025-10-17T16:19:07.811+0000] {dagbag.py:545} INFO - Filling up the DagBag from /home/airflow/.local/lib/python3.12/site-packages/airflow/example_dags/example_branch_labels.py
[2025-10-17T16:19:07.827+0000] {processor.py:840} INFO - DAG(s) 'example_branch_labels' retrieved from /home/airflow/.local/lib/python3.12/site-packages/airflow/example_dags/example_branch_labels.py
[2025-10-17T16:19:07.886+0000] {logging_mixin.py:188} INFO - [2025-10-17T16:19:07.885+0000] {dag.py:3096} INFO - Sync 1 DAGs
[2025-10-17T16:19:07.937+0000] {logging_mixin.py:188} INFO - [2025-10-17T16:19:07.937+0000] {dag.py:3954} INFO - Setting next_dagrun for example_branch_labels to 2025-10-16 00:00:00+00:00, run_after=2025-10-17 00:00:00+00:00
[2025-10-17T16:19:07.977+0000] {processor.py:183} INFO - Processing /home/airflow/.local/lib/python3.12/site-packages/airflow/example_dags/example_branch_labels.py took 0.191 seconds
[2025-10-17T16:19:38.354+0000] {processor.py:161} INFO - Started process (PID=614) to work on /home/airflow/.local/lib/python3.12/site-packages/airflow/example_dags/example_branch_labels.py
[2025-10-17T16:19:38.356+0000] {processor.py:830} INFO - Processing file /home/airflow/.local/lib/python3.12/site-packages/airflow/example_dags/example_branch_labels.py for tasks to queue
[2025-10-17T16:19:38.359+0000] {logging_mixin.py:188} INFO - [2025-10-17T16:19:38.359+0000] {dagbag.py:545} INFO - Filling up the DagBag from /home/airflow/.local/lib/python3.12/site-packages/airflow/example_dags/example_branch_labels.py
[2025-10-17T16:19:38.386+0000] {processor.py:840} INFO - DAG(s) 'example_branch_labels' retrieved from /home/airflow/.local/lib/python3.12/site-packages/airflow/example_dags/example_branch_labels.py
[2025-10-17T16:19:38.428+0000] {logging_mixin.py:188} INFO - [2025-10-17T16:19:38.428+0000] {dag.py:3096} INFO - Sync 1 DAGs
[2025-10-17T16:19:38.470+0000] {logging_mixin.py:188} INFO - [2025-10-17T16:19:38.469+0000] {dag.py:3954} INFO - Setting next_dagrun for example_branch_labels to 2025-10-16 00:00:00+00:00, run_after=2025-10-17 00:00:00+00:00
[2025-10-17T16:19:38.542+0000] {processor.py:183} INFO - Processing /home/airflow/.local/lib/python3.12/site-packages/airflow/example_dags/example_branch_labels.py took 0.201 seconds
[2025-10-17T16:20:08.755+0000] {processor.py:161} INFO - Started process (PID=666) to work on /home/airflow/.local/lib/python3.12/site-packages/airflow/example_dags/example_branch_labels.py
[2025-10-17T16:20:08.756+0000] {processor.py:830} INFO - Processing file /home/airflow/.local/lib/python3.12/site-packages/airflow/example_dags/example_branch_labels.py for tasks to queue
[2025-10-17T16:20:08.760+0000] {logging_mixin.py:188} INFO - [2025-10-17T16:20:08.759+0000] {dagbag.py:545} INFO - Filling up the DagBag from /home/airflow/.local/lib/python3.12/site-packages/airflow/example_dags/example_branch_labels.py
[2025-10-17T16:20:08.774+0000] {processor.py:840} INFO - DAG(s) 'example_branch_labels' retrieved from /home/airflow/.local/lib/python3.12/site-packages/airflow/example_dags/example_branch_labels.py
[2025-10-17T16:20:08.816+0000] {logging_mixin.py:188} INFO - [2025-10-17T16:20:08.815+0000] {dag.py:3096} INFO - Sync 1 DAGs
[2025-10-17T16:20:08.862+0000] {logging_mixin.py:188} INFO - [2025-10-17T16:20:08.861+0000] {dag.py:3954} INFO - Setting next_dagrun for example_branch_labels to 2025-10-16 00:00:00+00:00, run_after=2025-10-17 00:00:00+00:00
[2025-10-17T16:20:08.902+0000] {processor.py:183} INFO - Processing /home/airflow/.local/lib/python3.12/site-packages/airflow/example_dags/example_branch_labels.py took 0.158 seconds
