[2025-10-17T13:04:07.755+0000] {processor.py:161} INFO - Started process (PID=64) to work on /home/airflow/.local/lib/python3.12/site-packages/airflow/example_dags/example_sensors.py
[2025-10-17T13:04:07.761+0000] {processor.py:830} INFO - Processing file /home/airflow/.local/lib/python3.12/site-packages/airflow/example_dags/example_sensors.py for tasks to queue
[2025-10-17T13:04:07.770+0000] {logging_mixin.py:188} INFO - [2025-10-17T13:04:07.770+0000] {dagbag.py:545} INFO - Filling up the DagBag from /home/airflow/.local/lib/python3.12/site-packages/airflow/example_dags/example_sensors.py
[2025-10-17T13:04:07.881+0000] {processor.py:840} INFO - DAG(s) 'example_sensors' retrieved from /home/airflow/.local/lib/python3.12/site-packages/airflow/example_dags/example_sensors.py
[2025-10-17T13:04:08.268+0000] {logging_mixin.py:188} INFO - [2025-10-17T13:04:08.267+0000] {dag.py:3096} INFO - Sync 1 DAGs
[2025-10-17T13:04:08.314+0000] {logging_mixin.py:188} INFO - [2025-10-17T13:04:08.314+0000] {dag.py:3954} INFO - Setting next_dagrun for example_sensors to None, run_after=None
[2025-10-17T13:04:08.401+0000] {processor.py:183} INFO - Processing /home/airflow/.local/lib/python3.12/site-packages/airflow/example_dags/example_sensors.py took 0.685 seconds
[2025-10-17T13:04:38.982+0000] {processor.py:161} INFO - Started process (PID=116) to work on /home/airflow/.local/lib/python3.12/site-packages/airflow/example_dags/example_sensors.py
[2025-10-17T13:04:38.986+0000] {processor.py:830} INFO - Processing file /home/airflow/.local/lib/python3.12/site-packages/airflow/example_dags/example_sensors.py for tasks to queue
[2025-10-17T13:04:38.990+0000] {logging_mixin.py:188} INFO - [2025-10-17T13:04:38.989+0000] {dagbag.py:545} INFO - Filling up the DagBag from /home/airflow/.local/lib/python3.12/site-packages/airflow/example_dags/example_sensors.py
[2025-10-17T13:04:39.009+0000] {processor.py:840} INFO - DAG(s) 'example_sensors' retrieved from /home/airflow/.local/lib/python3.12/site-packages/airflow/example_dags/example_sensors.py
[2025-10-17T13:04:39.115+0000] {logging_mixin.py:188} INFO - [2025-10-17T13:04:39.114+0000] {dag.py:3096} INFO - Sync 1 DAGs
[2025-10-17T13:04:39.160+0000] {logging_mixin.py:188} INFO - [2025-10-17T13:04:39.159+0000] {dag.py:3954} INFO - Setting next_dagrun for example_sensors to None, run_after=None
[2025-10-17T13:04:39.242+0000] {processor.py:183} INFO - Processing /home/airflow/.local/lib/python3.12/site-packages/airflow/example_dags/example_sensors.py took 0.277 seconds
[2025-10-17T13:44:57.617+0000] {processor.py:161} INFO - Started process (PID=65) to work on /home/airflow/.local/lib/python3.12/site-packages/airflow/example_dags/example_sensors.py
[2025-10-17T13:44:57.619+0000] {processor.py:830} INFO - Processing file /home/airflow/.local/lib/python3.12/site-packages/airflow/example_dags/example_sensors.py for tasks to queue
[2025-10-17T13:44:57.623+0000] {logging_mixin.py:188} INFO - [2025-10-17T13:44:57.622+0000] {dagbag.py:545} INFO - Filling up the DagBag from /home/airflow/.local/lib/python3.12/site-packages/airflow/example_dags/example_sensors.py
[2025-10-17T13:44:57.645+0000] {processor.py:840} INFO - DAG(s) 'example_sensors' retrieved from /home/airflow/.local/lib/python3.12/site-packages/airflow/example_dags/example_sensors.py
[2025-10-17T13:44:57.778+0000] {logging_mixin.py:188} INFO - [2025-10-17T13:44:57.778+0000] {dag.py:3096} INFO - Sync 1 DAGs
[2025-10-17T13:44:57.829+0000] {logging_mixin.py:188} INFO - [2025-10-17T13:44:57.828+0000] {dag.py:3954} INFO - Setting next_dagrun for example_sensors to None, run_after=None
[2025-10-17T13:44:57.918+0000] {processor.py:183} INFO - Processing /home/airflow/.local/lib/python3.12/site-packages/airflow/example_dags/example_sensors.py took 0.310 seconds
[2025-10-17T16:14:09.028+0000] {processor.py:161} INFO - Started process (PID=64) to work on /home/airflow/.local/lib/python3.12/site-packages/airflow/example_dags/example_sensors.py
[2025-10-17T16:14:09.030+0000] {processor.py:830} INFO - Processing file /home/airflow/.local/lib/python3.12/site-packages/airflow/example_dags/example_sensors.py for tasks to queue
[2025-10-17T16:14:09.035+0000] {logging_mixin.py:188} INFO - [2025-10-17T16:14:09.034+0000] {dagbag.py:545} INFO - Filling up the DagBag from /home/airflow/.local/lib/python3.12/site-packages/airflow/example_dags/example_sensors.py
[2025-10-17T16:14:09.064+0000] {processor.py:840} INFO - DAG(s) 'example_sensors' retrieved from /home/airflow/.local/lib/python3.12/site-packages/airflow/example_dags/example_sensors.py
[2025-10-17T16:14:09.152+0000] {logging_mixin.py:188} INFO - [2025-10-17T16:14:09.151+0000] {dag.py:3096} INFO - Sync 1 DAGs
[2025-10-17T16:14:09.190+0000] {logging_mixin.py:188} INFO - [2025-10-17T16:14:09.189+0000] {dag.py:3954} INFO - Setting next_dagrun for example_sensors to None, run_after=None
[2025-10-17T16:14:09.238+0000] {processor.py:183} INFO - Processing /home/airflow/.local/lib/python3.12/site-packages/airflow/example_dags/example_sensors.py took 0.230 seconds
[2025-10-17T16:14:39.602+0000] {processor.py:161} INFO - Started process (PID=117) to work on /home/airflow/.local/lib/python3.12/site-packages/airflow/example_dags/example_sensors.py
[2025-10-17T16:14:39.604+0000] {processor.py:830} INFO - Processing file /home/airflow/.local/lib/python3.12/site-packages/airflow/example_dags/example_sensors.py for tasks to queue
[2025-10-17T16:14:39.607+0000] {logging_mixin.py:188} INFO - [2025-10-17T16:14:39.607+0000] {dagbag.py:545} INFO - Filling up the DagBag from /home/airflow/.local/lib/python3.12/site-packages/airflow/example_dags/example_sensors.py
[2025-10-17T16:14:39.626+0000] {processor.py:840} INFO - DAG(s) 'example_sensors' retrieved from /home/airflow/.local/lib/python3.12/site-packages/airflow/example_dags/example_sensors.py
[2025-10-17T16:14:39.674+0000] {logging_mixin.py:188} INFO - [2025-10-17T16:14:39.674+0000] {dag.py:3096} INFO - Sync 1 DAGs
[2025-10-17T16:14:39.702+0000] {logging_mixin.py:188} INFO - [2025-10-17T16:14:39.702+0000] {dag.py:3954} INFO - Setting next_dagrun for example_sensors to None, run_after=None
[2025-10-17T16:14:39.818+0000] {processor.py:183} INFO - Processing /home/airflow/.local/lib/python3.12/site-packages/airflow/example_dags/example_sensors.py took 0.228 seconds
[2025-10-17T16:15:10.493+0000] {processor.py:161} INFO - Started process (PID=170) to work on /home/airflow/.local/lib/python3.12/site-packages/airflow/example_dags/example_sensors.py
[2025-10-17T16:15:10.495+0000] {processor.py:830} INFO - Processing file /home/airflow/.local/lib/python3.12/site-packages/airflow/example_dags/example_sensors.py for tasks to queue
[2025-10-17T16:15:10.500+0000] {logging_mixin.py:188} INFO - [2025-10-17T16:15:10.499+0000] {dagbag.py:545} INFO - Filling up the DagBag from /home/airflow/.local/lib/python3.12/site-packages/airflow/example_dags/example_sensors.py
[2025-10-17T16:15:10.521+0000] {processor.py:840} INFO - DAG(s) 'example_sensors' retrieved from /home/airflow/.local/lib/python3.12/site-packages/airflow/example_dags/example_sensors.py
[2025-10-17T16:15:10.572+0000] {logging_mixin.py:188} INFO - [2025-10-17T16:15:10.571+0000] {dag.py:3096} INFO - Sync 1 DAGs
[2025-10-17T16:15:10.599+0000] {logging_mixin.py:188} INFO - [2025-10-17T16:15:10.598+0000] {dag.py:3954} INFO - Setting next_dagrun for example_sensors to None, run_after=None
[2025-10-17T16:15:10.637+0000] {processor.py:183} INFO - Processing /home/airflow/.local/lib/python3.12/site-packages/airflow/example_dags/example_sensors.py took 0.158 seconds
[2025-10-17T16:15:41.542+0000] {processor.py:161} INFO - Started process (PID=223) to work on /home/airflow/.local/lib/python3.12/site-packages/airflow/example_dags/example_sensors.py
[2025-10-17T16:15:41.544+0000] {processor.py:830} INFO - Processing file /home/airflow/.local/lib/python3.12/site-packages/airflow/example_dags/example_sensors.py for tasks to queue
[2025-10-17T16:15:41.547+0000] {logging_mixin.py:188} INFO - [2025-10-17T16:15:41.547+0000] {dagbag.py:545} INFO - Filling up the DagBag from /home/airflow/.local/lib/python3.12/site-packages/airflow/example_dags/example_sensors.py
[2025-10-17T16:15:41.574+0000] {processor.py:840} INFO - DAG(s) 'example_sensors' retrieved from /home/airflow/.local/lib/python3.12/site-packages/airflow/example_dags/example_sensors.py
[2025-10-17T16:15:41.628+0000] {logging_mixin.py:188} INFO - [2025-10-17T16:15:41.628+0000] {dag.py:3096} INFO - Sync 1 DAGs
[2025-10-17T16:15:41.655+0000] {logging_mixin.py:188} INFO - [2025-10-17T16:15:41.655+0000] {dag.py:3954} INFO - Setting next_dagrun for example_sensors to None, run_after=None
[2025-10-17T16:15:41.706+0000] {processor.py:183} INFO - Processing /home/airflow/.local/lib/python3.12/site-packages/airflow/example_dags/example_sensors.py took 0.180 seconds
[2025-10-17T16:16:11.952+0000] {processor.py:161} INFO - Started process (PID=276) to work on /home/airflow/.local/lib/python3.12/site-packages/airflow/example_dags/example_sensors.py
[2025-10-17T16:16:11.954+0000] {processor.py:830} INFO - Processing file /home/airflow/.local/lib/python3.12/site-packages/airflow/example_dags/example_sensors.py for tasks to queue
[2025-10-17T16:16:11.957+0000] {logging_mixin.py:188} INFO - [2025-10-17T16:16:11.957+0000] {dagbag.py:545} INFO - Filling up the DagBag from /home/airflow/.local/lib/python3.12/site-packages/airflow/example_dags/example_sensors.py
[2025-10-17T16:16:11.983+0000] {processor.py:840} INFO - DAG(s) 'example_sensors' retrieved from /home/airflow/.local/lib/python3.12/site-packages/airflow/example_dags/example_sensors.py
[2025-10-17T16:16:12.034+0000] {logging_mixin.py:188} INFO - [2025-10-17T16:16:12.034+0000] {dag.py:3096} INFO - Sync 1 DAGs
[2025-10-17T16:16:12.054+0000] {logging_mixin.py:188} INFO - [2025-10-17T16:16:12.053+0000] {dag.py:3954} INFO - Setting next_dagrun for example_sensors to None, run_after=None
[2025-10-17T16:16:12.092+0000] {processor.py:183} INFO - Processing /home/airflow/.local/lib/python3.12/site-packages/airflow/example_dags/example_sensors.py took 0.151 seconds
[2025-10-17T16:16:42.222+0000] {processor.py:161} INFO - Started process (PID=329) to work on /home/airflow/.local/lib/python3.12/site-packages/airflow/example_dags/example_sensors.py
[2025-10-17T16:16:42.224+0000] {processor.py:830} INFO - Processing file /home/airflow/.local/lib/python3.12/site-packages/airflow/example_dags/example_sensors.py for tasks to queue
[2025-10-17T16:16:42.227+0000] {logging_mixin.py:188} INFO - [2025-10-17T16:16:42.226+0000] {dagbag.py:545} INFO - Filling up the DagBag from /home/airflow/.local/lib/python3.12/site-packages/airflow/example_dags/example_sensors.py
[2025-10-17T16:16:42.244+0000] {processor.py:840} INFO - DAG(s) 'example_sensors' retrieved from /home/airflow/.local/lib/python3.12/site-packages/airflow/example_dags/example_sensors.py
[2025-10-17T16:16:42.290+0000] {logging_mixin.py:188} INFO - [2025-10-17T16:16:42.290+0000] {dag.py:3096} INFO - Sync 1 DAGs
[2025-10-17T16:16:42.313+0000] {logging_mixin.py:188} INFO - [2025-10-17T16:16:42.313+0000] {dag.py:3954} INFO - Setting next_dagrun for example_sensors to None, run_after=None
[2025-10-17T16:16:42.353+0000] {processor.py:183} INFO - Processing /home/airflow/.local/lib/python3.12/site-packages/airflow/example_dags/example_sensors.py took 0.142 seconds
[2025-10-17T16:17:13.281+0000] {processor.py:161} INFO - Started process (PID=382) to work on /home/airflow/.local/lib/python3.12/site-packages/airflow/example_dags/example_sensors.py
[2025-10-17T16:17:13.284+0000] {processor.py:830} INFO - Processing file /home/airflow/.local/lib/python3.12/site-packages/airflow/example_dags/example_sensors.py for tasks to queue
[2025-10-17T16:17:13.289+0000] {logging_mixin.py:188} INFO - [2025-10-17T16:17:13.288+0000] {dagbag.py:545} INFO - Filling up the DagBag from /home/airflow/.local/lib/python3.12/site-packages/airflow/example_dags/example_sensors.py
[2025-10-17T16:17:13.314+0000] {processor.py:840} INFO - DAG(s) 'example_sensors' retrieved from /home/airflow/.local/lib/python3.12/site-packages/airflow/example_dags/example_sensors.py
[2025-10-17T16:17:13.382+0000] {logging_mixin.py:188} INFO - [2025-10-17T16:17:13.382+0000] {dag.py:3096} INFO - Sync 1 DAGs
[2025-10-17T16:17:13.413+0000] {logging_mixin.py:188} INFO - [2025-10-17T16:17:13.413+0000] {dag.py:3954} INFO - Setting next_dagrun for example_sensors to None, run_after=None
[2025-10-17T16:17:13.462+0000] {processor.py:183} INFO - Processing /home/airflow/.local/lib/python3.12/site-packages/airflow/example_dags/example_sensors.py took 0.202 seconds
[2025-10-17T16:17:45.103+0000] {processor.py:161} INFO - Started process (PID=435) to work on /home/airflow/.local/lib/python3.12/site-packages/airflow/example_dags/example_sensors.py
[2025-10-17T16:17:45.105+0000] {processor.py:830} INFO - Processing file /home/airflow/.local/lib/python3.12/site-packages/airflow/example_dags/example_sensors.py for tasks to queue
[2025-10-17T16:17:45.109+0000] {logging_mixin.py:188} INFO - [2025-10-17T16:17:45.109+0000] {dagbag.py:545} INFO - Filling up the DagBag from /home/airflow/.local/lib/python3.12/site-packages/airflow/example_dags/example_sensors.py
[2025-10-17T16:17:45.131+0000] {processor.py:840} INFO - DAG(s) 'example_sensors' retrieved from /home/airflow/.local/lib/python3.12/site-packages/airflow/example_dags/example_sensors.py
[2025-10-17T16:17:45.186+0000] {logging_mixin.py:188} INFO - [2025-10-17T16:17:45.185+0000] {dag.py:3096} INFO - Sync 1 DAGs
[2025-10-17T16:17:45.209+0000] {logging_mixin.py:188} INFO - [2025-10-17T16:17:45.209+0000] {dag.py:3954} INFO - Setting next_dagrun for example_sensors to None, run_after=None
[2025-10-17T16:17:45.250+0000] {processor.py:183} INFO - Processing /home/airflow/.local/lib/python3.12/site-packages/airflow/example_dags/example_sensors.py took 0.160 seconds
[2025-10-17T16:18:15.640+0000] {processor.py:161} INFO - Started process (PID=488) to work on /home/airflow/.local/lib/python3.12/site-packages/airflow/example_dags/example_sensors.py
[2025-10-17T16:18:15.645+0000] {processor.py:830} INFO - Processing file /home/airflow/.local/lib/python3.12/site-packages/airflow/example_dags/example_sensors.py for tasks to queue
[2025-10-17T16:18:15.648+0000] {logging_mixin.py:188} INFO - [2025-10-17T16:18:15.648+0000] {dagbag.py:545} INFO - Filling up the DagBag from /home/airflow/.local/lib/python3.12/site-packages/airflow/example_dags/example_sensors.py
[2025-10-17T16:18:15.663+0000] {processor.py:840} INFO - DAG(s) 'example_sensors' retrieved from /home/airflow/.local/lib/python3.12/site-packages/airflow/example_dags/example_sensors.py
[2025-10-17T16:18:15.705+0000] {logging_mixin.py:188} INFO - [2025-10-17T16:18:15.705+0000] {dag.py:3096} INFO - Sync 1 DAGs
[2025-10-17T16:18:15.724+0000] {logging_mixin.py:188} INFO - [2025-10-17T16:18:15.724+0000] {dag.py:3954} INFO - Setting next_dagrun for example_sensors to None, run_after=None
[2025-10-17T16:18:15.755+0000] {processor.py:183} INFO - Processing /home/airflow/.local/lib/python3.12/site-packages/airflow/example_dags/example_sensors.py took 0.127 seconds
[2025-10-17T16:18:46.894+0000] {processor.py:161} INFO - Started process (PID=541) to work on /home/airflow/.local/lib/python3.12/site-packages/airflow/example_dags/example_sensors.py
[2025-10-17T16:18:46.896+0000] {processor.py:830} INFO - Processing file /home/airflow/.local/lib/python3.12/site-packages/airflow/example_dags/example_sensors.py for tasks to queue
[2025-10-17T16:18:46.901+0000] {logging_mixin.py:188} INFO - [2025-10-17T16:18:46.900+0000] {dagbag.py:545} INFO - Filling up the DagBag from /home/airflow/.local/lib/python3.12/site-packages/airflow/example_dags/example_sensors.py
[2025-10-17T16:18:46.933+0000] {processor.py:840} INFO - DAG(s) 'example_sensors' retrieved from /home/airflow/.local/lib/python3.12/site-packages/airflow/example_dags/example_sensors.py
[2025-10-17T16:18:47.017+0000] {logging_mixin.py:188} INFO - [2025-10-17T16:18:47.017+0000] {dag.py:3096} INFO - Sync 1 DAGs
[2025-10-17T16:18:47.055+0000] {logging_mixin.py:188} INFO - [2025-10-17T16:18:47.054+0000] {dag.py:3954} INFO - Setting next_dagrun for example_sensors to None, run_after=None
[2025-10-17T16:18:47.126+0000] {processor.py:183} INFO - Processing /home/airflow/.local/lib/python3.12/site-packages/airflow/example_dags/example_sensors.py took 0.245 seconds
[2025-10-17T16:19:17.574+0000] {processor.py:161} INFO - Started process (PID=594) to work on /home/airflow/.local/lib/python3.12/site-packages/airflow/example_dags/example_sensors.py
[2025-10-17T16:19:17.577+0000] {processor.py:830} INFO - Processing file /home/airflow/.local/lib/python3.12/site-packages/airflow/example_dags/example_sensors.py for tasks to queue
[2025-10-17T16:19:17.581+0000] {logging_mixin.py:188} INFO - [2025-10-17T16:19:17.580+0000] {dagbag.py:545} INFO - Filling up the DagBag from /home/airflow/.local/lib/python3.12/site-packages/airflow/example_dags/example_sensors.py
[2025-10-17T16:19:17.600+0000] {processor.py:840} INFO - DAG(s) 'example_sensors' retrieved from /home/airflow/.local/lib/python3.12/site-packages/airflow/example_dags/example_sensors.py
[2025-10-17T16:19:17.652+0000] {logging_mixin.py:188} INFO - [2025-10-17T16:19:17.651+0000] {dag.py:3096} INFO - Sync 1 DAGs
[2025-10-17T16:19:17.682+0000] {logging_mixin.py:188} INFO - [2025-10-17T16:19:17.681+0000] {dag.py:3954} INFO - Setting next_dagrun for example_sensors to None, run_after=None
[2025-10-17T16:19:17.722+0000] {processor.py:183} INFO - Processing /home/airflow/.local/lib/python3.12/site-packages/airflow/example_dags/example_sensors.py took 0.164 seconds
[2025-10-17T16:19:49.317+0000] {processor.py:161} INFO - Started process (PID=647) to work on /home/airflow/.local/lib/python3.12/site-packages/airflow/example_dags/example_sensors.py
[2025-10-17T16:19:49.320+0000] {processor.py:830} INFO - Processing file /home/airflow/.local/lib/python3.12/site-packages/airflow/example_dags/example_sensors.py for tasks to queue
[2025-10-17T16:19:49.324+0000] {logging_mixin.py:188} INFO - [2025-10-17T16:19:49.323+0000] {dagbag.py:545} INFO - Filling up the DagBag from /home/airflow/.local/lib/python3.12/site-packages/airflow/example_dags/example_sensors.py
[2025-10-17T16:19:49.342+0000] {processor.py:840} INFO - DAG(s) 'example_sensors' retrieved from /home/airflow/.local/lib/python3.12/site-packages/airflow/example_dags/example_sensors.py
[2025-10-17T16:19:49.406+0000] {logging_mixin.py:188} INFO - [2025-10-17T16:19:49.405+0000] {dag.py:3096} INFO - Sync 1 DAGs
[2025-10-17T16:19:49.423+0000] {logging_mixin.py:188} INFO - [2025-10-17T16:19:49.423+0000] {dag.py:3954} INFO - Setting next_dagrun for example_sensors to None, run_after=None
[2025-10-17T16:19:49.486+0000] {processor.py:183} INFO - Processing /home/airflow/.local/lib/python3.12/site-packages/airflow/example_dags/example_sensors.py took 0.181 seconds
[2025-10-17T16:20:20.508+0000] {processor.py:161} INFO - Started process (PID=700) to work on /home/airflow/.local/lib/python3.12/site-packages/airflow/example_dags/example_sensors.py
[2025-10-17T16:20:20.510+0000] {processor.py:830} INFO - Processing file /home/airflow/.local/lib/python3.12/site-packages/airflow/example_dags/example_sensors.py for tasks to queue
[2025-10-17T16:20:20.514+0000] {logging_mixin.py:188} INFO - [2025-10-17T16:20:20.513+0000] {dagbag.py:545} INFO - Filling up the DagBag from /home/airflow/.local/lib/python3.12/site-packages/airflow/example_dags/example_sensors.py
[2025-10-17T16:20:20.547+0000] {processor.py:840} INFO - DAG(s) 'example_sensors' retrieved from /home/airflow/.local/lib/python3.12/site-packages/airflow/example_dags/example_sensors.py
[2025-10-17T16:20:20.618+0000] {logging_mixin.py:188} INFO - [2025-10-17T16:20:20.618+0000] {dag.py:3096} INFO - Sync 1 DAGs
[2025-10-17T16:20:20.641+0000] {logging_mixin.py:188} INFO - [2025-10-17T16:20:20.641+0000] {dag.py:3954} INFO - Setting next_dagrun for example_sensors to None, run_after=None
[2025-10-17T16:20:20.680+0000] {processor.py:183} INFO - Processing /home/airflow/.local/lib/python3.12/site-packages/airflow/example_dags/example_sensors.py took 0.183 seconds
