[2025-10-17T13:04:05.087+0000] {processor.py:161} INFO - Started process (PID=56) to work on /home/airflow/.local/lib/python3.12/site-packages/airflow/example_dags/example_branch_datetime_operator.py
[2025-10-17T13:04:05.088+0000] {processor.py:830} INFO - Processing file /home/airflow/.local/lib/python3.12/site-packages/airflow/example_dags/example_branch_datetime_operator.py for tasks to queue
[2025-10-17T13:04:05.092+0000] {logging_mixin.py:188} INFO - [2025-10-17T13:04:05.091+0000] {dagbag.py:545} INFO - Filling up the DagBag from /home/airflow/.local/lib/python3.12/site-packages/airflow/example_dags/example_branch_datetime_operator.py
[2025-10-17T13:04:05.172+0000] {processor.py:840} INFO - DAG(s) 'example_branch_datetime_operator_2', 'example_branch_datetime_operator_3', 'example_branch_datetime_operator' retrieved from /home/airflow/.local/lib/python3.12/site-packages/airflow/example_dags/example_branch_datetime_operator.py
[2025-10-17T13:04:05.453+0000] {logging_mixin.py:188} INFO - [2025-10-17T13:04:05.452+0000] {dag.py:3096} INFO - Sync 3 DAGs
[2025-10-17T13:04:05.505+0000] {logging_mixin.py:188} INFO - [2025-10-17T13:04:05.504+0000] {dag.py:3954} INFO - Setting next_dagrun for example_branch_datetime_operator to 2025-10-16 00:00:00+00:00, run_after=2025-10-17 00:00:00+00:00
[2025-10-17T13:04:05.519+0000] {logging_mixin.py:188} INFO - [2025-10-17T13:04:05.518+0000] {dag.py:3954} INFO - Setting next_dagrun for example_branch_datetime_operator_2 to 2025-10-16 00:00:00+00:00, run_after=2025-10-17 00:00:00+00:00
[2025-10-17T13:04:05.523+0000] {logging_mixin.py:188} INFO - [2025-10-17T13:04:05.523+0000] {dag.py:3954} INFO - Setting next_dagrun for example_branch_datetime_operator_3 to 2025-10-16 00:00:00+00:00, run_after=2025-10-17 00:00:00+00:00
[2025-10-17T13:04:05.622+0000] {processor.py:183} INFO - Processing /home/airflow/.local/lib/python3.12/site-packages/airflow/example_dags/example_branch_datetime_operator.py took 0.548 seconds
[2025-10-17T13:04:35.824+0000] {processor.py:161} INFO - Started process (PID=108) to work on /home/airflow/.local/lib/python3.12/site-packages/airflow/example_dags/example_branch_datetime_operator.py
[2025-10-17T13:04:35.826+0000] {processor.py:830} INFO - Processing file /home/airflow/.local/lib/python3.12/site-packages/airflow/example_dags/example_branch_datetime_operator.py for tasks to queue
[2025-10-17T13:04:35.832+0000] {logging_mixin.py:188} INFO - [2025-10-17T13:04:35.831+0000] {dagbag.py:545} INFO - Filling up the DagBag from /home/airflow/.local/lib/python3.12/site-packages/airflow/example_dags/example_branch_datetime_operator.py
[2025-10-17T13:04:35.857+0000] {processor.py:840} INFO - DAG(s) 'example_branch_datetime_operator_3', 'example_branch_datetime_operator_2', 'example_branch_datetime_operator' retrieved from /home/airflow/.local/lib/python3.12/site-packages/airflow/example_dags/example_branch_datetime_operator.py
[2025-10-17T13:04:35.920+0000] {logging_mixin.py:188} INFO - [2025-10-17T13:04:35.920+0000] {dag.py:3096} INFO - Sync 3 DAGs
[2025-10-17T13:04:35.968+0000] {logging_mixin.py:188} INFO - [2025-10-17T13:04:35.968+0000] {dag.py:3954} INFO - Setting next_dagrun for example_branch_datetime_operator to 2025-10-16 00:00:00+00:00, run_after=2025-10-17 00:00:00+00:00
[2025-10-17T13:04:35.977+0000] {logging_mixin.py:188} INFO - [2025-10-17T13:04:35.977+0000] {dag.py:3954} INFO - Setting next_dagrun for example_branch_datetime_operator_2 to 2025-10-16 00:00:00+00:00, run_after=2025-10-17 00:00:00+00:00
[2025-10-17T13:04:35.982+0000] {logging_mixin.py:188} INFO - [2025-10-17T13:04:35.982+0000] {dag.py:3954} INFO - Setting next_dagrun for example_branch_datetime_operator_3 to 2025-10-16 00:00:00+00:00, run_after=2025-10-17 00:00:00+00:00
[2025-10-17T13:04:36.015+0000] {processor.py:183} INFO - Processing /home/airflow/.local/lib/python3.12/site-packages/airflow/example_dags/example_branch_datetime_operator.py took 0.206 seconds
[2025-10-17T13:44:54.495+0000] {processor.py:161} INFO - Started process (PID=57) to work on /home/airflow/.local/lib/python3.12/site-packages/airflow/example_dags/example_branch_datetime_operator.py
[2025-10-17T13:44:54.497+0000] {processor.py:830} INFO - Processing file /home/airflow/.local/lib/python3.12/site-packages/airflow/example_dags/example_branch_datetime_operator.py for tasks to queue
[2025-10-17T13:44:54.506+0000] {logging_mixin.py:188} INFO - [2025-10-17T13:44:54.505+0000] {dagbag.py:545} INFO - Filling up the DagBag from /home/airflow/.local/lib/python3.12/site-packages/airflow/example_dags/example_branch_datetime_operator.py
[2025-10-17T13:44:54.546+0000] {processor.py:840} INFO - DAG(s) 'example_branch_datetime_operator', 'example_branch_datetime_operator_2', 'example_branch_datetime_operator_3' retrieved from /home/airflow/.local/lib/python3.12/site-packages/airflow/example_dags/example_branch_datetime_operator.py
[2025-10-17T13:44:54.641+0000] {logging_mixin.py:188} INFO - [2025-10-17T13:44:54.640+0000] {dag.py:3096} INFO - Sync 3 DAGs
[2025-10-17T13:44:54.737+0000] {logging_mixin.py:188} INFO - [2025-10-17T13:44:54.736+0000] {dag.py:3954} INFO - Setting next_dagrun for example_branch_datetime_operator to 2025-10-16 00:00:00+00:00, run_after=2025-10-17 00:00:00+00:00
[2025-10-17T13:44:54.760+0000] {logging_mixin.py:188} INFO - [2025-10-17T13:44:54.759+0000] {dag.py:3954} INFO - Setting next_dagrun for example_branch_datetime_operator_2 to 2025-10-16 00:00:00+00:00, run_after=2025-10-17 00:00:00+00:00
[2025-10-17T13:44:54.779+0000] {logging_mixin.py:188} INFO - [2025-10-17T13:44:54.778+0000] {dag.py:3954} INFO - Setting next_dagrun for example_branch_datetime_operator_3 to 2025-10-16 00:00:00+00:00, run_after=2025-10-17 00:00:00+00:00
[2025-10-17T13:44:54.912+0000] {processor.py:183} INFO - Processing /home/airflow/.local/lib/python3.12/site-packages/airflow/example_dags/example_branch_datetime_operator.py took 0.434 seconds
[2025-10-17T16:14:07.514+0000] {processor.py:161} INFO - Started process (PID=56) to work on /home/airflow/.local/lib/python3.12/site-packages/airflow/example_dags/example_branch_datetime_operator.py
[2025-10-17T16:14:07.516+0000] {processor.py:830} INFO - Processing file /home/airflow/.local/lib/python3.12/site-packages/airflow/example_dags/example_branch_datetime_operator.py for tasks to queue
[2025-10-17T16:14:07.521+0000] {logging_mixin.py:188} INFO - [2025-10-17T16:14:07.521+0000] {dagbag.py:545} INFO - Filling up the DagBag from /home/airflow/.local/lib/python3.12/site-packages/airflow/example_dags/example_branch_datetime_operator.py
[2025-10-17T16:14:07.556+0000] {processor.py:840} INFO - DAG(s) 'example_branch_datetime_operator_3', 'example_branch_datetime_operator_2', 'example_branch_datetime_operator' retrieved from /home/airflow/.local/lib/python3.12/site-packages/airflow/example_dags/example_branch_datetime_operator.py
[2025-10-17T16:14:07.630+0000] {logging_mixin.py:188} INFO - [2025-10-17T16:14:07.629+0000] {dag.py:3096} INFO - Sync 3 DAGs
[2025-10-17T16:14:07.706+0000] {logging_mixin.py:188} INFO - [2025-10-17T16:14:07.706+0000] {dag.py:3954} INFO - Setting next_dagrun for example_branch_datetime_operator to 2025-10-16 00:00:00+00:00, run_after=2025-10-17 00:00:00+00:00
[2025-10-17T16:14:07.719+0000] {logging_mixin.py:188} INFO - [2025-10-17T16:14:07.719+0000] {dag.py:3954} INFO - Setting next_dagrun for example_branch_datetime_operator_2 to 2025-10-16 00:00:00+00:00, run_after=2025-10-17 00:00:00+00:00
[2025-10-17T16:14:07.725+0000] {logging_mixin.py:188} INFO - [2025-10-17T16:14:07.725+0000] {dag.py:3954} INFO - Setting next_dagrun for example_branch_datetime_operator_3 to 2025-10-16 00:00:00+00:00, run_after=2025-10-17 00:00:00+00:00
[2025-10-17T16:14:07.771+0000] {processor.py:183} INFO - Processing /home/airflow/.local/lib/python3.12/site-packages/airflow/example_dags/example_branch_datetime_operator.py took 0.271 seconds
[2025-10-17T16:14:38.530+0000] {processor.py:161} INFO - Started process (PID=109) to work on /home/airflow/.local/lib/python3.12/site-packages/airflow/example_dags/example_branch_datetime_operator.py
[2025-10-17T16:14:38.532+0000] {processor.py:830} INFO - Processing file /home/airflow/.local/lib/python3.12/site-packages/airflow/example_dags/example_branch_datetime_operator.py for tasks to queue
[2025-10-17T16:14:38.537+0000] {logging_mixin.py:188} INFO - [2025-10-17T16:14:38.536+0000] {dagbag.py:545} INFO - Filling up the DagBag from /home/airflow/.local/lib/python3.12/site-packages/airflow/example_dags/example_branch_datetime_operator.py
[2025-10-17T16:14:38.558+0000] {processor.py:840} INFO - DAG(s) 'example_branch_datetime_operator', 'example_branch_datetime_operator_3', 'example_branch_datetime_operator_2' retrieved from /home/airflow/.local/lib/python3.12/site-packages/airflow/example_dags/example_branch_datetime_operator.py
[2025-10-17T16:14:38.615+0000] {logging_mixin.py:188} INFO - [2025-10-17T16:14:38.615+0000] {dag.py:3096} INFO - Sync 3 DAGs
[2025-10-17T16:14:38.659+0000] {logging_mixin.py:188} INFO - [2025-10-17T16:14:38.659+0000] {dag.py:3954} INFO - Setting next_dagrun for example_branch_datetime_operator to 2025-10-16 00:00:00+00:00, run_after=2025-10-17 00:00:00+00:00
[2025-10-17T16:14:38.676+0000] {logging_mixin.py:188} INFO - [2025-10-17T16:14:38.676+0000] {dag.py:3954} INFO - Setting next_dagrun for example_branch_datetime_operator_2 to 2025-10-16 00:00:00+00:00, run_after=2025-10-17 00:00:00+00:00
[2025-10-17T16:14:38.684+0000] {logging_mixin.py:188} INFO - [2025-10-17T16:14:38.684+0000] {dag.py:3954} INFO - Setting next_dagrun for example_branch_datetime_operator_3 to 2025-10-16 00:00:00+00:00, run_after=2025-10-17 00:00:00+00:00
[2025-10-17T16:14:38.730+0000] {processor.py:183} INFO - Processing /home/airflow/.local/lib/python3.12/site-packages/airflow/example_dags/example_branch_datetime_operator.py took 0.215 seconds
[2025-10-17T16:15:08.963+0000] {processor.py:161} INFO - Started process (PID=161) to work on /home/airflow/.local/lib/python3.12/site-packages/airflow/example_dags/example_branch_datetime_operator.py
[2025-10-17T16:15:08.967+0000] {processor.py:830} INFO - Processing file /home/airflow/.local/lib/python3.12/site-packages/airflow/example_dags/example_branch_datetime_operator.py for tasks to queue
[2025-10-17T16:15:08.973+0000] {logging_mixin.py:188} INFO - [2025-10-17T16:15:08.973+0000] {dagbag.py:545} INFO - Filling up the DagBag from /home/airflow/.local/lib/python3.12/site-packages/airflow/example_dags/example_branch_datetime_operator.py
[2025-10-17T16:15:08.999+0000] {processor.py:840} INFO - DAG(s) 'example_branch_datetime_operator_3', 'example_branch_datetime_operator_2', 'example_branch_datetime_operator' retrieved from /home/airflow/.local/lib/python3.12/site-packages/airflow/example_dags/example_branch_datetime_operator.py
[2025-10-17T16:15:09.045+0000] {logging_mixin.py:188} INFO - [2025-10-17T16:15:09.044+0000] {dag.py:3096} INFO - Sync 3 DAGs
[2025-10-17T16:15:09.093+0000] {logging_mixin.py:188} INFO - [2025-10-17T16:15:09.092+0000] {dag.py:3954} INFO - Setting next_dagrun for example_branch_datetime_operator to 2025-10-16 00:00:00+00:00, run_after=2025-10-17 00:00:00+00:00
[2025-10-17T16:15:09.124+0000] {logging_mixin.py:188} INFO - [2025-10-17T16:15:09.123+0000] {dag.py:3954} INFO - Setting next_dagrun for example_branch_datetime_operator_2 to 2025-10-16 00:00:00+00:00, run_after=2025-10-17 00:00:00+00:00
[2025-10-17T16:15:09.130+0000] {logging_mixin.py:188} INFO - [2025-10-17T16:15:09.129+0000] {dag.py:3954} INFO - Setting next_dagrun for example_branch_datetime_operator_3 to 2025-10-16 00:00:00+00:00, run_after=2025-10-17 00:00:00+00:00
[2025-10-17T16:15:09.162+0000] {processor.py:183} INFO - Processing /home/airflow/.local/lib/python3.12/site-packages/airflow/example_dags/example_branch_datetime_operator.py took 0.231 seconds
[2025-10-17T16:15:39.664+0000] {processor.py:161} INFO - Started process (PID=214) to work on /home/airflow/.local/lib/python3.12/site-packages/airflow/example_dags/example_branch_datetime_operator.py
[2025-10-17T16:15:39.665+0000] {processor.py:830} INFO - Processing file /home/airflow/.local/lib/python3.12/site-packages/airflow/example_dags/example_branch_datetime_operator.py for tasks to queue
[2025-10-17T16:15:39.669+0000] {logging_mixin.py:188} INFO - [2025-10-17T16:15:39.669+0000] {dagbag.py:545} INFO - Filling up the DagBag from /home/airflow/.local/lib/python3.12/site-packages/airflow/example_dags/example_branch_datetime_operator.py
[2025-10-17T16:15:39.697+0000] {processor.py:840} INFO - DAG(s) 'example_branch_datetime_operator_3', 'example_branch_datetime_operator_2', 'example_branch_datetime_operator' retrieved from /home/airflow/.local/lib/python3.12/site-packages/airflow/example_dags/example_branch_datetime_operator.py
[2025-10-17T16:15:39.754+0000] {logging_mixin.py:188} INFO - [2025-10-17T16:15:39.752+0000] {dag.py:3096} INFO - Sync 3 DAGs
[2025-10-17T16:15:39.802+0000] {logging_mixin.py:188} INFO - [2025-10-17T16:15:39.802+0000] {dag.py:3954} INFO - Setting next_dagrun for example_branch_datetime_operator to 2025-10-16 00:00:00+00:00, run_after=2025-10-17 00:00:00+00:00
[2025-10-17T16:15:39.812+0000] {logging_mixin.py:188} INFO - [2025-10-17T16:15:39.812+0000] {dag.py:3954} INFO - Setting next_dagrun for example_branch_datetime_operator_2 to 2025-10-16 00:00:00+00:00, run_after=2025-10-17 00:00:00+00:00
[2025-10-17T16:15:39.818+0000] {logging_mixin.py:188} INFO - [2025-10-17T16:15:39.817+0000] {dag.py:3954} INFO - Setting next_dagrun for example_branch_datetime_operator_3 to 2025-10-16 00:00:00+00:00, run_after=2025-10-17 00:00:00+00:00
[2025-10-17T16:15:39.889+0000] {processor.py:183} INFO - Processing /home/airflow/.local/lib/python3.12/site-packages/airflow/example_dags/example_branch_datetime_operator.py took 0.237 seconds
[2025-10-17T16:16:09.998+0000] {processor.py:161} INFO - Started process (PID=266) to work on /home/airflow/.local/lib/python3.12/site-packages/airflow/example_dags/example_branch_datetime_operator.py
[2025-10-17T16:16:10.001+0000] {processor.py:830} INFO - Processing file /home/airflow/.local/lib/python3.12/site-packages/airflow/example_dags/example_branch_datetime_operator.py for tasks to queue
[2025-10-17T16:16:10.005+0000] {logging_mixin.py:188} INFO - [2025-10-17T16:16:10.004+0000] {dagbag.py:545} INFO - Filling up the DagBag from /home/airflow/.local/lib/python3.12/site-packages/airflow/example_dags/example_branch_datetime_operator.py
[2025-10-17T16:16:10.051+0000] {processor.py:840} INFO - DAG(s) 'example_branch_datetime_operator_3', 'example_branch_datetime_operator_2', 'example_branch_datetime_operator' retrieved from /home/airflow/.local/lib/python3.12/site-packages/airflow/example_dags/example_branch_datetime_operator.py
[2025-10-17T16:16:10.124+0000] {logging_mixin.py:188} INFO - [2025-10-17T16:16:10.124+0000] {dag.py:3096} INFO - Sync 3 DAGs
[2025-10-17T16:16:10.229+0000] {logging_mixin.py:188} INFO - [2025-10-17T16:16:10.229+0000] {dag.py:3954} INFO - Setting next_dagrun for example_branch_datetime_operator to 2025-10-16 00:00:00+00:00, run_after=2025-10-17 00:00:00+00:00
[2025-10-17T16:16:10.239+0000] {logging_mixin.py:188} INFO - [2025-10-17T16:16:10.239+0000] {dag.py:3954} INFO - Setting next_dagrun for example_branch_datetime_operator_2 to 2025-10-16 00:00:00+00:00, run_after=2025-10-17 00:00:00+00:00
[2025-10-17T16:16:10.245+0000] {logging_mixin.py:188} INFO - [2025-10-17T16:16:10.245+0000] {dag.py:3954} INFO - Setting next_dagrun for example_branch_datetime_operator_3 to 2025-10-16 00:00:00+00:00, run_after=2025-10-17 00:00:00+00:00
[2025-10-17T16:16:10.284+0000] {processor.py:183} INFO - Processing /home/airflow/.local/lib/python3.12/site-packages/airflow/example_dags/example_branch_datetime_operator.py took 0.300 seconds
[2025-10-17T16:16:40.493+0000] {processor.py:161} INFO - Started process (PID=319) to work on /home/airflow/.local/lib/python3.12/site-packages/airflow/example_dags/example_branch_datetime_operator.py
[2025-10-17T16:16:40.502+0000] {processor.py:830} INFO - Processing file /home/airflow/.local/lib/python3.12/site-packages/airflow/example_dags/example_branch_datetime_operator.py for tasks to queue
[2025-10-17T16:16:40.515+0000] {logging_mixin.py:188} INFO - [2025-10-17T16:16:40.514+0000] {dagbag.py:545} INFO - Filling up the DagBag from /home/airflow/.local/lib/python3.12/site-packages/airflow/example_dags/example_branch_datetime_operator.py
[2025-10-17T16:16:40.573+0000] {processor.py:840} INFO - DAG(s) 'example_branch_datetime_operator_3', 'example_branch_datetime_operator_2', 'example_branch_datetime_operator' retrieved from /home/airflow/.local/lib/python3.12/site-packages/airflow/example_dags/example_branch_datetime_operator.py
[2025-10-17T16:16:40.653+0000] {logging_mixin.py:188} INFO - [2025-10-17T16:16:40.653+0000] {dag.py:3096} INFO - Sync 3 DAGs
[2025-10-17T16:16:40.699+0000] {logging_mixin.py:188} INFO - [2025-10-17T16:16:40.698+0000] {dag.py:3954} INFO - Setting next_dagrun for example_branch_datetime_operator to 2025-10-16 00:00:00+00:00, run_after=2025-10-17 00:00:00+00:00
[2025-10-17T16:16:40.707+0000] {logging_mixin.py:188} INFO - [2025-10-17T16:16:40.707+0000] {dag.py:3954} INFO - Setting next_dagrun for example_branch_datetime_operator_2 to 2025-10-16 00:00:00+00:00, run_after=2025-10-17 00:00:00+00:00
[2025-10-17T16:16:40.715+0000] {logging_mixin.py:188} INFO - [2025-10-17T16:16:40.714+0000] {dag.py:3954} INFO - Setting next_dagrun for example_branch_datetime_operator_3 to 2025-10-16 00:00:00+00:00, run_after=2025-10-17 00:00:00+00:00
[2025-10-17T16:16:40.760+0000] {processor.py:183} INFO - Processing /home/airflow/.local/lib/python3.12/site-packages/airflow/example_dags/example_branch_datetime_operator.py took 0.285 seconds
[2025-10-17T16:17:12.141+0000] {processor.py:161} INFO - Started process (PID=374) to work on /home/airflow/.local/lib/python3.12/site-packages/airflow/example_dags/example_branch_datetime_operator.py
[2025-10-17T16:17:12.143+0000] {processor.py:830} INFO - Processing file /home/airflow/.local/lib/python3.12/site-packages/airflow/example_dags/example_branch_datetime_operator.py for tasks to queue
[2025-10-17T16:17:12.148+0000] {logging_mixin.py:188} INFO - [2025-10-17T16:17:12.147+0000] {dagbag.py:545} INFO - Filling up the DagBag from /home/airflow/.local/lib/python3.12/site-packages/airflow/example_dags/example_branch_datetime_operator.py
[2025-10-17T16:17:12.168+0000] {processor.py:840} INFO - DAG(s) 'example_branch_datetime_operator_3', 'example_branch_datetime_operator_2', 'example_branch_datetime_operator' retrieved from /home/airflow/.local/lib/python3.12/site-packages/airflow/example_dags/example_branch_datetime_operator.py
[2025-10-17T16:17:12.229+0000] {logging_mixin.py:188} INFO - [2025-10-17T16:17:12.229+0000] {dag.py:3096} INFO - Sync 3 DAGs
[2025-10-17T16:17:12.333+0000] {logging_mixin.py:188} INFO - [2025-10-17T16:17:12.332+0000] {dag.py:3954} INFO - Setting next_dagrun for example_branch_datetime_operator to 2025-10-16 00:00:00+00:00, run_after=2025-10-17 00:00:00+00:00
[2025-10-17T16:17:12.353+0000] {logging_mixin.py:188} INFO - [2025-10-17T16:17:12.353+0000] {dag.py:3954} INFO - Setting next_dagrun for example_branch_datetime_operator_2 to 2025-10-16 00:00:00+00:00, run_after=2025-10-17 00:00:00+00:00
[2025-10-17T16:17:12.361+0000] {logging_mixin.py:188} INFO - [2025-10-17T16:17:12.360+0000] {dag.py:3954} INFO - Setting next_dagrun for example_branch_datetime_operator_3 to 2025-10-16 00:00:00+00:00, run_after=2025-10-17 00:00:00+00:00
[2025-10-17T16:17:12.413+0000] {processor.py:183} INFO - Processing /home/airflow/.local/lib/python3.12/site-packages/airflow/example_dags/example_branch_datetime_operator.py took 0.283 seconds
[2025-10-17T16:17:44.198+0000] {processor.py:161} INFO - Started process (PID=427) to work on /home/airflow/.local/lib/python3.12/site-packages/airflow/example_dags/example_branch_datetime_operator.py
[2025-10-17T16:17:44.199+0000] {processor.py:830} INFO - Processing file /home/airflow/.local/lib/python3.12/site-packages/airflow/example_dags/example_branch_datetime_operator.py for tasks to queue
[2025-10-17T16:17:44.203+0000] {logging_mixin.py:188} INFO - [2025-10-17T16:17:44.202+0000] {dagbag.py:545} INFO - Filling up the DagBag from /home/airflow/.local/lib/python3.12/site-packages/airflow/example_dags/example_branch_datetime_operator.py
[2025-10-17T16:17:44.229+0000] {processor.py:840} INFO - DAG(s) 'example_branch_datetime_operator', 'example_branch_datetime_operator_2', 'example_branch_datetime_operator_3' retrieved from /home/airflow/.local/lib/python3.12/site-packages/airflow/example_dags/example_branch_datetime_operator.py
[2025-10-17T16:17:44.284+0000] {logging_mixin.py:188} INFO - [2025-10-17T16:17:44.283+0000] {dag.py:3096} INFO - Sync 3 DAGs
[2025-10-17T16:17:44.325+0000] {logging_mixin.py:188} INFO - [2025-10-17T16:17:44.325+0000] {dag.py:3954} INFO - Setting next_dagrun for example_branch_datetime_operator to 2025-10-16 00:00:00+00:00, run_after=2025-10-17 00:00:00+00:00
[2025-10-17T16:17:44.334+0000] {logging_mixin.py:188} INFO - [2025-10-17T16:17:44.334+0000] {dag.py:3954} INFO - Setting next_dagrun for example_branch_datetime_operator_2 to 2025-10-16 00:00:00+00:00, run_after=2025-10-17 00:00:00+00:00
[2025-10-17T16:17:44.340+0000] {logging_mixin.py:188} INFO - [2025-10-17T16:17:44.339+0000] {dag.py:3954} INFO - Setting next_dagrun for example_branch_datetime_operator_3 to 2025-10-16 00:00:00+00:00, run_after=2025-10-17 00:00:00+00:00
[2025-10-17T16:17:44.376+0000] {processor.py:183} INFO - Processing /home/airflow/.local/lib/python3.12/site-packages/airflow/example_dags/example_branch_datetime_operator.py took 0.190 seconds
[2025-10-17T16:18:14.752+0000] {processor.py:161} INFO - Started process (PID=480) to work on /home/airflow/.local/lib/python3.12/site-packages/airflow/example_dags/example_branch_datetime_operator.py
[2025-10-17T16:18:14.754+0000] {processor.py:830} INFO - Processing file /home/airflow/.local/lib/python3.12/site-packages/airflow/example_dags/example_branch_datetime_operator.py for tasks to queue
[2025-10-17T16:18:14.757+0000] {logging_mixin.py:188} INFO - [2025-10-17T16:18:14.757+0000] {dagbag.py:545} INFO - Filling up the DagBag from /home/airflow/.local/lib/python3.12/site-packages/airflow/example_dags/example_branch_datetime_operator.py
[2025-10-17T16:18:14.773+0000] {processor.py:840} INFO - DAG(s) 'example_branch_datetime_operator_3', 'example_branch_datetime_operator_2', 'example_branch_datetime_operator' retrieved from /home/airflow/.local/lib/python3.12/site-packages/airflow/example_dags/example_branch_datetime_operator.py
[2025-10-17T16:18:14.821+0000] {logging_mixin.py:188} INFO - [2025-10-17T16:18:14.821+0000] {dag.py:3096} INFO - Sync 3 DAGs
[2025-10-17T16:18:14.872+0000] {logging_mixin.py:188} INFO - [2025-10-17T16:18:14.871+0000] {dag.py:3954} INFO - Setting next_dagrun for example_branch_datetime_operator to 2025-10-16 00:00:00+00:00, run_after=2025-10-17 00:00:00+00:00
[2025-10-17T16:18:14.882+0000] {logging_mixin.py:188} INFO - [2025-10-17T16:18:14.881+0000] {dag.py:3954} INFO - Setting next_dagrun for example_branch_datetime_operator_2 to 2025-10-16 00:00:00+00:00, run_after=2025-10-17 00:00:00+00:00
[2025-10-17T16:18:14.889+0000] {logging_mixin.py:188} INFO - [2025-10-17T16:18:14.888+0000] {dag.py:3954} INFO - Setting next_dagrun for example_branch_datetime_operator_3 to 2025-10-16 00:00:00+00:00, run_after=2025-10-17 00:00:00+00:00
[2025-10-17T16:18:14.923+0000] {processor.py:183} INFO - Processing /home/airflow/.local/lib/python3.12/site-packages/airflow/example_dags/example_branch_datetime_operator.py took 0.186 seconds
[2025-10-17T16:18:45.539+0000] {processor.py:161} INFO - Started process (PID=533) to work on /home/airflow/.local/lib/python3.12/site-packages/airflow/example_dags/example_branch_datetime_operator.py
[2025-10-17T16:18:45.541+0000] {processor.py:830} INFO - Processing file /home/airflow/.local/lib/python3.12/site-packages/airflow/example_dags/example_branch_datetime_operator.py for tasks to queue
[2025-10-17T16:18:45.544+0000] {logging_mixin.py:188} INFO - [2025-10-17T16:18:45.543+0000] {dagbag.py:545} INFO - Filling up the DagBag from /home/airflow/.local/lib/python3.12/site-packages/airflow/example_dags/example_branch_datetime_operator.py
[2025-10-17T16:18:45.568+0000] {processor.py:840} INFO - DAG(s) 'example_branch_datetime_operator', 'example_branch_datetime_operator_2', 'example_branch_datetime_operator_3' retrieved from /home/airflow/.local/lib/python3.12/site-packages/airflow/example_dags/example_branch_datetime_operator.py
[2025-10-17T16:18:45.644+0000] {logging_mixin.py:188} INFO - [2025-10-17T16:18:45.644+0000] {dag.py:3096} INFO - Sync 3 DAGs
[2025-10-17T16:18:45.730+0000] {logging_mixin.py:188} INFO - [2025-10-17T16:18:45.730+0000] {dag.py:3954} INFO - Setting next_dagrun for example_branch_datetime_operator to 2025-10-16 00:00:00+00:00, run_after=2025-10-17 00:00:00+00:00
[2025-10-17T16:18:45.759+0000] {logging_mixin.py:188} INFO - [2025-10-17T16:18:45.757+0000] {dag.py:3954} INFO - Setting next_dagrun for example_branch_datetime_operator_2 to 2025-10-16 00:00:00+00:00, run_after=2025-10-17 00:00:00+00:00
[2025-10-17T16:18:45.776+0000] {logging_mixin.py:188} INFO - [2025-10-17T16:18:45.775+0000] {dag.py:3954} INFO - Setting next_dagrun for example_branch_datetime_operator_3 to 2025-10-16 00:00:00+00:00, run_after=2025-10-17 00:00:00+00:00
[2025-10-17T16:18:45.831+0000] {processor.py:183} INFO - Processing /home/airflow/.local/lib/python3.12/site-packages/airflow/example_dags/example_branch_datetime_operator.py took 0.306 seconds
[2025-10-17T16:19:16.321+0000] {processor.py:161} INFO - Started process (PID=586) to work on /home/airflow/.local/lib/python3.12/site-packages/airflow/example_dags/example_branch_datetime_operator.py
[2025-10-17T16:19:16.323+0000] {processor.py:830} INFO - Processing file /home/airflow/.local/lib/python3.12/site-packages/airflow/example_dags/example_branch_datetime_operator.py for tasks to queue
[2025-10-17T16:19:16.326+0000] {logging_mixin.py:188} INFO - [2025-10-17T16:19:16.325+0000] {dagbag.py:545} INFO - Filling up the DagBag from /home/airflow/.local/lib/python3.12/site-packages/airflow/example_dags/example_branch_datetime_operator.py
[2025-10-17T16:19:16.340+0000] {processor.py:840} INFO - DAG(s) 'example_branch_datetime_operator_2', 'example_branch_datetime_operator_3', 'example_branch_datetime_operator' retrieved from /home/airflow/.local/lib/python3.12/site-packages/airflow/example_dags/example_branch_datetime_operator.py
[2025-10-17T16:19:16.391+0000] {logging_mixin.py:188} INFO - [2025-10-17T16:19:16.390+0000] {dag.py:3096} INFO - Sync 3 DAGs
[2025-10-17T16:19:16.431+0000] {logging_mixin.py:188} INFO - [2025-10-17T16:19:16.430+0000] {dag.py:3954} INFO - Setting next_dagrun for example_branch_datetime_operator to 2025-10-16 00:00:00+00:00, run_after=2025-10-17 00:00:00+00:00
[2025-10-17T16:19:16.441+0000] {logging_mixin.py:188} INFO - [2025-10-17T16:19:16.441+0000] {dag.py:3954} INFO - Setting next_dagrun for example_branch_datetime_operator_2 to 2025-10-16 00:00:00+00:00, run_after=2025-10-17 00:00:00+00:00
[2025-10-17T16:19:16.447+0000] {logging_mixin.py:188} INFO - [2025-10-17T16:19:16.446+0000] {dag.py:3954} INFO - Setting next_dagrun for example_branch_datetime_operator_3 to 2025-10-16 00:00:00+00:00, run_after=2025-10-17 00:00:00+00:00
[2025-10-17T16:19:16.481+0000] {processor.py:183} INFO - Processing /home/airflow/.local/lib/python3.12/site-packages/airflow/example_dags/example_branch_datetime_operator.py took 0.174 seconds
[2025-10-17T16:19:47.833+0000] {processor.py:161} INFO - Started process (PID=638) to work on /home/airflow/.local/lib/python3.12/site-packages/airflow/example_dags/example_branch_datetime_operator.py
[2025-10-17T16:19:47.835+0000] {processor.py:830} INFO - Processing file /home/airflow/.local/lib/python3.12/site-packages/airflow/example_dags/example_branch_datetime_operator.py for tasks to queue
[2025-10-17T16:19:47.839+0000] {logging_mixin.py:188} INFO - [2025-10-17T16:19:47.838+0000] {dagbag.py:545} INFO - Filling up the DagBag from /home/airflow/.local/lib/python3.12/site-packages/airflow/example_dags/example_branch_datetime_operator.py
[2025-10-17T16:19:47.863+0000] {processor.py:840} INFO - DAG(s) 'example_branch_datetime_operator_3', 'example_branch_datetime_operator', 'example_branch_datetime_operator_2' retrieved from /home/airflow/.local/lib/python3.12/site-packages/airflow/example_dags/example_branch_datetime_operator.py
[2025-10-17T16:19:47.912+0000] {logging_mixin.py:188} INFO - [2025-10-17T16:19:47.911+0000] {dag.py:3096} INFO - Sync 3 DAGs
[2025-10-17T16:19:47.951+0000] {logging_mixin.py:188} INFO - [2025-10-17T16:19:47.951+0000] {dag.py:3954} INFO - Setting next_dagrun for example_branch_datetime_operator to 2025-10-16 00:00:00+00:00, run_after=2025-10-17 00:00:00+00:00
[2025-10-17T16:19:47.960+0000] {logging_mixin.py:188} INFO - [2025-10-17T16:19:47.960+0000] {dag.py:3954} INFO - Setting next_dagrun for example_branch_datetime_operator_2 to 2025-10-16 00:00:00+00:00, run_after=2025-10-17 00:00:00+00:00
[2025-10-17T16:19:47.966+0000] {logging_mixin.py:188} INFO - [2025-10-17T16:19:47.965+0000] {dag.py:3954} INFO - Setting next_dagrun for example_branch_datetime_operator_3 to 2025-10-16 00:00:00+00:00, run_after=2025-10-17 00:00:00+00:00
[2025-10-17T16:19:48.028+0000] {processor.py:183} INFO - Processing /home/airflow/.local/lib/python3.12/site-packages/airflow/example_dags/example_branch_datetime_operator.py took 0.209 seconds
[2025-10-17T16:20:18.185+0000] {processor.py:161} INFO - Started process (PID=691) to work on /home/airflow/.local/lib/python3.12/site-packages/airflow/example_dags/example_branch_datetime_operator.py
[2025-10-17T16:20:18.187+0000] {processor.py:830} INFO - Processing file /home/airflow/.local/lib/python3.12/site-packages/airflow/example_dags/example_branch_datetime_operator.py for tasks to queue
[2025-10-17T16:20:18.193+0000] {logging_mixin.py:188} INFO - [2025-10-17T16:20:18.191+0000] {dagbag.py:545} INFO - Filling up the DagBag from /home/airflow/.local/lib/python3.12/site-packages/airflow/example_dags/example_branch_datetime_operator.py
[2025-10-17T16:20:18.213+0000] {processor.py:840} INFO - DAG(s) 'example_branch_datetime_operator', 'example_branch_datetime_operator_2', 'example_branch_datetime_operator_3' retrieved from /home/airflow/.local/lib/python3.12/site-packages/airflow/example_dags/example_branch_datetime_operator.py
[2025-10-17T16:20:18.251+0000] {logging_mixin.py:188} INFO - [2025-10-17T16:20:18.251+0000] {dag.py:3096} INFO - Sync 3 DAGs
[2025-10-17T16:20:18.286+0000] {logging_mixin.py:188} INFO - [2025-10-17T16:20:18.286+0000] {dag.py:3954} INFO - Setting next_dagrun for example_branch_datetime_operator to 2025-10-16 00:00:00+00:00, run_after=2025-10-17 00:00:00+00:00
[2025-10-17T16:20:18.293+0000] {logging_mixin.py:188} INFO - [2025-10-17T16:20:18.293+0000] {dag.py:3954} INFO - Setting next_dagrun for example_branch_datetime_operator_2 to 2025-10-16 00:00:00+00:00, run_after=2025-10-17 00:00:00+00:00
[2025-10-17T16:20:18.297+0000] {logging_mixin.py:188} INFO - [2025-10-17T16:20:18.297+0000] {dag.py:3954} INFO - Setting next_dagrun for example_branch_datetime_operator_3 to 2025-10-16 00:00:00+00:00, run_after=2025-10-17 00:00:00+00:00
[2025-10-17T16:20:18.323+0000] {processor.py:183} INFO - Processing /home/airflow/.local/lib/python3.12/site-packages/airflow/example_dags/example_branch_datetime_operator.py took 0.155 seconds
