[2025-10-17T13:03:48.287+0000] {processor.py:161} INFO - Started process (PID=32) to work on /home/airflow/.local/lib/python3.12/site-packages/airflow/example_dags/example_short_circuit_operator.py
[2025-10-17T13:03:48.311+0000] {processor.py:830} INFO - Processing file /home/airflow/.local/lib/python3.12/site-packages/airflow/example_dags/example_short_circuit_operator.py for tasks to queue
[2025-10-17T13:03:48.319+0000] {logging_mixin.py:188} INFO - [2025-10-17T13:03:48.318+0000] {dagbag.py:545} INFO - Filling up the DagBag from /home/airflow/.local/lib/python3.12/site-packages/airflow/example_dags/example_short_circuit_operator.py
[2025-10-17T13:03:48.428+0000] {processor.py:840} INFO - DAG(s) 'example_short_circuit_operator' retrieved from /home/airflow/.local/lib/python3.12/site-packages/airflow/example_dags/example_short_circuit_operator.py
[2025-10-17T13:03:49.675+0000] {logging_mixin.py:188} INFO - [2025-10-17T13:03:49.673+0000] {dag.py:3096} INFO - Sync 1 DAGs
[2025-10-17T13:03:49.856+0000] {logging_mixin.py:188} INFO - [2025-10-17T13:03:49.855+0000] {dag.py:3954} INFO - Setting next_dagrun for example_short_circuit_operator to 2025-10-16 00:00:00+00:00, run_after=2025-10-17 00:00:00+00:00
[2025-10-17T13:03:50.052+0000] {processor.py:183} INFO - Processing /home/airflow/.local/lib/python3.12/site-packages/airflow/example_dags/example_short_circuit_operator.py took 1.822 seconds
[2025-10-17T13:04:20.956+0000] {processor.py:161} INFO - Started process (PID=84) to work on /home/airflow/.local/lib/python3.12/site-packages/airflow/example_dags/example_short_circuit_operator.py
[2025-10-17T13:04:20.961+0000] {processor.py:830} INFO - Processing file /home/airflow/.local/lib/python3.12/site-packages/airflow/example_dags/example_short_circuit_operator.py for tasks to queue
[2025-10-17T13:04:20.965+0000] {logging_mixin.py:188} INFO - [2025-10-17T13:04:20.964+0000] {dagbag.py:545} INFO - Filling up the DagBag from /home/airflow/.local/lib/python3.12/site-packages/airflow/example_dags/example_short_circuit_operator.py
[2025-10-17T13:04:20.974+0000] {processor.py:840} INFO - DAG(s) 'example_short_circuit_operator' retrieved from /home/airflow/.local/lib/python3.12/site-packages/airflow/example_dags/example_short_circuit_operator.py
[2025-10-17T13:04:21.008+0000] {logging_mixin.py:188} INFO - [2025-10-17T13:04:21.008+0000] {dag.py:3096} INFO - Sync 1 DAGs
[2025-10-17T13:04:21.050+0000] {logging_mixin.py:188} INFO - [2025-10-17T13:04:21.050+0000] {dag.py:3954} INFO - Setting next_dagrun for example_short_circuit_operator to 2025-10-16 00:00:00+00:00, run_after=2025-10-17 00:00:00+00:00
[2025-10-17T13:04:21.103+0000] {processor.py:183} INFO - Processing /home/airflow/.local/lib/python3.12/site-packages/airflow/example_dags/example_short_circuit_operator.py took 0.155 seconds
[2025-10-17T13:44:43.820+0000] {processor.py:161} INFO - Started process (PID=33) to work on /home/airflow/.local/lib/python3.12/site-packages/airflow/example_dags/example_short_circuit_operator.py
[2025-10-17T13:44:43.834+0000] {processor.py:830} INFO - Processing file /home/airflow/.local/lib/python3.12/site-packages/airflow/example_dags/example_short_circuit_operator.py for tasks to queue
[2025-10-17T13:44:43.839+0000] {logging_mixin.py:188} INFO - [2025-10-17T13:44:43.838+0000] {dagbag.py:545} INFO - Filling up the DagBag from /home/airflow/.local/lib/python3.12/site-packages/airflow/example_dags/example_short_circuit_operator.py
[2025-10-17T13:44:43.884+0000] {processor.py:840} INFO - DAG(s) 'example_short_circuit_operator' retrieved from /home/airflow/.local/lib/python3.12/site-packages/airflow/example_dags/example_short_circuit_operator.py
[2025-10-17T13:44:44.020+0000] {logging_mixin.py:188} INFO - [2025-10-17T13:44:44.019+0000] {dag.py:3096} INFO - Sync 1 DAGs
[2025-10-17T13:44:44.115+0000] {logging_mixin.py:188} INFO - [2025-10-17T13:44:44.115+0000] {dag.py:3954} INFO - Setting next_dagrun for example_short_circuit_operator to 2025-10-16 00:00:00+00:00, run_after=2025-10-17 00:00:00+00:00
[2025-10-17T13:44:44.259+0000] {processor.py:183} INFO - Processing /home/airflow/.local/lib/python3.12/site-packages/airflow/example_dags/example_short_circuit_operator.py took 0.468 seconds
[2025-10-17T13:45:14.555+0000] {processor.py:161} INFO - Started process (PID=86) to work on /home/airflow/.local/lib/python3.12/site-packages/airflow/example_dags/example_short_circuit_operator.py
[2025-10-17T13:45:14.557+0000] {processor.py:830} INFO - Processing file /home/airflow/.local/lib/python3.12/site-packages/airflow/example_dags/example_short_circuit_operator.py for tasks to queue
[2025-10-17T13:45:14.563+0000] {logging_mixin.py:188} INFO - [2025-10-17T13:45:14.562+0000] {dagbag.py:545} INFO - Filling up the DagBag from /home/airflow/.local/lib/python3.12/site-packages/airflow/example_dags/example_short_circuit_operator.py
[2025-10-17T13:45:14.591+0000] {processor.py:840} INFO - DAG(s) 'example_short_circuit_operator' retrieved from /home/airflow/.local/lib/python3.12/site-packages/airflow/example_dags/example_short_circuit_operator.py
[2025-10-17T13:45:14.711+0000] {logging_mixin.py:188} INFO - [2025-10-17T13:45:14.710+0000] {dag.py:3096} INFO - Sync 1 DAGs
[2025-10-17T13:45:14.788+0000] {logging_mixin.py:188} INFO - [2025-10-17T13:45:14.787+0000] {dag.py:3954} INFO - Setting next_dagrun for example_short_circuit_operator to 2025-10-16 00:00:00+00:00, run_after=2025-10-17 00:00:00+00:00
[2025-10-17T13:45:15.332+0000] {processor.py:183} INFO - Processing /home/airflow/.local/lib/python3.12/site-packages/airflow/example_dags/example_short_circuit_operator.py took 0.799 seconds
[2025-10-17T16:14:00.832+0000] {processor.py:161} INFO - Started process (PID=32) to work on /home/airflow/.local/lib/python3.12/site-packages/airflow/example_dags/example_short_circuit_operator.py
[2025-10-17T16:14:00.841+0000] {processor.py:830} INFO - Processing file /home/airflow/.local/lib/python3.12/site-packages/airflow/example_dags/example_short_circuit_operator.py for tasks to queue
[2025-10-17T16:14:00.850+0000] {logging_mixin.py:188} INFO - [2025-10-17T16:14:00.849+0000] {dagbag.py:545} INFO - Filling up the DagBag from /home/airflow/.local/lib/python3.12/site-packages/airflow/example_dags/example_short_circuit_operator.py
[2025-10-17T16:14:00.921+0000] {processor.py:840} INFO - DAG(s) 'example_short_circuit_operator' retrieved from /home/airflow/.local/lib/python3.12/site-packages/airflow/example_dags/example_short_circuit_operator.py
[2025-10-17T16:14:01.020+0000] {logging_mixin.py:188} INFO - [2025-10-17T16:14:01.020+0000] {dag.py:3096} INFO - Sync 1 DAGs
[2025-10-17T16:14:01.080+0000] {logging_mixin.py:188} INFO - [2025-10-17T16:14:01.079+0000] {dag.py:3954} INFO - Setting next_dagrun for example_short_circuit_operator to 2025-10-16 00:00:00+00:00, run_after=2025-10-17 00:00:00+00:00
[2025-10-17T16:14:01.135+0000] {processor.py:183} INFO - Processing /home/airflow/.local/lib/python3.12/site-packages/airflow/example_dags/example_short_circuit_operator.py took 0.326 seconds
[2025-10-17T16:14:31.774+0000] {processor.py:161} INFO - Started process (PID=85) to work on /home/airflow/.local/lib/python3.12/site-packages/airflow/example_dags/example_short_circuit_operator.py
[2025-10-17T16:14:31.776+0000] {processor.py:830} INFO - Processing file /home/airflow/.local/lib/python3.12/site-packages/airflow/example_dags/example_short_circuit_operator.py for tasks to queue
[2025-10-17T16:14:31.779+0000] {logging_mixin.py:188} INFO - [2025-10-17T16:14:31.778+0000] {dagbag.py:545} INFO - Filling up the DagBag from /home/airflow/.local/lib/python3.12/site-packages/airflow/example_dags/example_short_circuit_operator.py
[2025-10-17T16:14:31.791+0000] {processor.py:840} INFO - DAG(s) 'example_short_circuit_operator' retrieved from /home/airflow/.local/lib/python3.12/site-packages/airflow/example_dags/example_short_circuit_operator.py
[2025-10-17T16:14:31.841+0000] {logging_mixin.py:188} INFO - [2025-10-17T16:14:31.840+0000] {dag.py:3096} INFO - Sync 1 DAGs
[2025-10-17T16:14:31.873+0000] {logging_mixin.py:188} INFO - [2025-10-17T16:14:31.873+0000] {dag.py:3954} INFO - Setting next_dagrun for example_short_circuit_operator to 2025-10-16 00:00:00+00:00, run_after=2025-10-17 00:00:00+00:00
[2025-10-17T16:14:31.903+0000] {processor.py:183} INFO - Processing /home/airflow/.local/lib/python3.12/site-packages/airflow/example_dags/example_short_circuit_operator.py took 0.143 seconds
[2025-10-17T16:15:02.233+0000] {processor.py:161} INFO - Started process (PID=138) to work on /home/airflow/.local/lib/python3.12/site-packages/airflow/example_dags/example_short_circuit_operator.py
[2025-10-17T16:15:02.235+0000] {processor.py:830} INFO - Processing file /home/airflow/.local/lib/python3.12/site-packages/airflow/example_dags/example_short_circuit_operator.py for tasks to queue
[2025-10-17T16:15:02.238+0000] {logging_mixin.py:188} INFO - [2025-10-17T16:15:02.237+0000] {dagbag.py:545} INFO - Filling up the DagBag from /home/airflow/.local/lib/python3.12/site-packages/airflow/example_dags/example_short_circuit_operator.py
[2025-10-17T16:15:02.249+0000] {processor.py:840} INFO - DAG(s) 'example_short_circuit_operator' retrieved from /home/airflow/.local/lib/python3.12/site-packages/airflow/example_dags/example_short_circuit_operator.py
[2025-10-17T16:15:02.284+0000] {logging_mixin.py:188} INFO - [2025-10-17T16:15:02.283+0000] {dag.py:3096} INFO - Sync 1 DAGs
[2025-10-17T16:15:02.317+0000] {logging_mixin.py:188} INFO - [2025-10-17T16:15:02.316+0000] {dag.py:3954} INFO - Setting next_dagrun for example_short_circuit_operator to 2025-10-16 00:00:00+00:00, run_after=2025-10-17 00:00:00+00:00
[2025-10-17T16:15:02.348+0000] {processor.py:183} INFO - Processing /home/airflow/.local/lib/python3.12/site-packages/airflow/example_dags/example_short_circuit_operator.py took 0.124 seconds
[2025-10-17T16:15:33.014+0000] {processor.py:161} INFO - Started process (PID=191) to work on /home/airflow/.local/lib/python3.12/site-packages/airflow/example_dags/example_short_circuit_operator.py
[2025-10-17T16:15:33.016+0000] {processor.py:830} INFO - Processing file /home/airflow/.local/lib/python3.12/site-packages/airflow/example_dags/example_short_circuit_operator.py for tasks to queue
[2025-10-17T16:15:33.020+0000] {logging_mixin.py:188} INFO - [2025-10-17T16:15:33.020+0000] {dagbag.py:545} INFO - Filling up the DagBag from /home/airflow/.local/lib/python3.12/site-packages/airflow/example_dags/example_short_circuit_operator.py
[2025-10-17T16:15:33.036+0000] {processor.py:840} INFO - DAG(s) 'example_short_circuit_operator' retrieved from /home/airflow/.local/lib/python3.12/site-packages/airflow/example_dags/example_short_circuit_operator.py
[2025-10-17T16:15:33.106+0000] {logging_mixin.py:188} INFO - [2025-10-17T16:15:33.105+0000] {dag.py:3096} INFO - Sync 1 DAGs
[2025-10-17T16:15:33.149+0000] {logging_mixin.py:188} INFO - [2025-10-17T16:15:33.149+0000] {dag.py:3954} INFO - Setting next_dagrun for example_short_circuit_operator to 2025-10-16 00:00:00+00:00, run_after=2025-10-17 00:00:00+00:00
[2025-10-17T16:15:33.180+0000] {processor.py:183} INFO - Processing /home/airflow/.local/lib/python3.12/site-packages/airflow/example_dags/example_short_circuit_operator.py took 0.176 seconds
[2025-10-17T16:16:03.446+0000] {processor.py:161} INFO - Started process (PID=244) to work on /home/airflow/.local/lib/python3.12/site-packages/airflow/example_dags/example_short_circuit_operator.py
[2025-10-17T16:16:03.447+0000] {processor.py:830} INFO - Processing file /home/airflow/.local/lib/python3.12/site-packages/airflow/example_dags/example_short_circuit_operator.py for tasks to queue
[2025-10-17T16:16:03.450+0000] {logging_mixin.py:188} INFO - [2025-10-17T16:16:03.450+0000] {dagbag.py:545} INFO - Filling up the DagBag from /home/airflow/.local/lib/python3.12/site-packages/airflow/example_dags/example_short_circuit_operator.py
[2025-10-17T16:16:03.461+0000] {processor.py:840} INFO - DAG(s) 'example_short_circuit_operator' retrieved from /home/airflow/.local/lib/python3.12/site-packages/airflow/example_dags/example_short_circuit_operator.py
[2025-10-17T16:16:03.496+0000] {logging_mixin.py:188} INFO - [2025-10-17T16:16:03.495+0000] {dag.py:3096} INFO - Sync 1 DAGs
[2025-10-17T16:16:03.527+0000] {logging_mixin.py:188} INFO - [2025-10-17T16:16:03.526+0000] {dag.py:3954} INFO - Setting next_dagrun for example_short_circuit_operator to 2025-10-16 00:00:00+00:00, run_after=2025-10-17 00:00:00+00:00
[2025-10-17T16:16:03.556+0000] {processor.py:183} INFO - Processing /home/airflow/.local/lib/python3.12/site-packages/airflow/example_dags/example_short_circuit_operator.py took 0.120 seconds
[2025-10-17T16:16:33.670+0000] {processor.py:161} INFO - Started process (PID=297) to work on /home/airflow/.local/lib/python3.12/site-packages/airflow/example_dags/example_short_circuit_operator.py
[2025-10-17T16:16:33.673+0000] {processor.py:830} INFO - Processing file /home/airflow/.local/lib/python3.12/site-packages/airflow/example_dags/example_short_circuit_operator.py for tasks to queue
[2025-10-17T16:16:33.677+0000] {logging_mixin.py:188} INFO - [2025-10-17T16:16:33.676+0000] {dagbag.py:545} INFO - Filling up the DagBag from /home/airflow/.local/lib/python3.12/site-packages/airflow/example_dags/example_short_circuit_operator.py
[2025-10-17T16:16:33.730+0000] {processor.py:840} INFO - DAG(s) 'example_short_circuit_operator' retrieved from /home/airflow/.local/lib/python3.12/site-packages/airflow/example_dags/example_short_circuit_operator.py
[2025-10-17T16:16:33.811+0000] {logging_mixin.py:188} INFO - [2025-10-17T16:16:33.810+0000] {dag.py:3096} INFO - Sync 1 DAGs
[2025-10-17T16:16:33.894+0000] {logging_mixin.py:188} INFO - [2025-10-17T16:16:33.893+0000] {dag.py:3954} INFO - Setting next_dagrun for example_short_circuit_operator to 2025-10-16 00:00:00+00:00, run_after=2025-10-17 00:00:00+00:00
[2025-10-17T16:16:33.941+0000] {processor.py:183} INFO - Processing /home/airflow/.local/lib/python3.12/site-packages/airflow/example_dags/example_short_circuit_operator.py took 0.290 seconds
[2025-10-17T16:17:04.838+0000] {processor.py:161} INFO - Started process (PID=350) to work on /home/airflow/.local/lib/python3.12/site-packages/airflow/example_dags/example_short_circuit_operator.py
[2025-10-17T16:17:04.840+0000] {processor.py:830} INFO - Processing file /home/airflow/.local/lib/python3.12/site-packages/airflow/example_dags/example_short_circuit_operator.py for tasks to queue
[2025-10-17T16:17:04.846+0000] {logging_mixin.py:188} INFO - [2025-10-17T16:17:04.845+0000] {dagbag.py:545} INFO - Filling up the DagBag from /home/airflow/.local/lib/python3.12/site-packages/airflow/example_dags/example_short_circuit_operator.py
[2025-10-17T16:17:04.871+0000] {processor.py:840} INFO - DAG(s) 'example_short_circuit_operator' retrieved from /home/airflow/.local/lib/python3.12/site-packages/airflow/example_dags/example_short_circuit_operator.py
[2025-10-17T16:17:04.952+0000] {logging_mixin.py:188} INFO - [2025-10-17T16:17:04.951+0000] {dag.py:3096} INFO - Sync 1 DAGs
[2025-10-17T16:17:04.991+0000] {logging_mixin.py:188} INFO - [2025-10-17T16:17:04.990+0000] {dag.py:3954} INFO - Setting next_dagrun for example_short_circuit_operator to 2025-10-16 00:00:00+00:00, run_after=2025-10-17 00:00:00+00:00
[2025-10-17T16:17:05.030+0000] {processor.py:183} INFO - Processing /home/airflow/.local/lib/python3.12/site-packages/airflow/example_dags/example_short_circuit_operator.py took 0.210 seconds
[2025-10-17T16:17:35.444+0000] {processor.py:161} INFO - Started process (PID=403) to work on /home/airflow/.local/lib/python3.12/site-packages/airflow/example_dags/example_short_circuit_operator.py
[2025-10-17T16:17:35.446+0000] {processor.py:830} INFO - Processing file /home/airflow/.local/lib/python3.12/site-packages/airflow/example_dags/example_short_circuit_operator.py for tasks to queue
[2025-10-17T16:17:35.450+0000] {logging_mixin.py:188} INFO - [2025-10-17T16:17:35.449+0000] {dagbag.py:545} INFO - Filling up the DagBag from /home/airflow/.local/lib/python3.12/site-packages/airflow/example_dags/example_short_circuit_operator.py
[2025-10-17T16:17:35.463+0000] {processor.py:840} INFO - DAG(s) 'example_short_circuit_operator' retrieved from /home/airflow/.local/lib/python3.12/site-packages/airflow/example_dags/example_short_circuit_operator.py
[2025-10-17T16:17:35.508+0000] {logging_mixin.py:188} INFO - [2025-10-17T16:17:35.507+0000] {dag.py:3096} INFO - Sync 1 DAGs
[2025-10-17T16:17:35.549+0000] {logging_mixin.py:188} INFO - [2025-10-17T16:17:35.549+0000] {dag.py:3954} INFO - Setting next_dagrun for example_short_circuit_operator to 2025-10-16 00:00:00+00:00, run_after=2025-10-17 00:00:00+00:00
[2025-10-17T16:17:35.587+0000] {processor.py:183} INFO - Processing /home/airflow/.local/lib/python3.12/site-packages/airflow/example_dags/example_short_circuit_operator.py took 0.157 seconds
[2025-10-17T16:18:06.463+0000] {processor.py:161} INFO - Started process (PID=456) to work on /home/airflow/.local/lib/python3.12/site-packages/airflow/example_dags/example_short_circuit_operator.py
[2025-10-17T16:18:06.464+0000] {processor.py:830} INFO - Processing file /home/airflow/.local/lib/python3.12/site-packages/airflow/example_dags/example_short_circuit_operator.py for tasks to queue
[2025-10-17T16:18:06.468+0000] {logging_mixin.py:188} INFO - [2025-10-17T16:18:06.467+0000] {dagbag.py:545} INFO - Filling up the DagBag from /home/airflow/.local/lib/python3.12/site-packages/airflow/example_dags/example_short_circuit_operator.py
[2025-10-17T16:18:06.484+0000] {processor.py:840} INFO - DAG(s) 'example_short_circuit_operator' retrieved from /home/airflow/.local/lib/python3.12/site-packages/airflow/example_dags/example_short_circuit_operator.py
[2025-10-17T16:18:06.533+0000] {logging_mixin.py:188} INFO - [2025-10-17T16:18:06.532+0000] {dag.py:3096} INFO - Sync 1 DAGs
[2025-10-17T16:18:06.570+0000] {logging_mixin.py:188} INFO - [2025-10-17T16:18:06.569+0000] {dag.py:3954} INFO - Setting next_dagrun for example_short_circuit_operator to 2025-10-16 00:00:00+00:00, run_after=2025-10-17 00:00:00+00:00
[2025-10-17T16:18:06.611+0000] {processor.py:183} INFO - Processing /home/airflow/.local/lib/python3.12/site-packages/airflow/example_dags/example_short_circuit_operator.py took 0.161 seconds
[2025-10-17T16:18:37.118+0000] {processor.py:161} INFO - Started process (PID=509) to work on /home/airflow/.local/lib/python3.12/site-packages/airflow/example_dags/example_short_circuit_operator.py
[2025-10-17T16:18:37.121+0000] {processor.py:830} INFO - Processing file /home/airflow/.local/lib/python3.12/site-packages/airflow/example_dags/example_short_circuit_operator.py for tasks to queue
[2025-10-17T16:18:37.130+0000] {logging_mixin.py:188} INFO - [2025-10-17T16:18:37.129+0000] {dagbag.py:545} INFO - Filling up the DagBag from /home/airflow/.local/lib/python3.12/site-packages/airflow/example_dags/example_short_circuit_operator.py
[2025-10-17T16:18:37.164+0000] {processor.py:840} INFO - DAG(s) 'example_short_circuit_operator' retrieved from /home/airflow/.local/lib/python3.12/site-packages/airflow/example_dags/example_short_circuit_operator.py
[2025-10-17T16:18:37.251+0000] {logging_mixin.py:188} INFO - [2025-10-17T16:18:37.249+0000] {dag.py:3096} INFO - Sync 1 DAGs
[2025-10-17T16:18:37.331+0000] {logging_mixin.py:188} INFO - [2025-10-17T16:18:37.331+0000] {dag.py:3954} INFO - Setting next_dagrun for example_short_circuit_operator to 2025-10-16 00:00:00+00:00, run_after=2025-10-17 00:00:00+00:00
[2025-10-17T16:18:37.415+0000] {processor.py:183} INFO - Processing /home/airflow/.local/lib/python3.12/site-packages/airflow/example_dags/example_short_circuit_operator.py took 0.318 seconds
[2025-10-17T16:19:07.559+0000] {processor.py:161} INFO - Started process (PID=561) to work on /home/airflow/.local/lib/python3.12/site-packages/airflow/example_dags/example_short_circuit_operator.py
[2025-10-17T16:19:07.561+0000] {processor.py:830} INFO - Processing file /home/airflow/.local/lib/python3.12/site-packages/airflow/example_dags/example_short_circuit_operator.py for tasks to queue
[2025-10-17T16:19:07.570+0000] {logging_mixin.py:188} INFO - [2025-10-17T16:19:07.566+0000] {dagbag.py:545} INFO - Filling up the DagBag from /home/airflow/.local/lib/python3.12/site-packages/airflow/example_dags/example_short_circuit_operator.py
[2025-10-17T16:19:07.594+0000] {processor.py:840} INFO - DAG(s) 'example_short_circuit_operator' retrieved from /home/airflow/.local/lib/python3.12/site-packages/airflow/example_dags/example_short_circuit_operator.py
[2025-10-17T16:19:07.646+0000] {logging_mixin.py:188} INFO - [2025-10-17T16:19:07.645+0000] {dag.py:3096} INFO - Sync 1 DAGs
[2025-10-17T16:19:07.683+0000] {logging_mixin.py:188} INFO - [2025-10-17T16:19:07.682+0000] {dag.py:3954} INFO - Setting next_dagrun for example_short_circuit_operator to 2025-10-16 00:00:00+00:00, run_after=2025-10-17 00:00:00+00:00
[2025-10-17T16:19:07.721+0000] {processor.py:183} INFO - Processing /home/airflow/.local/lib/python3.12/site-packages/airflow/example_dags/example_short_circuit_operator.py took 0.182 seconds
[2025-10-17T16:19:38.356+0000] {processor.py:161} INFO - Started process (PID=615) to work on /home/airflow/.local/lib/python3.12/site-packages/airflow/example_dags/example_short_circuit_operator.py
[2025-10-17T16:19:38.357+0000] {processor.py:830} INFO - Processing file /home/airflow/.local/lib/python3.12/site-packages/airflow/example_dags/example_short_circuit_operator.py for tasks to queue
[2025-10-17T16:19:38.363+0000] {logging_mixin.py:188} INFO - [2025-10-17T16:19:38.362+0000] {dagbag.py:545} INFO - Filling up the DagBag from /home/airflow/.local/lib/python3.12/site-packages/airflow/example_dags/example_short_circuit_operator.py
[2025-10-17T16:19:38.389+0000] {processor.py:840} INFO - DAG(s) 'example_short_circuit_operator' retrieved from /home/airflow/.local/lib/python3.12/site-packages/airflow/example_dags/example_short_circuit_operator.py
[2025-10-17T16:19:38.435+0000] {logging_mixin.py:188} INFO - [2025-10-17T16:19:38.435+0000] {dag.py:3096} INFO - Sync 1 DAGs
[2025-10-17T16:19:38.473+0000] {logging_mixin.py:188} INFO - [2025-10-17T16:19:38.473+0000] {dag.py:3954} INFO - Setting next_dagrun for example_short_circuit_operator to 2025-10-16 00:00:00+00:00, run_after=2025-10-17 00:00:00+00:00
[2025-10-17T16:19:38.587+0000] {processor.py:183} INFO - Processing /home/airflow/.local/lib/python3.12/site-packages/airflow/example_dags/example_short_circuit_operator.py took 0.244 seconds
[2025-10-17T16:20:08.969+0000] {processor.py:161} INFO - Started process (PID=668) to work on /home/airflow/.local/lib/python3.12/site-packages/airflow/example_dags/example_short_circuit_operator.py
[2025-10-17T16:20:08.971+0000] {processor.py:830} INFO - Processing file /home/airflow/.local/lib/python3.12/site-packages/airflow/example_dags/example_short_circuit_operator.py for tasks to queue
[2025-10-17T16:20:08.974+0000] {logging_mixin.py:188} INFO - [2025-10-17T16:20:08.974+0000] {dagbag.py:545} INFO - Filling up the DagBag from /home/airflow/.local/lib/python3.12/site-packages/airflow/example_dags/example_short_circuit_operator.py
[2025-10-17T16:20:08.986+0000] {processor.py:840} INFO - DAG(s) 'example_short_circuit_operator' retrieved from /home/airflow/.local/lib/python3.12/site-packages/airflow/example_dags/example_short_circuit_operator.py
[2025-10-17T16:20:09.022+0000] {logging_mixin.py:188} INFO - [2025-10-17T16:20:09.022+0000] {dag.py:3096} INFO - Sync 1 DAGs
[2025-10-17T16:20:09.056+0000] {logging_mixin.py:188} INFO - [2025-10-17T16:20:09.055+0000] {dag.py:3954} INFO - Setting next_dagrun for example_short_circuit_operator to 2025-10-16 00:00:00+00:00, run_after=2025-10-17 00:00:00+00:00
[2025-10-17T16:20:09.086+0000] {processor.py:183} INFO - Processing /home/airflow/.local/lib/python3.12/site-packages/airflow/example_dags/example_short_circuit_operator.py took 0.127 seconds
