[2025-10-17T13:04:02.516+0000] {processor.py:161} INFO - Started process (PID=53) to work on /home/airflow/.local/lib/python3.12/site-packages/airflow/example_dags/example_branch_python_dop_operator_3.py
[2025-10-17T13:04:02.544+0000] {processor.py:830} INFO - Processing file /home/airflow/.local/lib/python3.12/site-packages/airflow/example_dags/example_branch_python_dop_operator_3.py for tasks to queue
[2025-10-17T13:04:02.553+0000] {logging_mixin.py:188} INFO - [2025-10-17T13:04:02.552+0000] {dagbag.py:545} INFO - Filling up the DagBag from /home/airflow/.local/lib/python3.12/site-packages/airflow/example_dags/example_branch_python_dop_operator_3.py
[2025-10-17T13:04:02.689+0000] {processor.py:840} INFO - DAG(s) 'example_branch_dop_operator_v3' retrieved from /home/airflow/.local/lib/python3.12/site-packages/airflow/example_dags/example_branch_python_dop_operator_3.py
[2025-10-17T13:04:03.183+0000] {logging_mixin.py:188} INFO - [2025-10-17T13:04:03.182+0000] {dag.py:3096} INFO - Sync 1 DAGs
[2025-10-17T13:04:03.292+0000] {logging_mixin.py:188} INFO - [2025-10-17T13:04:03.292+0000] {dag.py:3954} INFO - Setting next_dagrun for example_branch_dop_operator_v3 to 2025-10-17 13:03:00+00:00, run_after=2025-10-17 13:04:00+00:00
[2025-10-17T13:04:03.414+0000] {processor.py:183} INFO - Processing /home/airflow/.local/lib/python3.12/site-packages/airflow/example_dags/example_branch_python_dop_operator_3.py took 0.920 seconds
[2025-10-17T13:04:33.568+0000] {processor.py:161} INFO - Started process (PID=105) to work on /home/airflow/.local/lib/python3.12/site-packages/airflow/example_dags/example_branch_python_dop_operator_3.py
[2025-10-17T13:04:33.570+0000] {processor.py:830} INFO - Processing file /home/airflow/.local/lib/python3.12/site-packages/airflow/example_dags/example_branch_python_dop_operator_3.py for tasks to queue
[2025-10-17T13:04:33.574+0000] {logging_mixin.py:188} INFO - [2025-10-17T13:04:33.573+0000] {dagbag.py:545} INFO - Filling up the DagBag from /home/airflow/.local/lib/python3.12/site-packages/airflow/example_dags/example_branch_python_dop_operator_3.py
[2025-10-17T13:04:33.594+0000] {processor.py:840} INFO - DAG(s) 'example_branch_dop_operator_v3' retrieved from /home/airflow/.local/lib/python3.12/site-packages/airflow/example_dags/example_branch_python_dop_operator_3.py
[2025-10-17T13:04:33.635+0000] {logging_mixin.py:188} INFO - [2025-10-17T13:04:33.634+0000] {dag.py:3096} INFO - Sync 1 DAGs
[2025-10-17T13:04:33.682+0000] {logging_mixin.py:188} INFO - [2025-10-17T13:04:33.682+0000] {dag.py:3954} INFO - Setting next_dagrun for example_branch_dop_operator_v3 to 2025-10-17 13:03:00+00:00, run_after=2025-10-17 13:04:00+00:00
[2025-10-17T13:04:33.730+0000] {processor.py:183} INFO - Processing /home/airflow/.local/lib/python3.12/site-packages/airflow/example_dags/example_branch_python_dop_operator_3.py took 0.172 seconds
[2025-10-17T13:44:53.311+0000] {processor.py:161} INFO - Started process (PID=54) to work on /home/airflow/.local/lib/python3.12/site-packages/airflow/example_dags/example_branch_python_dop_operator_3.py
[2025-10-17T13:44:53.313+0000] {processor.py:830} INFO - Processing file /home/airflow/.local/lib/python3.12/site-packages/airflow/example_dags/example_branch_python_dop_operator_3.py for tasks to queue
[2025-10-17T13:44:53.318+0000] {logging_mixin.py:188} INFO - [2025-10-17T13:44:53.317+0000] {dagbag.py:545} INFO - Filling up the DagBag from /home/airflow/.local/lib/python3.12/site-packages/airflow/example_dags/example_branch_python_dop_operator_3.py
[2025-10-17T13:44:53.351+0000] {processor.py:840} INFO - DAG(s) 'example_branch_dop_operator_v3' retrieved from /home/airflow/.local/lib/python3.12/site-packages/airflow/example_dags/example_branch_python_dop_operator_3.py
[2025-10-17T13:44:53.410+0000] {logging_mixin.py:188} INFO - [2025-10-17T13:44:53.409+0000] {dag.py:3096} INFO - Sync 1 DAGs
[2025-10-17T13:44:53.514+0000] {logging_mixin.py:188} INFO - [2025-10-17T13:44:53.513+0000] {dag.py:3954} INFO - Setting next_dagrun for example_branch_dop_operator_v3 to 2025-10-17 13:43:00+00:00, run_after=2025-10-17 13:44:00+00:00
[2025-10-17T13:44:53.589+0000] {processor.py:183} INFO - Processing /home/airflow/.local/lib/python3.12/site-packages/airflow/example_dags/example_branch_python_dop_operator_3.py took 0.297 seconds
[2025-10-17T16:14:06.021+0000] {processor.py:161} INFO - Started process (PID=53) to work on /home/airflow/.local/lib/python3.12/site-packages/airflow/example_dags/example_branch_python_dop_operator_3.py
[2025-10-17T16:14:06.025+0000] {processor.py:830} INFO - Processing file /home/airflow/.local/lib/python3.12/site-packages/airflow/example_dags/example_branch_python_dop_operator_3.py for tasks to queue
[2025-10-17T16:14:06.031+0000] {logging_mixin.py:188} INFO - [2025-10-17T16:14:06.030+0000] {dagbag.py:545} INFO - Filling up the DagBag from /home/airflow/.local/lib/python3.12/site-packages/airflow/example_dags/example_branch_python_dop_operator_3.py
[2025-10-17T16:14:06.073+0000] {processor.py:840} INFO - DAG(s) 'example_branch_dop_operator_v3' retrieved from /home/airflow/.local/lib/python3.12/site-packages/airflow/example_dags/example_branch_python_dop_operator_3.py
[2025-10-17T16:14:06.166+0000] {logging_mixin.py:188} INFO - [2025-10-17T16:14:06.165+0000] {dag.py:3096} INFO - Sync 1 DAGs
[2025-10-17T16:14:06.228+0000] {logging_mixin.py:188} INFO - [2025-10-17T16:14:06.228+0000] {dag.py:3954} INFO - Setting next_dagrun for example_branch_dop_operator_v3 to 2025-10-17 16:13:00+00:00, run_after=2025-10-17 16:14:00+00:00
[2025-10-17T16:14:06.287+0000] {processor.py:183} INFO - Processing /home/airflow/.local/lib/python3.12/site-packages/airflow/example_dags/example_branch_python_dop_operator_3.py took 0.290 seconds
[2025-10-17T16:14:36.803+0000] {processor.py:161} INFO - Started process (PID=106) to work on /home/airflow/.local/lib/python3.12/site-packages/airflow/example_dags/example_branch_python_dop_operator_3.py
[2025-10-17T16:14:36.806+0000] {processor.py:830} INFO - Processing file /home/airflow/.local/lib/python3.12/site-packages/airflow/example_dags/example_branch_python_dop_operator_3.py for tasks to queue
[2025-10-17T16:14:36.813+0000] {logging_mixin.py:188} INFO - [2025-10-17T16:14:36.811+0000] {dagbag.py:545} INFO - Filling up the DagBag from /home/airflow/.local/lib/python3.12/site-packages/airflow/example_dags/example_branch_python_dop_operator_3.py
[2025-10-17T16:14:36.849+0000] {processor.py:840} INFO - DAG(s) 'example_branch_dop_operator_v3' retrieved from /home/airflow/.local/lib/python3.12/site-packages/airflow/example_dags/example_branch_python_dop_operator_3.py
[2025-10-17T16:14:36.990+0000] {logging_mixin.py:188} INFO - [2025-10-17T16:14:36.990+0000] {dag.py:3096} INFO - Sync 1 DAGs
[2025-10-17T16:14:37.112+0000] {logging_mixin.py:188} INFO - [2025-10-17T16:14:37.112+0000] {dag.py:3954} INFO - Setting next_dagrun for example_branch_dop_operator_v3 to 2025-10-17 16:13:00+00:00, run_after=2025-10-17 16:14:00+00:00
[2025-10-17T16:14:37.195+0000] {processor.py:183} INFO - Processing /home/airflow/.local/lib/python3.12/site-packages/airflow/example_dags/example_branch_python_dop_operator_3.py took 0.409 seconds
[2025-10-17T16:15:07.799+0000] {processor.py:161} INFO - Started process (PID=159) to work on /home/airflow/.local/lib/python3.12/site-packages/airflow/example_dags/example_branch_python_dop_operator_3.py
[2025-10-17T16:15:07.801+0000] {processor.py:830} INFO - Processing file /home/airflow/.local/lib/python3.12/site-packages/airflow/example_dags/example_branch_python_dop_operator_3.py for tasks to queue
[2025-10-17T16:15:07.805+0000] {logging_mixin.py:188} INFO - [2025-10-17T16:15:07.804+0000] {dagbag.py:545} INFO - Filling up the DagBag from /home/airflow/.local/lib/python3.12/site-packages/airflow/example_dags/example_branch_python_dop_operator_3.py
[2025-10-17T16:15:07.820+0000] {processor.py:840} INFO - DAG(s) 'example_branch_dop_operator_v3' retrieved from /home/airflow/.local/lib/python3.12/site-packages/airflow/example_dags/example_branch_python_dop_operator_3.py
[2025-10-17T16:15:07.858+0000] {logging_mixin.py:188} INFO - [2025-10-17T16:15:07.858+0000] {dag.py:3096} INFO - Sync 1 DAGs
[2025-10-17T16:15:07.894+0000] {logging_mixin.py:188} INFO - [2025-10-17T16:15:07.894+0000] {dag.py:3954} INFO - Setting next_dagrun for example_branch_dop_operator_v3 to 2025-10-17 16:14:00+00:00, run_after=2025-10-17 16:15:00+00:00
[2025-10-17T16:15:07.926+0000] {processor.py:183} INFO - Processing /home/airflow/.local/lib/python3.12/site-packages/airflow/example_dags/example_branch_python_dop_operator_3.py took 0.139 seconds
[2025-10-17T16:15:38.623+0000] {processor.py:161} INFO - Started process (PID=212) to work on /home/airflow/.local/lib/python3.12/site-packages/airflow/example_dags/example_branch_python_dop_operator_3.py
[2025-10-17T16:15:38.625+0000] {processor.py:830} INFO - Processing file /home/airflow/.local/lib/python3.12/site-packages/airflow/example_dags/example_branch_python_dop_operator_3.py for tasks to queue
[2025-10-17T16:15:38.628+0000] {logging_mixin.py:188} INFO - [2025-10-17T16:15:38.628+0000] {dagbag.py:545} INFO - Filling up the DagBag from /home/airflow/.local/lib/python3.12/site-packages/airflow/example_dags/example_branch_python_dop_operator_3.py
[2025-10-17T16:15:38.657+0000] {processor.py:840} INFO - DAG(s) 'example_branch_dop_operator_v3' retrieved from /home/airflow/.local/lib/python3.12/site-packages/airflow/example_dags/example_branch_python_dop_operator_3.py
[2025-10-17T16:15:38.719+0000] {logging_mixin.py:188} INFO - [2025-10-17T16:15:38.719+0000] {dag.py:3096} INFO - Sync 1 DAGs
[2025-10-17T16:15:38.758+0000] {logging_mixin.py:188} INFO - [2025-10-17T16:15:38.758+0000] {dag.py:3954} INFO - Setting next_dagrun for example_branch_dop_operator_v3 to 2025-10-17 16:14:00+00:00, run_after=2025-10-17 16:15:00+00:00
[2025-10-17T16:15:38.788+0000] {processor.py:183} INFO - Processing /home/airflow/.local/lib/python3.12/site-packages/airflow/example_dags/example_branch_python_dop_operator_3.py took 0.182 seconds
[2025-10-17T16:16:09.900+0000] {processor.py:161} INFO - Started process (PID=265) to work on /home/airflow/.local/lib/python3.12/site-packages/airflow/example_dags/example_branch_python_dop_operator_3.py
[2025-10-17T16:16:09.902+0000] {processor.py:830} INFO - Processing file /home/airflow/.local/lib/python3.12/site-packages/airflow/example_dags/example_branch_python_dop_operator_3.py for tasks to queue
[2025-10-17T16:16:09.906+0000] {logging_mixin.py:188} INFO - [2025-10-17T16:16:09.906+0000] {dagbag.py:545} INFO - Filling up the DagBag from /home/airflow/.local/lib/python3.12/site-packages/airflow/example_dags/example_branch_python_dop_operator_3.py
[2025-10-17T16:16:09.935+0000] {processor.py:840} INFO - DAG(s) 'example_branch_dop_operator_v3' retrieved from /home/airflow/.local/lib/python3.12/site-packages/airflow/example_dags/example_branch_python_dop_operator_3.py
[2025-10-17T16:16:09.993+0000] {logging_mixin.py:188} INFO - [2025-10-17T16:16:09.993+0000] {dag.py:3096} INFO - Sync 1 DAGs
[2025-10-17T16:16:10.076+0000] {logging_mixin.py:188} INFO - [2025-10-17T16:16:10.075+0000] {dag.py:3954} INFO - Setting next_dagrun for example_branch_dop_operator_v3 to 2025-10-17 16:15:00+00:00, run_after=2025-10-17 16:16:00+00:00
[2025-10-17T16:16:10.123+0000] {processor.py:183} INFO - Processing /home/airflow/.local/lib/python3.12/site-packages/airflow/example_dags/example_branch_python_dop_operator_3.py took 0.242 seconds
[2025-10-17T16:16:40.491+0000] {processor.py:161} INFO - Started process (PID=318) to work on /home/airflow/.local/lib/python3.12/site-packages/airflow/example_dags/example_branch_python_dop_operator_3.py
[2025-10-17T16:16:40.502+0000] {processor.py:830} INFO - Processing file /home/airflow/.local/lib/python3.12/site-packages/airflow/example_dags/example_branch_python_dop_operator_3.py for tasks to queue
[2025-10-17T16:16:40.509+0000] {logging_mixin.py:188} INFO - [2025-10-17T16:16:40.508+0000] {dagbag.py:545} INFO - Filling up the DagBag from /home/airflow/.local/lib/python3.12/site-packages/airflow/example_dags/example_branch_python_dop_operator_3.py
[2025-10-17T16:16:40.563+0000] {processor.py:840} INFO - DAG(s) 'example_branch_dop_operator_v3' retrieved from /home/airflow/.local/lib/python3.12/site-packages/airflow/example_dags/example_branch_python_dop_operator_3.py
[2025-10-17T16:16:40.636+0000] {logging_mixin.py:188} INFO - [2025-10-17T16:16:40.635+0000] {dag.py:3096} INFO - Sync 1 DAGs
[2025-10-17T16:16:40.683+0000] {logging_mixin.py:188} INFO - [2025-10-17T16:16:40.683+0000] {dag.py:3954} INFO - Setting next_dagrun for example_branch_dop_operator_v3 to 2025-10-17 16:15:00+00:00, run_after=2025-10-17 16:16:00+00:00
[2025-10-17T16:16:40.727+0000] {processor.py:183} INFO - Processing /home/airflow/.local/lib/python3.12/site-packages/airflow/example_dags/example_branch_python_dop_operator_3.py took 0.255 seconds
[2025-10-17T16:17:11.664+0000] {processor.py:161} INFO - Started process (PID=371) to work on /home/airflow/.local/lib/python3.12/site-packages/airflow/example_dags/example_branch_python_dop_operator_3.py
[2025-10-17T16:17:11.666+0000] {processor.py:830} INFO - Processing file /home/airflow/.local/lib/python3.12/site-packages/airflow/example_dags/example_branch_python_dop_operator_3.py for tasks to queue
[2025-10-17T16:17:11.671+0000] {logging_mixin.py:188} INFO - [2025-10-17T16:17:11.671+0000] {dagbag.py:545} INFO - Filling up the DagBag from /home/airflow/.local/lib/python3.12/site-packages/airflow/example_dags/example_branch_python_dop_operator_3.py
[2025-10-17T16:17:11.689+0000] {processor.py:840} INFO - DAG(s) 'example_branch_dop_operator_v3' retrieved from /home/airflow/.local/lib/python3.12/site-packages/airflow/example_dags/example_branch_python_dop_operator_3.py
[2025-10-17T16:17:11.722+0000] {logging_mixin.py:188} INFO - [2025-10-17T16:17:11.722+0000] {dag.py:3096} INFO - Sync 1 DAGs
[2025-10-17T16:17:11.765+0000] {logging_mixin.py:188} INFO - [2025-10-17T16:17:11.764+0000] {dag.py:3954} INFO - Setting next_dagrun for example_branch_dop_operator_v3 to 2025-10-17 16:16:00+00:00, run_after=2025-10-17 16:17:00+00:00
[2025-10-17T16:17:11.796+0000] {processor.py:183} INFO - Processing /home/airflow/.local/lib/python3.12/site-packages/airflow/example_dags/example_branch_python_dop_operator_3.py took 0.152 seconds
[2025-10-17T16:17:43.743+0000] {processor.py:161} INFO - Started process (PID=424) to work on /home/airflow/.local/lib/python3.12/site-packages/airflow/example_dags/example_branch_python_dop_operator_3.py
[2025-10-17T16:17:43.746+0000] {processor.py:830} INFO - Processing file /home/airflow/.local/lib/python3.12/site-packages/airflow/example_dags/example_branch_python_dop_operator_3.py for tasks to queue
[2025-10-17T16:17:43.749+0000] {logging_mixin.py:188} INFO - [2025-10-17T16:17:43.749+0000] {dagbag.py:545} INFO - Filling up the DagBag from /home/airflow/.local/lib/python3.12/site-packages/airflow/example_dags/example_branch_python_dop_operator_3.py
[2025-10-17T16:17:43.768+0000] {processor.py:840} INFO - DAG(s) 'example_branch_dop_operator_v3' retrieved from /home/airflow/.local/lib/python3.12/site-packages/airflow/example_dags/example_branch_python_dop_operator_3.py
[2025-10-17T16:17:43.803+0000] {logging_mixin.py:188} INFO - [2025-10-17T16:17:43.803+0000] {dag.py:3096} INFO - Sync 1 DAGs
[2025-10-17T16:17:43.860+0000] {logging_mixin.py:188} INFO - [2025-10-17T16:17:43.860+0000] {dag.py:3954} INFO - Setting next_dagrun for example_branch_dop_operator_v3 to 2025-10-17 16:16:00+00:00, run_after=2025-10-17 16:17:00+00:00
[2025-10-17T16:17:43.905+0000] {processor.py:183} INFO - Processing /home/airflow/.local/lib/python3.12/site-packages/airflow/example_dags/example_branch_python_dop_operator_3.py took 0.173 seconds
[2025-10-17T16:18:14.170+0000] {processor.py:161} INFO - Started process (PID=477) to work on /home/airflow/.local/lib/python3.12/site-packages/airflow/example_dags/example_branch_python_dop_operator_3.py
[2025-10-17T16:18:14.172+0000] {processor.py:830} INFO - Processing file /home/airflow/.local/lib/python3.12/site-packages/airflow/example_dags/example_branch_python_dop_operator_3.py for tasks to queue
[2025-10-17T16:18:14.175+0000] {logging_mixin.py:188} INFO - [2025-10-17T16:18:14.175+0000] {dagbag.py:545} INFO - Filling up the DagBag from /home/airflow/.local/lib/python3.12/site-packages/airflow/example_dags/example_branch_python_dop_operator_3.py
[2025-10-17T16:18:14.191+0000] {processor.py:840} INFO - DAG(s) 'example_branch_dop_operator_v3' retrieved from /home/airflow/.local/lib/python3.12/site-packages/airflow/example_dags/example_branch_python_dop_operator_3.py
[2025-10-17T16:18:14.241+0000] {logging_mixin.py:188} INFO - [2025-10-17T16:18:14.239+0000] {dag.py:3096} INFO - Sync 1 DAGs
[2025-10-17T16:18:14.323+0000] {logging_mixin.py:188} INFO - [2025-10-17T16:18:14.322+0000] {dag.py:3954} INFO - Setting next_dagrun for example_branch_dop_operator_v3 to 2025-10-17 16:17:00+00:00, run_after=2025-10-17 16:18:00+00:00
[2025-10-17T16:18:14.377+0000] {processor.py:183} INFO - Processing /home/airflow/.local/lib/python3.12/site-packages/airflow/example_dags/example_branch_python_dop_operator_3.py took 0.219 seconds
[2025-10-17T16:18:44.978+0000] {processor.py:161} INFO - Started process (PID=530) to work on /home/airflow/.local/lib/python3.12/site-packages/airflow/example_dags/example_branch_python_dop_operator_3.py
[2025-10-17T16:18:44.980+0000] {processor.py:830} INFO - Processing file /home/airflow/.local/lib/python3.12/site-packages/airflow/example_dags/example_branch_python_dop_operator_3.py for tasks to queue
[2025-10-17T16:18:44.984+0000] {logging_mixin.py:188} INFO - [2025-10-17T16:18:44.984+0000] {dagbag.py:545} INFO - Filling up the DagBag from /home/airflow/.local/lib/python3.12/site-packages/airflow/example_dags/example_branch_python_dop_operator_3.py
[2025-10-17T16:18:45.003+0000] {processor.py:840} INFO - DAG(s) 'example_branch_dop_operator_v3' retrieved from /home/airflow/.local/lib/python3.12/site-packages/airflow/example_dags/example_branch_python_dop_operator_3.py
[2025-10-17T16:18:45.054+0000] {logging_mixin.py:188} INFO - [2025-10-17T16:18:45.052+0000] {dag.py:3096} INFO - Sync 1 DAGs
[2025-10-17T16:18:45.121+0000] {logging_mixin.py:188} INFO - [2025-10-17T16:18:45.120+0000] {dag.py:3954} INFO - Setting next_dagrun for example_branch_dop_operator_v3 to 2025-10-17 16:17:00+00:00, run_after=2025-10-17 16:18:00+00:00
[2025-10-17T16:18:45.182+0000] {processor.py:183} INFO - Processing /home/airflow/.local/lib/python3.12/site-packages/airflow/example_dags/example_branch_python_dop_operator_3.py took 0.218 seconds
[2025-10-17T16:19:16.056+0000] {processor.py:161} INFO - Started process (PID=583) to work on /home/airflow/.local/lib/python3.12/site-packages/airflow/example_dags/example_branch_python_dop_operator_3.py
[2025-10-17T16:19:16.058+0000] {processor.py:830} INFO - Processing file /home/airflow/.local/lib/python3.12/site-packages/airflow/example_dags/example_branch_python_dop_operator_3.py for tasks to queue
[2025-10-17T16:19:16.062+0000] {logging_mixin.py:188} INFO - [2025-10-17T16:19:16.061+0000] {dagbag.py:545} INFO - Filling up the DagBag from /home/airflow/.local/lib/python3.12/site-packages/airflow/example_dags/example_branch_python_dop_operator_3.py
[2025-10-17T16:19:16.080+0000] {processor.py:840} INFO - DAG(s) 'example_branch_dop_operator_v3' retrieved from /home/airflow/.local/lib/python3.12/site-packages/airflow/example_dags/example_branch_python_dop_operator_3.py
[2025-10-17T16:19:16.115+0000] {logging_mixin.py:188} INFO - [2025-10-17T16:19:16.114+0000] {dag.py:3096} INFO - Sync 1 DAGs
[2025-10-17T16:19:16.153+0000] {logging_mixin.py:188} INFO - [2025-10-17T16:19:16.153+0000] {dag.py:3954} INFO - Setting next_dagrun for example_branch_dop_operator_v3 to 2025-10-17 16:18:00+00:00, run_after=2025-10-17 16:19:00+00:00
[2025-10-17T16:19:16.190+0000] {processor.py:183} INFO - Processing /home/airflow/.local/lib/python3.12/site-packages/airflow/example_dags/example_branch_python_dop_operator_3.py took 0.148 seconds
[2025-10-17T16:19:47.608+0000] {processor.py:161} INFO - Started process (PID=636) to work on /home/airflow/.local/lib/python3.12/site-packages/airflow/example_dags/example_branch_python_dop_operator_3.py
[2025-10-17T16:19:47.610+0000] {processor.py:830} INFO - Processing file /home/airflow/.local/lib/python3.12/site-packages/airflow/example_dags/example_branch_python_dop_operator_3.py for tasks to queue
[2025-10-17T16:19:47.614+0000] {logging_mixin.py:188} INFO - [2025-10-17T16:19:47.613+0000] {dagbag.py:545} INFO - Filling up the DagBag from /home/airflow/.local/lib/python3.12/site-packages/airflow/example_dags/example_branch_python_dop_operator_3.py
[2025-10-17T16:19:47.633+0000] {processor.py:840} INFO - DAG(s) 'example_branch_dop_operator_v3' retrieved from /home/airflow/.local/lib/python3.12/site-packages/airflow/example_dags/example_branch_python_dop_operator_3.py
[2025-10-17T16:19:47.676+0000] {logging_mixin.py:188} INFO - [2025-10-17T16:19:47.676+0000] {dag.py:3096} INFO - Sync 1 DAGs
[2025-10-17T16:19:47.726+0000] {logging_mixin.py:188} INFO - [2025-10-17T16:19:47.726+0000] {dag.py:3954} INFO - Setting next_dagrun for example_branch_dop_operator_v3 to 2025-10-17 16:18:00+00:00, run_after=2025-10-17 16:19:00+00:00
[2025-10-17T16:19:47.776+0000] {processor.py:183} INFO - Processing /home/airflow/.local/lib/python3.12/site-packages/airflow/example_dags/example_branch_python_dop_operator_3.py took 0.179 seconds
[2025-10-17T16:20:17.959+0000] {processor.py:161} INFO - Started process (PID=689) to work on /home/airflow/.local/lib/python3.12/site-packages/airflow/example_dags/example_branch_python_dop_operator_3.py
[2025-10-17T16:20:17.962+0000] {processor.py:830} INFO - Processing file /home/airflow/.local/lib/python3.12/site-packages/airflow/example_dags/example_branch_python_dop_operator_3.py for tasks to queue
[2025-10-17T16:20:17.965+0000] {logging_mixin.py:188} INFO - [2025-10-17T16:20:17.964+0000] {dagbag.py:545} INFO - Filling up the DagBag from /home/airflow/.local/lib/python3.12/site-packages/airflow/example_dags/example_branch_python_dop_operator_3.py
[2025-10-17T16:20:17.978+0000] {processor.py:840} INFO - DAG(s) 'example_branch_dop_operator_v3' retrieved from /home/airflow/.local/lib/python3.12/site-packages/airflow/example_dags/example_branch_python_dop_operator_3.py
[2025-10-17T16:20:18.016+0000] {logging_mixin.py:188} INFO - [2025-10-17T16:20:18.015+0000] {dag.py:3096} INFO - Sync 1 DAGs
[2025-10-17T16:20:18.066+0000] {logging_mixin.py:188} INFO - [2025-10-17T16:20:18.064+0000] {dag.py:3954} INFO - Setting next_dagrun for example_branch_dop_operator_v3 to 2025-10-17 16:19:00+00:00, run_after=2025-10-17 16:20:00+00:00
[2025-10-17T16:20:18.111+0000] {processor.py:183} INFO - Processing /home/airflow/.local/lib/python3.12/site-packages/airflow/example_dags/example_branch_python_dop_operator_3.py took 0.165 seconds
