[2025-10-17T13:04:08.493+0000] {processor.py:161} INFO - Started process (PID=66) to work on /home/airflow/.local/lib/python3.12/site-packages/airflow/example_dags/example_display_name.py
[2025-10-17T13:04:08.495+0000] {processor.py:830} INFO - Processing file /home/airflow/.local/lib/python3.12/site-packages/airflow/example_dags/example_display_name.py for tasks to queue
[2025-10-17T13:04:08.503+0000] {logging_mixin.py:188} INFO - [2025-10-17T13:04:08.502+0000] {dagbag.py:545} INFO - Filling up the DagBag from /home/airflow/.local/lib/python3.12/site-packages/airflow/example_dags/example_display_name.py
[2025-10-17T13:04:08.523+0000] {processor.py:840} INFO - DAG(s) 'example_display_name' retrieved from /home/airflow/.local/lib/python3.12/site-packages/airflow/example_dags/example_display_name.py
[2025-10-17T13:04:08.834+0000] {logging_mixin.py:188} INFO - [2025-10-17T13:04:08.833+0000] {dag.py:3096} INFO - Sync 1 DAGs
[2025-10-17T13:04:08.870+0000] {logging_mixin.py:188} INFO - [2025-10-17T13:04:08.866+0000] {dag.py:3954} INFO - Setting next_dagrun for example_display_name to None, run_after=None
[2025-10-17T13:04:08.932+0000] {processor.py:183} INFO - Processing /home/airflow/.local/lib/python3.12/site-packages/airflow/example_dags/example_display_name.py took 0.452 seconds
[2025-10-17T13:04:39.402+0000] {processor.py:161} INFO - Started process (PID=118) to work on /home/airflow/.local/lib/python3.12/site-packages/airflow/example_dags/example_display_name.py
[2025-10-17T13:04:39.403+0000] {processor.py:830} INFO - Processing file /home/airflow/.local/lib/python3.12/site-packages/airflow/example_dags/example_display_name.py for tasks to queue
[2025-10-17T13:04:39.406+0000] {logging_mixin.py:188} INFO - [2025-10-17T13:04:39.406+0000] {dagbag.py:545} INFO - Filling up the DagBag from /home/airflow/.local/lib/python3.12/site-packages/airflow/example_dags/example_display_name.py
[2025-10-17T13:04:39.427+0000] {processor.py:840} INFO - DAG(s) 'example_display_name' retrieved from /home/airflow/.local/lib/python3.12/site-packages/airflow/example_dags/example_display_name.py
[2025-10-17T13:04:39.500+0000] {logging_mixin.py:188} INFO - [2025-10-17T13:04:39.499+0000] {dag.py:3096} INFO - Sync 1 DAGs
[2025-10-17T13:04:39.535+0000] {logging_mixin.py:188} INFO - [2025-10-17T13:04:39.535+0000] {dag.py:3954} INFO - Setting next_dagrun for example_display_name to None, run_after=None
[2025-10-17T13:04:39.611+0000] {processor.py:183} INFO - Processing /home/airflow/.local/lib/python3.12/site-packages/airflow/example_dags/example_display_name.py took 0.220 seconds
[2025-10-17T13:44:58.020+0000] {processor.py:161} INFO - Started process (PID=67) to work on /home/airflow/.local/lib/python3.12/site-packages/airflow/example_dags/example_display_name.py
[2025-10-17T13:44:58.022+0000] {processor.py:830} INFO - Processing file /home/airflow/.local/lib/python3.12/site-packages/airflow/example_dags/example_display_name.py for tasks to queue
[2025-10-17T13:44:58.025+0000] {logging_mixin.py:188} INFO - [2025-10-17T13:44:58.024+0000] {dagbag.py:545} INFO - Filling up the DagBag from /home/airflow/.local/lib/python3.12/site-packages/airflow/example_dags/example_display_name.py
[2025-10-17T13:44:58.044+0000] {processor.py:840} INFO - DAG(s) 'example_display_name' retrieved from /home/airflow/.local/lib/python3.12/site-packages/airflow/example_dags/example_display_name.py
[2025-10-17T13:44:58.077+0000] {logging_mixin.py:188} INFO - [2025-10-17T13:44:58.077+0000] {dag.py:3096} INFO - Sync 1 DAGs
[2025-10-17T13:44:58.100+0000] {logging_mixin.py:188} INFO - [2025-10-17T13:44:58.099+0000] {dag.py:3954} INFO - Setting next_dagrun for example_display_name to None, run_after=None
[2025-10-17T13:44:58.224+0000] {processor.py:183} INFO - Processing /home/airflow/.local/lib/python3.12/site-packages/airflow/example_dags/example_display_name.py took 0.219 seconds
[2025-10-17T16:14:09.367+0000] {processor.py:161} INFO - Started process (PID=66) to work on /home/airflow/.local/lib/python3.12/site-packages/airflow/example_dags/example_display_name.py
[2025-10-17T16:14:09.369+0000] {processor.py:830} INFO - Processing file /home/airflow/.local/lib/python3.12/site-packages/airflow/example_dags/example_display_name.py for tasks to queue
[2025-10-17T16:14:09.376+0000] {logging_mixin.py:188} INFO - [2025-10-17T16:14:09.375+0000] {dagbag.py:545} INFO - Filling up the DagBag from /home/airflow/.local/lib/python3.12/site-packages/airflow/example_dags/example_display_name.py
[2025-10-17T16:14:09.401+0000] {processor.py:840} INFO - DAG(s) 'example_display_name' retrieved from /home/airflow/.local/lib/python3.12/site-packages/airflow/example_dags/example_display_name.py
[2025-10-17T16:14:09.494+0000] {logging_mixin.py:188} INFO - [2025-10-17T16:14:09.493+0000] {dag.py:3096} INFO - Sync 1 DAGs
[2025-10-17T16:14:09.562+0000] {logging_mixin.py:188} INFO - [2025-10-17T16:14:09.561+0000] {dag.py:3954} INFO - Setting next_dagrun for example_display_name to None, run_after=None
[2025-10-17T16:14:09.731+0000] {processor.py:183} INFO - Processing /home/airflow/.local/lib/python3.12/site-packages/airflow/example_dags/example_display_name.py took 0.383 seconds
[2025-10-17T16:14:39.925+0000] {processor.py:161} INFO - Started process (PID=119) to work on /home/airflow/.local/lib/python3.12/site-packages/airflow/example_dags/example_display_name.py
[2025-10-17T16:14:39.926+0000] {processor.py:830} INFO - Processing file /home/airflow/.local/lib/python3.12/site-packages/airflow/example_dags/example_display_name.py for tasks to queue
[2025-10-17T16:14:39.931+0000] {logging_mixin.py:188} INFO - [2025-10-17T16:14:39.930+0000] {dagbag.py:545} INFO - Filling up the DagBag from /home/airflow/.local/lib/python3.12/site-packages/airflow/example_dags/example_display_name.py
[2025-10-17T16:14:39.941+0000] {processor.py:840} INFO - DAG(s) 'example_display_name' retrieved from /home/airflow/.local/lib/python3.12/site-packages/airflow/example_dags/example_display_name.py
[2025-10-17T16:14:39.981+0000] {logging_mixin.py:188} INFO - [2025-10-17T16:14:39.981+0000] {dag.py:3096} INFO - Sync 1 DAGs
[2025-10-17T16:14:40.013+0000] {logging_mixin.py:188} INFO - [2025-10-17T16:14:40.012+0000] {dag.py:3954} INFO - Setting next_dagrun for example_display_name to None, run_after=None
[2025-10-17T16:14:40.048+0000] {processor.py:183} INFO - Processing /home/airflow/.local/lib/python3.12/site-packages/airflow/example_dags/example_display_name.py took 0.137 seconds
[2025-10-17T16:15:10.714+0000] {processor.py:161} INFO - Started process (PID=172) to work on /home/airflow/.local/lib/python3.12/site-packages/airflow/example_dags/example_display_name.py
[2025-10-17T16:15:10.716+0000] {processor.py:830} INFO - Processing file /home/airflow/.local/lib/python3.12/site-packages/airflow/example_dags/example_display_name.py for tasks to queue
[2025-10-17T16:15:10.720+0000] {logging_mixin.py:188} INFO - [2025-10-17T16:15:10.719+0000] {dagbag.py:545} INFO - Filling up the DagBag from /home/airflow/.local/lib/python3.12/site-packages/airflow/example_dags/example_display_name.py
[2025-10-17T16:15:10.730+0000] {processor.py:840} INFO - DAG(s) 'example_display_name' retrieved from /home/airflow/.local/lib/python3.12/site-packages/airflow/example_dags/example_display_name.py
[2025-10-17T16:15:10.779+0000] {logging_mixin.py:188} INFO - [2025-10-17T16:15:10.778+0000] {dag.py:3096} INFO - Sync 1 DAGs
[2025-10-17T16:15:10.805+0000] {logging_mixin.py:188} INFO - [2025-10-17T16:15:10.805+0000] {dag.py:3954} INFO - Setting next_dagrun for example_display_name to None, run_after=None
[2025-10-17T16:15:10.847+0000] {processor.py:183} INFO - Processing /home/airflow/.local/lib/python3.12/site-packages/airflow/example_dags/example_display_name.py took 0.151 seconds
[2025-10-17T16:15:41.772+0000] {processor.py:161} INFO - Started process (PID=225) to work on /home/airflow/.local/lib/python3.12/site-packages/airflow/example_dags/example_display_name.py
[2025-10-17T16:15:41.774+0000] {processor.py:830} INFO - Processing file /home/airflow/.local/lib/python3.12/site-packages/airflow/example_dags/example_display_name.py for tasks to queue
[2025-10-17T16:15:41.779+0000] {logging_mixin.py:188} INFO - [2025-10-17T16:15:41.778+0000] {dagbag.py:545} INFO - Filling up the DagBag from /home/airflow/.local/lib/python3.12/site-packages/airflow/example_dags/example_display_name.py
[2025-10-17T16:15:41.790+0000] {processor.py:840} INFO - DAG(s) 'example_display_name' retrieved from /home/airflow/.local/lib/python3.12/site-packages/airflow/example_dags/example_display_name.py
[2025-10-17T16:15:41.829+0000] {logging_mixin.py:188} INFO - [2025-10-17T16:15:41.829+0000] {dag.py:3096} INFO - Sync 1 DAGs
[2025-10-17T16:15:41.847+0000] {logging_mixin.py:188} INFO - [2025-10-17T16:15:41.847+0000] {dag.py:3954} INFO - Setting next_dagrun for example_display_name to None, run_after=None
[2025-10-17T16:15:41.875+0000] {processor.py:183} INFO - Processing /home/airflow/.local/lib/python3.12/site-packages/airflow/example_dags/example_display_name.py took 0.115 seconds
[2025-10-17T16:16:12.329+0000] {processor.py:161} INFO - Started process (PID=278) to work on /home/airflow/.local/lib/python3.12/site-packages/airflow/example_dags/example_display_name.py
[2025-10-17T16:16:12.331+0000] {processor.py:830} INFO - Processing file /home/airflow/.local/lib/python3.12/site-packages/airflow/example_dags/example_display_name.py for tasks to queue
[2025-10-17T16:16:12.334+0000] {logging_mixin.py:188} INFO - [2025-10-17T16:16:12.334+0000] {dagbag.py:545} INFO - Filling up the DagBag from /home/airflow/.local/lib/python3.12/site-packages/airflow/example_dags/example_display_name.py
[2025-10-17T16:16:12.344+0000] {processor.py:840} INFO - DAG(s) 'example_display_name' retrieved from /home/airflow/.local/lib/python3.12/site-packages/airflow/example_dags/example_display_name.py
[2025-10-17T16:16:12.376+0000] {logging_mixin.py:188} INFO - [2025-10-17T16:16:12.375+0000] {dag.py:3096} INFO - Sync 1 DAGs
[2025-10-17T16:16:12.396+0000] {logging_mixin.py:188} INFO - [2025-10-17T16:16:12.396+0000] {dag.py:3954} INFO - Setting next_dagrun for example_display_name to None, run_after=None
[2025-10-17T16:16:12.432+0000] {processor.py:183} INFO - Processing /home/airflow/.local/lib/python3.12/site-packages/airflow/example_dags/example_display_name.py took 0.114 seconds
[2025-10-17T16:16:42.601+0000] {processor.py:161} INFO - Started process (PID=331) to work on /home/airflow/.local/lib/python3.12/site-packages/airflow/example_dags/example_display_name.py
[2025-10-17T16:16:42.603+0000] {processor.py:830} INFO - Processing file /home/airflow/.local/lib/python3.12/site-packages/airflow/example_dags/example_display_name.py for tasks to queue
[2025-10-17T16:16:42.606+0000] {logging_mixin.py:188} INFO - [2025-10-17T16:16:42.606+0000] {dagbag.py:545} INFO - Filling up the DagBag from /home/airflow/.local/lib/python3.12/site-packages/airflow/example_dags/example_display_name.py
[2025-10-17T16:16:42.616+0000] {processor.py:840} INFO - DAG(s) 'example_display_name' retrieved from /home/airflow/.local/lib/python3.12/site-packages/airflow/example_dags/example_display_name.py
[2025-10-17T16:16:42.648+0000] {logging_mixin.py:188} INFO - [2025-10-17T16:16:42.648+0000] {dag.py:3096} INFO - Sync 1 DAGs
[2025-10-17T16:16:42.668+0000] {logging_mixin.py:188} INFO - [2025-10-17T16:16:42.668+0000] {dag.py:3954} INFO - Setting next_dagrun for example_display_name to None, run_after=None
[2025-10-17T16:16:42.703+0000] {processor.py:183} INFO - Processing /home/airflow/.local/lib/python3.12/site-packages/airflow/example_dags/example_display_name.py took 0.112 seconds
[2025-10-17T16:17:13.564+0000] {processor.py:161} INFO - Started process (PID=384) to work on /home/airflow/.local/lib/python3.12/site-packages/airflow/example_dags/example_display_name.py
[2025-10-17T16:17:13.566+0000] {processor.py:830} INFO - Processing file /home/airflow/.local/lib/python3.12/site-packages/airflow/example_dags/example_display_name.py for tasks to queue
[2025-10-17T16:17:13.570+0000] {logging_mixin.py:188} INFO - [2025-10-17T16:17:13.569+0000] {dagbag.py:545} INFO - Filling up the DagBag from /home/airflow/.local/lib/python3.12/site-packages/airflow/example_dags/example_display_name.py
[2025-10-17T16:17:13.580+0000] {processor.py:840} INFO - DAG(s) 'example_display_name' retrieved from /home/airflow/.local/lib/python3.12/site-packages/airflow/example_dags/example_display_name.py
[2025-10-17T16:17:13.611+0000] {logging_mixin.py:188} INFO - [2025-10-17T16:17:13.611+0000] {dag.py:3096} INFO - Sync 1 DAGs
[2025-10-17T16:17:13.631+0000] {logging_mixin.py:188} INFO - [2025-10-17T16:17:13.631+0000] {dag.py:3954} INFO - Setting next_dagrun for example_display_name to None, run_after=None
[2025-10-17T16:17:13.661+0000] {processor.py:183} INFO - Processing /home/airflow/.local/lib/python3.12/site-packages/airflow/example_dags/example_display_name.py took 0.117 seconds
[2025-10-17T16:17:45.323+0000] {processor.py:161} INFO - Started process (PID=437) to work on /home/airflow/.local/lib/python3.12/site-packages/airflow/example_dags/example_display_name.py
[2025-10-17T16:17:45.325+0000] {processor.py:830} INFO - Processing file /home/airflow/.local/lib/python3.12/site-packages/airflow/example_dags/example_display_name.py for tasks to queue
[2025-10-17T16:17:45.328+0000] {logging_mixin.py:188} INFO - [2025-10-17T16:17:45.327+0000] {dagbag.py:545} INFO - Filling up the DagBag from /home/airflow/.local/lib/python3.12/site-packages/airflow/example_dags/example_display_name.py
[2025-10-17T16:17:45.336+0000] {processor.py:840} INFO - DAG(s) 'example_display_name' retrieved from /home/airflow/.local/lib/python3.12/site-packages/airflow/example_dags/example_display_name.py
[2025-10-17T16:17:45.376+0000] {logging_mixin.py:188} INFO - [2025-10-17T16:17:45.375+0000] {dag.py:3096} INFO - Sync 1 DAGs
[2025-10-17T16:17:45.403+0000] {logging_mixin.py:188} INFO - [2025-10-17T16:17:45.403+0000] {dag.py:3954} INFO - Setting next_dagrun for example_display_name to None, run_after=None
[2025-10-17T16:17:45.435+0000] {processor.py:183} INFO - Processing /home/airflow/.local/lib/python3.12/site-packages/airflow/example_dags/example_display_name.py took 0.121 seconds
[2025-10-17T16:18:15.819+0000] {processor.py:161} INFO - Started process (PID=490) to work on /home/airflow/.local/lib/python3.12/site-packages/airflow/example_dags/example_display_name.py
[2025-10-17T16:18:15.821+0000] {processor.py:830} INFO - Processing file /home/airflow/.local/lib/python3.12/site-packages/airflow/example_dags/example_display_name.py for tasks to queue
[2025-10-17T16:18:15.824+0000] {logging_mixin.py:188} INFO - [2025-10-17T16:18:15.824+0000] {dagbag.py:545} INFO - Filling up the DagBag from /home/airflow/.local/lib/python3.12/site-packages/airflow/example_dags/example_display_name.py
[2025-10-17T16:18:15.833+0000] {processor.py:840} INFO - DAG(s) 'example_display_name' retrieved from /home/airflow/.local/lib/python3.12/site-packages/airflow/example_dags/example_display_name.py
[2025-10-17T16:18:15.869+0000] {logging_mixin.py:188} INFO - [2025-10-17T16:18:15.868+0000] {dag.py:3096} INFO - Sync 1 DAGs
[2025-10-17T16:18:15.888+0000] {logging_mixin.py:188} INFO - [2025-10-17T16:18:15.888+0000] {dag.py:3954} INFO - Setting next_dagrun for example_display_name to None, run_after=None
[2025-10-17T16:18:15.920+0000] {processor.py:183} INFO - Processing /home/airflow/.local/lib/python3.12/site-packages/airflow/example_dags/example_display_name.py took 0.110 seconds
[2025-10-17T16:18:47.270+0000] {processor.py:161} INFO - Started process (PID=543) to work on /home/airflow/.local/lib/python3.12/site-packages/airflow/example_dags/example_display_name.py
[2025-10-17T16:18:47.274+0000] {processor.py:830} INFO - Processing file /home/airflow/.local/lib/python3.12/site-packages/airflow/example_dags/example_display_name.py for tasks to queue
[2025-10-17T16:18:47.280+0000] {logging_mixin.py:188} INFO - [2025-10-17T16:18:47.279+0000] {dagbag.py:545} INFO - Filling up the DagBag from /home/airflow/.local/lib/python3.12/site-packages/airflow/example_dags/example_display_name.py
[2025-10-17T16:18:47.311+0000] {processor.py:840} INFO - DAG(s) 'example_display_name' retrieved from /home/airflow/.local/lib/python3.12/site-packages/airflow/example_dags/example_display_name.py
[2025-10-17T16:18:47.349+0000] {logging_mixin.py:188} INFO - [2025-10-17T16:18:47.349+0000] {dag.py:3096} INFO - Sync 1 DAGs
[2025-10-17T16:18:47.369+0000] {logging_mixin.py:188} INFO - [2025-10-17T16:18:47.369+0000] {dag.py:3954} INFO - Setting next_dagrun for example_display_name to None, run_after=None
[2025-10-17T16:18:47.741+0000] {processor.py:183} INFO - Processing /home/airflow/.local/lib/python3.12/site-packages/airflow/example_dags/example_display_name.py took 0.488 seconds
[2025-10-17T16:19:17.855+0000] {processor.py:161} INFO - Started process (PID=596) to work on /home/airflow/.local/lib/python3.12/site-packages/airflow/example_dags/example_display_name.py
[2025-10-17T16:19:17.857+0000] {processor.py:830} INFO - Processing file /home/airflow/.local/lib/python3.12/site-packages/airflow/example_dags/example_display_name.py for tasks to queue
[2025-10-17T16:19:17.860+0000] {logging_mixin.py:188} INFO - [2025-10-17T16:19:17.859+0000] {dagbag.py:545} INFO - Filling up the DagBag from /home/airflow/.local/lib/python3.12/site-packages/airflow/example_dags/example_display_name.py
[2025-10-17T16:19:17.869+0000] {processor.py:840} INFO - DAG(s) 'example_display_name' retrieved from /home/airflow/.local/lib/python3.12/site-packages/airflow/example_dags/example_display_name.py
[2025-10-17T16:19:17.900+0000] {logging_mixin.py:188} INFO - [2025-10-17T16:19:17.899+0000] {dag.py:3096} INFO - Sync 1 DAGs
[2025-10-17T16:19:17.920+0000] {logging_mixin.py:188} INFO - [2025-10-17T16:19:17.920+0000] {dag.py:3954} INFO - Setting next_dagrun for example_display_name to None, run_after=None
[2025-10-17T16:19:17.952+0000] {processor.py:183} INFO - Processing /home/airflow/.local/lib/python3.12/site-packages/airflow/example_dags/example_display_name.py took 0.108 seconds
[2025-10-17T16:19:49.732+0000] {processor.py:161} INFO - Started process (PID=649) to work on /home/airflow/.local/lib/python3.12/site-packages/airflow/example_dags/example_display_name.py
[2025-10-17T16:19:49.733+0000] {processor.py:830} INFO - Processing file /home/airflow/.local/lib/python3.12/site-packages/airflow/example_dags/example_display_name.py for tasks to queue
[2025-10-17T16:19:49.737+0000] {logging_mixin.py:188} INFO - [2025-10-17T16:19:49.736+0000] {dagbag.py:545} INFO - Filling up the DagBag from /home/airflow/.local/lib/python3.12/site-packages/airflow/example_dags/example_display_name.py
[2025-10-17T16:19:49.749+0000] {processor.py:840} INFO - DAG(s) 'example_display_name' retrieved from /home/airflow/.local/lib/python3.12/site-packages/airflow/example_dags/example_display_name.py
[2025-10-17T16:19:49.787+0000] {logging_mixin.py:188} INFO - [2025-10-17T16:19:49.786+0000] {dag.py:3096} INFO - Sync 1 DAGs
[2025-10-17T16:19:49.807+0000] {logging_mixin.py:188} INFO - [2025-10-17T16:19:49.807+0000] {dag.py:3954} INFO - Setting next_dagrun for example_display_name to None, run_after=None
[2025-10-17T16:19:49.843+0000] {processor.py:183} INFO - Processing /home/airflow/.local/lib/python3.12/site-packages/airflow/example_dags/example_display_name.py took 0.124 seconds
[2025-10-17T16:20:20.741+0000] {processor.py:161} INFO - Started process (PID=702) to work on /home/airflow/.local/lib/python3.12/site-packages/airflow/example_dags/example_display_name.py
[2025-10-17T16:20:20.743+0000] {processor.py:830} INFO - Processing file /home/airflow/.local/lib/python3.12/site-packages/airflow/example_dags/example_display_name.py for tasks to queue
[2025-10-17T16:20:20.746+0000] {logging_mixin.py:188} INFO - [2025-10-17T16:20:20.746+0000] {dagbag.py:545} INFO - Filling up the DagBag from /home/airflow/.local/lib/python3.12/site-packages/airflow/example_dags/example_display_name.py
[2025-10-17T16:20:20.758+0000] {processor.py:840} INFO - DAG(s) 'example_display_name' retrieved from /home/airflow/.local/lib/python3.12/site-packages/airflow/example_dags/example_display_name.py
[2025-10-17T16:20:20.796+0000] {logging_mixin.py:188} INFO - [2025-10-17T16:20:20.796+0000] {dag.py:3096} INFO - Sync 1 DAGs
[2025-10-17T16:20:20.817+0000] {logging_mixin.py:188} INFO - [2025-10-17T16:20:20.817+0000] {dag.py:3954} INFO - Setting next_dagrun for example_display_name to None, run_after=None
[2025-10-17T16:20:20.853+0000] {processor.py:183} INFO - Processing /home/airflow/.local/lib/python3.12/site-packages/airflow/example_dags/example_display_name.py took 0.125 seconds
