[2025-10-17T13:04:06.252+0000] {processor.py:161} INFO - Started process (PID=59) to work on /home/airflow/.local/lib/python3.12/site-packages/airflow/example_dags/tutorial_taskflow_api.py
[2025-10-17T13:04:06.254+0000] {processor.py:830} INFO - Processing file /home/airflow/.local/lib/python3.12/site-packages/airflow/example_dags/tutorial_taskflow_api.py for tasks to queue
[2025-10-17T13:04:06.258+0000] {logging_mixin.py:188} INFO - [2025-10-17T13:04:06.257+0000] {dagbag.py:545} INFO - Filling up the DagBag from /home/airflow/.local/lib/python3.12/site-packages/airflow/example_dags/tutorial_taskflow_api.py
[2025-10-17T13:04:06.278+0000] {processor.py:840} INFO - DAG(s) 'tutorial_taskflow_api' retrieved from /home/airflow/.local/lib/python3.12/site-packages/airflow/example_dags/tutorial_taskflow_api.py
[2025-10-17T13:04:06.547+0000] {logging_mixin.py:188} INFO - [2025-10-17T13:04:06.546+0000] {dag.py:3096} INFO - Sync 1 DAGs
[2025-10-17T13:04:06.576+0000] {logging_mixin.py:188} INFO - [2025-10-17T13:04:06.575+0000] {dag.py:3954} INFO - Setting next_dagrun for tutorial_taskflow_api to None, run_after=None
[2025-10-17T13:04:06.667+0000] {processor.py:183} INFO - Processing /home/airflow/.local/lib/python3.12/site-packages/airflow/example_dags/tutorial_taskflow_api.py took 0.427 seconds
[2025-10-17T13:04:37.317+0000] {processor.py:161} INFO - Started process (PID=111) to work on /home/airflow/.local/lib/python3.12/site-packages/airflow/example_dags/tutorial_taskflow_api.py
[2025-10-17T13:04:37.318+0000] {processor.py:830} INFO - Processing file /home/airflow/.local/lib/python3.12/site-packages/airflow/example_dags/tutorial_taskflow_api.py for tasks to queue
[2025-10-17T13:04:37.322+0000] {logging_mixin.py:188} INFO - [2025-10-17T13:04:37.322+0000] {dagbag.py:545} INFO - Filling up the DagBag from /home/airflow/.local/lib/python3.12/site-packages/airflow/example_dags/tutorial_taskflow_api.py
[2025-10-17T13:04:37.334+0000] {processor.py:840} INFO - DAG(s) 'tutorial_taskflow_api' retrieved from /home/airflow/.local/lib/python3.12/site-packages/airflow/example_dags/tutorial_taskflow_api.py
[2025-10-17T13:04:37.364+0000] {logging_mixin.py:188} INFO - [2025-10-17T13:04:37.363+0000] {dag.py:3096} INFO - Sync 1 DAGs
[2025-10-17T13:04:37.384+0000] {logging_mixin.py:188} INFO - [2025-10-17T13:04:37.384+0000] {dag.py:3954} INFO - Setting next_dagrun for tutorial_taskflow_api to None, run_after=None
[2025-10-17T13:04:37.422+0000] {processor.py:183} INFO - Processing /home/airflow/.local/lib/python3.12/site-packages/airflow/example_dags/tutorial_taskflow_api.py took 0.116 seconds
[2025-10-17T13:44:56.159+0000] {processor.py:161} INFO - Started process (PID=60) to work on /home/airflow/.local/lib/python3.12/site-packages/airflow/example_dags/tutorial_taskflow_api.py
[2025-10-17T13:44:56.171+0000] {processor.py:830} INFO - Processing file /home/airflow/.local/lib/python3.12/site-packages/airflow/example_dags/tutorial_taskflow_api.py for tasks to queue
[2025-10-17T13:44:56.179+0000] {logging_mixin.py:188} INFO - [2025-10-17T13:44:56.178+0000] {dagbag.py:545} INFO - Filling up the DagBag from /home/airflow/.local/lib/python3.12/site-packages/airflow/example_dags/tutorial_taskflow_api.py
[2025-10-17T13:44:56.233+0000] {processor.py:840} INFO - DAG(s) 'tutorial_taskflow_api' retrieved from /home/airflow/.local/lib/python3.12/site-packages/airflow/example_dags/tutorial_taskflow_api.py
[2025-10-17T13:44:56.315+0000] {logging_mixin.py:188} INFO - [2025-10-17T13:44:56.314+0000] {dag.py:3096} INFO - Sync 1 DAGs
[2025-10-17T13:44:56.352+0000] {logging_mixin.py:188} INFO - [2025-10-17T13:44:56.351+0000] {dag.py:3954} INFO - Setting next_dagrun for tutorial_taskflow_api to None, run_after=None
[2025-10-17T13:44:56.532+0000] {processor.py:183} INFO - Processing /home/airflow/.local/lib/python3.12/site-packages/airflow/example_dags/tutorial_taskflow_api.py took 0.396 seconds
[2025-10-17T16:14:08.060+0000] {processor.py:161} INFO - Started process (PID=59) to work on /home/airflow/.local/lib/python3.12/site-packages/airflow/example_dags/tutorial_taskflow_api.py
[2025-10-17T16:14:08.064+0000] {processor.py:830} INFO - Processing file /home/airflow/.local/lib/python3.12/site-packages/airflow/example_dags/tutorial_taskflow_api.py for tasks to queue
[2025-10-17T16:14:08.072+0000] {logging_mixin.py:188} INFO - [2025-10-17T16:14:08.070+0000] {dagbag.py:545} INFO - Filling up the DagBag from /home/airflow/.local/lib/python3.12/site-packages/airflow/example_dags/tutorial_taskflow_api.py
[2025-10-17T16:14:08.096+0000] {processor.py:840} INFO - DAG(s) 'tutorial_taskflow_api' retrieved from /home/airflow/.local/lib/python3.12/site-packages/airflow/example_dags/tutorial_taskflow_api.py
[2025-10-17T16:14:08.153+0000] {logging_mixin.py:188} INFO - [2025-10-17T16:14:08.153+0000] {dag.py:3096} INFO - Sync 1 DAGs
[2025-10-17T16:14:08.187+0000] {logging_mixin.py:188} INFO - [2025-10-17T16:14:08.187+0000] {dag.py:3954} INFO - Setting next_dagrun for tutorial_taskflow_api to None, run_after=None
[2025-10-17T16:14:08.242+0000] {processor.py:183} INFO - Processing /home/airflow/.local/lib/python3.12/site-packages/airflow/example_dags/tutorial_taskflow_api.py took 0.210 seconds
[2025-10-17T16:14:39.019+0000] {processor.py:161} INFO - Started process (PID=112) to work on /home/airflow/.local/lib/python3.12/site-packages/airflow/example_dags/tutorial_taskflow_api.py
[2025-10-17T16:14:39.021+0000] {processor.py:830} INFO - Processing file /home/airflow/.local/lib/python3.12/site-packages/airflow/example_dags/tutorial_taskflow_api.py for tasks to queue
[2025-10-17T16:14:39.025+0000] {logging_mixin.py:188} INFO - [2025-10-17T16:14:39.025+0000] {dagbag.py:545} INFO - Filling up the DagBag from /home/airflow/.local/lib/python3.12/site-packages/airflow/example_dags/tutorial_taskflow_api.py
[2025-10-17T16:14:39.039+0000] {processor.py:840} INFO - DAG(s) 'tutorial_taskflow_api' retrieved from /home/airflow/.local/lib/python3.12/site-packages/airflow/example_dags/tutorial_taskflow_api.py
[2025-10-17T16:14:39.093+0000] {logging_mixin.py:188} INFO - [2025-10-17T16:14:39.092+0000] {dag.py:3096} INFO - Sync 1 DAGs
[2025-10-17T16:14:39.116+0000] {logging_mixin.py:188} INFO - [2025-10-17T16:14:39.115+0000] {dag.py:3954} INFO - Setting next_dagrun for tutorial_taskflow_api to None, run_after=None
[2025-10-17T16:14:39.153+0000] {processor.py:183} INFO - Processing /home/airflow/.local/lib/python3.12/site-packages/airflow/example_dags/tutorial_taskflow_api.py took 0.146 seconds
[2025-10-17T16:15:09.906+0000] {processor.py:161} INFO - Started process (PID=165) to work on /home/airflow/.local/lib/python3.12/site-packages/airflow/example_dags/tutorial_taskflow_api.py
[2025-10-17T16:15:09.907+0000] {processor.py:830} INFO - Processing file /home/airflow/.local/lib/python3.12/site-packages/airflow/example_dags/tutorial_taskflow_api.py for tasks to queue
[2025-10-17T16:15:09.911+0000] {logging_mixin.py:188} INFO - [2025-10-17T16:15:09.910+0000] {dagbag.py:545} INFO - Filling up the DagBag from /home/airflow/.local/lib/python3.12/site-packages/airflow/example_dags/tutorial_taskflow_api.py
[2025-10-17T16:15:09.922+0000] {processor.py:840} INFO - DAG(s) 'tutorial_taskflow_api' retrieved from /home/airflow/.local/lib/python3.12/site-packages/airflow/example_dags/tutorial_taskflow_api.py
[2025-10-17T16:15:09.959+0000] {logging_mixin.py:188} INFO - [2025-10-17T16:15:09.959+0000] {dag.py:3096} INFO - Sync 1 DAGs
[2025-10-17T16:15:09.982+0000] {logging_mixin.py:188} INFO - [2025-10-17T16:15:09.982+0000] {dag.py:3954} INFO - Setting next_dagrun for tutorial_taskflow_api to None, run_after=None
[2025-10-17T16:15:10.016+0000] {processor.py:183} INFO - Processing /home/airflow/.local/lib/python3.12/site-packages/airflow/example_dags/tutorial_taskflow_api.py took 0.120 seconds
[2025-10-17T16:15:40.622+0000] {processor.py:161} INFO - Started process (PID=218) to work on /home/airflow/.local/lib/python3.12/site-packages/airflow/example_dags/tutorial_taskflow_api.py
[2025-10-17T16:15:40.624+0000] {processor.py:830} INFO - Processing file /home/airflow/.local/lib/python3.12/site-packages/airflow/example_dags/tutorial_taskflow_api.py for tasks to queue
[2025-10-17T16:15:40.627+0000] {logging_mixin.py:188} INFO - [2025-10-17T16:15:40.626+0000] {dagbag.py:545} INFO - Filling up the DagBag from /home/airflow/.local/lib/python3.12/site-packages/airflow/example_dags/tutorial_taskflow_api.py
[2025-10-17T16:15:40.637+0000] {processor.py:840} INFO - DAG(s) 'tutorial_taskflow_api' retrieved from /home/airflow/.local/lib/python3.12/site-packages/airflow/example_dags/tutorial_taskflow_api.py
[2025-10-17T16:15:40.676+0000] {logging_mixin.py:188} INFO - [2025-10-17T16:15:40.675+0000] {dag.py:3096} INFO - Sync 1 DAGs
[2025-10-17T16:15:40.710+0000] {logging_mixin.py:188} INFO - [2025-10-17T16:15:40.710+0000] {dag.py:3954} INFO - Setting next_dagrun for tutorial_taskflow_api to None, run_after=None
[2025-10-17T16:15:40.772+0000] {processor.py:183} INFO - Processing /home/airflow/.local/lib/python3.12/site-packages/airflow/example_dags/tutorial_taskflow_api.py took 0.160 seconds
[2025-10-17T16:16:11.277+0000] {processor.py:161} INFO - Started process (PID=271) to work on /home/airflow/.local/lib/python3.12/site-packages/airflow/example_dags/tutorial_taskflow_api.py
[2025-10-17T16:16:11.280+0000] {processor.py:830} INFO - Processing file /home/airflow/.local/lib/python3.12/site-packages/airflow/example_dags/tutorial_taskflow_api.py for tasks to queue
[2025-10-17T16:16:11.283+0000] {logging_mixin.py:188} INFO - [2025-10-17T16:16:11.283+0000] {dagbag.py:545} INFO - Filling up the DagBag from /home/airflow/.local/lib/python3.12/site-packages/airflow/example_dags/tutorial_taskflow_api.py
[2025-10-17T16:16:11.295+0000] {processor.py:840} INFO - DAG(s) 'tutorial_taskflow_api' retrieved from /home/airflow/.local/lib/python3.12/site-packages/airflow/example_dags/tutorial_taskflow_api.py
[2025-10-17T16:16:11.338+0000] {logging_mixin.py:188} INFO - [2025-10-17T16:16:11.338+0000] {dag.py:3096} INFO - Sync 1 DAGs
[2025-10-17T16:16:11.364+0000] {logging_mixin.py:188} INFO - [2025-10-17T16:16:11.364+0000] {dag.py:3954} INFO - Setting next_dagrun for tutorial_taskflow_api to None, run_after=None
[2025-10-17T16:16:11.400+0000] {processor.py:183} INFO - Processing /home/airflow/.local/lib/python3.12/site-packages/airflow/example_dags/tutorial_taskflow_api.py took 0.134 seconds
[2025-10-17T16:16:41.657+0000] {processor.py:161} INFO - Started process (PID=324) to work on /home/airflow/.local/lib/python3.12/site-packages/airflow/example_dags/tutorial_taskflow_api.py
[2025-10-17T16:16:41.659+0000] {processor.py:830} INFO - Processing file /home/airflow/.local/lib/python3.12/site-packages/airflow/example_dags/tutorial_taskflow_api.py for tasks to queue
[2025-10-17T16:16:41.662+0000] {logging_mixin.py:188} INFO - [2025-10-17T16:16:41.662+0000] {dagbag.py:545} INFO - Filling up the DagBag from /home/airflow/.local/lib/python3.12/site-packages/airflow/example_dags/tutorial_taskflow_api.py
[2025-10-17T16:16:41.671+0000] {processor.py:840} INFO - DAG(s) 'tutorial_taskflow_api' retrieved from /home/airflow/.local/lib/python3.12/site-packages/airflow/example_dags/tutorial_taskflow_api.py
[2025-10-17T16:16:41.701+0000] {logging_mixin.py:188} INFO - [2025-10-17T16:16:41.701+0000] {dag.py:3096} INFO - Sync 1 DAGs
[2025-10-17T16:16:41.720+0000] {logging_mixin.py:188} INFO - [2025-10-17T16:16:41.720+0000] {dag.py:3954} INFO - Setting next_dagrun for tutorial_taskflow_api to None, run_after=None
[2025-10-17T16:16:41.750+0000] {processor.py:183} INFO - Processing /home/airflow/.local/lib/python3.12/site-packages/airflow/example_dags/tutorial_taskflow_api.py took 0.102 seconds
[2025-10-17T16:17:12.698+0000] {processor.py:161} INFO - Started process (PID=377) to work on /home/airflow/.local/lib/python3.12/site-packages/airflow/example_dags/tutorial_taskflow_api.py
[2025-10-17T16:17:12.700+0000] {processor.py:830} INFO - Processing file /home/airflow/.local/lib/python3.12/site-packages/airflow/example_dags/tutorial_taskflow_api.py for tasks to queue
[2025-10-17T16:17:12.707+0000] {logging_mixin.py:188} INFO - [2025-10-17T16:17:12.706+0000] {dagbag.py:545} INFO - Filling up the DagBag from /home/airflow/.local/lib/python3.12/site-packages/airflow/example_dags/tutorial_taskflow_api.py
[2025-10-17T16:17:12.726+0000] {processor.py:840} INFO - DAG(s) 'tutorial_taskflow_api' retrieved from /home/airflow/.local/lib/python3.12/site-packages/airflow/example_dags/tutorial_taskflow_api.py
[2025-10-17T16:17:12.781+0000] {logging_mixin.py:188} INFO - [2025-10-17T16:17:12.781+0000] {dag.py:3096} INFO - Sync 1 DAGs
[2025-10-17T16:17:12.814+0000] {logging_mixin.py:188} INFO - [2025-10-17T16:17:12.814+0000] {dag.py:3954} INFO - Setting next_dagrun for tutorial_taskflow_api to None, run_after=None
[2025-10-17T16:17:12.861+0000] {processor.py:183} INFO - Processing /home/airflow/.local/lib/python3.12/site-packages/airflow/example_dags/tutorial_taskflow_api.py took 0.180 seconds
[2025-10-17T16:17:44.490+0000] {processor.py:161} INFO - Started process (PID=430) to work on /home/airflow/.local/lib/python3.12/site-packages/airflow/example_dags/tutorial_taskflow_api.py
[2025-10-17T16:17:44.491+0000] {processor.py:830} INFO - Processing file /home/airflow/.local/lib/python3.12/site-packages/airflow/example_dags/tutorial_taskflow_api.py for tasks to queue
[2025-10-17T16:17:44.495+0000] {logging_mixin.py:188} INFO - [2025-10-17T16:17:44.494+0000] {dagbag.py:545} INFO - Filling up the DagBag from /home/airflow/.local/lib/python3.12/site-packages/airflow/example_dags/tutorial_taskflow_api.py
[2025-10-17T16:17:44.507+0000] {processor.py:840} INFO - DAG(s) 'tutorial_taskflow_api' retrieved from /home/airflow/.local/lib/python3.12/site-packages/airflow/example_dags/tutorial_taskflow_api.py
[2025-10-17T16:17:44.548+0000] {logging_mixin.py:188} INFO - [2025-10-17T16:17:44.548+0000] {dag.py:3096} INFO - Sync 1 DAGs
[2025-10-17T16:17:44.579+0000] {logging_mixin.py:188} INFO - [2025-10-17T16:17:44.578+0000] {dag.py:3954} INFO - Setting next_dagrun for tutorial_taskflow_api to None, run_after=None
[2025-10-17T16:17:44.626+0000] {processor.py:183} INFO - Processing /home/airflow/.local/lib/python3.12/site-packages/airflow/example_dags/tutorial_taskflow_api.py took 0.148 seconds
[2025-10-17T16:18:15.115+0000] {processor.py:161} INFO - Started process (PID=483) to work on /home/airflow/.local/lib/python3.12/site-packages/airflow/example_dags/tutorial_taskflow_api.py
[2025-10-17T16:18:15.120+0000] {processor.py:830} INFO - Processing file /home/airflow/.local/lib/python3.12/site-packages/airflow/example_dags/tutorial_taskflow_api.py for tasks to queue
[2025-10-17T16:18:15.126+0000] {logging_mixin.py:188} INFO - [2025-10-17T16:18:15.125+0000] {dagbag.py:545} INFO - Filling up the DagBag from /home/airflow/.local/lib/python3.12/site-packages/airflow/example_dags/tutorial_taskflow_api.py
[2025-10-17T16:18:15.150+0000] {processor.py:840} INFO - DAG(s) 'tutorial_taskflow_api' retrieved from /home/airflow/.local/lib/python3.12/site-packages/airflow/example_dags/tutorial_taskflow_api.py
[2025-10-17T16:18:15.195+0000] {logging_mixin.py:188} INFO - [2025-10-17T16:18:15.195+0000] {dag.py:3096} INFO - Sync 1 DAGs
[2025-10-17T16:18:15.219+0000] {logging_mixin.py:188} INFO - [2025-10-17T16:18:15.219+0000] {dag.py:3954} INFO - Setting next_dagrun for tutorial_taskflow_api to None, run_after=None
[2025-10-17T16:18:15.256+0000] {processor.py:183} INFO - Processing /home/airflow/.local/lib/python3.12/site-packages/airflow/example_dags/tutorial_taskflow_api.py took 0.153 seconds
[2025-10-17T16:18:46.295+0000] {processor.py:161} INFO - Started process (PID=536) to work on /home/airflow/.local/lib/python3.12/site-packages/airflow/example_dags/tutorial_taskflow_api.py
[2025-10-17T16:18:46.297+0000] {processor.py:830} INFO - Processing file /home/airflow/.local/lib/python3.12/site-packages/airflow/example_dags/tutorial_taskflow_api.py for tasks to queue
[2025-10-17T16:18:46.300+0000] {logging_mixin.py:188} INFO - [2025-10-17T16:18:46.300+0000] {dagbag.py:545} INFO - Filling up the DagBag from /home/airflow/.local/lib/python3.12/site-packages/airflow/example_dags/tutorial_taskflow_api.py
[2025-10-17T16:18:46.312+0000] {processor.py:840} INFO - DAG(s) 'tutorial_taskflow_api' retrieved from /home/airflow/.local/lib/python3.12/site-packages/airflow/example_dags/tutorial_taskflow_api.py
[2025-10-17T16:18:46.357+0000] {logging_mixin.py:188} INFO - [2025-10-17T16:18:46.356+0000] {dag.py:3096} INFO - Sync 1 DAGs
[2025-10-17T16:18:46.385+0000] {logging_mixin.py:188} INFO - [2025-10-17T16:18:46.385+0000] {dag.py:3954} INFO - Setting next_dagrun for tutorial_taskflow_api to None, run_after=None
[2025-10-17T16:18:46.427+0000] {processor.py:183} INFO - Processing /home/airflow/.local/lib/python3.12/site-packages/airflow/example_dags/tutorial_taskflow_api.py took 0.144 seconds
[2025-10-17T16:19:16.811+0000] {processor.py:161} INFO - Started process (PID=589) to work on /home/airflow/.local/lib/python3.12/site-packages/airflow/example_dags/tutorial_taskflow_api.py
[2025-10-17T16:19:16.813+0000] {processor.py:830} INFO - Processing file /home/airflow/.local/lib/python3.12/site-packages/airflow/example_dags/tutorial_taskflow_api.py for tasks to queue
[2025-10-17T16:19:16.817+0000] {logging_mixin.py:188} INFO - [2025-10-17T16:19:16.816+0000] {dagbag.py:545} INFO - Filling up the DagBag from /home/airflow/.local/lib/python3.12/site-packages/airflow/example_dags/tutorial_taskflow_api.py
[2025-10-17T16:19:16.828+0000] {processor.py:840} INFO - DAG(s) 'tutorial_taskflow_api' retrieved from /home/airflow/.local/lib/python3.12/site-packages/airflow/example_dags/tutorial_taskflow_api.py
[2025-10-17T16:19:16.861+0000] {logging_mixin.py:188} INFO - [2025-10-17T16:19:16.860+0000] {dag.py:3096} INFO - Sync 1 DAGs
[2025-10-17T16:19:16.880+0000] {logging_mixin.py:188} INFO - [2025-10-17T16:19:16.880+0000] {dag.py:3954} INFO - Setting next_dagrun for tutorial_taskflow_api to None, run_after=None
[2025-10-17T16:19:16.920+0000] {processor.py:183} INFO - Processing /home/airflow/.local/lib/python3.12/site-packages/airflow/example_dags/tutorial_taskflow_api.py took 0.122 seconds
[2025-10-17T16:19:48.662+0000] {processor.py:161} INFO - Started process (PID=642) to work on /home/airflow/.local/lib/python3.12/site-packages/airflow/example_dags/tutorial_taskflow_api.py
[2025-10-17T16:19:48.664+0000] {processor.py:830} INFO - Processing file /home/airflow/.local/lib/python3.12/site-packages/airflow/example_dags/tutorial_taskflow_api.py for tasks to queue
[2025-10-17T16:19:48.667+0000] {logging_mixin.py:188} INFO - [2025-10-17T16:19:48.666+0000] {dagbag.py:545} INFO - Filling up the DagBag from /home/airflow/.local/lib/python3.12/site-packages/airflow/example_dags/tutorial_taskflow_api.py
[2025-10-17T16:19:48.678+0000] {processor.py:840} INFO - DAG(s) 'tutorial_taskflow_api' retrieved from /home/airflow/.local/lib/python3.12/site-packages/airflow/example_dags/tutorial_taskflow_api.py
[2025-10-17T16:19:48.714+0000] {logging_mixin.py:188} INFO - [2025-10-17T16:19:48.714+0000] {dag.py:3096} INFO - Sync 1 DAGs
[2025-10-17T16:19:48.734+0000] {logging_mixin.py:188} INFO - [2025-10-17T16:19:48.734+0000] {dag.py:3954} INFO - Setting next_dagrun for tutorial_taskflow_api to None, run_after=None
[2025-10-17T16:19:48.795+0000] {processor.py:183} INFO - Processing /home/airflow/.local/lib/python3.12/site-packages/airflow/example_dags/tutorial_taskflow_api.py took 0.142 seconds
[2025-10-17T16:20:19.796+0000] {processor.py:161} INFO - Started process (PID=695) to work on /home/airflow/.local/lib/python3.12/site-packages/airflow/example_dags/tutorial_taskflow_api.py
[2025-10-17T16:20:19.798+0000] {processor.py:830} INFO - Processing file /home/airflow/.local/lib/python3.12/site-packages/airflow/example_dags/tutorial_taskflow_api.py for tasks to queue
[2025-10-17T16:20:19.801+0000] {logging_mixin.py:188} INFO - [2025-10-17T16:20:19.800+0000] {dagbag.py:545} INFO - Filling up the DagBag from /home/airflow/.local/lib/python3.12/site-packages/airflow/example_dags/tutorial_taskflow_api.py
[2025-10-17T16:20:19.812+0000] {processor.py:840} INFO - DAG(s) 'tutorial_taskflow_api' retrieved from /home/airflow/.local/lib/python3.12/site-packages/airflow/example_dags/tutorial_taskflow_api.py
[2025-10-17T16:20:19.845+0000] {logging_mixin.py:188} INFO - [2025-10-17T16:20:19.844+0000] {dag.py:3096} INFO - Sync 1 DAGs
[2025-10-17T16:20:19.866+0000] {logging_mixin.py:188} INFO - [2025-10-17T16:20:19.866+0000] {dag.py:3954} INFO - Setting next_dagrun for tutorial_taskflow_api to None, run_after=None
[2025-10-17T16:20:19.905+0000] {processor.py:183} INFO - Processing /home/airflow/.local/lib/python3.12/site-packages/airflow/example_dags/tutorial_taskflow_api.py took 0.122 seconds
