[2025-10-17T13:04:06.341+0000] {processor.py:161} INFO - Started process (PID=60) to work on /home/airflow/.local/lib/python3.12/site-packages/airflow/example_dags/tutorial.py
[2025-10-17T13:04:06.344+0000] {processor.py:830} INFO - Processing file /home/airflow/.local/lib/python3.12/site-packages/airflow/example_dags/tutorial.py for tasks to queue
[2025-10-17T13:04:06.349+0000] {logging_mixin.py:188} INFO - [2025-10-17T13:04:06.349+0000] {dagbag.py:545} INFO - Filling up the DagBag from /home/airflow/.local/lib/python3.12/site-packages/airflow/example_dags/tutorial.py
[2025-10-17T13:04:06.371+0000] {processor.py:840} INFO - DAG(s) 'tutorial' retrieved from /home/airflow/.local/lib/python3.12/site-packages/airflow/example_dags/tutorial.py
[2025-10-17T13:04:06.625+0000] {logging_mixin.py:188} INFO - [2025-10-17T13:04:06.625+0000] {dag.py:3096} INFO - Sync 1 DAGs
[2025-10-17T13:04:06.678+0000] {logging_mixin.py:188} INFO - [2025-10-17T13:04:06.678+0000] {dag.py:3954} INFO - Setting next_dagrun for tutorial to 2025-10-16 00:00:00+00:00, run_after=2025-10-17 00:00:00+00:00
[2025-10-17T13:04:06.818+0000] {processor.py:183} INFO - Processing /home/airflow/.local/lib/python3.12/site-packages/airflow/example_dags/tutorial.py took 0.492 seconds
[2025-10-17T13:04:37.485+0000] {processor.py:161} INFO - Started process (PID=112) to work on /home/airflow/.local/lib/python3.12/site-packages/airflow/example_dags/tutorial.py
[2025-10-17T13:04:37.487+0000] {processor.py:830} INFO - Processing file /home/airflow/.local/lib/python3.12/site-packages/airflow/example_dags/tutorial.py for tasks to queue
[2025-10-17T13:04:37.490+0000] {logging_mixin.py:188} INFO - [2025-10-17T13:04:37.490+0000] {dagbag.py:545} INFO - Filling up the DagBag from /home/airflow/.local/lib/python3.12/site-packages/airflow/example_dags/tutorial.py
[2025-10-17T13:04:37.500+0000] {processor.py:840} INFO - DAG(s) 'tutorial' retrieved from /home/airflow/.local/lib/python3.12/site-packages/airflow/example_dags/tutorial.py
[2025-10-17T13:04:37.530+0000] {logging_mixin.py:188} INFO - [2025-10-17T13:04:37.529+0000] {dag.py:3096} INFO - Sync 1 DAGs
[2025-10-17T13:04:37.571+0000] {logging_mixin.py:188} INFO - [2025-10-17T13:04:37.571+0000] {dag.py:3954} INFO - Setting next_dagrun for tutorial to 2025-10-16 00:00:00+00:00, run_after=2025-10-17 00:00:00+00:00
[2025-10-17T13:04:37.607+0000] {processor.py:183} INFO - Processing /home/airflow/.local/lib/python3.12/site-packages/airflow/example_dags/tutorial.py took 0.132 seconds
[2025-10-17T13:44:56.445+0000] {processor.py:161} INFO - Started process (PID=61) to work on /home/airflow/.local/lib/python3.12/site-packages/airflow/example_dags/tutorial.py
[2025-10-17T13:44:56.447+0000] {processor.py:830} INFO - Processing file /home/airflow/.local/lib/python3.12/site-packages/airflow/example_dags/tutorial.py for tasks to queue
[2025-10-17T13:44:56.450+0000] {logging_mixin.py:188} INFO - [2025-10-17T13:44:56.450+0000] {dagbag.py:545} INFO - Filling up the DagBag from /home/airflow/.local/lib/python3.12/site-packages/airflow/example_dags/tutorial.py
[2025-10-17T13:44:56.464+0000] {processor.py:840} INFO - DAG(s) 'tutorial' retrieved from /home/airflow/.local/lib/python3.12/site-packages/airflow/example_dags/tutorial.py
[2025-10-17T13:44:56.510+0000] {logging_mixin.py:188} INFO - [2025-10-17T13:44:56.509+0000] {dag.py:3096} INFO - Sync 1 DAGs
[2025-10-17T13:44:56.630+0000] {logging_mixin.py:188} INFO - [2025-10-17T13:44:56.629+0000] {dag.py:3954} INFO - Setting next_dagrun for tutorial to 2025-10-16 00:00:00+00:00, run_after=2025-10-17 00:00:00+00:00
[2025-10-17T13:44:56.787+0000] {processor.py:183} INFO - Processing /home/airflow/.local/lib/python3.12/site-packages/airflow/example_dags/tutorial.py took 0.354 seconds
[2025-10-17T16:14:08.225+0000] {processor.py:161} INFO - Started process (PID=60) to work on /home/airflow/.local/lib/python3.12/site-packages/airflow/example_dags/tutorial.py
[2025-10-17T16:14:08.227+0000] {processor.py:830} INFO - Processing file /home/airflow/.local/lib/python3.12/site-packages/airflow/example_dags/tutorial.py for tasks to queue
[2025-10-17T16:14:08.234+0000] {logging_mixin.py:188} INFO - [2025-10-17T16:14:08.233+0000] {dagbag.py:545} INFO - Filling up the DagBag from /home/airflow/.local/lib/python3.12/site-packages/airflow/example_dags/tutorial.py
[2025-10-17T16:14:08.253+0000] {processor.py:840} INFO - DAG(s) 'tutorial' retrieved from /home/airflow/.local/lib/python3.12/site-packages/airflow/example_dags/tutorial.py
[2025-10-17T16:14:08.329+0000] {logging_mixin.py:188} INFO - [2025-10-17T16:14:08.328+0000] {dag.py:3096} INFO - Sync 1 DAGs
[2025-10-17T16:14:08.385+0000] {logging_mixin.py:188} INFO - [2025-10-17T16:14:08.385+0000] {dag.py:3954} INFO - Setting next_dagrun for tutorial to 2025-10-16 00:00:00+00:00, run_after=2025-10-17 00:00:00+00:00
[2025-10-17T16:14:08.439+0000] {processor.py:183} INFO - Processing /home/airflow/.local/lib/python3.12/site-packages/airflow/example_dags/tutorial.py took 0.227 seconds
[2025-10-17T16:14:39.102+0000] {processor.py:161} INFO - Started process (PID=113) to work on /home/airflow/.local/lib/python3.12/site-packages/airflow/example_dags/tutorial.py
[2025-10-17T16:14:39.104+0000] {processor.py:830} INFO - Processing file /home/airflow/.local/lib/python3.12/site-packages/airflow/example_dags/tutorial.py for tasks to queue
[2025-10-17T16:14:39.108+0000] {logging_mixin.py:188} INFO - [2025-10-17T16:14:39.107+0000] {dagbag.py:545} INFO - Filling up the DagBag from /home/airflow/.local/lib/python3.12/site-packages/airflow/example_dags/tutorial.py
[2025-10-17T16:14:39.121+0000] {processor.py:840} INFO - DAG(s) 'tutorial' retrieved from /home/airflow/.local/lib/python3.12/site-packages/airflow/example_dags/tutorial.py
[2025-10-17T16:14:39.159+0000] {logging_mixin.py:188} INFO - [2025-10-17T16:14:39.159+0000] {dag.py:3096} INFO - Sync 1 DAGs
[2025-10-17T16:14:39.207+0000] {logging_mixin.py:188} INFO - [2025-10-17T16:14:39.207+0000] {dag.py:3954} INFO - Setting next_dagrun for tutorial to 2025-10-16 00:00:00+00:00, run_after=2025-10-17 00:00:00+00:00
[2025-10-17T16:14:39.282+0000] {processor.py:183} INFO - Processing /home/airflow/.local/lib/python3.12/site-packages/airflow/example_dags/tutorial.py took 0.192 seconds
[2025-10-17T16:15:10.076+0000] {processor.py:161} INFO - Started process (PID=166) to work on /home/airflow/.local/lib/python3.12/site-packages/airflow/example_dags/tutorial.py
[2025-10-17T16:15:10.078+0000] {processor.py:830} INFO - Processing file /home/airflow/.local/lib/python3.12/site-packages/airflow/example_dags/tutorial.py for tasks to queue
[2025-10-17T16:15:10.083+0000] {logging_mixin.py:188} INFO - [2025-10-17T16:15:10.082+0000] {dagbag.py:545} INFO - Filling up the DagBag from /home/airflow/.local/lib/python3.12/site-packages/airflow/example_dags/tutorial.py
[2025-10-17T16:15:10.097+0000] {processor.py:840} INFO - DAG(s) 'tutorial' retrieved from /home/airflow/.local/lib/python3.12/site-packages/airflow/example_dags/tutorial.py
[2025-10-17T16:15:10.133+0000] {logging_mixin.py:188} INFO - [2025-10-17T16:15:10.133+0000] {dag.py:3096} INFO - Sync 1 DAGs
[2025-10-17T16:15:10.179+0000] {logging_mixin.py:188} INFO - [2025-10-17T16:15:10.179+0000] {dag.py:3954} INFO - Setting next_dagrun for tutorial to 2025-10-16 00:00:00+00:00, run_after=2025-10-17 00:00:00+00:00
[2025-10-17T16:15:10.216+0000] {processor.py:183} INFO - Processing /home/airflow/.local/lib/python3.12/site-packages/airflow/example_dags/tutorial.py took 0.156 seconds
[2025-10-17T16:15:40.872+0000] {processor.py:161} INFO - Started process (PID=219) to work on /home/airflow/.local/lib/python3.12/site-packages/airflow/example_dags/tutorial.py
[2025-10-17T16:15:40.873+0000] {processor.py:830} INFO - Processing file /home/airflow/.local/lib/python3.12/site-packages/airflow/example_dags/tutorial.py for tasks to queue
[2025-10-17T16:15:40.877+0000] {logging_mixin.py:188} INFO - [2025-10-17T16:15:40.876+0000] {dagbag.py:545} INFO - Filling up the DagBag from /home/airflow/.local/lib/python3.12/site-packages/airflow/example_dags/tutorial.py
[2025-10-17T16:15:40.892+0000] {processor.py:840} INFO - DAG(s) 'tutorial' retrieved from /home/airflow/.local/lib/python3.12/site-packages/airflow/example_dags/tutorial.py
[2025-10-17T16:15:40.931+0000] {logging_mixin.py:188} INFO - [2025-10-17T16:15:40.930+0000] {dag.py:3096} INFO - Sync 1 DAGs
[2025-10-17T16:15:40.978+0000] {logging_mixin.py:188} INFO - [2025-10-17T16:15:40.978+0000] {dag.py:3954} INFO - Setting next_dagrun for tutorial to 2025-10-16 00:00:00+00:00, run_after=2025-10-17 00:00:00+00:00
[2025-10-17T16:15:41.020+0000] {processor.py:183} INFO - Processing /home/airflow/.local/lib/python3.12/site-packages/airflow/example_dags/tutorial.py took 0.163 seconds
[2025-10-17T16:16:11.473+0000] {processor.py:161} INFO - Started process (PID=272) to work on /home/airflow/.local/lib/python3.12/site-packages/airflow/example_dags/tutorial.py
[2025-10-17T16:16:11.476+0000] {processor.py:830} INFO - Processing file /home/airflow/.local/lib/python3.12/site-packages/airflow/example_dags/tutorial.py for tasks to queue
[2025-10-17T16:16:11.484+0000] {logging_mixin.py:188} INFO - [2025-10-17T16:16:11.482+0000] {dagbag.py:545} INFO - Filling up the DagBag from /home/airflow/.local/lib/python3.12/site-packages/airflow/example_dags/tutorial.py
[2025-10-17T16:16:11.498+0000] {processor.py:840} INFO - DAG(s) 'tutorial' retrieved from /home/airflow/.local/lib/python3.12/site-packages/airflow/example_dags/tutorial.py
[2025-10-17T16:16:11.540+0000] {logging_mixin.py:188} INFO - [2025-10-17T16:16:11.539+0000] {dag.py:3096} INFO - Sync 1 DAGs
[2025-10-17T16:16:11.588+0000] {logging_mixin.py:188} INFO - [2025-10-17T16:16:11.588+0000] {dag.py:3954} INFO - Setting next_dagrun for tutorial to 2025-10-16 00:00:00+00:00, run_after=2025-10-17 00:00:00+00:00
[2025-10-17T16:16:11.661+0000] {processor.py:183} INFO - Processing /home/airflow/.local/lib/python3.12/site-packages/airflow/example_dags/tutorial.py took 0.200 seconds
[2025-10-17T16:16:41.821+0000] {processor.py:161} INFO - Started process (PID=325) to work on /home/airflow/.local/lib/python3.12/site-packages/airflow/example_dags/tutorial.py
[2025-10-17T16:16:41.823+0000] {processor.py:830} INFO - Processing file /home/airflow/.local/lib/python3.12/site-packages/airflow/example_dags/tutorial.py for tasks to queue
[2025-10-17T16:16:41.827+0000] {logging_mixin.py:188} INFO - [2025-10-17T16:16:41.827+0000] {dagbag.py:545} INFO - Filling up the DagBag from /home/airflow/.local/lib/python3.12/site-packages/airflow/example_dags/tutorial.py
[2025-10-17T16:16:41.837+0000] {processor.py:840} INFO - DAG(s) 'tutorial' retrieved from /home/airflow/.local/lib/python3.12/site-packages/airflow/example_dags/tutorial.py
[2025-10-17T16:16:41.871+0000] {logging_mixin.py:188} INFO - [2025-10-17T16:16:41.870+0000] {dag.py:3096} INFO - Sync 1 DAGs
[2025-10-17T16:16:41.911+0000] {logging_mixin.py:188} INFO - [2025-10-17T16:16:41.910+0000] {dag.py:3954} INFO - Setting next_dagrun for tutorial to 2025-10-16 00:00:00+00:00, run_after=2025-10-17 00:00:00+00:00
[2025-10-17T16:16:41.949+0000] {processor.py:183} INFO - Processing /home/airflow/.local/lib/python3.12/site-packages/airflow/example_dags/tutorial.py took 0.138 seconds
[2025-10-17T16:17:12.789+0000] {processor.py:161} INFO - Started process (PID=378) to work on /home/airflow/.local/lib/python3.12/site-packages/airflow/example_dags/tutorial.py
[2025-10-17T16:17:12.791+0000] {processor.py:830} INFO - Processing file /home/airflow/.local/lib/python3.12/site-packages/airflow/example_dags/tutorial.py for tasks to queue
[2025-10-17T16:17:12.794+0000] {logging_mixin.py:188} INFO - [2025-10-17T16:17:12.794+0000] {dagbag.py:545} INFO - Filling up the DagBag from /home/airflow/.local/lib/python3.12/site-packages/airflow/example_dags/tutorial.py
[2025-10-17T16:17:12.814+0000] {processor.py:840} INFO - DAG(s) 'tutorial' retrieved from /home/airflow/.local/lib/python3.12/site-packages/airflow/example_dags/tutorial.py
[2025-10-17T16:17:12.859+0000] {logging_mixin.py:188} INFO - [2025-10-17T16:17:12.858+0000] {dag.py:3096} INFO - Sync 1 DAGs
[2025-10-17T16:17:12.915+0000] {logging_mixin.py:188} INFO - [2025-10-17T16:17:12.914+0000] {dag.py:3954} INFO - Setting next_dagrun for tutorial to 2025-10-16 00:00:00+00:00, run_after=2025-10-17 00:00:00+00:00
[2025-10-17T16:17:12.954+0000] {processor.py:183} INFO - Processing /home/airflow/.local/lib/python3.12/site-packages/airflow/example_dags/tutorial.py took 0.178 seconds
[2025-10-17T16:17:44.659+0000] {processor.py:161} INFO - Started process (PID=431) to work on /home/airflow/.local/lib/python3.12/site-packages/airflow/example_dags/tutorial.py
[2025-10-17T16:17:44.661+0000] {processor.py:830} INFO - Processing file /home/airflow/.local/lib/python3.12/site-packages/airflow/example_dags/tutorial.py for tasks to queue
[2025-10-17T16:17:44.666+0000] {logging_mixin.py:188} INFO - [2025-10-17T16:17:44.665+0000] {dagbag.py:545} INFO - Filling up the DagBag from /home/airflow/.local/lib/python3.12/site-packages/airflow/example_dags/tutorial.py
[2025-10-17T16:17:44.681+0000] {processor.py:840} INFO - DAG(s) 'tutorial' retrieved from /home/airflow/.local/lib/python3.12/site-packages/airflow/example_dags/tutorial.py
[2025-10-17T16:17:44.719+0000] {logging_mixin.py:188} INFO - [2025-10-17T16:17:44.718+0000] {dag.py:3096} INFO - Sync 1 DAGs
[2025-10-17T16:17:44.771+0000] {logging_mixin.py:188} INFO - [2025-10-17T16:17:44.771+0000] {dag.py:3954} INFO - Setting next_dagrun for tutorial to 2025-10-16 00:00:00+00:00, run_after=2025-10-17 00:00:00+00:00
[2025-10-17T16:17:44.812+0000] {processor.py:183} INFO - Processing /home/airflow/.local/lib/python3.12/site-packages/airflow/example_dags/tutorial.py took 0.170 seconds
[2025-10-17T16:18:15.206+0000] {processor.py:161} INFO - Started process (PID=484) to work on /home/airflow/.local/lib/python3.12/site-packages/airflow/example_dags/tutorial.py
[2025-10-17T16:18:15.208+0000] {processor.py:830} INFO - Processing file /home/airflow/.local/lib/python3.12/site-packages/airflow/example_dags/tutorial.py for tasks to queue
[2025-10-17T16:18:15.211+0000] {logging_mixin.py:188} INFO - [2025-10-17T16:18:15.211+0000] {dagbag.py:545} INFO - Filling up the DagBag from /home/airflow/.local/lib/python3.12/site-packages/airflow/example_dags/tutorial.py
[2025-10-17T16:18:15.221+0000] {processor.py:840} INFO - DAG(s) 'tutorial' retrieved from /home/airflow/.local/lib/python3.12/site-packages/airflow/example_dags/tutorial.py
[2025-10-17T16:18:15.260+0000] {logging_mixin.py:188} INFO - [2025-10-17T16:18:15.260+0000] {dag.py:3096} INFO - Sync 1 DAGs
[2025-10-17T16:18:15.309+0000] {logging_mixin.py:188} INFO - [2025-10-17T16:18:15.308+0000] {dag.py:3954} INFO - Setting next_dagrun for tutorial to 2025-10-16 00:00:00+00:00, run_after=2025-10-17 00:00:00+00:00
[2025-10-17T16:18:15.346+0000] {processor.py:183} INFO - Processing /home/airflow/.local/lib/python3.12/site-packages/airflow/example_dags/tutorial.py took 0.153 seconds
[2025-10-17T16:18:46.373+0000] {processor.py:161} INFO - Started process (PID=537) to work on /home/airflow/.local/lib/python3.12/site-packages/airflow/example_dags/tutorial.py
[2025-10-17T16:18:46.375+0000] {processor.py:830} INFO - Processing file /home/airflow/.local/lib/python3.12/site-packages/airflow/example_dags/tutorial.py for tasks to queue
[2025-10-17T16:18:46.379+0000] {logging_mixin.py:188} INFO - [2025-10-17T16:18:46.379+0000] {dagbag.py:545} INFO - Filling up the DagBag from /home/airflow/.local/lib/python3.12/site-packages/airflow/example_dags/tutorial.py
[2025-10-17T16:18:46.391+0000] {processor.py:840} INFO - DAG(s) 'tutorial' retrieved from /home/airflow/.local/lib/python3.12/site-packages/airflow/example_dags/tutorial.py
[2025-10-17T16:18:46.433+0000] {logging_mixin.py:188} INFO - [2025-10-17T16:18:46.433+0000] {dag.py:3096} INFO - Sync 1 DAGs
[2025-10-17T16:18:46.484+0000] {logging_mixin.py:188} INFO - [2025-10-17T16:18:46.483+0000] {dag.py:3954} INFO - Setting next_dagrun for tutorial to 2025-10-16 00:00:00+00:00, run_after=2025-10-17 00:00:00+00:00
[2025-10-17T16:18:46.520+0000] {processor.py:183} INFO - Processing /home/airflow/.local/lib/python3.12/site-packages/airflow/example_dags/tutorial.py took 0.160 seconds
[2025-10-17T16:19:16.986+0000] {processor.py:161} INFO - Started process (PID=590) to work on /home/airflow/.local/lib/python3.12/site-packages/airflow/example_dags/tutorial.py
[2025-10-17T16:19:16.988+0000] {processor.py:830} INFO - Processing file /home/airflow/.local/lib/python3.12/site-packages/airflow/example_dags/tutorial.py for tasks to queue
[2025-10-17T16:19:16.992+0000] {logging_mixin.py:188} INFO - [2025-10-17T16:19:16.992+0000] {dagbag.py:545} INFO - Filling up the DagBag from /home/airflow/.local/lib/python3.12/site-packages/airflow/example_dags/tutorial.py
[2025-10-17T16:19:17.002+0000] {processor.py:840} INFO - DAG(s) 'tutorial' retrieved from /home/airflow/.local/lib/python3.12/site-packages/airflow/example_dags/tutorial.py
[2025-10-17T16:19:17.043+0000] {logging_mixin.py:188} INFO - [2025-10-17T16:19:17.043+0000] {dag.py:3096} INFO - Sync 1 DAGs
[2025-10-17T16:19:17.101+0000] {logging_mixin.py:188} INFO - [2025-10-17T16:19:17.100+0000] {dag.py:3954} INFO - Setting next_dagrun for tutorial to 2025-10-16 00:00:00+00:00, run_after=2025-10-17 00:00:00+00:00
[2025-10-17T16:19:17.151+0000] {processor.py:183} INFO - Processing /home/airflow/.local/lib/python3.12/site-packages/airflow/example_dags/tutorial.py took 0.181 seconds
[2025-10-17T16:19:48.866+0000] {processor.py:161} INFO - Started process (PID=643) to work on /home/airflow/.local/lib/python3.12/site-packages/airflow/example_dags/tutorial.py
[2025-10-17T16:19:48.868+0000] {processor.py:830} INFO - Processing file /home/airflow/.local/lib/python3.12/site-packages/airflow/example_dags/tutorial.py for tasks to queue
[2025-10-17T16:19:48.872+0000] {logging_mixin.py:188} INFO - [2025-10-17T16:19:48.872+0000] {dagbag.py:545} INFO - Filling up the DagBag from /home/airflow/.local/lib/python3.12/site-packages/airflow/example_dags/tutorial.py
[2025-10-17T16:19:48.882+0000] {processor.py:840} INFO - DAG(s) 'tutorial' retrieved from /home/airflow/.local/lib/python3.12/site-packages/airflow/example_dags/tutorial.py
[2025-10-17T16:19:48.917+0000] {logging_mixin.py:188} INFO - [2025-10-17T16:19:48.917+0000] {dag.py:3096} INFO - Sync 1 DAGs
[2025-10-17T16:19:48.951+0000] {logging_mixin.py:188} INFO - [2025-10-17T16:19:48.951+0000] {dag.py:3954} INFO - Setting next_dagrun for tutorial to 2025-10-16 00:00:00+00:00, run_after=2025-10-17 00:00:00+00:00
[2025-10-17T16:19:49.041+0000] {processor.py:183} INFO - Processing /home/airflow/.local/lib/python3.12/site-packages/airflow/example_dags/tutorial.py took 0.188 seconds
[2025-10-17T16:20:20.003+0000] {processor.py:161} INFO - Started process (PID=696) to work on /home/airflow/.local/lib/python3.12/site-packages/airflow/example_dags/tutorial.py
[2025-10-17T16:20:20.005+0000] {processor.py:830} INFO - Processing file /home/airflow/.local/lib/python3.12/site-packages/airflow/example_dags/tutorial.py for tasks to queue
[2025-10-17T16:20:20.008+0000] {logging_mixin.py:188} INFO - [2025-10-17T16:20:20.008+0000] {dagbag.py:545} INFO - Filling up the DagBag from /home/airflow/.local/lib/python3.12/site-packages/airflow/example_dags/tutorial.py
[2025-10-17T16:20:20.018+0000] {processor.py:840} INFO - DAG(s) 'tutorial' retrieved from /home/airflow/.local/lib/python3.12/site-packages/airflow/example_dags/tutorial.py
[2025-10-17T16:20:20.056+0000] {logging_mixin.py:188} INFO - [2025-10-17T16:20:20.056+0000] {dag.py:3096} INFO - Sync 1 DAGs
[2025-10-17T16:20:20.117+0000] {logging_mixin.py:188} INFO - [2025-10-17T16:20:20.116+0000] {dag.py:3954} INFO - Setting next_dagrun for tutorial to 2025-10-16 00:00:00+00:00, run_after=2025-10-17 00:00:00+00:00
[2025-10-17T16:20:20.157+0000] {processor.py:183} INFO - Processing /home/airflow/.local/lib/python3.12/site-packages/airflow/example_dags/tutorial.py took 0.166 seconds
