[2025-10-17T13:04:08.122+0000] {processor.py:161} INFO - Started process (PID=65) to work on /home/airflow/.local/lib/python3.12/site-packages/airflow/example_dags/tutorial_dag.py
[2025-10-17T13:04:08.126+0000] {processor.py:830} INFO - Processing file /home/airflow/.local/lib/python3.12/site-packages/airflow/example_dags/tutorial_dag.py for tasks to queue
[2025-10-17T13:04:08.132+0000] {logging_mixin.py:188} INFO - [2025-10-17T13:04:08.131+0000] {dagbag.py:545} INFO - Filling up the DagBag from /home/airflow/.local/lib/python3.12/site-packages/airflow/example_dags/tutorial_dag.py
[2025-10-17T13:04:08.164+0000] {processor.py:840} INFO - DAG(s) 'tutorial_dag' retrieved from /home/airflow/.local/lib/python3.12/site-packages/airflow/example_dags/tutorial_dag.py
[2025-10-17T13:04:08.519+0000] {logging_mixin.py:188} INFO - [2025-10-17T13:04:08.518+0000] {dag.py:3096} INFO - Sync 1 DAGs
[2025-10-17T13:04:08.552+0000] {logging_mixin.py:188} INFO - [2025-10-17T13:04:08.552+0000] {dag.py:3954} INFO - Setting next_dagrun for tutorial_dag to None, run_after=None
[2025-10-17T13:04:08.600+0000] {processor.py:183} INFO - Processing /home/airflow/.local/lib/python3.12/site-packages/airflow/example_dags/tutorial_dag.py took 0.494 seconds
[2025-10-17T13:04:39.303+0000] {processor.py:161} INFO - Started process (PID=117) to work on /home/airflow/.local/lib/python3.12/site-packages/airflow/example_dags/tutorial_dag.py
[2025-10-17T13:04:39.305+0000] {processor.py:830} INFO - Processing file /home/airflow/.local/lib/python3.12/site-packages/airflow/example_dags/tutorial_dag.py for tasks to queue
[2025-10-17T13:04:39.308+0000] {logging_mixin.py:188} INFO - [2025-10-17T13:04:39.307+0000] {dagbag.py:545} INFO - Filling up the DagBag from /home/airflow/.local/lib/python3.12/site-packages/airflow/example_dags/tutorial_dag.py
[2025-10-17T13:04:39.316+0000] {processor.py:840} INFO - DAG(s) 'tutorial_dag' retrieved from /home/airflow/.local/lib/python3.12/site-packages/airflow/example_dags/tutorial_dag.py
[2025-10-17T13:04:39.354+0000] {logging_mixin.py:188} INFO - [2025-10-17T13:04:39.354+0000] {dag.py:3096} INFO - Sync 1 DAGs
[2025-10-17T13:04:39.379+0000] {logging_mixin.py:188} INFO - [2025-10-17T13:04:39.379+0000] {dag.py:3954} INFO - Setting next_dagrun for tutorial_dag to None, run_after=None
[2025-10-17T13:04:39.438+0000] {processor.py:183} INFO - Processing /home/airflow/.local/lib/python3.12/site-packages/airflow/example_dags/tutorial_dag.py took 0.145 seconds
[2025-10-17T13:44:57.631+0000] {processor.py:161} INFO - Started process (PID=66) to work on /home/airflow/.local/lib/python3.12/site-packages/airflow/example_dags/tutorial_dag.py
[2025-10-17T13:44:57.633+0000] {processor.py:830} INFO - Processing file /home/airflow/.local/lib/python3.12/site-packages/airflow/example_dags/tutorial_dag.py for tasks to queue
[2025-10-17T13:44:57.636+0000] {logging_mixin.py:188} INFO - [2025-10-17T13:44:57.635+0000] {dagbag.py:545} INFO - Filling up the DagBag from /home/airflow/.local/lib/python3.12/site-packages/airflow/example_dags/tutorial_dag.py
[2025-10-17T13:44:57.651+0000] {processor.py:840} INFO - DAG(s) 'tutorial_dag' retrieved from /home/airflow/.local/lib/python3.12/site-packages/airflow/example_dags/tutorial_dag.py
[2025-10-17T13:44:57.749+0000] {logging_mixin.py:188} INFO - [2025-10-17T13:44:57.748+0000] {dag.py:3096} INFO - Sync 1 DAGs
[2025-10-17T13:44:57.812+0000] {logging_mixin.py:188} INFO - [2025-10-17T13:44:57.812+0000] {dag.py:3954} INFO - Setting next_dagrun for tutorial_dag to None, run_after=None
[2025-10-17T13:44:57.911+0000] {processor.py:183} INFO - Processing /home/airflow/.local/lib/python3.12/site-packages/airflow/example_dags/tutorial_dag.py took 0.292 seconds
[2025-10-17T16:14:09.188+0000] {processor.py:161} INFO - Started process (PID=65) to work on /home/airflow/.local/lib/python3.12/site-packages/airflow/example_dags/tutorial_dag.py
[2025-10-17T16:14:09.190+0000] {processor.py:830} INFO - Processing file /home/airflow/.local/lib/python3.12/site-packages/airflow/example_dags/tutorial_dag.py for tasks to queue
[2025-10-17T16:14:09.195+0000] {logging_mixin.py:188} INFO - [2025-10-17T16:14:09.194+0000] {dagbag.py:545} INFO - Filling up the DagBag from /home/airflow/.local/lib/python3.12/site-packages/airflow/example_dags/tutorial_dag.py
[2025-10-17T16:14:09.216+0000] {processor.py:840} INFO - DAG(s) 'tutorial_dag' retrieved from /home/airflow/.local/lib/python3.12/site-packages/airflow/example_dags/tutorial_dag.py
[2025-10-17T16:14:09.268+0000] {logging_mixin.py:188} INFO - [2025-10-17T16:14:09.268+0000] {dag.py:3096} INFO - Sync 1 DAGs
[2025-10-17T16:14:09.321+0000] {logging_mixin.py:188} INFO - [2025-10-17T16:14:09.320+0000] {dag.py:3954} INFO - Setting next_dagrun for tutorial_dag to None, run_after=None
[2025-10-17T16:14:09.385+0000] {processor.py:183} INFO - Processing /home/airflow/.local/lib/python3.12/site-packages/airflow/example_dags/tutorial_dag.py took 0.211 seconds
[2025-10-17T16:14:39.815+0000] {processor.py:161} INFO - Started process (PID=118) to work on /home/airflow/.local/lib/python3.12/site-packages/airflow/example_dags/tutorial_dag.py
[2025-10-17T16:14:39.817+0000] {processor.py:830} INFO - Processing file /home/airflow/.local/lib/python3.12/site-packages/airflow/example_dags/tutorial_dag.py for tasks to queue
[2025-10-17T16:14:39.823+0000] {logging_mixin.py:188} INFO - [2025-10-17T16:14:39.822+0000] {dagbag.py:545} INFO - Filling up the DagBag from /home/airflow/.local/lib/python3.12/site-packages/airflow/example_dags/tutorial_dag.py
[2025-10-17T16:14:39.850+0000] {processor.py:840} INFO - DAG(s) 'tutorial_dag' retrieved from /home/airflow/.local/lib/python3.12/site-packages/airflow/example_dags/tutorial_dag.py
[2025-10-17T16:14:39.922+0000] {logging_mixin.py:188} INFO - [2025-10-17T16:14:39.922+0000] {dag.py:3096} INFO - Sync 1 DAGs
[2025-10-17T16:14:39.950+0000] {logging_mixin.py:188} INFO - [2025-10-17T16:14:39.950+0000] {dag.py:3954} INFO - Setting next_dagrun for tutorial_dag to None, run_after=None
[2025-10-17T16:14:39.990+0000] {processor.py:183} INFO - Processing /home/airflow/.local/lib/python3.12/site-packages/airflow/example_dags/tutorial_dag.py took 0.204 seconds
[2025-10-17T16:15:10.551+0000] {processor.py:161} INFO - Started process (PID=171) to work on /home/airflow/.local/lib/python3.12/site-packages/airflow/example_dags/tutorial_dag.py
[2025-10-17T16:15:10.555+0000] {processor.py:830} INFO - Processing file /home/airflow/.local/lib/python3.12/site-packages/airflow/example_dags/tutorial_dag.py for tasks to queue
[2025-10-17T16:15:10.559+0000] {logging_mixin.py:188} INFO - [2025-10-17T16:15:10.558+0000] {dagbag.py:545} INFO - Filling up the DagBag from /home/airflow/.local/lib/python3.12/site-packages/airflow/example_dags/tutorial_dag.py
[2025-10-17T16:15:10.569+0000] {processor.py:840} INFO - DAG(s) 'tutorial_dag' retrieved from /home/airflow/.local/lib/python3.12/site-packages/airflow/example_dags/tutorial_dag.py
[2025-10-17T16:15:10.609+0000] {logging_mixin.py:188} INFO - [2025-10-17T16:15:10.609+0000] {dag.py:3096} INFO - Sync 1 DAGs
[2025-10-17T16:15:10.635+0000] {logging_mixin.py:188} INFO - [2025-10-17T16:15:10.635+0000] {dag.py:3954} INFO - Setting next_dagrun for tutorial_dag to None, run_after=None
[2025-10-17T16:15:10.676+0000] {processor.py:183} INFO - Processing /home/airflow/.local/lib/python3.12/site-packages/airflow/example_dags/tutorial_dag.py took 0.136 seconds
[2025-10-17T16:15:41.542+0000] {processor.py:161} INFO - Started process (PID=224) to work on /home/airflow/.local/lib/python3.12/site-packages/airflow/example_dags/tutorial_dag.py
[2025-10-17T16:15:41.544+0000] {processor.py:830} INFO - Processing file /home/airflow/.local/lib/python3.12/site-packages/airflow/example_dags/tutorial_dag.py for tasks to queue
[2025-10-17T16:15:41.550+0000] {logging_mixin.py:188} INFO - [2025-10-17T16:15:41.550+0000] {dagbag.py:545} INFO - Filling up the DagBag from /home/airflow/.local/lib/python3.12/site-packages/airflow/example_dags/tutorial_dag.py
[2025-10-17T16:15:41.565+0000] {processor.py:840} INFO - DAG(s) 'tutorial_dag' retrieved from /home/airflow/.local/lib/python3.12/site-packages/airflow/example_dags/tutorial_dag.py
[2025-10-17T16:15:41.612+0000] {logging_mixin.py:188} INFO - [2025-10-17T16:15:41.612+0000] {dag.py:3096} INFO - Sync 1 DAGs
[2025-10-17T16:15:41.637+0000] {logging_mixin.py:188} INFO - [2025-10-17T16:15:41.636+0000] {dag.py:3954} INFO - Setting next_dagrun for tutorial_dag to None, run_after=None
[2025-10-17T16:15:41.683+0000] {processor.py:183} INFO - Processing /home/airflow/.local/lib/python3.12/site-packages/airflow/example_dags/tutorial_dag.py took 0.155 seconds
[2025-10-17T16:16:12.136+0000] {processor.py:161} INFO - Started process (PID=277) to work on /home/airflow/.local/lib/python3.12/site-packages/airflow/example_dags/tutorial_dag.py
[2025-10-17T16:16:12.138+0000] {processor.py:830} INFO - Processing file /home/airflow/.local/lib/python3.12/site-packages/airflow/example_dags/tutorial_dag.py for tasks to queue
[2025-10-17T16:16:12.142+0000] {logging_mixin.py:188} INFO - [2025-10-17T16:16:12.141+0000] {dagbag.py:545} INFO - Filling up the DagBag from /home/airflow/.local/lib/python3.12/site-packages/airflow/example_dags/tutorial_dag.py
[2025-10-17T16:16:12.150+0000] {processor.py:840} INFO - DAG(s) 'tutorial_dag' retrieved from /home/airflow/.local/lib/python3.12/site-packages/airflow/example_dags/tutorial_dag.py
[2025-10-17T16:16:12.182+0000] {logging_mixin.py:188} INFO - [2025-10-17T16:16:12.182+0000] {dag.py:3096} INFO - Sync 1 DAGs
[2025-10-17T16:16:12.209+0000] {logging_mixin.py:188} INFO - [2025-10-17T16:16:12.208+0000] {dag.py:3954} INFO - Setting next_dagrun for tutorial_dag to None, run_after=None
[2025-10-17T16:16:12.259+0000] {processor.py:183} INFO - Processing /home/airflow/.local/lib/python3.12/site-packages/airflow/example_dags/tutorial_dag.py took 0.131 seconds
[2025-10-17T16:16:42.427+0000] {processor.py:161} INFO - Started process (PID=330) to work on /home/airflow/.local/lib/python3.12/site-packages/airflow/example_dags/tutorial_dag.py
[2025-10-17T16:16:42.428+0000] {processor.py:830} INFO - Processing file /home/airflow/.local/lib/python3.12/site-packages/airflow/example_dags/tutorial_dag.py for tasks to queue
[2025-10-17T16:16:42.431+0000] {logging_mixin.py:188} INFO - [2025-10-17T16:16:42.431+0000] {dagbag.py:545} INFO - Filling up the DagBag from /home/airflow/.local/lib/python3.12/site-packages/airflow/example_dags/tutorial_dag.py
[2025-10-17T16:16:42.441+0000] {processor.py:840} INFO - DAG(s) 'tutorial_dag' retrieved from /home/airflow/.local/lib/python3.12/site-packages/airflow/example_dags/tutorial_dag.py
[2025-10-17T16:16:42.473+0000] {logging_mixin.py:188} INFO - [2025-10-17T16:16:42.472+0000] {dag.py:3096} INFO - Sync 1 DAGs
[2025-10-17T16:16:42.500+0000] {logging_mixin.py:188} INFO - [2025-10-17T16:16:42.499+0000] {dag.py:3954} INFO - Setting next_dagrun for tutorial_dag to None, run_after=None
[2025-10-17T16:16:42.539+0000] {processor.py:183} INFO - Processing /home/airflow/.local/lib/python3.12/site-packages/airflow/example_dags/tutorial_dag.py took 0.122 seconds
[2025-10-17T16:17:13.336+0000] {processor.py:161} INFO - Started process (PID=383) to work on /home/airflow/.local/lib/python3.12/site-packages/airflow/example_dags/tutorial_dag.py
[2025-10-17T16:17:13.338+0000] {processor.py:830} INFO - Processing file /home/airflow/.local/lib/python3.12/site-packages/airflow/example_dags/tutorial_dag.py for tasks to queue
[2025-10-17T16:17:13.344+0000] {logging_mixin.py:188} INFO - [2025-10-17T16:17:13.343+0000] {dagbag.py:545} INFO - Filling up the DagBag from /home/airflow/.local/lib/python3.12/site-packages/airflow/example_dags/tutorial_dag.py
[2025-10-17T16:17:13.357+0000] {processor.py:840} INFO - DAG(s) 'tutorial_dag' retrieved from /home/airflow/.local/lib/python3.12/site-packages/airflow/example_dags/tutorial_dag.py
[2025-10-17T16:17:13.413+0000] {logging_mixin.py:188} INFO - [2025-10-17T16:17:13.413+0000] {dag.py:3096} INFO - Sync 1 DAGs
[2025-10-17T16:17:13.445+0000] {logging_mixin.py:188} INFO - [2025-10-17T16:17:13.445+0000] {dag.py:3954} INFO - Setting next_dagrun for tutorial_dag to None, run_after=None
[2025-10-17T16:17:13.517+0000] {processor.py:183} INFO - Processing /home/airflow/.local/lib/python3.12/site-packages/airflow/example_dags/tutorial_dag.py took 0.199 seconds
[2025-10-17T16:17:45.143+0000] {processor.py:161} INFO - Started process (PID=436) to work on /home/airflow/.local/lib/python3.12/site-packages/airflow/example_dags/tutorial_dag.py
[2025-10-17T16:17:45.145+0000] {processor.py:830} INFO - Processing file /home/airflow/.local/lib/python3.12/site-packages/airflow/example_dags/tutorial_dag.py for tasks to queue
[2025-10-17T16:17:45.149+0000] {logging_mixin.py:188} INFO - [2025-10-17T16:17:45.149+0000] {dagbag.py:545} INFO - Filling up the DagBag from /home/airflow/.local/lib/python3.12/site-packages/airflow/example_dags/tutorial_dag.py
[2025-10-17T16:17:45.159+0000] {processor.py:840} INFO - DAG(s) 'tutorial_dag' retrieved from /home/airflow/.local/lib/python3.12/site-packages/airflow/example_dags/tutorial_dag.py
[2025-10-17T16:17:45.199+0000] {logging_mixin.py:188} INFO - [2025-10-17T16:17:45.198+0000] {dag.py:3096} INFO - Sync 1 DAGs
[2025-10-17T16:17:45.223+0000] {logging_mixin.py:188} INFO - [2025-10-17T16:17:45.223+0000] {dag.py:3954} INFO - Setting next_dagrun for tutorial_dag to None, run_after=None
[2025-10-17T16:17:45.264+0000] {processor.py:183} INFO - Processing /home/airflow/.local/lib/python3.12/site-packages/airflow/example_dags/tutorial_dag.py took 0.135 seconds
[2025-10-17T16:18:15.666+0000] {processor.py:161} INFO - Started process (PID=489) to work on /home/airflow/.local/lib/python3.12/site-packages/airflow/example_dags/tutorial_dag.py
[2025-10-17T16:18:15.668+0000] {processor.py:830} INFO - Processing file /home/airflow/.local/lib/python3.12/site-packages/airflow/example_dags/tutorial_dag.py for tasks to queue
[2025-10-17T16:18:15.672+0000] {logging_mixin.py:188} INFO - [2025-10-17T16:18:15.671+0000] {dagbag.py:545} INFO - Filling up the DagBag from /home/airflow/.local/lib/python3.12/site-packages/airflow/example_dags/tutorial_dag.py
[2025-10-17T16:18:15.682+0000] {processor.py:840} INFO - DAG(s) 'tutorial_dag' retrieved from /home/airflow/.local/lib/python3.12/site-packages/airflow/example_dags/tutorial_dag.py
[2025-10-17T16:18:15.714+0000] {logging_mixin.py:188} INFO - [2025-10-17T16:18:15.713+0000] {dag.py:3096} INFO - Sync 1 DAGs
[2025-10-17T16:18:15.734+0000] {logging_mixin.py:188} INFO - [2025-10-17T16:18:15.734+0000] {dag.py:3954} INFO - Setting next_dagrun for tutorial_dag to None, run_after=None
[2025-10-17T16:18:15.767+0000] {processor.py:183} INFO - Processing /home/airflow/.local/lib/python3.12/site-packages/airflow/example_dags/tutorial_dag.py took 0.110 seconds
[2025-10-17T16:18:46.949+0000] {processor.py:161} INFO - Started process (PID=542) to work on /home/airflow/.local/lib/python3.12/site-packages/airflow/example_dags/tutorial_dag.py
[2025-10-17T16:18:46.951+0000] {processor.py:830} INFO - Processing file /home/airflow/.local/lib/python3.12/site-packages/airflow/example_dags/tutorial_dag.py for tasks to queue
[2025-10-17T16:18:46.956+0000] {logging_mixin.py:188} INFO - [2025-10-17T16:18:46.955+0000] {dagbag.py:545} INFO - Filling up the DagBag from /home/airflow/.local/lib/python3.12/site-packages/airflow/example_dags/tutorial_dag.py
[2025-10-17T16:18:46.975+0000] {processor.py:840} INFO - DAG(s) 'tutorial_dag' retrieved from /home/airflow/.local/lib/python3.12/site-packages/airflow/example_dags/tutorial_dag.py
[2025-10-17T16:18:47.042+0000] {logging_mixin.py:188} INFO - [2025-10-17T16:18:47.041+0000] {dag.py:3096} INFO - Sync 1 DAGs
[2025-10-17T16:18:47.084+0000] {logging_mixin.py:188} INFO - [2025-10-17T16:18:47.083+0000] {dag.py:3954} INFO - Setting next_dagrun for tutorial_dag to None, run_after=None
[2025-10-17T16:18:47.169+0000] {processor.py:183} INFO - Processing /home/airflow/.local/lib/python3.12/site-packages/airflow/example_dags/tutorial_dag.py took 0.235 seconds
[2025-10-17T16:19:17.683+0000] {processor.py:161} INFO - Started process (PID=595) to work on /home/airflow/.local/lib/python3.12/site-packages/airflow/example_dags/tutorial_dag.py
[2025-10-17T16:19:17.684+0000] {processor.py:830} INFO - Processing file /home/airflow/.local/lib/python3.12/site-packages/airflow/example_dags/tutorial_dag.py for tasks to queue
[2025-10-17T16:19:17.688+0000] {logging_mixin.py:188} INFO - [2025-10-17T16:19:17.687+0000] {dagbag.py:545} INFO - Filling up the DagBag from /home/airflow/.local/lib/python3.12/site-packages/airflow/example_dags/tutorial_dag.py
[2025-10-17T16:19:17.697+0000] {processor.py:840} INFO - DAG(s) 'tutorial_dag' retrieved from /home/airflow/.local/lib/python3.12/site-packages/airflow/example_dags/tutorial_dag.py
[2025-10-17T16:19:17.736+0000] {logging_mixin.py:188} INFO - [2025-10-17T16:19:17.736+0000] {dag.py:3096} INFO - Sync 1 DAGs
[2025-10-17T16:19:17.761+0000] {logging_mixin.py:188} INFO - [2025-10-17T16:19:17.761+0000] {dag.py:3954} INFO - Setting next_dagrun for tutorial_dag to None, run_after=None
[2025-10-17T16:19:17.790+0000] {processor.py:183} INFO - Processing /home/airflow/.local/lib/python3.12/site-packages/airflow/example_dags/tutorial_dag.py took 0.120 seconds
[2025-10-17T16:19:49.565+0000] {processor.py:161} INFO - Started process (PID=648) to work on /home/airflow/.local/lib/python3.12/site-packages/airflow/example_dags/tutorial_dag.py
[2025-10-17T16:19:49.567+0000] {processor.py:830} INFO - Processing file /home/airflow/.local/lib/python3.12/site-packages/airflow/example_dags/tutorial_dag.py for tasks to queue
[2025-10-17T16:19:49.571+0000] {logging_mixin.py:188} INFO - [2025-10-17T16:19:49.570+0000] {dagbag.py:545} INFO - Filling up the DagBag from /home/airflow/.local/lib/python3.12/site-packages/airflow/example_dags/tutorial_dag.py
[2025-10-17T16:19:49.579+0000] {processor.py:840} INFO - DAG(s) 'tutorial_dag' retrieved from /home/airflow/.local/lib/python3.12/site-packages/airflow/example_dags/tutorial_dag.py
[2025-10-17T16:19:49.610+0000] {logging_mixin.py:188} INFO - [2025-10-17T16:19:49.610+0000] {dag.py:3096} INFO - Sync 1 DAGs
[2025-10-17T16:19:49.629+0000] {logging_mixin.py:188} INFO - [2025-10-17T16:19:49.629+0000] {dag.py:3954} INFO - Setting next_dagrun for tutorial_dag to None, run_after=None
[2025-10-17T16:19:49.662+0000] {processor.py:183} INFO - Processing /home/airflow/.local/lib/python3.12/site-packages/airflow/example_dags/tutorial_dag.py took 0.107 seconds
[2025-10-17T16:20:20.613+0000] {processor.py:161} INFO - Started process (PID=701) to work on /home/airflow/.local/lib/python3.12/site-packages/airflow/example_dags/tutorial_dag.py
[2025-10-17T16:20:20.615+0000] {processor.py:830} INFO - Processing file /home/airflow/.local/lib/python3.12/site-packages/airflow/example_dags/tutorial_dag.py for tasks to queue
[2025-10-17T16:20:20.619+0000] {logging_mixin.py:188} INFO - [2025-10-17T16:20:20.618+0000] {dagbag.py:545} INFO - Filling up the DagBag from /home/airflow/.local/lib/python3.12/site-packages/airflow/example_dags/tutorial_dag.py
[2025-10-17T16:20:20.629+0000] {processor.py:840} INFO - DAG(s) 'tutorial_dag' retrieved from /home/airflow/.local/lib/python3.12/site-packages/airflow/example_dags/tutorial_dag.py
[2025-10-17T16:20:20.669+0000] {logging_mixin.py:188} INFO - [2025-10-17T16:20:20.668+0000] {dag.py:3096} INFO - Sync 1 DAGs
[2025-10-17T16:20:20.697+0000] {logging_mixin.py:188} INFO - [2025-10-17T16:20:20.696+0000] {dag.py:3954} INFO - Setting next_dagrun for tutorial_dag to None, run_after=None
[2025-10-17T16:20:20.740+0000] {processor.py:183} INFO - Processing /home/airflow/.local/lib/python3.12/site-packages/airflow/example_dags/tutorial_dag.py took 0.140 seconds
